Log file open, 02/01/18 14:15:24
LogWindows: Failed to load 'aqProf.dll' (GetLastError=126)
LogWindows: File 'aqProf.dll' does not exist
LogWindows: Failed to load 'VSPerf140.dll' (GetLastError=126)
LogWindows: File 'VSPerf140.dll' does not exist
LogWindows: Failed to load 'VtuneApi.dll' (GetLastError=126)
LogWindows: File 'VtuneApi.dll' does not exist
LogWindows: Failed to load 'VtuneApi32e.dll' (GetLastError=126)
LogWindows: File 'VtuneApi32e.dll' does not exist
LogInit: Display: Running engine for game: ProjectOrca
LogPlatformFile: Not using cached read wrapper
LogInit: Display: RandInit(-1104121840) SRandInit(-1104121840).
LogTaskGraph: Started task graph with 5 named threads and 14 total threads with 3 sets of task threads.
LogStats: Stats thread started at 0.172548
LogD3D11RHI: Aftermath initialized
LogPluginManager: Mounting plugin Paper2D
LogPluginManager: Mounting plugin LightPropagationVolume
LogPluginManager: Mounting plugin CodeLiteSourceCodeAccess
LogPluginManager: Mounting plugin GitSourceControl
LogPluginManager: Mounting plugin KDevelopSourceCodeAccess
LogPluginManager: Mounting plugin NullSourceCodeAccess
LogPluginManager: Mounting plugin PerforceSourceControl
LogPluginManager: Mounting plugin SubversionSourceControl
LogPluginManager: Mounting plugin UObjectPlugin
LogPluginManager: Mounting plugin VisualStudioSourceCodeAccess
LogPluginManager: Mounting plugin XCodeSourceCodeAccess
LogPluginManager: Mounting plugin AssetManagerEditor
LogPluginManager: Mounting plugin AudioCapture
LogPluginManager: Mounting plugin FacialAnimation
LogPluginManager: Mounting plugin GameplayTagsEditor
LogPluginManager: Mounting plugin MobileLauncherProfileWizard
LogPluginManager: Mounting plugin PluginBrowser
LogPluginManager: Mounting plugin SpeedTreeImporter
LogPluginManager: Mounting plugin AlembicImporter
LogPluginManager: Mounting plugin CharacterAI
LogPluginManager: Mounting plugin HTML5Networking
LogPluginManager: Mounting plugin AndroidMedia
LogPluginManager: Mounting plugin AvfMedia
LogPluginManager: Mounting plugin MediaPlayerEditor
LogPluginManager: Mounting plugin WmfMedia
LogPluginManager: Mounting plugin TcpMessaging
LogPluginManager: Mounting plugin UdpMessaging
LogPluginManager: Mounting plugin LevelSequenceEditor
LogPluginManager: Mounting plugin MatineeToLevelSequence
LogPluginManager: Mounting plugin OnlineSubsystemGooglePlay
LogPluginManager: Mounting plugin OnlineSubsystemIOS
LogPluginManager: Mounting plugin OnlineSubsystem
LogPluginManager: Mounting plugin OnlineSubsystemNull
LogPluginManager: Mounting plugin OnlineSubsystemUtils
LogPluginManager: Mounting plugin AndroidDeviceProfileSelector
LogPluginManager: Mounting plugin AndroidMoviePlayer
LogPluginManager: Mounting plugin AndroidPermission
LogPluginManager: Mounting plugin AppleMoviePlayer
LogPluginManager: Mounting plugin ArchVisCharacter
LogPluginManager: Mounting plugin CableComponent
LogPluginManager: Mounting plugin CustomMeshComponent
LogPluginManager: Mounting plugin ExampleDeviceProfileSelector
LogPluginManager: Mounting plugin GoogleCloudMessaging
LogPluginManager: Mounting plugin ImmediatePhysics
LogPluginManager: Mounting plugin IOSDeviceProfileSelector
LogPluginManager: Mounting plugin LinuxDeviceProfileSelector
LogPluginManager: Mounting plugin LocationServicesBPLibrary
LogPluginManager: Mounting plugin MobilePatchingUtils
LogPluginManager: Mounting plugin OculusVR
LogPluginManager: Mounting plugin PhysXVehicles
LogPluginManager: Mounting plugin ProceduralMeshComponent
LogPluginManager: Mounting plugin RuntimePhysXCooking
LogPluginManager: Mounting plugin SteamVR
LogPluginManager: Mounting plugin WindowsMoviePlayer
LogInit: Using libcurl 7.47.1
LogInit:  - built for x86_64-pc-win32
LogInit:  - supports SSL with OpenSSL/1.0.2g
LogInit:  - supports HTTP deflate (compression) using libz 1.2.8
LogInit:  - other features:
LogInit:      CURL_VERSION_SSL
LogInit:      CURL_VERSION_LIBZ
LogInit:      CURL_VERSION_IPV6
LogInit:      CURL_VERSION_ASYNCHDNS
LogInit:      CURL_VERSION_LARGEFILE
LogInit:      CURL_VERSION_IDN
LogInit:  CurlRequestOptions (configurable via config and command line):
LogInit:  - bVerifyPeer = false  - Libcurl will NOT verify peer certificate
LogInit:  - bUseHttpProxy = false  - Libcurl will NOT use HTTP proxy
LogInit:  - bDontReuseConnections = false  - Libcurl will reuse connections
LogInit:  - CertBundlePath = nullptr  - Libcurl will use whatever was configured at build time.
LogInit: Build: ++UE4+Release-4.17-CL-3658906
LogInit: Engine Version: 4.17.2-3658906+++UE4+Release-4.17
LogInit: Compatible Engine Version: 4.17.0-3573198+++UE4+Release-4.17
LogInit: Net CL: 3573198
LogDevObjectVersion: Number of dev versions registered: 16
LogDevObjectVersion:   Dev-Blueprints (B0D832E4-1F89-4F0D-ACCF-7EB736FD4AA2): 10
LogDevObjectVersion:   Dev-Build (E1C64328-A22C-4D53-A36C-8E866417BD8C): 0
LogDevObjectVersion:   Dev-Core (375EC13C-06E4-48FB-B500-84F0262A717E): 2
LogDevObjectVersion:   Dev-Editor (E4B068ED-F494-42E9-A231-DA0B2E46BB41): 20
LogDevObjectVersion:   Dev-Framework (CFFC743F-43B0-4480-9391-14DF171D2073): 28
LogDevObjectVersion:   Dev-Mobile (B02B49B5-BB20-44E9-A304-32B752E40360): 0
LogDevObjectVersion:   Dev-Networking (A4E4105C-59A1-49B5-A7C5-40C4547EDFEE): 0
LogDevObjectVersion:   Dev-Online (39C831C9-5AE6-47DC-9A44-9C173E1C8E7C): 0
LogDevObjectVersion:   Dev-Physics (78F01B33-EBEA-4F98-B9B4-84EACCB95AA2): 0
LogDevObjectVersion:   Dev-Platform (6631380F-2D4D-43E0-8009-CF276956A95A): 0
LogDevObjectVersion:   Dev-Rendering (12F88B9F-8875-4AFC-A67C-D90C383ABD29): 19
LogDevObjectVersion:   Dev-Sequencer (7B5AE74C-D270-4C10-A958-57980B212A5A): 4
LogDevObjectVersion:   Dev-VR (D7296918-1DD6-4BDD-9DE2-64A83CC13884): 0
LogDevObjectVersion:   Dev-LoadTimes (C2A15278-BFE7-4AFE-6C17-90FF531DF755): 1
LogDevObjectVersion:   Private-Geometry (6EACA3D4-40EC-4CC1-B786-8BED09428FC5): 1
LogDevObjectVersion:   Dev-AnimPhys (29E575DD-E0A3-4627-9D10-D276232CDCEA): 7
LogInit: Compiled (64-bit): Sep 22 2017 13:47:16
LogInit: Compiled with Visual C++: 19.00.24215.01
LogInit: Build Configuration: Development
LogInit: Branch Name: ++UE4+Release-4.17
LogInit: Command line:  
LogInit: Base directory: D:/weret/Project/Unreal/UE_4.17/Engine/Binaries/Win64/
LogInit: Installed Engine Build: 1
LogInit: Presizing for max 8388607 objects, including 0 objects not considered by GC, pre-allocating 0 bytes for permanent pool.
LogInit: Object subsystem initialized
[2018.02.01-14.15.25:378][  0]LogInit: Selected Device Profile: [Windows]
[2018.02.01-14.15.25:378][  0]LogInit: Applying CVar settings loaded from the selected device profile: [Windows]
[2018.02.01-14.15.25:392][  0]LogInit: Computer: WERETHROPE
[2018.02.01-14.15.25:392][  0]LogInit: User: weret
[2018.02.01-14.15.25:392][  0]LogInit: CPU Page size=4096, Cores=4
[2018.02.01-14.15.25:392][  0]LogInit: High frequency timer resolution =2.531251 MHz
[2018.02.01-14.15.25:392][  0]LogMemory: Memory total: Physical=15.9GB (16GB approx)
[2018.02.01-14.15.25:392][  0]LogMemory: Platform Memory Stats for Windows
[2018.02.01-14.15.25:392][  0]LogMemory: Process Physical Memory: 278.98 MB used, 278.98 MB peak
[2018.02.01-14.15.25:392][  0]LogMemory: Process Virtual Memory: 282.35 MB used, 282.35 MB peak
[2018.02.01-14.15.25:392][  0]LogMemory: Physical Memory: 8152.36 MB used,  8170.20 MB free, 16322.56 MB total
[2018.02.01-14.15.25:392][  0]LogMemory: Virtual Memory: 710.12 MB used,  8170.20 MB free, 134217728.00 MB total
[2018.02.01-14.15.26:251][  0]LogInit: Using OS detected language (en-US).
[2018.02.01-14.15.26:251][  0]LogInit: Using OS detected locale (en-MY).
[2018.02.01-14.15.26:255][  0]LogTextLocalizationManager: No specific localization for 'en-US' exists, so the 'en' localization will be used.
[2018.02.01-14.15.27:122][  0]LogD3D11RHI: D3D11 adapters:
[2018.02.01-14.15.27:181][  0]LogD3D11RHI:    0. 'NVIDIA GeForce GTX 980M' (Feature Level 11_0)
[2018.02.01-14.15.27:181][  0]LogD3D11RHI:       4053/0/8161 MB DedicatedVideo/DedicatedSystem/SharedSystem, Outputs:1, VendorId:0x10de
[2018.02.01-14.15.27:183][  0]LogD3D11RHI:    1. 'Microsoft Basic Render Driver' (Feature Level 11_0)
[2018.02.01-14.15.27:184][  0]LogD3D11RHI:       0/0/8161 MB DedicatedVideo/DedicatedSystem/SharedSystem, Outputs:0, VendorId:0x1414
[2018.02.01-14.15.27:184][  0]LogD3D11RHI: Chosen D3D11 Adapter: 0
[2018.02.01-14.15.27:191][  0]LogD3D11RHI: Creating new Direct3DDevice
[2018.02.01-14.15.27:191][  0]LogD3D11RHI:     GPU DeviceId: 0x1617 (for the marketing name, search the web for "GPU Device Id")
[2018.02.01-14.15.27:191][  0]LogWindows: EnumDisplayDevices:
[2018.02.01-14.15.27:191][  0]LogWindows:    0. 'NVIDIA GeForce GTX 980M' (P:1 D:1)
[2018.02.01-14.15.27:192][  0]LogWindows:    1. 'NVIDIA GeForce GTX 980M' (P:0 D:0)
[2018.02.01-14.15.27:192][  0]LogWindows:    2. 'NVIDIA GeForce GTX 980M' (P:0 D:0)
[2018.02.01-14.15.27:192][  0]LogWindows:    3. 'NVIDIA GeForce GTX 980M' (P:0 D:0)
[2018.02.01-14.15.27:192][  0]LogWindows: DebugString: GetVideoDriverDetailsInvalid PrimaryIsNotTheChoosenAdapter GetVideoDriverDetailsInvalid PrimaryIsNotTheChoosenAdapter GetVideoDriverDetailsInvalid PrimaryIsNotTheChoosenAdapter GetVideoDriverDetailsInvalid PrimaryIsNotTheChoosenAdapter FoundDriverCount:0 
[2018.02.01-14.15.27:192][  0]LogD3D11RHI:     Adapter Name: NVIDIA GeForce GTX 980M
[2018.02.01-14.15.27:192][  0]LogD3D11RHI:   Driver Version: Unknown (internal:Unknown, unified:Unknown)
[2018.02.01-14.15.27:192][  0]LogD3D11RHI:      Driver Date: Unknown
[2018.02.01-14.15.27:192][  0]LogRHI: Texture pool is 1361 MB (70% of 1945 MB)
[2018.02.01-14.15.27:221][  0]LogD3D11RHI: Async texture creation enabled
[2018.02.01-14.15.27:322][  0]LogD3D11RHI: GPU Timing Frequency: 1000.000000 (Debug: 2 2)
[2018.02.01-14.15.27:364][  0]LogShaderCompilers: Guid format shader working directory is 20 characters bigger than the processId version (../../../../../ProjectOrca/Intermediate/Shaders/WorkingDirectory/5816/).
[2018.02.01-14.15.27:365][  0]LogShaderCompilers: Cleaned the shader compiler working directory 'C:/Users/weret/AppData/Local/Temp/UnrealShaderWorkingDir/AD89A4104B5373DDB444098ABA30D236/'.
[2018.02.01-14.15.27:365][  0]LogShaderCompilers: Display: Using Local Shader Compiler.
[2018.02.01-14.15.28:438][  0]LogTemp: Display: Loaded TP AllDesktopTargetPlatform
[2018.02.01-14.15.28:494][  0]LogTemp: Display: Loaded TP MacClientTargetPlatform
[2018.02.01-14.15.28:543][  0]LogTemp: Display: Loaded TP MacNoEditorTargetPlatform
[2018.02.01-14.15.28:591][  0]LogTemp: Display: Loaded TP MacServerTargetPlatform
[2018.02.01-14.15.28:641][  0]LogTemp: Display: Loaded TP MacTargetPlatform
[2018.02.01-14.15.28:689][  0]LogTemp: Display: Loaded TP WindowsClientTargetPlatform
[2018.02.01-14.15.28:737][  0]LogTemp: Display: Loaded TP WindowsNoEditorTargetPlatform
[2018.02.01-14.15.28:785][  0]LogTemp: Display: Loaded TP WindowsServerTargetPlatform
[2018.02.01-14.15.28:828][  0]LogTemp: Display: Loaded TP WindowsTargetPlatform
[2018.02.01-14.15.28:877][  0]LogTemp: Display: Loaded TP AndroidTargetPlatform
[2018.02.01-14.15.28:927][  0]LogTemp: Display: Loaded TP Android_ASTCTargetPlatform
[2018.02.01-14.15.28:975][  0]LogTemp: Display: Loaded TP Android_ATCTargetPlatform
[2018.02.01-14.15.29:024][  0]LogTemp: Display: Loaded TP Android_DXTTargetPlatform
[2018.02.01-14.15.29:073][  0]LogTemp: Display: Loaded TP Android_ETC1TargetPlatform
[2018.02.01-14.15.29:121][  0]LogTemp: Display: Loaded TP Android_ETC2TargetPlatform
[2018.02.01-14.15.29:216][  0]LogTemp: Display: Loaded TP Android_MultiTargetPlatform
[2018.02.01-14.15.29:216][  0]LogTemp: Display: Loaded TP Android_PVRTCTargetPlatform
[2018.02.01-14.15.29:253][  0]LogTemp: Display: Loaded TP HTML5TargetPlatform
[2018.02.01-14.15.29:339][  0]LogTemp: Display: Loaded TP IOSTargetPlatform
[2018.02.01-14.15.29:368][  0]LogTemp: Display: Loaded TP TVOSTargetPlatform
[2018.02.01-14.15.29:416][  0]LogTemp: Display: Loaded TP LinuxClientTargetPlatform
[2018.02.01-14.15.29:465][  0]LogTemp: Display: Loaded TP LinuxNoEditorTargetPlatform
[2018.02.01-14.15.29:512][  0]LogTemp: Display: Loaded TP LinuxServerTargetPlatform
[2018.02.01-14.15.29:560][  0]LogTemp: Display: Loaded TP LinuxTargetPlatform
[2018.02.01-14.15.29:560][  0]LogTargetPlatformManager: Display: Building Assets For Windows
[2018.02.01-14.15.29:969][  0]LogDerivedDataCache: Display: Max Cache Size: 512 MB
[2018.02.01-14.15.30:056][  0]LogDerivedDataCache: Loaded boot cache 0.09s 93MB C:/Users/weret/AppData/Local/UnrealEngine/4.17/DerivedDataCache/Boot.ddc.
[2018.02.01-14.15.30:056][  0]LogDerivedDataCache: Display: Loaded Boot cache: C:/Users/weret/AppData/Local/UnrealEngine/4.17/DerivedDataCache/Boot.ddc
[2018.02.01-14.15.30:056][  0]LogDerivedDataCache: FDerivedDataBackendGraph:  Pak pak cache file ../../../../../ProjectOrca/DerivedDataCache/DDC.ddp not found, will not use a pak cache.
[2018.02.01-14.15.30:056][  0]LogDerivedDataCache: Unable to find inner node Pak for hierarchical cache Hierarchy.
[2018.02.01-14.15.30:056][  0]LogDerivedDataCache: FDerivedDataBackendGraph:  CompressedPak pak cache file ../../../../../ProjectOrca/DerivedDataCache/Compressed.ddp not found, will not use a pak cache.
[2018.02.01-14.15.30:056][  0]LogDerivedDataCache: Unable to find inner node CompressedPak for hierarchical cache Hierarchy.
[2018.02.01-14.15.30:074][  0]LogDerivedDataCache: Display: Pak cache opened for reading ../../../Engine/DerivedDataCache/Compressed.ddp.
[2018.02.01-14.15.30:087][  0]LogDerivedDataCache: Using Local data cache path C:/Users/weret/AppData/Local/UnrealEngine/Common/DerivedDataCache: Writable
[2018.02.01-14.15.30:099][  0]LogMaterial: Verifying Global Shaders for PCD3D_SM5
[2018.02.01-14.15.30:099][  0]LogSlate: Using Freetype 2.6.0
[2018.02.01-14.15.30:101][  0]LogSlate: SlateFontCache - WITH_FREETYPE: 1, WITH_HARFBUZZ: 1
[2018.02.01-14.15.30:101][  0]LogSlate: SlateFontCache - WITH_FREETYPE: 1, WITH_HARFBUZZ: 1
[2018.02.01-14.15.30:411][  0]LogAssetRegistry: FAssetRegistry took 0.0260 seconds to start up
[2018.02.01-14.15.30:547][  0]LogInit: Selected Device Profile: [Windows]
[2018.02.01-14.15.30:709][  0]LogContentStreaming: Texture pool size is 0.00 MB
[2018.02.01-14.15.31:011][  0]LogSimplygon: Simplygon DLL not present - disabling.
[2018.02.01-14.15.31:057][  0]LogMeshReduction: Using SimplygonSwarm for distributed automatic mesh merging
[2018.02.01-14.15.31:057][  0]LogMeshReduction: Using QuadricMeshReduction for automatic static mesh reduction
[2018.02.01-14.15.31:057][  0]LogMeshReduction: No automatic skeletal mesh reduction module available
[2018.02.01-14.15.31:057][  0]LogMeshReduction: No automatic mesh merging module available
[2018.02.01-14.15.31:057][  0]LogMeshMerging: No automatic mesh merging module available
[2018.02.01-14.15.31:457][  0]LogNetVersion: ProjectOrca , NetCL: 3573198, EngineNetVer: 2, GameNetVer: 0 (Checksum: 811679591)
[2018.02.01-14.15.31:696][  0]LogPackageLocalizationCache: Processed 5 localized package path(s) for 2 prioritized culture(s) in 0.053201 seconds
[2018.02.01-14.15.31:702][  0]LogUObjectArray: 35825 objects as part of root set at end of initial load.
[2018.02.01-14.15.31:702][  0]LogUObjectAllocator: 7529112 out of 0 bytes used by permanent object pool.
[2018.02.01-14.15.31:702][  0]LogUObjectArray: CloseDisregardForGC: 0/0 objects in disregard for GC pool
[2018.02.01-14.15.31:748][  0]LogInit: WinSock: version 1.1 (2.2), MaxSocks=32767, MaxUdp=65467
[2018.02.01-14.15.34:474][  0]LogTcpMessaging: Initializing TcpMessaging bridge
[2018.02.01-14.15.34:522][  0]LogUdpMessaging: Initializing bridge on interface 0.0.0.0:0 to multicast group 230.0.0.1:6666.
[2018.02.01-14.15.35:163][  0]LogMaterial: Uniform references updated for custom material expression Custom.
[2018.02.01-14.15.35:569][  0]SourceControl: Source control is disabled
[2018.02.01-14.15.35:569][  0]SourceControl: Source control is disabled
[2018.02.01-14.15.35:616][  0]SourceControl: Source control is disabled
[2018.02.01-14.15.35:660][  0]SourceControl: Source control is disabled
[2018.02.01-14.15.36:204][  0]LogAndroidPermission: UAndroidPermissionCallbackProxy::GetInstance
[2018.02.01-14.15.36:439][  0]LogOcInput: OculusInput pre-init called
[2018.02.01-14.15.36:692][  0]LogEngine: Initializing Engine...
[2018.02.01-14.15.36:750][  0]LogHMD: Failed to initialize OpenVR with code 126
[2018.02.01-14.15.36:996][  0]LogStats: UGameplayTagsManager::ConstructGameplayTagTree: Construct from data asset -  0.000 s
[2018.02.01-14.15.36:997][  0]LogStats: UGameplayTagsManager::ConstructGameplayTagTree: GameplayTagTreeChangedEvent.Broadcast -  0.000 s
[2018.02.01-14.15.37:129][  0]LogAIModule: Creating AISystem for world Untitled
[2018.02.01-14.15.37:153][  0]LogInit: XAudio2 using 'Speakers (Realtek High Definition Audio)' : 6 channels at 48 kHz using 32 bits per sample (channel mask 0x3f)
[2018.02.01-14.15.37:224][  0]LogInit: FAudioDevice initialized.
[2018.02.01-14.15.37:321][  0]LogDerivedDataCache: Saved boot cache 0.10s 93MB C:/Users/weret/AppData/Local/UnrealEngine/4.17/DerivedDataCache/Boot.ddc.
[2018.02.01-14.15.37:332][  0]LogInit: Texture streaming: Enabled
[2018.02.01-14.15.37:441][  0]LogEngineSessionManager: EngineSessionManager initialized
[2018.02.01-14.15.37:441][  0]LogEngineSessionManager: EngineSessionManager sent abnormal shutdown report. Type=AbnormalShutdown, SessionId={8923001C-422E-C78C-93B7-C3AB289A16A0}
[2018.02.01-14.15.37:674][  0]LogInit: Transaction tracking system initialized
[2018.02.01-14.15.38:036][  0]BlueprintLog: New page: Editor Load
[2018.02.01-14.15.38:882][  0]LocalizationService: Localization service is disabled
[2018.02.01-14.15.39:515][  0]LogConsoleResponse: Display: 
[2018.02.01-14.15.39:708][  0]LogCook: Display: Max memory allowance for cook 16384mb min free memory 0mb
[2018.02.01-14.15.39:708][  0]LogCook: Display: Mobile HDR setting 1
[2018.02.01-14.15.39:708][  0]LogGameplayTags: Display: UGameplayTagsManager::DoneAddingNativeTags. DelegateIsBound: 0
[2018.02.01-14.15.39:981][  0]LogFileCache: Scanning file cache for directory 'D:/weret/Project/ProjectOrca/Content/' took 0.02s
[2018.02.01-14.15.40:698][  0]SourceControl: Source control is disabled
[2018.02.01-14.15.40:698][  0]Cmd: MAP LOAD FILE="../../../../../ProjectOrca/Content/Maps/DevMap.umap" TEMPLATE=0 SHOWPROGRESS=1 FEATURELEVEL=3
[2018.02.01-14.15.40:699][  0]LightingResults: New page: Lighting Build
[2018.02.01-14.15.40:735][  0]MapCheck: New page: Map Check
[2018.02.01-14.15.40:735][  0]LightingResults: New page: Lighting Build
[2018.02.01-14.15.41:653][  0]LogAIModule: Creating AISystem for world DevMap
[2018.02.01-14.15.41:687][  0]LogEditorServer: Finished looking for orphan Actors (0.000 secs)
[2018.02.01-14.15.41:707][  0]Cmd: MAP CHECKDEP NOCLEARLOG
[2018.02.01-14.15.41:781][  0]MapCheck: Map check complete: 0 Error(s), 0 Warning(s), took 74.293ms to complete.
[2018.02.01-14.15.41:781][  0]LogFileHelpers: Loading map 'DevMap' took 1.083
[2018.02.01-14.15.41:945][  0]LogCollectionManager: Loaded 0 collections in 0.002377 seconds
[2018.02.01-14.15.42:025][  0]LogFileCache: Scanning file cache for directory 'D:/weret/Project/ProjectOrca/Saved/Collections/' took 0.01s
[2018.02.01-14.15.42:026][  0]LogFileCache: Scanning file cache for directory 'D:/weret/Project/ProjectOrca/Content/Developers/weret/Collections/' took 0.01s
[2018.02.01-14.15.42:026][  0]LogFileCache: Scanning file cache for directory 'D:/weret/Project/ProjectOrca/Content/Collections/' took 0.01s
[2018.02.01-14.15.42:026][  0]LogCollectionManager: Rebuilt the GUID cache for 0 collections in 0.000000 seconds
[2018.02.01-14.15.42:035][  0]LogContentBrowser: Native class hierarchy populated in 0.0096 seconds. Added 2386 classes and 500 folders.
[2018.02.01-14.15.42:091][  0]LogContentBrowser: Native class hierarchy updated for 'WidgetCarousel' in 0.0010 seconds. Added 0 classes and 0 folders.
[2018.02.01-14.15.42:152][  0]LogContentBrowser: Native class hierarchy updated for 'AddContentDialog' in 0.0009 seconds. Added 0 classes and 0 folders.
[2018.02.01-14.15.42:192][  0]LogContentBrowser: Native class hierarchy updated for 'SceneOutliner' in 0.0010 seconds. Added 1 classes and 2 folders.
[2018.02.01-14.15.43:431][  0]LogSlate: Took 0.000314 seconds to synchronously load lazily loaded font '../../../Engine/Content/Slate/Fonts/Roboto-Regular.ttf' (155K)
[2018.02.01-14.15.43:434][  0]LogSlate: Took 0.000258 seconds to synchronously load lazily loaded font '../../../Engine/Content/Slate/Fonts/Roboto-Bold.ttf' (160K)
[2018.02.01-14.15.43:441][  0]LogSlate: Took 0.000369 seconds to synchronously load lazily loaded font '../../../Engine/Content/Editor/Slate/Fonts/FontAwesome.ttf' (139K)
[2018.02.01-14.15.43:688][  0]LogTemp: Executing iPhonePackager certificates Engine -bundlename com.YourCompany.ProjectOrca
[2018.02.01-14.15.43:688][  0]LogTemp: CWD: D:\weret\Project\Unreal\UE_4.17\Engine\Binaries\DotNET\IOS
[2018.02.01-14.15.43:688][  0]LogTemp: Initial Dir: D:\weret\Project\Unreal\UE_4.17
[2018.02.01-14.15.43:688][  0]LogTemp: Env CWD: D:\weret\Project\Unreal\UE_4.17\Engine\Binaries\DotNET\IOS
[2018.02.01-14.15.43:688][  0]LogTemp: BranchPath = WERETHROPE/D/weret/Project/Unreal/UE_4.17/Engine/Binaries --- GameBranchPath = WERETHROPE/D/weret/Project/Unreal/UE_4.17/Engine/Binaries
[2018.02.01-14.15.43:688][  0]LogTemp: IPP ERROR: Could not find provision directory 'C:\Users\weret\AppData\Local/Apple Computer/MobileDevice/Provisioning Profiles/'.
[2018.02.01-14.15.43:740][  0]LogContentBrowser: Native class hierarchy updated for 'HierarchicalLODOutliner' in 0.0008 seconds. Added 1 classes and 2 folders.
[2018.02.01-14.15.43:741][  0]LogLoad: (Engine Initialization) Total time: 20.07 seconds
[2018.02.01-14.15.43:741][  0]LogLoad: (Engine Initialization) Total Blueprint compile time: 0.00 seconds
[2018.02.01-14.15.43:741][  0]LogExternalProfiler: No external profilers were discovered.  External profiling features will not be available.
[2018.02.01-14.15.44:120][  0]LogContentStreaming: Texture pool size now 800 MB
[2018.02.01-14.15.44:187][  0]LogRenderer: Reallocating scene render targets to support 64x64 Format 9 NumSamples 1 (Frame:1).
[2018.02.01-14.15.44:279][  0]LogRenderer: Reallocating scene render targets to support 544x288 Format 10 NumSamples 1 (Frame:1).
[2018.02.01-14.15.44:279][  0]LogSlate: Took 0.000386 seconds to synchronously load lazily loaded font '../../../Engine/Content/Slate/Fonts/Roboto-Light.ttf' (159K)
[2018.02.01-14.15.44:413][  1]LogRenderer: Reallocating scene render targets to support 1084x572 Format 9 NumSamples 1 (Frame:1).
[2018.02.01-14.15.44:414][  1]LogFileCache: Retrieving MD5 hashes for directory 'D:/weret/Project/ProjectOrca/Content/' took 0.32s
[2018.02.01-14.15.44:429][  1]LogAssetRegistry: Asset discovery search completed in 14.0403 seconds
[2018.02.01-14.15.44:432][  1]LogCollectionManager: Rebuilt the object cache for 0 collections in 0.000001 seconds (found 0 objects)
[2018.02.01-14.15.44:432][  1]LogCollectionManager: Fixed up redirectors for 0 collections in 0.000111 seconds (updated 0 objects)
[2018.02.01-14.15.47:422][ 10]LogSlate: Took 0.000298 seconds to synchronously load lazily loaded font '../../../Engine/Content/Slate/Fonts/Roboto-Light.ttf' (159K)
[2018.02.01-14.16.03:358][239]AssetReimport: New page: Outstanding source content changes 2:16:03 PM
[2018.02.01-14.16.03:415][239]LogFactory: FactoryCreateFile: StaticMesh with FbxFactory (0 0 D:/weret/Project/ProjectOrca/Content/Assets_Characters/T-Pose.fbx)
[2018.02.01-14.16.03:497][239]LogFbx: ItemName: GlobalSettings, ItemCount : 1
[2018.02.01-14.16.03:497][239]LogFbx: ItemName: NodeAttribute, ItemCount : 65
[2018.02.01-14.16.03:497][239]LogFbx: ItemName: Model, ItemCount : 66
[2018.02.01-14.16.03:497][239]LogFbx: ItemName: Material, ItemCount : 1
[2018.02.01-14.16.03:497][239]LogFbx: ItemName: Texture, ItemCount : 1
[2018.02.01-14.16.03:497][239]LogFbx: ItemName: Video, ItemCount : 1
[2018.02.01-14.16.03:497][239]LogFbx: ItemName: AnimationStack, ItemCount : 2
[2018.02.01-14.16.03:497][239]LogFbx: ItemName: AnimationLayer, ItemCount : 2
[2018.02.01-14.16.03:497][239]LogFbx: ItemName: Geometry, ItemCount : 1
[2018.02.01-14.16.03:497][239]LogFbx: ItemName: Pose, ItemCount : 1
[2018.02.01-14.16.03:497][239]LogFbx: ItemName: Deformer, ItemCount : 53
[2018.02.01-14.16.03:497][239]LogFbx: ItemName: AnimationCurveNode, ItemCount : 54
[2018.02.01-14.16.03:497][239]LogFbx: ItemName: AnimationCurve, ItemCount : 315
[2018.02.01-14.16.03:503][239]LogFbx: Loading FBX Scene from D:/weret/Project/ProjectOrca/Content/Assets_Characters/T-Pose.fbx
[2018.02.01-14.16.03:649][239]LogFbx: FBX Scene Loaded Succesfully
[2018.02.01-14.16.07:417][239]LogFbx: Loading FBX Scene from D:/weret/Project/ProjectOrca/Content/Assets_Characters/T-Pose.fbx
[2018.02.01-14.16.07:562][239]LogFbx: FBX Scene Loaded Succesfully
[2018.02.01-14.16.07:565][239]LogFbx: =================================================
[2018.02.01-14.16.07:566][239]LogFbx: Dumping Node START [fathertest_a_Group60318] 
[2018.02.01-14.16.07:566][239]LogFbx: 	Total Deformer Count 887082864.
[2018.02.01-14.16.07:566][239]LogFbx: 		[Node 1] Skin (Type Skin).
[2018.02.01-14.16.07:566][239]LogFbx: =================================================
[2018.02.01-14.16.07:566][239]LogFbx: 	Attribute () Type (4).
[2018.02.01-14.16.07:566][239]LogFbx: 		[Node Attribute Child 1] fathertest_a_Group60318 (Type Mesh).
[2018.02.01-14.16.07:566][239]LogFbx: Dumping Node END [fathertest_a_Group60318]
[2018.02.01-14.16.07:566][239]LogFbx: =================================================
[2018.02.01-14.16.07:566][239]LogFbx: Dumping Node START [fathertest_a_Group60318] 
[2018.02.01-14.16.07:566][239]LogFbx: 	Total Deformer Count 887082192.
[2018.02.01-14.16.07:566][239]LogFbx: 		[Node 1] Skin (Type Skin).
[2018.02.01-14.16.07:566][239]LogFbx: =================================================
[2018.02.01-14.16.07:566][239]LogFbx: 	Attribute () Type (4).
[2018.02.01-14.16.07:566][239]LogFbx: 		[Node Attribute Child 1] fathertest_a_Group60318 (Type Mesh).
[2018.02.01-14.16.07:566][239]LogFbx: Dumping Node END [fathertest_a_Group60318]
[2018.02.01-14.16.07:567][239]LogFbx: Valid bind pose for Pose (BindPose) - fathertest_a_Group60318
[2018.02.01-14.16.07:573][239]LogLinker: Can't find file '/Game/Assets_Characters/lambert2'
[2018.02.01-14.16.07:573][239]LogLinker: Can't find file '/Game/Assets_Characters/lambert2'
[2018.02.01-14.16.07:576][239]LogMaterial: Missing cached shader map for material lambert2, compiling. 
[2018.02.01-14.16.07:631][239]LogLinker: Can't find file '/Game/Assets_Characters/fathertest_a'
[2018.02.01-14.16.07:631][239]LogLinker: Can't find file '/Game/Assets_Characters/fathertest_a'
[2018.02.01-14.16.08:344][239]LogMaterial: Missing cached shader map for material lambert2, compiling. 
[2018.02.01-14.16.08:392][239]LogFbx: Triangulating skeletal mesh fathertest_a_Group60318
[2018.02.01-14.16.26:625][239]LogSkeletalMesh: Section 0: 75952 vertices, 52 active bones
