Log file open, 04/23/18 22:35:34
LogWindows: Failed to load 'aqProf.dll' (GetLastError=126)
LogWindows: File 'aqProf.dll' does not exist
LogWindows: Failed to load 'VSPerf140.dll' (GetLastError=126)
LogWindows: File 'VSPerf140.dll' does not exist
LogWindows: Failed to load 'VtuneApi.dll' (GetLastError=126)
LogWindows: File 'VtuneApi.dll' does not exist
LogWindows: Failed to load 'VtuneApi32e.dll' (GetLastError=126)
LogWindows: File 'VtuneApi32e.dll' does not exist
LogInit: Display: Running engine for game: ProjectOrca
LogPlatformFile: Not using cached read wrapper
LogInit: Display: RandInit(1787871493) SRandInit(1787871493).
LogTaskGraph: Started task graph with 5 named threads and 26 total threads with 3 sets of task threads.
LogStats: Stats thread started at 0.493167
LogD3D11RHI: Aftermath initialized
LogPluginManager: Mounting plugin Paper2D
LogPluginManager: Mounting plugin LightPropagationVolume
LogPluginManager: Mounting plugin CodeLiteSourceCodeAccess
LogPluginManager: Mounting plugin GitSourceControl
LogPluginManager: Mounting plugin KDevelopSourceCodeAccess
LogPluginManager: Mounting plugin NullSourceCodeAccess
LogPluginManager: Mounting plugin PerforceSourceControl
LogPluginManager: Mounting plugin SubversionSourceControl
LogPluginManager: Mounting plugin UObjectPlugin
LogPluginManager: Mounting plugin VisualStudioSourceCodeAccess
LogPluginManager: Mounting plugin XCodeSourceCodeAccess
LogPluginManager: Mounting plugin AssetManagerEditor
LogPluginManager: Mounting plugin AudioCapture
LogPluginManager: Mounting plugin FacialAnimation
LogPluginManager: Mounting plugin GameplayTagsEditor
LogPluginManager: Mounting plugin MobileLauncherProfileWizard
LogPluginManager: Mounting plugin PluginBrowser
LogPluginManager: Mounting plugin SpeedTreeImporter
LogPluginManager: Mounting plugin AlembicImporter
LogPluginManager: Mounting plugin CharacterAI
LogPluginManager: Mounting plugin HTML5Networking
LogPluginManager: Mounting plugin AndroidMedia
LogPluginManager: Mounting plugin AvfMedia
LogPluginManager: Mounting plugin MediaPlayerEditor
LogPluginManager: Mounting plugin WmfMedia
LogPluginManager: Mounting plugin TcpMessaging
LogPluginManager: Mounting plugin UdpMessaging
LogPluginManager: Mounting plugin LevelSequenceEditor
LogPluginManager: Mounting plugin MatineeToLevelSequence
LogPluginManager: Mounting plugin OnlineSubsystemGooglePlay
LogPluginManager: Mounting plugin OnlineSubsystemIOS
LogPluginManager: Mounting plugin OnlineSubsystem
LogPluginManager: Mounting plugin OnlineSubsystemNull
LogPluginManager: Mounting plugin OnlineSubsystemUtils
LogPluginManager: Mounting plugin AndroidDeviceProfileSelector
LogPluginManager: Mounting plugin AndroidMoviePlayer
LogPluginManager: Mounting plugin AndroidPermission
LogPluginManager: Mounting plugin AppleMoviePlayer
LogPluginManager: Mounting plugin ArchVisCharacter
LogPluginManager: Mounting plugin CableComponent
LogPluginManager: Mounting plugin CustomMeshComponent
LogPluginManager: Mounting plugin ExampleDeviceProfileSelector
LogPluginManager: Mounting plugin GoogleCloudMessaging
LogPluginManager: Mounting plugin HoudiniEngine
LogPluginManager: Mounting plugin ImmediatePhysics
LogPluginManager: Mounting plugin IOSDeviceProfileSelector
LogPluginManager: Mounting plugin LinuxDeviceProfileSelector
LogPluginManager: Mounting plugin LocationServicesBPLibrary
LogPluginManager: Mounting plugin MobilePatchingUtils
LogPluginManager: Mounting plugin OculusVR
LogPluginManager: Mounting plugin PhysXVehicles
LogPluginManager: Mounting plugin ProceduralMeshComponent
LogPluginManager: Mounting plugin RuntimePhysXCooking
LogPluginManager: Mounting plugin SteamVR
LogPluginManager: Mounting plugin WindowsMoviePlayer
LogInit: Using libcurl 7.47.1
LogInit:  - built for x86_64-pc-win32
LogInit:  - supports SSL with OpenSSL/1.0.2g
LogInit:  - supports HTTP deflate (compression) using libz 1.2.8
LogInit:  - other features:
LogInit:      CURL_VERSION_SSL
LogInit:      CURL_VERSION_LIBZ
LogInit:      CURL_VERSION_IPV6
LogInit:      CURL_VERSION_ASYNCHDNS
LogInit:      CURL_VERSION_LARGEFILE
LogInit:      CURL_VERSION_IDN
LogInit:  CurlRequestOptions (configurable via config and command line):
LogInit:  - bVerifyPeer = false  - Libcurl will NOT verify peer certificate
LogInit:  - bUseHttpProxy = false  - Libcurl will NOT use HTTP proxy
LogInit:  - bDontReuseConnections = false  - Libcurl will reuse connections
LogInit:  - CertBundlePath = nullptr  - Libcurl will use whatever was configured at build time.
LogInit: Build: ++UE4+Release-4.17-CL-3658906
LogInit: Engine Version: 4.17.2-3658906+++UE4+Release-4.17
LogInit: Compatible Engine Version: 4.17.0-3573198+++UE4+Release-4.17
LogInit: Net CL: 3573198
LogDevObjectVersion: Number of dev versions registered: 16
LogDevObjectVersion:   Dev-Blueprints (B0D832E4-1F89-4F0D-ACCF-7EB736FD4AA2): 10
LogDevObjectVersion:   Dev-Build (E1C64328-A22C-4D53-A36C-8E866417BD8C): 0
LogDevObjectVersion:   Dev-Core (375EC13C-06E4-48FB-B500-84F0262A717E): 2
LogDevObjectVersion:   Dev-Editor (E4B068ED-F494-42E9-A231-DA0B2E46BB41): 20
LogDevObjectVersion:   Dev-Framework (CFFC743F-43B0-4480-9391-14DF171D2073): 28
LogDevObjectVersion:   Dev-Mobile (B02B49B5-BB20-44E9-A304-32B752E40360): 0
LogDevObjectVersion:   Dev-Networking (A4E4105C-59A1-49B5-A7C5-40C4547EDFEE): 0
LogDevObjectVersion:   Dev-Online (39C831C9-5AE6-47DC-9A44-9C173E1C8E7C): 0
LogDevObjectVersion:   Dev-Physics (78F01B33-EBEA-4F98-B9B4-84EACCB95AA2): 0
LogDevObjectVersion:   Dev-Platform (6631380F-2D4D-43E0-8009-CF276956A95A): 0
LogDevObjectVersion:   Dev-Rendering (12F88B9F-8875-4AFC-A67C-D90C383ABD29): 19
LogDevObjectVersion:   Dev-Sequencer (7B5AE74C-D270-4C10-A958-57980B212A5A): 4
LogDevObjectVersion:   Dev-VR (D7296918-1DD6-4BDD-9DE2-64A83CC13884): 0
LogDevObjectVersion:   Dev-LoadTimes (C2A15278-BFE7-4AFE-6C17-90FF531DF755): 1
LogDevObjectVersion:   Private-Geometry (6EACA3D4-40EC-4CC1-B786-8BED09428FC5): 1
LogDevObjectVersion:   Dev-AnimPhys (29E575DD-E0A3-4627-9D10-D276232CDCEA): 7
LogInit: Compiled (64-bit): Sep 22 2017 13:47:16
LogInit: Compiled with Visual C++: 19.00.24215.01
LogInit: Build Configuration: Development
LogInit: Branch Name: ++UE4+Release-4.17
LogInit: Command line:  
LogInit: Base directory: E:/Epic Games/UE_4.17/Engine/Binaries/Win64/
LogInit: Installed Engine Build: 1
LogInit: Presizing for max 8388607 objects, including 0 objects not considered by GC, pre-allocating 0 bytes for permanent pool.
LogInit: Object subsystem initialized
[2018.04.23-21.35.35:567][  0]LogInit: Selected Device Profile: [Windows]
[2018.04.23-21.35.35:567][  0]LogInit: Applying CVar settings loaded from the selected device profile: [Windows]
[2018.04.23-21.35.35:634][  0]LogInit: Computer: WERETHROPE-D
[2018.04.23-21.35.35:634][  0]LogInit: User: Werethrope
[2018.04.23-21.35.35:634][  0]LogInit: CPU Page size=4096, Cores=8
[2018.04.23-21.35.35:634][  0]LogInit: High frequency timer resolution =3.710943 MHz
[2018.04.23-21.35.35:634][  0]LogMemory: Memory total: Physical=31.9GB (32GB approx)
[2018.04.23-21.35.35:634][  0]LogMemory: Platform Memory Stats for Windows
[2018.04.23-21.35.35:634][  0]LogMemory: Process Physical Memory: 283.42 MB used, 283.42 MB peak
[2018.04.23-21.35.35:634][  0]LogMemory: Process Virtual Memory: 281.15 MB used, 281.15 MB peak
[2018.04.23-21.35.35:634][  0]LogMemory: Physical Memory: 6337.38 MB used,  26377.24 MB free, 32714.62 MB total
[2018.04.23-21.35.35:634][  0]LogMemory: Virtual Memory: 723.68 MB used,  26377.24 MB free, 134217728.00 MB total
[2018.04.23-21.35.37:060][  0]LogInit: Using OS detected language (en-GB).
[2018.04.23-21.35.37:060][  0]LogInit: Using OS detected locale (en-MY).
[2018.04.23-21.35.37:278][  0]LogTextLocalizationManager: No specific localization for 'en-GB' exists, so the 'en' localization will be used.
[2018.04.23-21.35.40:827][  0]LogD3D11RHI: D3D11 adapters:
[2018.04.23-21.35.40:894][  0]LogD3D11RHI:    0. 'NVIDIA GeForce GTX 1080 Ti' (Feature Level 11_0)
[2018.04.23-21.35.40:894][  0]LogD3D11RHI:       11127/0/16357 MB DedicatedVideo/DedicatedSystem/SharedSystem, Outputs:1, VendorId:0x10de
[2018.04.23-21.35.40:896][  0]LogD3D11RHI:    1. 'Microsoft Basic Render Driver' (Feature Level 11_0)
[2018.04.23-21.35.40:896][  0]LogD3D11RHI:       0/0/16357 MB DedicatedVideo/DedicatedSystem/SharedSystem, Outputs:0, VendorId:0x1414
[2018.04.23-21.35.40:896][  0]LogD3D11RHI: Chosen D3D11 Adapter: 0
[2018.04.23-21.35.40:906][  0]LogD3D11RHI: Creating new Direct3DDevice
[2018.04.23-21.35.40:906][  0]LogD3D11RHI:     GPU DeviceId: 0x1b06 (for the marketing name, search the web for "GPU Device Id")
[2018.04.23-21.35.40:906][  0]LogWindows: EnumDisplayDevices:
[2018.04.23-21.35.40:906][  0]LogWindows:    0. 'NVIDIA GeForce GTX 1080 Ti' (P:1 D:1)
[2018.04.23-21.35.40:906][  0]LogWindows:    1. 'NVIDIA GeForce GTX 1080 Ti' (P:0 D:0)
[2018.04.23-21.35.40:906][  0]LogWindows:    2. 'NVIDIA GeForce GTX 1080 Ti' (P:0 D:0)
[2018.04.23-21.35.40:906][  0]LogWindows:    3. 'NVIDIA GeForce GTX 1080 Ti' (P:0 D:0)
[2018.04.23-21.35.40:906][  0]LogWindows: DebugString: GetVideoDriverDetailsInvalid PrimaryIsNotTheChoosenAdapter GetVideoDriverDetailsInvalid PrimaryIsNotTheChoosenAdapter GetVideoDriverDetailsInvalid PrimaryIsNotTheChoosenAdapter GetVideoDriverDetailsInvalid PrimaryIsNotTheChoosenAdapter FoundDriverCount:0 
[2018.04.23-21.35.40:906][  0]LogD3D11RHI:     Adapter Name: NVIDIA GeForce GTX 1080 Ti
[2018.04.23-21.35.40:906][  0]LogD3D11RHI:   Driver Version: Unknown (internal:Unknown, unified:Unknown)
[2018.04.23-21.35.40:906][  0]LogD3D11RHI:      Driver Date: Unknown
[2018.04.23-21.35.40:906][  0]LogRHI: Texture pool is 1361 MB (70% of 1945 MB)
[2018.04.23-21.35.40:947][  0]LogD3D11RHI: Async texture creation enabled
[2018.04.23-21.35.41:018][  0]LogD3D11RHI: GPU Timing Frequency: 1000.000000 (Debug: 2 2)
[2018.04.23-21.35.41:068][  0]LogShaderCompilers: Guid format shader working directory is 11 characters bigger than the processId version (../../../../../Game Projects/projectorca/Intermediate/Shaders/WorkingDirectory/9808/).
[2018.04.23-21.35.41:069][  0]LogShaderCompilers: Cleaned the shader compiler working directory 'C:/Users/Werethrope/AppData/Local/Temp/UnrealShaderWorkingDir/B451A1B14E4F3D4BC72E71A444540012/'.
[2018.04.23-21.35.41:069][  0]LogShaderCompilers: Display: Using Local Shader Compiler.
[2018.04.23-21.35.43:667][  0]LogTemp: Display: Loaded TP AllDesktopTargetPlatform
[2018.04.23-21.35.43:711][  0]LogTemp: Display: Loaded TP MacClientTargetPlatform
[2018.04.23-21.35.43:754][  0]LogTemp: Display: Loaded TP MacNoEditorTargetPlatform
[2018.04.23-21.35.43:797][  0]LogTemp: Display: Loaded TP MacServerTargetPlatform
[2018.04.23-21.35.43:874][  0]LogTemp: Display: Loaded TP MacTargetPlatform
[2018.04.23-21.35.43:920][  0]LogTemp: Display: Loaded TP WindowsClientTargetPlatform
[2018.04.23-21.35.43:965][  0]LogTemp: Display: Loaded TP WindowsNoEditorTargetPlatform
[2018.04.23-21.35.44:010][  0]LogTemp: Display: Loaded TP WindowsServerTargetPlatform
[2018.04.23-21.35.44:047][  0]LogTemp: Display: Loaded TP WindowsTargetPlatform
[2018.04.23-21.35.44:112][  0]LogTemp: Display: Loaded TP AndroidTargetPlatform
[2018.04.23-21.35.44:155][  0]LogTemp: Display: Loaded TP Android_ASTCTargetPlatform
[2018.04.23-21.35.44:198][  0]LogTemp: Display: Loaded TP Android_ATCTargetPlatform
[2018.04.23-21.35.44:243][  0]LogTemp: Display: Loaded TP Android_DXTTargetPlatform
[2018.04.23-21.35.44:286][  0]LogTemp: Display: Loaded TP Android_ETC1TargetPlatform
[2018.04.23-21.35.44:328][  0]LogTemp: Display: Loaded TP Android_ETC2TargetPlatform
[2018.04.23-21.35.44:413][  0]LogTemp: Display: Loaded TP Android_MultiTargetPlatform
[2018.04.23-21.35.44:413][  0]LogTemp: Display: Loaded TP Android_PVRTCTargetPlatform
[2018.04.23-21.35.44:443][  0]LogTemp: Display: Loaded TP HTML5TargetPlatform
[2018.04.23-21.35.44:588][  0]LogTemp: Display: Loaded TP IOSTargetPlatform
[2018.04.23-21.35.44:619][  0]LogTemp: Display: Loaded TP TVOSTargetPlatform
[2018.04.23-21.35.44:662][  0]LogTemp: Display: Loaded TP LinuxClientTargetPlatform
[2018.04.23-21.35.44:705][  0]LogTemp: Display: Loaded TP LinuxNoEditorTargetPlatform
[2018.04.23-21.35.44:748][  0]LogTemp: Display: Loaded TP LinuxServerTargetPlatform
[2018.04.23-21.35.44:795][  0]LogTemp: Display: Loaded TP LinuxTargetPlatform
[2018.04.23-21.35.44:795][  0]LogTargetPlatformManager: Display: Building Assets For Windows
[2018.04.23-21.35.46:256][  0]LogDerivedDataCache: Display: Max Cache Size: 512 MB
[2018.04.23-21.35.46:484][  0]LogDerivedDataCache: Loaded boot cache 0.23s 93MB C:/Users/Werethrope/AppData/Local/UnrealEngine/4.17/DerivedDataCache/Boot.ddc.
[2018.04.23-21.35.46:484][  0]LogDerivedDataCache: Display: Loaded Boot cache: C:/Users/Werethrope/AppData/Local/UnrealEngine/4.17/DerivedDataCache/Boot.ddc
[2018.04.23-21.35.46:484][  0]LogDerivedDataCache: FDerivedDataBackendGraph:  Pak pak cache file ../../../../../Game Projects/projectorca/DerivedDataCache/DDC.ddp not found, will not use a pak cache.
[2018.04.23-21.35.46:484][  0]LogDerivedDataCache: Unable to find inner node Pak for hierarchical cache Hierarchy.
[2018.04.23-21.35.46:484][  0]LogDerivedDataCache: FDerivedDataBackendGraph:  CompressedPak pak cache file ../../../../../Game Projects/projectorca/DerivedDataCache/Compressed.ddp not found, will not use a pak cache.
[2018.04.23-21.35.46:484][  0]LogDerivedDataCache: Unable to find inner node CompressedPak for hierarchical cache Hierarchy.
[2018.04.23-21.35.46:557][  0]LogDerivedDataCache: Display: Pak cache opened for reading ../../../Engine/DerivedDataCache/Compressed.ddp.
[2018.04.23-21.35.46:569][  0]LogDerivedDataCache: Using Local data cache path C:/Users/Werethrope/AppData/Local/UnrealEngine/Common/DerivedDataCache: Writable
[2018.04.23-21.35.46:580][  0]LogMaterial: Verifying Global Shaders for PCD3D_SM5
[2018.04.23-21.35.46:580][  0]LogSlate: Using Freetype 2.6.0
[2018.04.23-21.35.46:625][  0]LogSlate: SlateFontCache - WITH_FREETYPE: 1, WITH_HARFBUZZ: 1
[2018.04.23-21.35.46:625][  0]LogSlate: SlateFontCache - WITH_FREETYPE: 1, WITH_HARFBUZZ: 1
[2018.04.23-21.35.51:044][  0]LogAssetRegistry: FAssetRegistry took 0.0276 seconds to start up
[2018.04.23-21.35.51:424][  0]LogInit: Selected Device Profile: [Windows]
[2018.04.23-21.35.53:403][  0]LogContentStreaming: Texture pool size is 0.00 MB
[2018.04.23-21.35.54:438][  0]LogSimplygon: Simplygon DLL not present - disabling.
[2018.04.23-21.35.54:475][  0]LogMeshReduction: Using SimplygonSwarm for distributed automatic mesh merging
[2018.04.23-21.35.54:478][  0]LogMeshReduction: Using QuadricMeshReduction for automatic static mesh reduction
[2018.04.23-21.35.54:494][  0]LogMeshReduction: No automatic skeletal mesh reduction module available
[2018.04.23-21.35.54:494][  0]LogMeshReduction: No automatic mesh merging module available
[2018.04.23-21.35.54:494][  0]LogMeshMerging: No automatic mesh merging module available
[2018.04.23-21.35.55:748][  0]LogNetVersion: ProjectOrca , NetCL: 3573198, EngineNetVer: 2, GameNetVer: 0 (Checksum: 811679591)
[2018.04.23-21.35.56:324][  0]LogPackageLocalizationCache: Processed 6 localized package path(s) for 2 prioritized culture(s) in 0.058277 seconds
[2018.04.23-21.35.56:330][  0]LogUObjectArray: 35825 objects as part of root set at end of initial load.
[2018.04.23-21.35.56:330][  0]LogUObjectAllocator: 7529104 out of 0 bytes used by permanent object pool.
[2018.04.23-21.35.56:330][  0]LogUObjectArray: CloseDisregardForGC: 0/0 objects in disregard for GC pool
[2018.04.23-21.35.56:375][  0]LogInit: WinSock: version 1.1 (2.2), MaxSocks=32767, MaxUdp=65467
[2018.04.23-21.36.21:498][  0]LogTcpMessaging: Initializing TcpMessaging bridge
[2018.04.23-21.36.21:548][  0]LogUdpMessaging: Initializing bridge on interface 0.0.0.0:0 to multicast group 230.0.0.1:6666.
[2018.04.23-21.36.23:327][  0]LogMaterial: Uniform references updated for custom material expression Custom.
[2018.04.23-21.36.23:815][  0]SourceControl: Source control is disabled
[2018.04.23-21.36.23:815][  0]SourceControl: Source control is disabled
[2018.04.23-21.36.23:925][  0]SourceControl: Source control is disabled
[2018.04.23-21.36.23:998][  0]SourceControl: Source control is disabled
[2018.04.23-21.36.25:161][  0]LogAndroidPermission: UAndroidPermissionCallbackProxy::GetInstance
[2018.04.23-21.36.25:500][  0]LogHoudiniEngine: Starting the Houdini Engine module.
[2018.04.23-21.36.25:512][  0]LogHoudiniEngine: Loaded libHAPIL.dll from Registry path D:\Houdini/bin
[2018.04.23-21.36.25:569][  0]LogLinker: Warning: Asset '../../../Engine/Plugins/Runtime/HoudiniEngine/Content/houdini_logo.uasset' has been saved with empty engine version. The asset will be loaded but may be incompatible.
[2018.04.23-21.36.25:647][  0]LogLinker: Warning: Asset '../../../Engine/Plugins/Runtime/HoudiniEngine/Content/houdini_default_material.uasset' has been saved with empty engine version. The asset will be loaded but may be incompatible.
[2018.04.23-21.36.25:679][  0]LogLinker: Warning: Asset '../../../Engine/Plugins/Runtime/HoudiniEngine/Content/houdini_bgeo_import.uasset' has been saved with empty engine version. The asset will be loaded but may be incompatible.
[2018.04.23-21.36.28:839][  0]LogHoudiniEngine: Successfully intialized the Houdini Engine API module.
[2018.04.23-21.36.28:961][  0]LogOcInput: OculusInput pre-init called
[2018.04.23-21.36.29:340][  0]LogEngine: Initializing Engine...
[2018.04.23-21.36.29:342][  0]LogHMD: Failed to initialize OpenVR with code 110
[2018.04.23-21.36.29:660][  0]LogStats: UGameplayTagsManager::ConstructGameplayTagTree: Construct from data asset -  0.000 s
[2018.04.23-21.36.29:660][  0]LogStats: UGameplayTagsManager::ConstructGameplayTagTree: GameplayTagTreeChangedEvent.Broadcast -  0.000 s
[2018.04.23-21.36.29:979][  0]LogAIModule: Creating AISystem for world Untitled
[2018.04.23-21.36.29:998][  0]LogInit: XAudio2 using 'Headset Earphone (Corsair VOID PRO Surround USB Sound Adapter)' : 6 channels at 48 kHz using 16 bits per sample (channel mask 0x3f)
[2018.04.23-21.36.30:133][  0]LogInit: FAudioDevice initialized.
[2018.04.23-21.36.30:200][  0]LogDerivedDataCache: Saved boot cache 0.07s 93MB C:/Users/Werethrope/AppData/Local/UnrealEngine/4.17/DerivedDataCache/Boot.ddc.
[2018.04.23-21.36.30:212][  0]LogInit: Texture streaming: Enabled
[2018.04.23-21.36.30:350][  0]LogEngineSessionManager: EngineSessionManager initialized
[2018.04.23-21.36.31:131][  0]LogInit: Transaction tracking system initialized
[2018.04.23-21.36.31:846][  0]BlueprintLog: New page: Editor Load
[2018.04.23-21.36.33:748][  0]LocalizationService: Localization service is disabled
[2018.04.23-21.36.35:387][  0]LogConsoleResponse: Display: 
[2018.04.23-21.36.36:176][  0]LogCook: Display: Max memory allowance for cook 16384mb min free memory 0mb
[2018.04.23-21.36.36:176][  0]LogCook: Display: Mobile HDR setting 1
[2018.04.23-21.36.36:177][  0]LogGameplayTags: Display: UGameplayTagsManager::DoneAddingNativeTags. DelegateIsBound: 0
[2018.04.23-21.36.37:011][  0]LogFileCache: Scanning file cache for directory 'E:/Game Projects/projectorca/Content/' took 0.03s
[2018.04.23-21.36.37:526][  0]LogHoudiniEngineEditor: Starting the Houdini Engine Editor module.
[2018.04.23-21.36.38:718][  0]SourceControl: Source control is disabled
[2018.04.23-21.36.38:718][  0]Cmd: MAP LOAD FILE="../../../../../Game Projects/projectorca/Content/Maps/DevMap.umap" TEMPLATE=0 SHOWPROGRESS=1 FEATURELEVEL=3
[2018.04.23-21.36.38:749][  0]LightingResults: New page: Lighting Build
[2018.04.23-21.36.38:782][  0]MapCheck: New page: Map Check
[2018.04.23-21.36.38:782][  0]LightingResults: New page: Lighting Build
[2018.04.23-21.36.41:557][  0]LogAudioDerivedData: Display: Building compressed audio format OGG wave S_FS_Sand06...
[2018.04.23-21.36.41:566][  0]LogAudioDerivedData: Display: Building compressed audio format OGG wave S_FS_Sand08...
[2018.04.23-21.36.41:573][  0]LogAudioDerivedData: Display: Building compressed audio format OGG wave S_FS_Sand07...
[2018.04.23-21.36.41:580][  0]LogAudioDerivedData: Display: Building compressed audio format OGG wave S_FS_Sand10...
[2018.04.23-21.36.41:588][  0]LogAudioDerivedData: Display: Building compressed audio format OGG wave S_FS_Sand09...
[2018.04.23-21.36.41:595][  0]LogAudioDerivedData: Display: Building compressed audio format OGG wave S_FS_Sand03...
[2018.04.23-21.36.41:603][  0]LogAudioDerivedData: Display: Building compressed audio format OGG wave S_FS_Sand02...
[2018.04.23-21.36.41:609][  0]LogAudioDerivedData: Display: Building compressed audio format OGG wave S_FS_Sand01...
[2018.04.23-21.36.41:630][  0]LogAudioDerivedData: Display: Building compressed audio format OGG wave S_FS_Sand12...
[2018.04.23-21.36.41:637][  0]LogAudioDerivedData: Display: Building compressed audio format OGG wave S_FS_Sand11...
[2018.04.23-21.36.42:032][  0]LogAudioDerivedData: Display: Building compressed audio format OGG wave S_FS_Sand04...
[2018.04.23-21.36.42:039][  0]LogAudioDerivedData: Display: Building compressed audio format OGG wave S_FS_Sand05...
[2018.04.23-21.36.42:193][  0]LogAIModule: Creating AISystem for world DevMap
[2018.04.23-21.36.42:599][  0]LogEditorServer: Finished looking for orphan Actors (0.000 secs)
[2018.04.23-21.36.42:631][  0]Cmd: MAP CHECKDEP NOCLEARLOG
[2018.04.23-21.36.42:683][  0]MapCheck: Map check complete: 0 Error(s), 0 Warning(s), took 51.788ms to complete.
[2018.04.23-21.36.42:683][  0]LogFileHelpers: Loading map 'DevMap' took 3.965
[2018.04.23-21.36.43:007][  0]LogCollectionManager: Loaded 0 collections in 0.001088 seconds
[2018.04.23-21.36.43:082][  0]LogFileCache: Scanning file cache for directory 'E:/Game Projects/projectorca/Saved/Collections/' took 0.01s
[2018.04.23-21.36.43:082][  0]LogFileCache: Scanning file cache for directory 'E:/Game Projects/projectorca/Content/Developers/Werethrope/Collections/' took 0.01s
[2018.04.23-21.36.43:082][  0]LogFileCache: Scanning file cache for directory 'E:/Game Projects/projectorca/Content/Collections/' took 0.01s
[2018.04.23-21.36.43:082][  0]LogCollectionManager: Rebuilt the GUID cache for 0 collections in 0.000001 seconds
[2018.04.23-21.36.43:093][  0]LogContentBrowser: Native class hierarchy populated in 0.0103 seconds. Added 2420 classes and 507 folders.
[2018.04.23-21.36.43:141][  0]LogContentBrowser: Native class hierarchy updated for 'WidgetCarousel' in 0.0007 seconds. Added 0 classes and 0 folders.
[2018.04.23-21.36.45:280][  0]LogContentBrowser: Native class hierarchy updated for 'AddContentDialog' in 0.0007 seconds. Added 0 classes and 0 folders.
[2018.04.23-21.36.45:520][  0]LogContentBrowser: Native class hierarchy updated for 'SceneOutliner' in 0.0007 seconds. Added 1 classes and 2 folders.
[2018.04.23-21.36.45:716][  0]LogSlate: Took 0.031774 seconds to synchronously load lazily loaded font '../../../Engine/Content/Slate/Fonts/Roboto-Regular.ttf' (155K)
[2018.04.23-21.36.45:736][  0]LogSlate: Took 0.017766 seconds to synchronously load lazily loaded font '../../../Engine/Content/Slate/Fonts/Roboto-Bold.ttf' (160K)
[2018.04.23-21.36.45:762][  0]LogSlate: Took 0.021007 seconds to synchronously load lazily loaded font '../../../Engine/Content/Editor/Slate/Fonts/FontAwesome.ttf' (139K)
[2018.04.23-21.36.46:038][  0]LogRenderer: Reallocating scene render targets to support 576x344 Format 10 NumSamples 1 (Frame:1).
[2018.04.23-21.36.46:068][  0]LogRenderer: Reallocating scene render targets to support 1152x692 Format 10 NumSamples 1 (Frame:1).
[2018.04.23-21.36.46:510][  0]LogContentBrowser: Native class hierarchy updated for 'HierarchicalLODOutliner' in 0.0007 seconds. Added 1 classes and 2 folders.
[2018.04.23-21.36.46:510][  0]LogLoad: (Engine Initialization) Total time: 78.15 seconds
[2018.04.23-21.36.46:510][  0]LogLoad: (Engine Initialization) Total Blueprint compile time: 0.00 seconds
[2018.04.23-21.36.46:510][  0]LogExternalProfiler: No external profilers were discovered.  External profiling features will not be available.
[2018.04.23-21.36.46:882][  0]LogContentStreaming: Texture pool size now 1000 MB
[2018.04.23-21.36.59:615][ 38]LogSlate: Took 0.037487 seconds to synchronously load lazily loaded font '../../../Engine/Content/Slate/Fonts/Roboto-Light.ttf' (159K)
[2018.04.23-21.37.13:568][ 80]LogFileCache: Retrieving MD5 hashes for directory 'E:/Game Projects/projectorca/Content/' took 26.71s
[2018.04.23-21.37.41:241][163]LogAssetRegistry: Asset discovery search completed in 110.2191 seconds
[2018.04.23-21.37.41:246][163]LogCollectionManager: Rebuilt the object cache for 0 collections in 0.000001 seconds (found 0 objects)
[2018.04.23-21.37.41:246][163]LogCollectionManager: Fixed up redirectors for 0 collections in 0.000058 seconds (updated 0 objects)
[2018.04.23-21.37.41:588][164]LogSlate: Took 0.000215 seconds to synchronously load lazily loaded font '../../../Engine/Content/Slate/Fonts/Roboto-Light.ttf' (159K)
[2018.04.23-21.39.22:320][807]AssetReimport: New page: Detailed File System Changes from 10:39:22 PM
[2018.04.23-21.39.22:330][807]AssetReimport: 'E:/Game Projects/projectorca/Content/Assets_Character/Protaganist/Character_Jog Animation_300318.fbx' has been modified.
[2018.04.23-21.39.22:330][807]AssetReimport: 'E:/Game Projects/projectorca/Content/Assets_Character/Protaganist/Character_Jump Animation_300318.fbx' has been modified.
[2018.04.23-21.39.22:330][807]AssetReimport: 'E:/Game Projects/projectorca/Content/Assets_Character/Protaganist/Character_Rig_300318.fbx' has been modified.
[2018.04.23-21.39.22:330][807]AssetReimport: 'E:/Game Projects/projectorca/Content/Assets_Character/Protaganist/Character_Run Animation_300318.fbx' has been modified.
[2018.04.23-21.45.47:177][454]LogWindowsTextInputMethodSystem: Display: IME system now deactivated.
[2018.04.23-21.45.47:177][454]LogWindowsTextInputMethodSystem: Display: IME system now deactivated.
[2018.04.23-21.45.47:340][455]Cmd: QUIT_EDITOR
[2018.04.23-21.45.47:368][455]LogExit: Preparing to exit.
[2018.04.23-21.45.47:930][455]LogDirectoryWatcher: A directory notification for 'E:/Game Projects/projectorca/Content/' was aborted.
[2018.04.23-21.45.47:963][455]LogExit: Editor shut down
[2018.04.23-21.45.47:967][455]LogExit: Transaction tracking system shut down
[2018.04.23-21.45.48:203][455]LogDirectoryWatcher: A directory notification for '../../../Engine/Content/' was aborted.
[2018.04.23-21.45.48:203][455]LogDirectoryWatcher: A directory notification for '../../../../../Game Projects/projectorca/Content/' was aborted.
[2018.04.23-21.45.48:203][455]LogDirectoryWatcher: A directory notification for '../../../Engine/Plugins/2D/Paper2D/Content/' was aborted.
[2018.04.23-21.45.48:203][455]LogDirectoryWatcher: A directory notification for '../../../Engine/Plugins/Runtime/HoudiniEngine/Content/' was aborted.
[2018.04.23-21.45.48:203][455]LogDirectoryWatcher: A directory notification for '../../../Engine/Plugins/Runtime/Oculus/OculusVR/Content/' was aborted.
[2018.04.23-21.45.48:203][455]LogDirectoryWatcher: A directory notification for '../../../Engine/Plugins/Runtime/Steam/SteamVR/Content/' was aborted.
[2018.04.23-21.45.48:251][455]LogExit: Object subsystem successfully closed.
[2018.04.23-21.45.48:294][455]LogD3D11RHI: Shutdown
[2018.04.23-21.45.48:294][455]LogD3D11RHI: CleanupD3DDevice
[2018.04.23-21.45.48:399][455]LogD3D11RHI: ~FD3D11DynamicRHI
[2018.04.23-21.45.48:409][455]LogModuleManager: Shutting down and abandoning module HierarchicalLODOutliner (534)
[2018.04.23-21.45.48:409][455]LogModuleManager: Shutting down and abandoning module SceneOutliner (532)
[2018.04.23-21.45.48:409][455]LogModuleManager: Shutting down and abandoning module AddContentDialog (530)
[2018.04.23-21.45.48:409][455]LogDirectoryWatcher: A directory notification for 'E:/Epic Games/UE_4.17/FeaturePacks/' was aborted.
[2018.04.23-21.45.48:410][455]LogModuleManager: Shutting down and abandoning module WidgetCarousel (529)
[2018.04.23-21.45.48:410][455]LogModuleManager: Shutting down and abandoning module EditorWidgets (526)
[2018.04.23-21.45.48:410][455]LogModuleManager: Shutting down and abandoning module CollectionManager (524)
[2018.04.23-21.45.48:410][455]LogDirectoryWatcher: A directory notification for 'E:/Game Projects/projectorca/Content/Collections/' was aborted.
[2018.04.23-21.45.48:410][455]LogDirectoryWatcher: A directory notification for 'E:/Game Projects/projectorca/Content/Developers/Werethrope/Collections/' was aborted.
[2018.04.23-21.45.48:410][455]LogDirectoryWatcher: A directory notification for 'E:/Game Projects/projectorca/Saved/Collections/' was aborted.
[2018.04.23-21.45.48:410][455]LogModuleManager: Shutting down and abandoning module StatsViewer (522)
[2018.04.23-21.45.48:410][455]LogModuleManager: Shutting down and abandoning module FoliageEdit (520)
[2018.04.23-21.45.48:410][455]LogModuleManager: Shutting down and abandoning module LandscapeEditor (518)
[2018.04.23-21.45.48:410][455]LogModuleManager: Shutting down and abandoning module MeshPaintMode (516)
[2018.04.23-21.45.48:410][455]LogModuleManager: Shutting down and abandoning module SceneDepthPickerMode (514)
[2018.04.23-21.45.48:410][455]LogModuleManager: Shutting down and abandoning module ActorPickerMode (512)
[2018.04.23-21.45.48:410][455]LogModuleManager: Shutting down and abandoning module GeometryMode (510)
[2018.04.23-21.45.48:410][455]LogModuleManager: Shutting down and abandoning module TextureAlignMode (508)
[2018.04.23-21.45.48:410][455]LogModuleManager: Shutting down and abandoning module BspMode (506)
[2018.04.23-21.45.48:410][455]LogModuleManager: Shutting down and abandoning module PIEPreviewDeviceProfileSelector (504)
[2018.04.23-21.45.48:410][455]LogModuleManager: Shutting down and abandoning module HardwareSurvey (502)
[2018.04.23-21.45.48:410][455]LogModuleManager: Shutting down and abandoning module SequenceRecorderSections (500)
[2018.04.23-21.45.48:410][455]LogModuleManager: Shutting down and abandoning module AutomationWorker (498)
[2018.04.23-21.45.48:410][455]LogModuleManager: Shutting down and abandoning module HoudiniEngineEditor (496)
[2018.04.23-21.45.48:410][455]LogHoudiniEngineEditor: Shutting down the Houdini Engine Editor module.
[2018.04.23-21.45.48:422][455]LogModuleManager: Shutting down and abandoning module MatineeToLevelSequence (494)
[2018.04.23-21.45.48:422][455]LogModuleManager: Shutting down and abandoning module LevelSequenceEditor (492)
[2018.04.23-21.45.48:422][455]LogModuleManager: Shutting down and abandoning module PlacementMode (491)
[2018.04.23-21.45.48:422][455]LogModuleManager: Shutting down and abandoning module WmfMediaFactory (488)
[2018.04.23-21.45.48:422][455]LogModuleManager: Shutting down and abandoning module WmfMediaEditor (486)
[2018.04.23-21.45.48:422][455]LogModuleManager: Shutting down and abandoning module AvfMediaFactory (484)
[2018.04.23-21.45.48:422][455]LogModuleManager: Shutting down and abandoning module AvfMediaEditor (482)
[2018.04.23-21.45.48:422][455]LogModuleManager: Shutting down and abandoning module AndroidMediaFactory (480)
[2018.04.23-21.45.48:422][455]LogModuleManager: Shutting down and abandoning module Media (479)
[2018.04.23-21.45.48:422][455]LogModuleManager: Shutting down and abandoning module AndroidMediaEditor (476)
[2018.04.23-21.45.48:422][455]LogModuleManager: Shutting down and abandoning module CharacterAI (474)
[2018.04.23-21.45.48:422][455]LogModuleManager: Shutting down and abandoning module AudioCapture (472)
[2018.04.23-21.45.48:422][455]LogModuleManager: Shutting down and abandoning module SequenceRecorder (471)
[2018.04.23-21.45.48:423][455]LogModuleManager: Shutting down and abandoning module SmartSnapping (468)
[2018.04.23-21.45.48:423][455]LogModuleManager: Shutting down and abandoning module SessionServices (466)
[2018.04.23-21.45.48:423][455]LogModuleManager: Shutting down and abandoning module ViewportSnapping (464)
[2018.04.23-21.45.48:423][455]LogModuleManager: Shutting down and abandoning module ViewportInteraction (462)
[2018.04.23-21.45.48:423][455]LogModuleManager: Shutting down and abandoning module ClothPainter (460)
[2018.04.23-21.45.48:423][455]LogModuleManager: Shutting down and abandoning module LogVisualizer (458)
[2018.04.23-21.45.48:423][455]LogModuleManager: Shutting down and abandoning module IntroTutorials (456)
[2018.04.23-21.45.48:423][455]LogModuleManager: Shutting down and abandoning module GameProjectGeneration (455)
[2018.04.23-21.45.48:423][455]LogModuleManager: Shutting down and abandoning module IOSPlatformEditor (452)
[2018.04.23-21.45.48:423][455]LogModuleManager: Shutting down and abandoning module HTML5PlatformEditor (450)
[2018.04.23-21.45.48:423][455]LogModuleManager: Shutting down and abandoning module AndroidPlatformEditor (448)
[2018.04.23-21.45.48:423][455]LogModuleManager: Shutting down and abandoning module AndroidDeviceDetection (447)
[2018.04.23-21.45.48:708][455]LogModuleManager: Shutting down and abandoning module WindowsPlatformEditor (444)
[2018.04.23-21.45.48:709][455]LogModuleManager: Shutting down and abandoning module IOSRuntimeSettings (442)
[2018.04.23-21.45.48:709][455]LogModuleManager: Shutting down and abandoning module AndroidRuntimeSettings (440)
[2018.04.23-21.45.48:709][455]LogModuleManager: Shutting down and abandoning module InputBindingEditor (438)
[2018.04.23-21.45.48:709][455]LogModuleManager: Shutting down and abandoning module MergeActors (436)
[2018.04.23-21.45.48:709][455]LogModuleManager: Shutting down and abandoning module SizeMap (434)
[2018.04.23-21.45.48:709][455]LogModuleManager: Shutting down and abandoning module TreeMap (432)
[2018.04.23-21.45.48:709][455]LogModuleManager: Shutting down and abandoning module ReferenceViewer (430)
[2018.04.23-21.45.48:709][455]LogModuleManager: Shutting down and abandoning module LocalizationDashboard (428)
[2018.04.23-21.45.48:709][455]LogModuleManager: Shutting down and abandoning module LocalizationService (427)
[2018.04.23-21.45.48:709][455]LogModuleManager: Shutting down and abandoning module HardwareTargeting (424)
[2018.04.23-21.45.48:709][455]LogModuleManager: Shutting down and abandoning module DeviceProfileEditor (422)
[2018.04.23-21.45.48:709][455]LogModuleManager: Shutting down and abandoning module UndoHistory (420)
[2018.04.23-21.45.48:709][455]LogModuleManager: Shutting down and abandoning module XmlParser (418)
[2018.04.23-21.45.48:709][455]LogModuleManager: Shutting down and abandoning module Blutility (416)
[2018.04.23-21.45.48:709][455]LogModuleManager: Shutting down and abandoning module ProjectSettingsViewer (414)
[2018.04.23-21.45.48:709][455]LogModuleManager: Shutting down and abandoning module ProjectTargetPlatformEditor (413)
[2018.04.23-21.45.48:709][455]LogModuleManager: Shutting down and abandoning module EditorSettingsViewer (410)
[2018.04.23-21.45.48:709][455]LogModuleManager: Shutting down and abandoning module SettingsEditor (408)
[2018.04.23-21.45.48:709][455]LogModuleManager: Shutting down and abandoning module ProjectLauncher (406)
[2018.04.23-21.45.48:709][455]LogModuleManager: Shutting down and abandoning module SessionFrontend (404)
[2018.04.23-21.45.48:709][455]LogModuleManager: Shutting down and abandoning module ProfilerClient (402)
[2018.04.23-21.45.48:709][455]LogModuleManager: Shutting down and abandoning module DeviceManager (400)
[2018.04.23-21.45.48:709][455]LogModuleManager: Shutting down and abandoning module TargetDeviceServices (399)
[2018.04.23-21.45.48:764][455]LogModuleManager: Shutting down and abandoning module AutomationController (396)
[2018.04.23-21.45.48:764][455]LogModuleManager: Shutting down and abandoning module AutomationWindow (394)
[2018.04.23-21.45.48:764][455]LogModuleManager: Shutting down and abandoning module Layers (392)
[2018.04.23-21.45.48:764][455]LogModuleManager: Shutting down and abandoning module ComponentVisualizers (390)
[2018.04.23-21.45.48:764][455]LogModuleManager: Shutting down and abandoning module DetailCustomizations (388)
[2018.04.23-21.45.48:764][455]LogModuleManager: Shutting down and abandoning module PackagesDialog (386)
[2018.04.23-21.45.48:764][455]LogModuleManager: Shutting down and abandoning module Persona (384)
[2018.04.23-21.45.48:764][455]LogModuleManager: Shutting down and abandoning module AdvancedPreviewScene (383)
[2018.04.23-21.45.48:764][455]LogModuleManager: Shutting down and abandoning module AnimGraph (381)
[2018.04.23-21.45.48:764][455]LogModuleManager: Shutting down and abandoning module Kismet (378)
[2018.04.23-21.45.48:765][455]LogModuleManager: Shutting down and abandoning module ClassViewer (376)
[2018.04.23-21.45.48:765][455]LogModuleManager: Shutting down and abandoning module Toolbox (374)
[2018.04.23-21.45.48:765][455]LogModuleManager: Shutting down and abandoning module ModuleUI (372)
[2018.04.23-21.45.48:765][455]LogModuleManager: Shutting down and abandoning module MovieSceneTools (370)
[2018.04.23-21.45.48:765][455]LogModuleManager: Shutting down and abandoning module OutputLog (368)
[2018.04.23-21.45.48:765][455]LogModuleManager: Shutting down and abandoning module GammaUI (366)
[2018.04.23-21.45.48:765][455]LogModuleManager: Shutting down and abandoning module Documentation (364)
[2018.04.23-21.45.48:765][455]LogModuleManager: Shutting down and abandoning module MovieSceneTracks (362)
[2018.04.23-21.45.48:765][455]LogModuleManager: Shutting down and abandoning module MovieScene (360)
[2018.04.23-21.45.48:765][455]LogModuleManager: Shutting down and abandoning module Niagara (358)
[2018.04.23-21.45.48:765][455]LogModuleManager: Shutting down and abandoning module NiagaraEditor (357)
[2018.04.23-21.45.48:765][455]LogModuleManager: Shutting down and abandoning module StreamingPauseRendering (354)
[2018.04.23-21.45.48:765][455]LogModuleManager: Shutting down and abandoning module LauncherPlatform (352)
[2018.04.23-21.45.48:765][455]LogModuleManager: Shutting down and abandoning module AnalyticsET (350)
[2018.04.23-21.45.48:765][455]LogModuleManager: Shutting down and abandoning module PortalServices (348)
[2018.04.23-21.45.48:765][455]LogModuleManager: Shutting down and abandoning module PortalRpc (346)
[2018.04.23-21.45.48:765][455]LogModuleManager: Shutting down and abandoning module MessagingRpc (344)
[2018.04.23-21.45.48:765][455]LogModuleManager: Shutting down and abandoning module AIModule (342)
[2018.04.23-21.45.48:765][455]LogModuleManager: Shutting down and abandoning module GameplayDebugger (341)
[2018.04.23-21.45.48:765][455]LogModuleManager: Shutting down and abandoning module AITestSuite (339)
[2018.04.23-21.45.48:765][455]LogModuleManager: Shutting down and abandoning module ProfilerService (336)
[2018.04.23-21.45.48:836][455]LogModuleManager: Shutting down and abandoning module TaskGraph (334)
[2018.04.23-21.45.48:836][455]LogModuleManager: Shutting down and abandoning module SteamVRController (332)
[2018.04.23-21.45.48:836][455]LogModuleManager: Shutting down and abandoning module ProceduralMeshComponentEditor (330)
[2018.04.23-21.45.48:837][455]LogModuleManager: Shutting down and abandoning module ProceduralMeshComponent (328)
[2018.04.23-21.45.48:837][455]LogModuleManager: Shutting down and abandoning module OculusInput (326)
[2018.04.23-21.45.48:837][455]LogModuleManager: Shutting down and abandoning module MobilePatchingUtils (324)
[2018.04.23-21.45.48:837][455]LogModuleManager: Shutting down and abandoning module HoudiniEngineRuntime (322)
[2018.04.23-21.45.48:837][455]LogHoudiniEngine: Shutting down the Houdini Engine module.
[2018.04.23-21.45.48:841][455]LogModuleManager: Shutting down and abandoning module CustomMeshComponent (320)
[2018.04.23-21.45.48:841][455]LogModuleManager: Shutting down and abandoning module CableComponent (318)
[2018.04.23-21.45.48:841][455]LogModuleManager: Shutting down and abandoning module ArchVisCharacter (316)
[2018.04.23-21.45.48:841][455]LogModuleManager: Shutting down and abandoning module AndroidPermission (314)
[2018.04.23-21.45.48:841][455]LogModuleManager: Shutting down and abandoning module MediaPlayerEditor (310)
[2018.04.23-21.45.48:841][455]LogModuleManager: Shutting down and abandoning module HTML5Networking (308)
[2018.04.23-21.45.48:841][455]LogModuleManager: Shutting down and abandoning module AlembicImporter (306)
[2018.04.23-21.45.48:841][455]LogModuleManager: Shutting down and abandoning module AlembicLibrary (305)
[2018.04.23-21.45.48:841][455]LogModuleManager: Shutting down and abandoning module GeometryCache (304)
[2018.04.23-21.45.48:841][455]LogModuleManager: Shutting down and abandoning module GeometryCacheEd (303)
[2018.04.23-21.45.48:841][455]LogModuleManager: Shutting down and abandoning module SpeedTreeImporter (298)
[2018.04.23-21.45.48:841][455]LogModuleManager: Shutting down and abandoning module PluginBrowser (296)
[2018.04.23-21.45.48:841][455]LogModuleManager: Shutting down and abandoning module MobileLauncherProfileWizard (294)
[2018.04.23-21.45.48:841][455]LogModuleManager: Shutting down and abandoning module VisualStudioSourceCodeAccess (292)
[2018.04.23-21.45.48:841][455]LogModuleManager: Shutting down and abandoning module DesktopPlatform (291)
[2018.04.23-21.45.48:841][455]LogModuleManager: Shutting down and abandoning module UObjectPlugin (288)
[2018.04.23-21.45.48:841][455]LogModuleManager: Shutting down and abandoning module SubversionSourceControl (286)
[2018.04.23-21.45.48:841][455]LogModuleManager: Shutting down and abandoning module PerforceSourceControl (284)
[2018.04.23-21.45.48:841][455]LogModuleManager: Shutting down and abandoning module GitSourceControl (282)
[2018.04.23-21.45.48:841][455]LogModuleManager: Shutting down and abandoning module SourceControl (281)
[2018.04.23-21.45.48:841][455]LogModuleManager: Shutting down and abandoning module LightPropagationVolumeEditor (278)
[2018.04.23-21.45.48:841][455]LogModuleManager: Shutting down and abandoning module PaperTiledImporter (276)
[2018.04.23-21.45.48:841][455]LogModuleManager: Shutting down and abandoning module PaperSpriteSheetImporter (274)
[2018.04.23-21.45.48:841][455]LogModuleManager: Shutting down and abandoning module Paper2DEditor (272)
[2018.04.23-21.45.48:841][455]LogModuleManager: Shutting down and abandoning module MeshPaint (271)
[2018.04.23-21.45.48:841][455]LogModuleManager: Shutting down and abandoning module LevelEditor (269)
[2018.04.23-21.45.48:842][455]LogModuleManager: Shutting down and abandoning module PixelInspectorModule (268)
[2018.04.23-21.45.48:842][455]LogModuleManager: Shutting down and abandoning module MainFrame (266)
[2018.04.23-21.45.48:842][455]LogModuleManager: Shutting down and abandoning module HotReload (265)
[2018.04.23-21.45.48:842][455]LogModuleManager: Shutting down and abandoning module RuntimePhysXCooking (260)
[2018.04.23-21.45.48:842][455]LogModuleManager: Shutting down and abandoning module PhysXVehiclesEditor (258)
[2018.04.23-21.45.48:842][455]LogModuleManager: Shutting down and abandoning module PhysXVehicles (256)
[2018.04.23-21.45.48:842][455]LogModuleManager: Shutting down and abandoning module OculusEditor (254)
[2018.04.23-21.45.48:842][455]LogModuleManager: Shutting down and abandoning module LocationServicesBPLibrary (252)
[2018.04.23-21.45.48:842][455]LogModuleManager: Shutting down and abandoning module ImmediatePhysicsEditor (250)
[2018.04.23-21.45.48:842][455]LogModuleManager: Shutting down and abandoning module ImmediatePhysics (248)
[2018.04.23-21.45.48:842][455]LogModuleManager: Shutting down and abandoning module UdpMessaging (246)
[2018.04.23-21.45.48:944][455]LogModuleManager: Shutting down and abandoning module TcpMessaging (244)
[2018.04.23-21.45.49:044][455]LogModuleManager: Shutting down and abandoning module GameplayTagsEditor (242)
[2018.04.23-21.45.49:044][455]LogModuleManager: Shutting down and abandoning module FacialAnimationEditor (240)
[2018.04.23-21.45.49:044][455]LogModuleManager: Shutting down and abandoning module FacialAnimation (238)
[2018.04.23-21.45.49:044][455]LogModuleManager: Shutting down and abandoning module AssetManagerEditor (236)
[2018.04.23-21.45.49:044][455]LogModuleManager: Shutting down and abandoning module GraphEditor (235)
[2018.04.23-21.45.49:044][455]LogModuleManager: Shutting down and abandoning module ContentBrowser (233)
[2018.04.23-21.45.49:045][455]LogModuleManager: Shutting down and abandoning module LightPropagationVolumeRuntime (230)
[2018.04.23-21.45.49:045][455]LogModuleManager: Shutting down and abandoning module Paper2D (228)
[2018.04.23-21.45.49:045][455]LogModuleManager: Shutting down and abandoning module WindowsMoviePlayer (226)
[2018.04.23-21.45.49:045][455]LogModuleManager: Shutting down and abandoning module WmfMedia (224)
[2018.04.23-21.45.49:047][455]LogModuleManager: Shutting down and abandoning module PacketHandler (222)
[2018.04.23-21.45.49:047][455]LogModuleManager: Shutting down and abandoning module ClothingSystemEditor (220)
[2018.04.23-21.45.49:048][455]LogModuleManager: Shutting down and abandoning module ClothingSystemRuntime (218)
[2018.04.23-21.45.49:066][455]LogModuleManager: Shutting down and abandoning module Overlay (216)
[2018.04.23-21.45.49:066][455]LogModuleManager: Shutting down and abandoning module OverlayEditor (215)
[2018.04.23-21.45.49:066][455]LogModuleManager: Shutting down and abandoning module MediaAssets (212)
[2018.04.23-21.45.49:066][455]LogModuleManager: Shutting down and abandoning module VREditor (210)
[2018.04.23-21.45.49:066][455]LogModuleManager: Shutting down and abandoning module StringTableEditor (208)
[2018.04.23-21.45.49:066][455]LogModuleManager: Shutting down and abandoning module GameplayTasksEditor (206)
[2018.04.23-21.45.49:066][455]LogModuleManager: Shutting down and abandoning module BehaviorTreeEditor (204)
[2018.04.23-21.45.49:066][455]LogModuleManager: Shutting down and abandoning module FunctionalTesting (202)
[2018.04.23-21.45.49:066][455]LogModuleManager: Shutting down and abandoning module CollisionAnalyzer (200)
[2018.04.23-21.45.49:066][455]LogModuleManager: Shutting down and abandoning module WorkspaceMenuStructure (199)
[2018.04.23-21.45.49:066][455]LogModuleManager: Shutting down and abandoning module UMG (196)
[2018.04.23-21.45.49:066][455]LogModuleManager: Shutting down and abandoning module UMGEditor (195)
[2018.04.23-21.45.49:066][455]LogModuleManager: Shutting down and abandoning module Sequencer (194)
[2018.04.23-21.45.49:066][455]LogModuleManager: Shutting down and abandoning module MessageLog (191)
[2018.04.23-21.45.49:066][455]LogModuleManager: Shutting down and abandoning module SlateReflector (186)
[2018.04.23-21.45.49:066][455]LogModuleManager: Shutting down and abandoning module Slate (184)
[2018.04.23-21.45.49:066][455]LogModuleManager: Shutting down and abandoning module EditorStyle (182)
[2018.04.23-21.45.49:068][455]LogModuleManager: Shutting down and abandoning module MRMesh (180)
[2018.04.23-21.45.49:068][455]LogModuleManager: Shutting down and abandoning module SourceCodeAccess (178)
[2018.04.23-21.45.49:068][455]LogModuleManager: Shutting down and abandoning module HeadMountedDisplay (176)
[2018.04.23-21.45.49:068][455]LogModuleManager: Shutting down and abandoning module XAudio2 (174)
[2018.04.23-21.45.49:068][455]LogModuleManager: Shutting down and abandoning module Networking (172)
[2018.04.23-21.45.49:068][455]LogModuleManager: Shutting down and abandoning module Core (168)
[2018.04.23-21.45.49:068][455]LogModuleManager: Shutting down and abandoning module KismetCompiler (164)
[2018.04.23-21.45.49:068][455]LogModuleManager: Shutting down and abandoning module LevelSequence (162)
[2018.04.23-21.45.49:068][455]LogModuleManager: Shutting down and abandoning module MeshUtilities (160)
[2018.04.23-21.45.49:069][455]LogModuleManager: Shutting down and abandoning module MeshMergeUtilities (159)
[2018.04.23-21.45.49:069][455]LogModuleManager: Shutting down and abandoning module MeshReductionInterface (158)
[2018.04.23-21.45.49:069][455]LogModuleManager: Shutting down and abandoning module SimplygonSwarm (157)
[2018.04.23-21.45.49:069][455]LogModuleManager: Shutting down and abandoning module SimplygonMeshReduction (155)
[2018.04.23-21.45.49:069][455]LogModuleManager: Shutting down and abandoning module QuadricMeshReduction (153)
[2018.04.23-21.45.49:069][455]LogModuleManager: Shutting down and abandoning module MaterialBaking (149)
[2018.04.23-21.45.49:069][455]LogModuleManager: Shutting down and abandoning module DirectoryWatcher (146)
[2018.04.23-21.45.49:069][455]LogModuleManager: Shutting down and abandoning module DerivedDataCache (144)
[2018.04.23-21.45.49:146][455]LogDerivedDataCache: Shutdown
[2018.04.23-21.45.49:146][455]LogModuleManager: Shutting down and abandoning module TargetPlatform (142)
[2018.04.23-21.45.49:147][455]LogModuleManager: Shutting down and abandoning module VulkanShaderFormat (141)
[2018.04.23-21.45.49:147][455]LogModuleManager: Shutting down and abandoning module ShaderFormatVectorVM (139)
[2018.04.23-21.45.49:147][455]LogModuleManager: Shutting down and abandoning module ShaderFormatOpenGL (137)
[2018.04.23-21.45.49:147][455]LogModuleManager: Shutting down and abandoning module ShaderFormatD3D (135)
[2018.04.23-21.45.49:147][455]LogModuleManager: Shutting down and abandoning module MetalShaderFormat (133)
[2018.04.23-21.45.49:147][455]LogModuleManager: Shutting down and abandoning module TextureFormatUncompressed (131)
[2018.04.23-21.45.49:147][455]LogModuleManager: Shutting down and abandoning module TextureFormatPVR (129)
[2018.04.23-21.45.49:147][455]LogModuleManager: Shutting down and abandoning module TextureFormatDXT (127)
[2018.04.23-21.45.49:147][455]LogModuleManager: Shutting down and abandoning module TextureFormatIntelISPCTexComp (125)
[2018.04.23-21.45.49:147][455]LogModuleManager: Shutting down and abandoning module TextureFormatASTC (123)
[2018.04.23-21.45.49:147][455]LogModuleManager: Shutting down and abandoning module ImageWrapper (122)
[2018.04.23-21.45.49:147][455]LogModuleManager: Shutting down and abandoning module TextureFormatAndroid (119)
[2018.04.23-21.45.49:147][455]LogModuleManager: Shutting down and abandoning module AudioFormatOpus (117)
[2018.04.23-21.45.49:147][455]LogModuleManager: Shutting down and abandoning module AudioFormatOgg (115)
[2018.04.23-21.45.49:147][455]LogModuleManager: Shutting down and abandoning module AudioFormatADPCM (113)
[2018.04.23-21.45.49:147][455]LogModuleManager: Shutting down and abandoning module LinuxTargetPlatform (111)
[2018.04.23-21.45.49:147][455]LogModuleManager: Shutting down and abandoning module LinuxServerTargetPlatform (109)
[2018.04.23-21.45.49:147][455]LogModuleManager: Shutting down and abandoning module LinuxNoEditorTargetPlatform (107)
[2018.04.23-21.45.49:147][455]LogModuleManager: Shutting down and abandoning module LinuxClientTargetPlatform (105)
[2018.04.23-21.45.49:147][455]LogModuleManager: Shutting down and abandoning module TVOSTargetPlatform (103)
[2018.04.23-21.45.49:147][455]LogModuleManager: Shutting down and abandoning module Messaging (101)
[2018.04.23-21.45.49:147][455]LogModuleManager: Shutting down and abandoning module IOSTargetPlatform (99)
[2018.04.23-21.45.49:147][455]LogModuleManager: Shutting down and abandoning module HTML5TargetPlatform (97)
[2018.04.23-21.45.49:147][455]LogModuleManager: Shutting down and abandoning module Android_PVRTCTargetPlatform (95)
[2018.04.23-21.45.49:147][455]LogModuleManager: Shutting down and abandoning module Android_MultiTargetPlatform (93)
[2018.04.23-21.45.49:147][455]LogModuleManager: Shutting down and abandoning module Android_ETC2TargetPlatform (91)
[2018.04.23-21.45.49:147][455]LogModuleManager: Shutting down and abandoning module Android_ETC1TargetPlatform (89)
[2018.04.23-21.45.49:147][455]LogModuleManager: Shutting down and abandoning module Android_DXTTargetPlatform (87)
[2018.04.23-21.45.49:147][455]LogModuleManager: Shutting down and abandoning module Android_ATCTargetPlatform (85)
[2018.04.23-21.45.49:147][455]LogModuleManager: Shutting down and abandoning module Android_ASTCTargetPlatform (83)
[2018.04.23-21.45.49:147][455]LogModuleManager: Shutting down and abandoning module AndroidTargetPlatform (81)
[2018.04.23-21.45.49:147][455]LogModuleManager: Shutting down and abandoning module WindowsTargetPlatform (79)
[2018.04.23-21.45.49:147][455]LogModuleManager: Shutting down and abandoning module WindowsServerTargetPlatform (77)
[2018.04.23-21.45.49:147][455]LogModuleManager: Shutting down and abandoning module WindowsNoEditorTargetPlatform (75)
[2018.04.23-21.45.49:147][455]LogModuleManager: Shutting down and abandoning module WindowsClientTargetPlatform (73)
[2018.04.23-21.45.49:147][455]LogModuleManager: Shutting down and abandoning module MacTargetPlatform (71)
[2018.04.23-21.45.49:147][455]LogModuleManager: Shutting down and abandoning module MacServerTargetPlatform (69)
[2018.04.23-21.45.49:147][455]LogModuleManager: Shutting down and abandoning module MacNoEditorTargetPlatform (67)
[2018.04.23-21.45.49:147][455]LogModuleManager: Shutting down and abandoning module MacClientTargetPlatform (65)
[2018.04.23-21.45.49:147][455]LogModuleManager: Shutting down and abandoning module AllDesktopTargetPlatform (63)
[2018.04.23-21.45.49:147][455]LogModuleManager: Shutting down and abandoning module InputCore (60)
[2018.04.23-21.45.49:147][455]LogModuleManager: Shutting down and abandoning module Settings (58)
[2018.04.23-21.45.49:147][455]LogModuleManager: Shutting down and abandoning module PhysXCooking (56)
[2018.04.23-21.45.49:147][455]LogModuleManager: Shutting down and abandoning module SteamVR (54)
[2018.04.23-21.45.49:147][455]LogModuleManager: Shutting down and abandoning module OculusHMD (52)
[2018.04.23-21.45.49:147][455]LogModuleManager: Shutting down and abandoning module ExampleDeviceProfileSelector (50)
[2018.04.23-21.45.49:147][455]LogModuleManager: Shutting down and abandoning module OnlineBlueprintSupport (48)
[2018.04.23-21.45.49:147][455]LogModuleManager: Shutting down and abandoning module OnlineSubsystem (44)
[2018.04.23-21.45.49:147][455]LogOnline: Display: Unloading online subsystem: NULL
[2018.04.23-21.45.49:147][455]LogModuleManager: Shutting down and abandoning module XMPP (43)
[2018.04.23-21.45.49:148][455]LogModuleManager: Shutting down and abandoning module HTTP (41)
[2018.04.23-21.45.49:148][455]LogHttp: Display: Http module shutting down, but needs to wait on 1 outstanding Http requests:
[2018.04.23-21.45.49:148][455]LogHttp: Display: 	verb=[POST] url=[https://datarouter.ol.epicgames.com/datarouter/api/v1/public/data?SessionID=%7BB035C931-4E65-A8B8-06D7-87A361A55D61%7D&AppID=UEEditor.Rocket.Release&AppVersion=4.17.2-3658906%2B%2B%2BUE4%2BRelease-4.17&UserID=54e55c044e4e4ce5190fa4bed61652dc%7C495f3335c5724314bcf7c78d424bc0ae%7C8cae8d40-a0cb-44ca-8cae-b6a57db23927&AppEnvironment=datacollector-binary&UploadType=eteventstream] status=Processing
[2018.04.23-21.45.49:179][455]LogModuleManager: Shutting down and abandoning module SSL (40)
[2018.04.23-21.45.49:180][455]LogModuleManager: Shutting down and abandoning module AnimationModifiers (36)
[2018.04.23-21.45.49:180][455]LogModuleManager: Shutting down and abandoning module PropertyEditor (35)
[2018.04.23-21.45.49:180][455]LogModuleManager: Shutting down and abandoning module AudioEditor (32)
[2018.04.23-21.45.49:180][455]LogModuleManager: Shutting down and abandoning module TextureCompressor (30)
[2018.04.23-21.45.49:180][455]LogModuleManager: Shutting down and abandoning module ShaderCore (28)
[2018.04.23-21.45.49:180][455]LogModuleManager: Shutting down and abandoning module Landscape (26)
[2018.04.23-21.45.49:180][455]LogModuleManager: Shutting down and abandoning module SlateRHIRenderer (24)
[2018.04.23-21.45.49:181][455]LogModuleManager: Shutting down and abandoning module OpenGLDrv (22)
[2018.04.23-21.45.49:181][455]LogModuleManager: Shutting down and abandoning module D3D11RHI (20)
[2018.04.23-21.45.49:181][455]LogModuleManager: Shutting down and abandoning module AnimGraphRuntime (18)
[2018.04.23-21.45.49:181][455]LogModuleManager: Shutting down and abandoning module Renderer (16)
[2018.04.23-21.45.49:181][455]LogModuleManager: Shutting down and abandoning module Engine (14)
[2018.04.23-21.45.49:181][455]LogModuleManager: Shutting down and abandoning module CoreUObject (12)
[2018.04.23-21.45.49:181][455]LogModuleManager: Shutting down and abandoning module NetworkFile (10)
[2018.04.23-21.45.49:181][455]LogModuleManager: Shutting down and abandoning module CookedIterativeFile (8)
[2018.04.23-21.45.49:181][455]LogModuleManager: Shutting down and abandoning module StreamingFile (6)
[2018.04.23-21.45.49:181][455]LogModuleManager: Shutting down and abandoning module SandboxFile (4)
[2018.04.23-21.45.49:181][455]LogModuleManager: Shutting down and abandoning module PakFile (2)
[2018.04.23-21.45.49:191][455]LogExit: Exiting.
[2018.04.23-21.45.49:206][455]Log file closed, 04/23/18 22:45:49
