Log file open, 12/12/17 17:58:38
LogWindows: Failed to load 'aqProf.dll' (GetLastError=126)
LogWindows: File 'aqProf.dll' does not exist
LogWindows: Failed to load 'VSPerf140.dll' (GetLastError=126)
LogWindows: File 'VSPerf140.dll' does not exist
LogWindows: Failed to load 'VtuneApi.dll' (GetLastError=126)
LogWindows: File 'VtuneApi.dll' does not exist
LogWindows: Failed to load 'VtuneApi32e.dll' (GetLastError=126)
LogWindows: File 'VtuneApi32e.dll' does not exist
LogInit: Display: Running engine for game: ProjectOrca
LogPlatformFile: Not using cached read wrapper
LogInit: Display: RandInit(125207297) SRandInit(125207297).
LogTaskGraph: Started task graph with 5 named threads and 14 total threads with 3 sets of task threads.
LogStats: Stats thread started at 5.754050
LogD3D11RHI: Aftermath initialized
LogPluginManager: Mounting plugin Paper2D
LogPluginManager: Mounting plugin LightPropagationVolume
LogPluginManager: Mounting plugin CodeLiteSourceCodeAccess
LogPluginManager: Mounting plugin GitSourceControl
LogPluginManager: Mounting plugin KDevelopSourceCodeAccess
LogPluginManager: Mounting plugin NullSourceCodeAccess
LogPluginManager: Mounting plugin PerforceSourceControl
LogPluginManager: Mounting plugin SubversionSourceControl
LogPluginManager: Mounting plugin UObjectPlugin
LogPluginManager: Mounting plugin VisualStudioSourceCodeAccess
LogPluginManager: Mounting plugin XCodeSourceCodeAccess
LogPluginManager: Mounting plugin AssetManagerEditor
LogPluginManager: Mounting plugin AudioCapture
LogPluginManager: Mounting plugin FacialAnimation
LogPluginManager: Mounting plugin GameplayTagsEditor
LogPluginManager: Mounting plugin MobileLauncherProfileWizard
LogPluginManager: Mounting plugin PluginBrowser
LogPluginManager: Mounting plugin SpeedTreeImporter
LogPluginManager: Mounting plugin AlembicImporter
LogPluginManager: Mounting plugin CharacterAI
LogPluginManager: Mounting plugin HTML5Networking
LogPluginManager: Mounting plugin AndroidMedia
LogPluginManager: Mounting plugin AvfMedia
LogPluginManager: Mounting plugin MediaPlayerEditor
LogPluginManager: Mounting plugin WmfMedia
LogPluginManager: Mounting plugin TcpMessaging
LogPluginManager: Mounting plugin UdpMessaging
LogPluginManager: Mounting plugin LevelSequenceEditor
LogPluginManager: Mounting plugin MatineeToLevelSequence
LogPluginManager: Mounting plugin OnlineSubsystemGooglePlay
LogPluginManager: Mounting plugin OnlineSubsystemIOS
LogPluginManager: Mounting plugin OnlineSubsystem
LogPluginManager: Mounting plugin OnlineSubsystemNull
LogPluginManager: Mounting plugin OnlineSubsystemUtils
LogPluginManager: Mounting plugin AndroidDeviceProfileSelector
LogPluginManager: Mounting plugin AndroidMoviePlayer
LogPluginManager: Mounting plugin AndroidPermission
LogPluginManager: Mounting plugin AppleMoviePlayer
LogPluginManager: Mounting plugin ArchVisCharacter
LogPluginManager: Mounting plugin CableComponent
LogPluginManager: Mounting plugin CustomMeshComponent
LogPluginManager: Mounting plugin ExampleDeviceProfileSelector
LogPluginManager: Mounting plugin GoogleCloudMessaging
LogPluginManager: Mounting plugin ImmediatePhysics
LogPluginManager: Mounting plugin IOSDeviceProfileSelector
LogPluginManager: Mounting plugin LinuxDeviceProfileSelector
LogPluginManager: Mounting plugin LocationServicesBPLibrary
LogPluginManager: Mounting plugin MobilePatchingUtils
LogPluginManager: Mounting plugin OculusVR
LogPluginManager: Mounting plugin PhysXVehicles
LogPluginManager: Mounting plugin ProceduralMeshComponent
LogPluginManager: Mounting plugin RuntimePhysXCooking
LogPluginManager: Mounting plugin SteamVR
LogPluginManager: Mounting plugin WindowsMoviePlayer
LogInit: Using libcurl 7.47.1
LogInit:  - built for x86_64-pc-win32
LogInit:  - supports SSL with OpenSSL/1.0.2g
LogInit:  - supports HTTP deflate (compression) using libz 1.2.8
LogInit:  - other features:
LogInit:      CURL_VERSION_SSL
LogInit:      CURL_VERSION_LIBZ
LogInit:      CURL_VERSION_IPV6
LogInit:      CURL_VERSION_ASYNCHDNS
LogInit:      CURL_VERSION_LARGEFILE
LogInit:      CURL_VERSION_IDN
LogInit:  CurlRequestOptions (configurable via config and command line):
LogInit:  - bVerifyPeer = false  - Libcurl will NOT verify peer certificate
LogInit:  - bUseHttpProxy = false  - Libcurl will NOT use HTTP proxy
LogInit:  - bDontReuseConnections = false  - Libcurl will reuse connections
LogInit:  - CertBundlePath = nullptr  - Libcurl will use whatever was configured at build time.
LogInit: Build: ++UE4+Release-4.17-CL-3658906
LogInit: Engine Version: 4.17.2-3658906+++UE4+Release-4.17
LogInit: Compatible Engine Version: 4.17.0-3573198+++UE4+Release-4.17
LogInit: Net CL: 3573198
LogDevObjectVersion: Number of dev versions registered: 16
LogDevObjectVersion:   Dev-Blueprints (B0D832E4-1F89-4F0D-ACCF-7EB736FD4AA2): 10
LogDevObjectVersion:   Dev-Build (E1C64328-A22C-4D53-A36C-8E866417BD8C): 0
LogDevObjectVersion:   Dev-Core (375EC13C-06E4-48FB-B500-84F0262A717E): 2
LogDevObjectVersion:   Dev-Editor (E4B068ED-F494-42E9-A231-DA0B2E46BB41): 20
LogDevObjectVersion:   Dev-Framework (CFFC743F-43B0-4480-9391-14DF171D2073): 28
LogDevObjectVersion:   Dev-Mobile (B02B49B5-BB20-44E9-A304-32B752E40360): 0
LogDevObjectVersion:   Dev-Networking (A4E4105C-59A1-49B5-A7C5-40C4547EDFEE): 0
LogDevObjectVersion:   Dev-Online (39C831C9-5AE6-47DC-9A44-9C173E1C8E7C): 0
LogDevObjectVersion:   Dev-Physics (78F01B33-EBEA-4F98-B9B4-84EACCB95AA2): 0
LogDevObjectVersion:   Dev-Platform (6631380F-2D4D-43E0-8009-CF276956A95A): 0
LogDevObjectVersion:   Dev-Rendering (12F88B9F-8875-4AFC-A67C-D90C383ABD29): 19
LogDevObjectVersion:   Dev-Sequencer (7B5AE74C-D270-4C10-A958-57980B212A5A): 4
LogDevObjectVersion:   Dev-VR (D7296918-1DD6-4BDD-9DE2-64A83CC13884): 0
LogDevObjectVersion:   Dev-LoadTimes (C2A15278-BFE7-4AFE-6C17-90FF531DF755): 1
LogDevObjectVersion:   Private-Geometry (6EACA3D4-40EC-4CC1-B786-8BED09428FC5): 1
LogDevObjectVersion:   Dev-AnimPhys (29E575DD-E0A3-4627-9D10-D276232CDCEA): 7
LogInit: Compiled (64-bit): Sep 22 2017 13:47:16
LogInit: Compiled with Visual C++: 19.00.24215.01
LogInit: Build Configuration: Development
LogInit: Branch Name: ++UE4+Release-4.17
LogInit: Command line:  
LogInit: Base directory: D:/weret/Project/Unreal/UE_4.17/Engine/Binaries/Win64/
LogInit: Installed Engine Build: 1
LogInit: Presizing for max 8388607 objects, including 0 objects not considered by GC, pre-allocating 0 bytes for permanent pool.
LogInit: Object subsystem initialized
[2017.12.12-17.58.41:275][  0]LogInit: Selected Device Profile: [Windows]
[2017.12.12-17.58.41:275][  0]LogInit: Applying CVar settings loaded from the selected device profile: [Windows]
[2017.12.12-17.58.41:429][  0]LogInit: Computer: WERETHROPE
[2017.12.12-17.58.41:429][  0]LogInit: User: weret
[2017.12.12-17.58.41:429][  0]LogInit: CPU Page size=4096, Cores=4
[2017.12.12-17.58.41:429][  0]LogInit: High frequency timer resolution =2.531252 MHz
[2017.12.12-17.58.41:430][  0]LogMemory: Memory total: Physical=15.9GB (16GB approx)
[2017.12.12-17.58.41:430][  0]LogMemory: Platform Memory Stats for Windows
[2017.12.12-17.58.41:430][  0]LogMemory: Process Physical Memory: 280.43 MB used, 280.43 MB peak
[2017.12.12-17.58.41:430][  0]LogMemory: Process Virtual Memory: 274.33 MB used, 274.33 MB peak
[2017.12.12-17.58.41:430][  0]LogMemory: Physical Memory: 11051.84 MB used,  5270.74 MB free, 16322.59 MB total
[2017.12.12-17.58.41:430][  0]LogMemory: Virtual Memory: 669.26 MB used,  5270.74 MB free, 134217728.00 MB total
[2017.12.12-17.58.43:104][  0]LogInit: Using OS detected language (en-US).
[2017.12.12-17.58.43:104][  0]LogInit: Using OS detected locale (en-MY).
[2017.12.12-17.58.43:415][  0]LogTextLocalizationManager: No specific localization for 'en-US' exists, so the 'en' localization will be used.
[2017.12.12-17.58.49:054][  0]LogD3D11RHI: D3D11 adapters:
[2017.12.12-17.58.49:739][  0]LogD3D11RHI:    0. 'NVIDIA GeForce GTX 980M' (Feature Level 11_0)
[2017.12.12-17.58.49:739][  0]LogD3D11RHI:       4061/0/8161 MB DedicatedVideo/DedicatedSystem/SharedSystem, Outputs:2, VendorId:0x10de
[2017.12.12-17.58.49:741][  0]LogD3D11RHI:    1. 'Microsoft Basic Render Driver' (Feature Level 11_0)
[2017.12.12-17.58.49:741][  0]LogD3D11RHI:       0/0/8161 MB DedicatedVideo/DedicatedSystem/SharedSystem, Outputs:0, VendorId:0x1414
[2017.12.12-17.58.49:741][  0]LogD3D11RHI: Chosen D3D11 Adapter: 0
[2017.12.12-17.58.49:776][  0]LogD3D11RHI: Creating new Direct3DDevice
[2017.12.12-17.58.49:776][  0]LogD3D11RHI:     GPU DeviceId: 0x1617 (for the marketing name, search the web for "GPU Device Id")
[2017.12.12-17.58.49:776][  0]LogWindows: EnumDisplayDevices:
[2017.12.12-17.58.49:776][  0]LogWindows:    0. 'NVIDIA GeForce GTX 980M' (P:1 D:1)
[2017.12.12-17.58.49:776][  0]LogWindows:    1. 'NVIDIA GeForce GTX 980M' (P:0 D:1)
[2017.12.12-17.58.49:776][  0]LogWindows:    2. 'NVIDIA GeForce GTX 980M' (P:0 D:0)
[2017.12.12-17.58.49:777][  0]LogWindows:    3. 'NVIDIA GeForce GTX 980M' (P:0 D:0)
[2017.12.12-17.58.49:777][  0]LogWindows: DebugString: FoundDriverCount:4 
[2017.12.12-17.58.49:777][  0]LogD3D11RHI:     Adapter Name: NVIDIA GeForce GTX 980M
[2017.12.12-17.58.49:777][  0]LogD3D11RHI:   Driver Version: 385.69 (internal:22.21.13.8569, unified:385.69)
[2017.12.12-17.58.49:777][  0]LogD3D11RHI:      Driver Date: 9-16-2017
[2017.12.12-17.58.49:777][  0]LogRHI: Texture pool is 1361 MB (70% of 1945 MB)
[2017.12.12-17.58.50:437][  0]LogD3D11RHI: Async texture creation enabled
[2017.12.12-17.58.50:855][  0]LogD3D11RHI: GPU Timing Frequency: 1000.000000 (Debug: 2 1)
[2017.12.12-17.58.51:012][  0]LogShaderCompilers: Guid format shader working directory is 19 characters bigger than the processId version (../../../../../ProjectOrca/Intermediate/Shaders/WorkingDirectory/12100/).
[2017.12.12-17.58.51:012][  0]LogShaderCompilers: Cleaned the shader compiler working directory 'C:/Users/weret/AppData/Local/Temp/UnrealShaderWorkingDir/7FF8BCE742DB71539A3F329DA1ABE59C/'.
[2017.12.12-17.58.51:032][  0]LogShaderCompilers: Display: Using Local Shader Compiler.
[2017.12.12-17.58.56:641][  0]LogTemp: Display: Loaded TP AllDesktopTargetPlatform
[2017.12.12-17.58.56:707][  0]LogTemp: Display: Loaded TP MacClientTargetPlatform
[2017.12.12-17.58.56:772][  0]LogTemp: Display: Loaded TP MacNoEditorTargetPlatform
[2017.12.12-17.58.56:829][  0]LogTemp: Display: Loaded TP MacServerTargetPlatform
[2017.12.12-17.58.56:992][  0]LogTemp: Display: Loaded TP MacTargetPlatform
[2017.12.12-17.58.57:055][  0]LogTemp: Display: Loaded TP WindowsClientTargetPlatform
[2017.12.12-17.58.57:116][  0]LogTemp: Display: Loaded TP WindowsNoEditorTargetPlatform
[2017.12.12-17.58.57:176][  0]LogTemp: Display: Loaded TP WindowsServerTargetPlatform
[2017.12.12-17.58.57:220][  0]LogTemp: Display: Loaded TP WindowsTargetPlatform
[2017.12.12-17.58.57:313][  0]LogTemp: Display: Loaded TP AndroidTargetPlatform
[2017.12.12-17.58.57:365][  0]LogTemp: Display: Loaded TP Android_ASTCTargetPlatform
[2017.12.12-17.58.57:412][  0]LogTemp: Display: Loaded TP Android_ATCTargetPlatform
[2017.12.12-17.58.57:461][  0]LogTemp: Display: Loaded TP Android_DXTTargetPlatform
[2017.12.12-17.58.57:507][  0]LogTemp: Display: Loaded TP Android_ETC1TargetPlatform
[2017.12.12-17.58.57:553][  0]LogTemp: Display: Loaded TP Android_ETC2TargetPlatform
[2017.12.12-17.58.57:671][  0]LogTemp: Display: Loaded TP Android_MultiTargetPlatform
[2017.12.12-17.58.57:671][  0]LogTemp: Display: Loaded TP Android_PVRTCTargetPlatform
[2017.12.12-17.58.57:705][  0]LogTemp: Display: Loaded TP HTML5TargetPlatform
[2017.12.12-17.58.57:898][  0]LogTemp: Display: Loaded TP IOSTargetPlatform
[2017.12.12-17.58.57:945][  0]LogTemp: Display: Loaded TP TVOSTargetPlatform
[2017.12.12-17.58.57:990][  0]LogTemp: Display: Loaded TP LinuxClientTargetPlatform
[2017.12.12-17.58.58:037][  0]LogTemp: Display: Loaded TP LinuxNoEditorTargetPlatform
[2017.12.12-17.58.58:083][  0]LogTemp: Display: Loaded TP LinuxServerTargetPlatform
[2017.12.12-17.58.58:167][  0]LogTemp: Display: Loaded TP LinuxTargetPlatform
[2017.12.12-17.58.58:167][  0]LogTargetPlatformManager: Display: Building Assets For Windows
[2017.12.12-17.58.59:750][  0]LogDerivedDataCache: Display: Max Cache Size: 512 MB
[2017.12.12-17.59.00:062][  0]LogDerivedDataCache: Loaded boot cache 0.31s 93MB C:/Users/weret/AppData/Local/UnrealEngine/4.17/DerivedDataCache/Boot.ddc.
[2017.12.12-17.59.00:062][  0]LogDerivedDataCache: Display: Loaded Boot cache: C:/Users/weret/AppData/Local/UnrealEngine/4.17/DerivedDataCache/Boot.ddc
[2017.12.12-17.59.00:062][  0]LogDerivedDataCache: FDerivedDataBackendGraph:  Pak pak cache file ../../../../../ProjectOrca/DerivedDataCache/DDC.ddp not found, will not use a pak cache.
[2017.12.12-17.59.00:062][  0]LogDerivedDataCache: Unable to find inner node Pak for hierarchical cache Hierarchy.
[2017.12.12-17.59.00:062][  0]LogDerivedDataCache: FDerivedDataBackendGraph:  CompressedPak pak cache file ../../../../../ProjectOrca/DerivedDataCache/Compressed.ddp not found, will not use a pak cache.
[2017.12.12-17.59.00:062][  0]LogDerivedDataCache: Unable to find inner node CompressedPak for hierarchical cache Hierarchy.
[2017.12.12-17.59.00:185][  0]LogDerivedDataCache: Display: Pak cache opened for reading ../../../Engine/DerivedDataCache/Compressed.ddp.
[2017.12.12-17.59.00:198][  0]LogDerivedDataCache: Using Local data cache path C:/Users/weret/AppData/Local/UnrealEngine/Common/DerivedDataCache: Writable
[2017.12.12-17.59.00:354][  0]LogMaterial: Verifying Global Shaders for PCD3D_SM5
[2017.12.12-17.59.00:447][  0]LogSlate: Using Freetype 2.6.0
[2017.12.12-17.59.00:613][  0]LogSlate: SlateFontCache - WITH_FREETYPE: 1, WITH_HARFBUZZ: 1
[2017.12.12-17.59.00:618][  0]LogSlate: SlateFontCache - WITH_FREETYPE: 1, WITH_HARFBUZZ: 1
[2017.12.12-17.59.15:382][  0]LogAssetRegistry: FAssetRegistry took 0.0293 seconds to start up
[2017.12.12-17.59.18:118][  0]LogInit: Selected Device Profile: [Windows]
[2017.12.12-17.59.22:830][  0]LogContentStreaming: Texture pool size is 0.00 MB
[2017.12.12-17.59.24:074][  0]LogSimplygon: Simplygon DLL not present - disabling.
[2017.12.12-17.59.24:150][  0]LogMeshReduction: Using SimplygonSwarm for distributed automatic mesh merging
[2017.12.12-17.59.24:183][  0]LogMeshReduction: Using QuadricMeshReduction for automatic static mesh reduction
[2017.12.12-17.59.24:183][  0]LogMeshReduction: No automatic skeletal mesh reduction module available
[2017.12.12-17.59.24:183][  0]LogMeshReduction: No automatic mesh merging module available
[2017.12.12-17.59.24:183][  0]LogMeshMerging: No automatic mesh merging module available
[2017.12.12-17.59.28:589][  0]LogNetVersion: ProjectOrca , NetCL: 3573198, EngineNetVer: 2, GameNetVer: 0 (Checksum: 811679591)
[2017.12.12-17.59.31:075][  0]LogPackageLocalizationCache: Processed 5 localized package path(s) for 2 prioritized culture(s) in 0.228161 seconds
[2017.12.12-17.59.31:112][  0]LogUObjectArray: 35825 objects as part of root set at end of initial load.
[2017.12.12-17.59.31:112][  0]LogUObjectAllocator: 7529112 out of 0 bytes used by permanent object pool.
[2017.12.12-17.59.31:123][  0]LogUObjectArray: CloseDisregardForGC: 0/0 objects in disregard for GC pool
[2017.12.12-17.59.31:183][  0]LogInit: WinSock: version 1.1 (2.2), MaxSocks=32767, MaxUdp=65467
[2017.12.12-17.59.53:664][  0]LogTcpMessaging: Initializing TcpMessaging bridge
[2017.12.12-17.59.53:727][  0]LogUdpMessaging: Initializing bridge on interface 0.0.0.0:0 to multicast group 230.0.0.1:6666.
[2017.12.12-17.59.55:741][  0]LogMaterial: Uniform references updated for custom material expression Custom.
[2017.12.12-17.59.57:020][  0]SourceControl: Source control is disabled
[2017.12.12-17.59.57:020][  0]SourceControl: Source control is disabled
[2017.12.12-17.59.57:174][  0]SourceControl: Source control is disabled
[2017.12.12-17.59.57:255][  0]SourceControl: Source control is disabled
[2017.12.12-17.59.58:851][  0]LogAndroidPermission: UAndroidPermissionCallbackProxy::GetInstance
[2017.12.12-17.59.59:194][  0]LogOcInput: OculusInput pre-init called
[2017.12.12-18.00.00:267][  0]LogEngine: Initializing Engine...
[2017.12.12-18.00.00:670][  0]LogHMD: Failed to initialize OpenVR with code 126
[2017.12.12-18.00.04:970][  0]LogStats: UGameplayTagsManager::ConstructGameplayTagTree: Construct from data asset -  0.000 s
[2017.12.12-18.00.04:981][  0]LogStats: UGameplayTagsManager::ConstructGameplayTagTree: GameplayTagTreeChangedEvent.Broadcast -  0.000 s
[2017.12.12-18.00.07:782][  0]LogAIModule: Creating AISystem for world Untitled
[2017.12.12-18.00.08:841][  0]LogInit: XAudio2 using 'Speakers (Realtek High Definition Audio)' : 2 channels at 48 kHz using 32 bits per sample (channel mask 0x3)
[2017.12.12-18.00.08:960][  0]LogInit: FAudioDevice initialized.
[2017.12.12-18.00.09:157][  0]LogDerivedDataCache: Saved boot cache 0.15s 93MB C:/Users/weret/AppData/Local/UnrealEngine/4.17/DerivedDataCache/Boot.ddc.
[2017.12.12-18.00.09:168][  0]LogInit: Texture streaming: Enabled
[2017.12.12-18.00.09:719][  0]LogEngineSessionManager: EngineSessionManager initialized
[2017.12.12-18.00.12:930][  0]LogInit: Transaction tracking system initialized
[2017.12.12-18.00.14:474][  0]BlueprintLog: New page: Editor Load
[2017.12.12-18.00.19:910][  0]LocalizationService: Localization service is disabled
[2017.12.12-18.00.21:958][  0]LogConsoleResponse: Display: 
[2017.12.12-18.00.25:342][  0]LogCook: Display: Max memory allowance for cook 16384mb min free memory 0mb
[2017.12.12-18.00.25:384][  0]LogCook: Display: Mobile HDR setting 1
[2017.12.12-18.00.25:560][  0]LogFileCache: Scanning file cache for directory 'D:/weret/Project/ProjectOrca/Content/' took 0.43s
[2017.12.12-18.00.25:560][  0]LogGameplayTags: Display: UGameplayTagsManager::DoneAddingNativeTags. DelegateIsBound: 0
[2017.12.12-18.00.29:942][  0]SourceControl: Source control is disabled
[2017.12.12-18.00.30:013][  0]Cmd: MAP LOAD FILE="../../../../../ProjectOrca/Content/Maps/DevMap.umap" TEMPLATE=0 SHOWPROGRESS=1 FEATURELEVEL=3
[2017.12.12-18.00.30:106][  0]LightingResults: New page: Lighting Build
[2017.12.12-18.00.30:516][  0]MapCheck: New page: Map Check
[2017.12.12-18.00.30:516][  0]LightingResults: New page: Lighting Build
[2017.12.12-18.00.39:764][  0]LogAIModule: Creating AISystem for world DevMap
[2017.12.12-18.00.41:924][  0]LogEditorServer: Finished looking for orphan Actors (0.000 secs)
[2017.12.12-18.00.42:499][  0]Cmd: MAP CHECKDEP NOCLEARLOG
[2017.12.12-18.00.42:610][  0]MapCheck: Map check complete: 0 Error(s), 0 Warning(s), took 110.8ms to complete.
[2017.12.12-18.00.42:620][  0]LogFileHelpers: Loading map 'DevMap' took 12.615
[2017.12.12-18.00.45:986][  0]LogCollectionManager: Loaded 0 collections in 0.014903 seconds
[2017.12.12-18.00.46:458][  0]LogFileCache: Scanning file cache for directory 'D:/weret/Project/ProjectOrca/Saved/Collections/' took 0.01s
[2017.12.12-18.00.46:459][  0]LogFileCache: Scanning file cache for directory 'D:/weret/Project/ProjectOrca/Content/Developers/weret/Collections/' took 0.01s
[2017.12.12-18.00.46:459][  0]LogFileCache: Scanning file cache for directory 'D:/weret/Project/ProjectOrca/Content/Collections/' took 0.01s
[2017.12.12-18.00.46:459][  0]LogCollectionManager: Rebuilt the GUID cache for 0 collections in 0.000001 seconds
[2017.12.12-18.00.46:505][  0]LogContentBrowser: Native class hierarchy populated in 0.0278 seconds. Added 2386 classes and 500 folders.
[2017.12.12-18.00.46:805][  0]LogContentBrowser: Native class hierarchy updated for 'WidgetCarousel' in 0.0013 seconds. Added 0 classes and 0 folders.
[2017.12.12-18.00.48:365][  0]LogContentBrowser: Native class hierarchy updated for 'AddContentDialog' in 0.0008 seconds. Added 0 classes and 0 folders.
[2017.12.12-18.00.48:612][  0]LogContentBrowser: Native class hierarchy updated for 'SceneOutliner' in 0.0007 seconds. Added 1 classes and 2 folders.
[2017.12.12-18.00.51:096][  0]LogSlate: Took 0.030836 seconds to synchronously load lazily loaded font '../../../Engine/Content/Slate/Fonts/Roboto-Regular.ttf' (155K)
[2017.12.12-18.00.51:143][  0]LogSlate: Took 0.022188 seconds to synchronously load lazily loaded font '../../../Engine/Content/Slate/Fonts/Roboto-Bold.ttf' (160K)
[2017.12.12-18.00.51:261][  0]LogSlate: Took 0.027362 seconds to synchronously load lazily loaded font '../../../Engine/Content/Editor/Slate/Fonts/FontAwesome.ttf' (139K)
[2017.12.12-18.00.52:644][  0]LogContentBrowser: Native class hierarchy updated for 'HierarchicalLODOutliner' in 0.0010 seconds. Added 1 classes and 2 folders.
[2017.12.12-18.00.52:644][  0]LogLoad: (Engine Initialization) Total time: 150.62 seconds
[2017.12.12-18.00.52:644][  0]LogLoad: (Engine Initialization) Total Blueprint compile time: 0.00 seconds
[2017.12.12-18.00.52:668][  0]LogExternalProfiler: No external profilers were discovered.  External profiling features will not be available.
[2017.12.12-18.00.54:848][  0]LogContentStreaming: Texture pool size now 800 MB
[2017.12.12-18.00.57:012][  1]LogRenderer: Reallocating scene render targets to support 544x288 Format 10 NumSamples 1 (Frame:1).
[2017.12.12-18.00.57:327][  1]LogFileCache: Retrieving MD5 hashes for directory 'D:/weret/Project/ProjectOrca/Content/' took 3.72s
[2017.12.12-18.00.58:451][  1]LogSlate: Took 0.038017 seconds to synchronously load lazily loaded font '../../../Engine/Content/Slate/Fonts/Roboto-Light.ttf' (159K)
[2017.12.12-18.00.59:867][  2]LogRenderer: Reallocating scene render targets to support 1084x572 Format 9 NumSamples 1 (Frame:1).
[2017.12.12-18.01.02:035][  4]LogAssetRegistry: Asset discovery search completed in 106.6757 seconds
[2017.12.12-18.01.02:080][  4]LogCollectionManager: Rebuilt the object cache for 0 collections in 0.000000 seconds (found 0 objects)
[2017.12.12-18.01.02:088][  4]LogCollectionManager: Fixed up redirectors for 0 collections in 0.007129 seconds (updated 0 objects)
[2017.12.12-18.01.42:850][925]LogSlate: Took 0.000192 seconds to synchronously load lazily loaded font '../../../Engine/Content/Slate/Fonts/Roboto-Light.ttf' (159K)
[2017.12.12-18.01.43:744][925]LogSlate: Took 0.000258 seconds to synchronously load lazily loaded font '../../../Engine/Content/Slate/Fonts/Roboto-Regular.ttf' (155K)
[2017.12.12-18.01.44:908][925]LogAIModule: Creating AISystem for world LevelDemo_01
[2017.12.12-18.01.45:204][925]Cmd: MAP LOAD FILE="../../../../../ProjectOrca/Content/Maps/LevelDemo_01.umap" TEMPLATE=0 SHOWPROGRESS=1 FEATURELEVEL=3
[2017.12.12-18.01.45:205][925]LightingResults: New page: Lighting Build
[2017.12.12-18.01.45:205][925]LoadErrors: New page: Loading map: LevelDemo_01.umap
[2017.12.12-18.01.45:382][925]MapCheck: New page: Map Check
[2017.12.12-18.01.45:382][925]LightingResults: New page: Lighting Build
[2017.12.12-18.01.45:854][925]LogEditorServer: Finished looking for orphan Actors (0.000 secs)
[2017.12.12-18.01.45:965][925]Cmd: MAP CHECKDEP NOCLEARLOG
[2017.12.12-18.01.46:038][925]MapCheck: Map check complete: 0 Error(s), 0 Warning(s), took 72.866ms to complete.
[2017.12.12-18.01.46:038][925]LogFileHelpers: Loading map 'LevelDemo_01' took 0.941
[2017.12.12-21.39.06:032][590]LogTexture: Display: Building textures: Grass0072_D (AutoDXT, 1024X1024)
[2017.12.12-21.39.06:032][590]LogTexture: Display: Building textures: Road_D_NRM (BC5, 2048X2048)
[2017.12.12-21.39.06:032][590]LogTexture: Display: Building textures: Road_D (AutoDXT, 2048X2048)
[2017.12.12-21.39.06:032][590]LogTexture: Display: Building textures: Road_D_SPEC (AutoDXT, 2048X2048)
[2017.12.12-21.39.06:032][590]LogTexture: Display: Building textures: Cliff01_D_H (AutoDXT, 2048X2048)
[2017.12.12-21.39.06:032][590]LogTexture: Display: Building textures: Stones01_D_H (AutoDXT, 2048X2048)
[2017.12.12-21.39.06:032][590]LogTexture: Display: Building textures: Grass0072_N (BC5, 1024X1024)
[2017.12.12-21.39.06:033][590]LogTexture: Display: Building textures: Grass00_D (DXT5, 2048X2048)
[2017.12.12-21.39.16:677][590]LogTexture: Display: Building textures: Grass00_N (BC5, 2048X2048)
[2017.12.12-21.39.16:677][590]LogTexture: Display: Building textures: Grass00_S (DXT1, 2048X2048)
[2017.12.12-21.39.16:677][590]LogTexture: Display: Building textures: Tree_Bark_S (AutoDXT, 1024X2048)
[2017.12.12-21.39.16:677][590]LogTexture: Display: Building textures: Tree_Bark_OCC (AutoDXT, 1024X2048)
[2017.12.12-21.39.16:677][590]LogTexture: Display: Building textures: Tree_Bark_N (BC5, 1024X2048)
[2017.12.12-21.39.16:677][590]LogTexture: Display: Building textures: Tree_Bark_D (AutoDXT, 1024X2048)
[2017.12.12-21.39.16:677][590]LogTexture: Display: Building textures: Moss_D (AutoDXT, 1024X1024)
[2017.12.12-21.39.16:677][590]LogTexture: Display: Building textures: Tree_Bark_DISP (AutoDXT, 1024X2048)
[2017.12.12-21.39.16:677][590]LogTexture: Display: Building textures: Orange_Pine_Bark_OCC (AutoDXT, 256X1024)
[2017.12.12-21.39.16:897][590]LogTexture: Display: Building textures: Branch_D (AutoDXT, 1024X512)
[2017.12.12-21.39.16:897][590]LogTexture: Display: Building textures: Branch_N (AutoDXT, 1024X512)
[2017.12.12-21.39.16:897][590]LogMaterial: Missing cached shader map for material Branch_M, compiling. 
[2017.12.12-21.39.17:256][590]LogTexture: Display: Building textures: Noize_Wave_N (BC5, 512X512)
[2017.12.12-21.39.17:256][590]LogStaticMesh: Building static mesh Leave-Tree-01a...
[2017.12.12-21.39.18:360][590]LogTexture: Display: Building textures: Clouds (AutoDXT, 64X64)
[2017.12.12-21.39.18:360][590]LogTexture: Display: Building textures: SplatterMask_D (AutoDXT, 512X512)
[2017.12.12-21.39.18:360][590]LogTexture: Display: Building textures: Masks (AutoDXT, 2048X2048)
[2017.12.12-21.39.18:360][590]LogStaticMesh: Built static mesh [1.10s] /Game/Assets_Environments/LandscapeAutoMaterial/Meshes/Trees/Leave-Tree/Leave-Tree-01a.Leave-Tree-01a
[2017.12.12-21.39.18:520][590]LogStaticMesh: Building static mesh Grass01...
[2017.12.12-21.39.18:758][590]LogTexture: Display: Building textures: Sand_01_NRM (BC5, 2048X2048)
[2017.12.12-21.39.18:759][590]LogStaticMesh: Built static mesh [0.24s] /Game/Assets_Environments/LandscapeAutoMaterial/Meshes/Grass/SmallGrass/Rescaled/Grass01.Grass01
[2017.12.12-21.39.18:764][590]LogStaticMesh: Building static mesh Grass03...
[2017.12.12-21.39.18:992][590]LogStaticMesh: Built static mesh [0.23s] /Game/Assets_Environments/LandscapeAutoMaterial/Meshes/Grass/SmallGrass/Rescaled/Grass03.Grass03
[2017.12.12-21.39.19:002][590]LogStaticMesh: Building static mesh Grass00...
[2017.12.12-21.39.19:074][590]LogStaticMesh: Built static mesh [0.07s] /Game/Assets_Environments/LandscapeAutoMaterial/Meshes/Grass/SmallGrass/Rescaled/Grass00.Grass00
[2017.12.12-21.39.19:417][590]LogTexture: Display: Building textures: Sand_01 (AutoDXT, 2048X2048)
[2017.12.12-21.39.24:685][590]LogTexture: Display: Building textures: Cliff01_Normal___id_normal_ (BC5, 2048X2048)
[2017.12.12-21.39.24:685][590]LogMaterial: Missing cached shader map for material Landscape_Automaterial_M, compiling. 
[2017.12.12-21.39.24:861][590]LogStaticMesh: Building static mesh Grass00Big...
[2017.12.12-21.39.24:936][590]LogStaticMesh: Built static mesh [0.08s] /Game/Assets_Environments/LandscapeAutoMaterial/Meshes/Grass/SmallGrass/Rescaled/Grass00Big.Grass00Big
[2017.12.12-21.39.24:938][590]LogStaticMesh: Building static mesh Grass03...
[2017.12.12-21.39.24:960][590]LogStaticMesh: Built static mesh [0.02s] /Game/Assets_Environments/LandscapeAutoMaterial/Meshes/Grass/SmallGrass/Grass03.Grass03
[2017.12.12-21.39.24:962][590]LogStaticMesh: Building static mesh Bush_02_1...
[2017.12.12-21.39.24:978][590]LogStaticMesh: Built static mesh [0.01s] /Game/Assets_Environments/LandscapeAutoMaterial/Meshes/Bushes/Bush_02_1.Bush_02_1
[2017.12.12-21.39.24:987][590]LogStaticMesh: Building static mesh Grass04...
[2017.12.12-21.39.25:006][590]LogStaticMesh: Built static mesh [0.02s] /Game/Assets_Environments/LandscapeAutoMaterial/Meshes/Grass/SmallGrass/Grass04.Grass04
[2017.12.12-21.39.25:008][590]LogStaticMesh: Building static mesh Grass00...
[2017.12.12-21.39.25:023][590]LogStaticMesh: Built static mesh [0.02s] /Game/Assets_Environments/LandscapeAutoMaterial/Meshes/Grass/SmallGrass/Grass00.Grass00
[2017.12.12-21.39.25:025][590]LogStaticMesh: Building static mesh Bush_02_2...
[2017.12.12-21.39.25:042][590]LogStaticMesh: Built static mesh [0.02s] /Game/Assets_Environments/LandscapeAutoMaterial/Meshes/Bushes/Bush_02_2.Bush_02_2
[2017.12.12-21.39.25:057][590]LogMaterial: Missing cached shader map for material Trunk_M, compiling. 
[2017.12.12-21.39.25:163][590]LogMaterial: Missing cached shader map for material Trunk_M, compiling. 
[2017.12.12-21.39.25:263][590]LogStaticMesh: Building static mesh Bush_00...
[2017.12.12-21.39.25:275][590]LogStaticMesh: Built static mesh [0.01s] /Game/Assets_Environments/LandscapeAutoMaterial/Meshes/Bushes/Bush_00.Bush_00
[2017.12.12-21.39.25:277][590]LogStaticMesh: Building static mesh Bush_02...
[2017.12.12-21.39.25:290][590]LogStaticMesh: Built static mesh [0.01s] /Game/Assets_Environments/LandscapeAutoMaterial/Meshes/Bushes/Bush_02.Bush_02
[2017.12.12-21.39.25:297][590]LogStaticMesh: Building static mesh Bush_01_1...
[2017.12.12-21.39.25:312][590]LogStaticMesh: Built static mesh [0.01s] /Game/Assets_Environments/LandscapeAutoMaterial/Meshes/Bushes/Bush_01_1.Bush_01_1
[2017.12.12-21.39.25:319][590]LogStaticMesh: Building static mesh Bush_01_2...
[2017.12.12-21.39.25:331][590]LogStaticMesh: Built static mesh [0.01s] /Game/Assets_Environments/LandscapeAutoMaterial/Meshes/Bushes/Bush_01_2.Bush_01_2
[2017.12.12-21.39.25:333][590]LogStaticMesh: Building static mesh Grass02...
[2017.12.12-21.39.25:354][590]LogStaticMesh: Built static mesh [0.02s] /Game/Assets_Environments/LandscapeAutoMaterial/Meshes/Grass/SmallGrass/Grass02.Grass02
[2017.12.12-21.39.25:356][590]LogStaticMesh: Building static mesh Grass01...
[2017.12.12-21.39.25:376][590]LogStaticMesh: Built static mesh [0.02s] /Game/Assets_Environments/LandscapeAutoMaterial/Meshes/Grass/SmallGrass/Grass01.Grass01
[2017.12.12-21.39.25:378][590]LogStaticMesh: Building static mesh Bush_00_1...
[2017.12.12-21.39.25:393][590]LogStaticMesh: Built static mesh [0.02s] /Game/Assets_Environments/LandscapeAutoMaterial/Meshes/Bushes/Bush_00_1.Bush_00_1
[2017.12.12-21.39.25:399][590]LogStaticMesh: Building static mesh Bush_01...
[2017.12.12-21.39.25:420][590]LogStaticMesh: Built static mesh [0.02s] /Game/Assets_Environments/LandscapeAutoMaterial/Meshes/Bushes/Bush_01.Bush_01
[2017.12.12-21.39.25:435][590]LogStaticMesh: Building static mesh Bush_00_2...
[2017.12.12-21.39.25:448][590]LogStaticMesh: Built static mesh [0.01s] /Game/Assets_Environments/LandscapeAutoMaterial/Meshes/Bushes/Bush_00_2.Bush_00_2
[2017.12.12-21.39.25:459][590]LogMaterial: Missing cached shader map for material Grass00_M, compiling. 
[2017.12.12-21.39.25:573][590]LogMaterial: Missing cached shader map for material Grass00_M, compiling. 
[2017.12.12-21.39.31:057][590]LogContentBrowser: Native class hierarchy updated for 'MaterialEditor' in 0.0028 seconds. Added 1 classes and 0 folders.
[2017.12.12-21.39.31:104][590]LogMaterial: Missing cached shader map for material Landscape_Automaterial_M, compiling. 
[2017.12.12-21.39.32:020][590]LogMaterial: Missing cached shader map for material FMatExpressionPreview MaterialExpressionVectorParameter_2, compiling. 
[2017.12.12-21.39.32:026][590]LogMaterial: Missing cached shader map for material FMatExpressionPreview MaterialExpressionVectorParameter_3, compiling. 
[2017.12.12-21.39.32:032][590]LogMaterial: Missing cached shader map for material FMatExpressionPreview MaterialExpressionTextureSample_1, compiling. 
[2017.12.12-21.39.32:062][590]LogMaterial: Missing cached shader map for material Landscape_Automaterial_M, compiling. 
[2017.12.12-21.39.32:250][590]LogMaterial: Missing cached shader map for material Landscape_Automaterial_M, compiling. 
[2017.12.12-21.39.32:354][590]LogMaterial: Missing cached shader map for material FMatExpressionPreview MaterialExpressionVectorParameter_2, compiling. 
[2017.12.12-21.39.32:359][590]LogMaterial: Missing cached shader map for material FMatExpressionPreview MaterialExpressionVectorParameter_3, compiling. 
[2017.12.12-21.39.32:365][590]LogMaterial: Missing cached shader map for material FMatExpressionPreview MaterialExpressionTextureSample_1, compiling. 
[2017.12.12-21.39.32:426][590]LogSlate: Took 0.030709 seconds to synchronously load lazily loaded font '../../../Engine/Content/Editor/Slate/Fonts/Roboto-BoldCondensed.ttf' (158K)
[2017.12.12-21.39.36:931][600]MaterialEditorStats: Base pass shader: 373 instructions
[2017.12.12-21.39.36:931][600]MaterialEditorStats: Vertex shader: 34 instructions
[2017.12.12-21.39.36:931][600]MaterialEditorStats: Texture samplers: 5/16
[2017.12.12-21.39.36:931][600]MaterialEditorStats: User interpolators: 2/4 Scalars (1/4 Vectors) (TexCoords: 2, Custom: 0)
[2017.12.12-21.43.17:976][365]LogSlate: Took 1.127111 seconds to synchronously load lazily loaded font '../../../Engine/Content/Editor/Slate/Fonts/Roboto-Italic.ttf' (157K)
[2017.12.12-21.45.10:027][ 34]LogContentBrowser: Native class hierarchy updated for 'BlueprintGraph' in 0.0021 seconds. Added 113 classes and 0 folders.
[2017.12.12-21.45.11:540][ 34]LogMaterial: Missing cached shader map for material GridMaterial, compiling. 
[2017.12.12-21.45.11:799][ 34]LogMaterial: Missing cached shader map for material PersonaFloorMat, compiling. 
[2017.12.12-21.46.27:767][ 55]LogMaterial: Missing cached shader map for material Bubbles_M, compiling. 
[2017.12.12-21.46.27:950][ 55]LogMaterial: Missing cached shader map for material FMatExpressionPreview MaterialExpressionTextureSample_0, compiling. 
[2017.12.12-21.46.27:959][ 55]LogMaterial: Missing cached shader map for material Bubbles_M, compiling. 
[2017.12.12-21.46.27:979][ 55]LogMaterial: Missing cached shader map for material Bubbles_M, compiling. 
[2017.12.12-21.46.28:029][ 55]LogMaterial: Missing cached shader map for material FMatExpressionPreview MaterialExpressionTextureSample_0, compiling. 
[2017.12.12-21.46.30:329][100]MaterialEditorStats: Base pass shader: 50 instructions
[2017.12.12-21.46.30:329][100]MaterialEditorStats: Vertex shader: 141 instructions
[2017.12.12-21.46.30:329][100]MaterialEditorStats: Texture samplers: 5/16
[2017.12.12-21.46.30:329][100]MaterialEditorStats: User interpolators: 2/4 Scalars (1/4 Vectors) (TexCoords: 2, Custom: 0)
[2017.12.12-21.46.49:021][363]LogMaterial: Missing cached shader map for material ScreenDistortion_M, compiling. 
[2017.12.12-21.46.49:181][363]LogMaterial: Missing cached shader map for material FMatExpressionPreview MaterialExpressionTextureSample_0, compiling. 
[2017.12.12-21.46.49:187][363]LogMaterial: Missing cached shader map for material ScreenDistortion_M, compiling. 
[2017.12.12-21.46.49:192][363]LogMaterial: Missing cached shader map for material ScreenDistortion_M, compiling. 
[2017.12.12-21.46.49:228][363]LogMaterial: Missing cached shader map for material FMatExpressionPreview MaterialExpressionTextureSample_0, compiling. 
[2017.12.12-21.46.49:769][375]MaterialEditorStats: Base pass shader without light map: 29 instructions
[2017.12.12-21.46.49:769][375]MaterialEditorStats: Vertex shader: 34 instructions
[2017.12.12-21.46.49:769][375]MaterialEditorStats: Texture samplers: 0/16
[2017.12.12-21.46.49:769][375]MaterialEditorStats: User interpolators: 2/4 Scalars (1/4 Vectors) (TexCoords: 2, Custom: 0)
[2017.12.12-21.47.01:791][833]LogRenderer: Reallocating scene render targets to support 1084x732 Format 9 NumSamples 1 (Frame:1).
[2017.12.12-21.47.05:235][961]LogMaterial: Missing cached shader map for material Caustics_M, compiling. 
[2017.12.12-21.47.05:394][961]LogMaterial: Missing cached shader map for material FMatExpressionPreview MaterialExpressionTextureSample_1, compiling. 
[2017.12.12-21.47.05:399][961]LogMaterial: Missing cached shader map for material FMatExpressionPreview MaterialExpressionTextureSample_3, compiling. 
[2017.12.12-21.47.05:405][961]LogMaterial: Missing cached shader map for material FMatExpressionPreview MaterialExpressionTextureSample_4, compiling. 
[2017.12.12-21.47.05:410][961]LogMaterial: Missing cached shader map for material FMatExpressionPreview MaterialExpressionTextureSample_5, compiling. 
[2017.12.12-21.47.05:415][961]LogMaterial: Missing cached shader map for material FMatExpressionPreview MaterialExpressionConstant3Vector_0, compiling. 
[2017.12.12-21.47.05:421][961]LogMaterial: Missing cached shader map for material FMatExpressionPreview MaterialExpressionTextureSample_6, compiling. 
[2017.12.12-21.47.05:428][961]LogMaterial: Missing cached shader map for material FMatExpressionPreview MaterialExpressionTextureSample_7, compiling. 
[2017.12.12-21.47.05:440][961]LogMaterial: Missing cached shader map for material FMatExpressionPreview MaterialExpressionConstant3Vector_1, compiling. 
[2017.12.12-21.47.05:446][961]LogMaterial: Missing cached shader map for material FMatExpressionPreview MaterialExpressionTextureSample_8, compiling. 
[2017.12.12-21.47.05:453][961]LogMaterial: Missing cached shader map for material FMatExpressionPreview MaterialExpressionTextureSample_9, compiling. 
[2017.12.12-21.47.05:459][961]LogMaterial: Missing cached shader map for material FMatExpressionPreview MaterialExpressionConstant3Vector_2, compiling. 
[2017.12.12-21.47.05:467][961]LogMaterial: Missing cached shader map for material Caustics_M, compiling. 
[2017.12.12-21.47.05:493][961]LogMaterial: Missing cached shader map for material Caustics_M, compiling. 
[2017.12.12-21.47.05:544][961]LogMaterial: Missing cached shader map for material FMatExpressionPreview MaterialExpressionTextureSample_1, compiling. 
[2017.12.12-21.47.05:550][961]LogMaterial: Missing cached shader map for material FMatExpressionPreview MaterialExpressionTextureSample_3, compiling. 
[2017.12.12-21.47.05:557][961]LogMaterial: Missing cached shader map for material FMatExpressionPreview MaterialExpressionTextureSample_4, compiling. 
[2017.12.12-21.47.05:564][961]LogMaterial: Missing cached shader map for material FMatExpressionPreview MaterialExpressionTextureSample_5, compiling. 
[2017.12.12-21.47.05:571][961]LogMaterial: Missing cached shader map for material FMatExpressionPreview MaterialExpressionConstant3Vector_0, compiling. 
[2017.12.12-21.47.05:577][961]LogMaterial: Missing cached shader map for material FMatExpressionPreview MaterialExpressionTextureSample_6, compiling. 
[2017.12.12-21.47.05:582][961]LogMaterial: Missing cached shader map for material FMatExpressionPreview MaterialExpressionTextureSample_7, compiling. 
[2017.12.12-21.47.05:588][961]LogMaterial: Missing cached shader map for material FMatExpressionPreview MaterialExpressionConstant3Vector_1, compiling. 
[2017.12.12-21.47.05:594][961]LogMaterial: Missing cached shader map for material FMatExpressionPreview MaterialExpressionTextureSample_8, compiling. 
[2017.12.12-21.47.05:600][961]LogMaterial: Missing cached shader map for material FMatExpressionPreview MaterialExpressionTextureSample_9, compiling. 
[2017.12.12-21.47.05:606][961]LogMaterial: Missing cached shader map for material FMatExpressionPreview MaterialExpressionConstant3Vector_2, compiling. 
[2017.12.12-21.47.08:426][ 54]MaterialEditorStats: Base pass shader: 73 instructions
[2017.12.12-21.47.08:426][ 54]MaterialEditorStats: Vertex shader: 141 instructions
[2017.12.12-21.47.08:426][ 54]MaterialEditorStats: Texture samplers: 7/16
[2017.12.12-21.47.08:426][ 54]MaterialEditorStats: User interpolators: 2/4 Scalars (1/4 Vectors) (TexCoords: 2, Custom: 0)
[2017.12.12-21.48.15:185][364]LogMaterial: Missing cached shader map for material Water_M, compiling. 
[2017.12.12-21.48.19:972][471]LogMaterial: Missing cached shader map for material Water_M, compiling. 
[2017.12.12-21.48.20:149][471]LogMaterial: Missing cached shader map for material FMatExpressionPreview MaterialExpressionDepthFade_4, compiling. 
[2017.12.12-21.48.20:152][471]LogMaterial: Missing cached shader map for material FMatExpressionPreview MaterialExpressionVectorParameter_1, compiling. 
[2017.12.12-21.48.20:158][471]LogMaterial: Missing cached shader map for material FMatExpressionPreview MaterialExpressionVectorParameter_6, compiling. 
[2017.12.12-21.48.20:163][471]LogMaterial: Missing cached shader map for material FMatExpressionPreview MaterialExpressionVectorParameter_5, compiling. 
[2017.12.12-21.48.20:169][471]LogMaterial: Missing cached shader map for material FMatExpressionPreview MaterialExpressionDepthFade_6, compiling. 
[2017.12.12-21.48.20:172][471]LogMaterial: Missing cached shader map for material FMatExpressionPreview MaterialExpressionDepthFade_7, compiling. 
[2017.12.12-21.48.20:173][471]LogMaterial: Missing cached shader map for material FMatExpressionPreview MaterialExpressionVectorParameter_4, compiling. 
[2017.12.12-21.48.20:179][471]LogMaterial: Missing cached shader map for material FMatExpressionPreview MaterialExpressionTextureSampleParameter2D_48, compiling. 
[2017.12.12-21.48.20:186][471]LogMaterial: Missing cached shader map for material FMatExpressionPreview MaterialExpressionBumpOffset_12, compiling. 
[2017.12.12-21.48.20:192][471]LogMaterial: Missing cached shader map for material FMatExpressionPreview MaterialExpressionTextureSampleParameter2D_49, compiling. 
[2017.12.12-21.48.20:198][471]LogMaterial: Missing cached shader map for material FMatExpressionPreview MaterialExpressionTextureSampleParameter2D_50, compiling. 
[2017.12.12-21.48.20:205][471]LogMaterial: Missing cached shader map for material FMatExpressionPreview MaterialExpressionTextureSampleParameter2D_51, compiling. 
[2017.12.12-21.48.20:211][471]LogMaterial: Missing cached shader map for material FMatExpressionPreview MaterialExpressionTextureSampleParameter2D_52, compiling. 
[2017.12.12-21.48.20:217][471]LogMaterial: Missing cached shader map for material FMatExpressionPreview MaterialExpressionTextureSampleParameter2D_53, compiling. 
[2017.12.12-21.48.20:223][471]LogMaterial: Missing cached shader map for material FMatExpressionPreview MaterialExpressionTextureSampleParameter2D_54, compiling. 
[2017.12.12-21.48.20:230][471]LogMaterial: Missing cached shader map for material FMatExpressionPreview MaterialExpressionTextureSampleParameter2D_55, compiling. 
[2017.12.12-21.48.20:236][471]LogMaterial: Missing cached shader map for material FMatExpressionPreview MaterialExpressionTextureSampleParameter2D_56, compiling. 
[2017.12.12-21.48.20:243][471]LogMaterial: Missing cached shader map for material FMatExpressionPreview MaterialExpressionTextureSampleParameter2D_57, compiling. 
[2017.12.12-21.48.20:249][471]LogMaterial: Missing cached shader map for material FMatExpressionPreview MaterialExpressionTextureSampleParameter2D_58, compiling. 
[2017.12.12-21.48.20:256][471]LogMaterial: Missing cached shader map for material FMatExpressionPreview MaterialExpressionTextureSampleParameter2D_59, compiling. 
[2017.12.12-21.48.20:262][471]LogMaterial: Missing cached shader map for material FMatExpressionPreview MaterialExpressionTextureSampleParameter2D_60, compiling. 
[2017.12.12-21.48.20:269][471]LogMaterial: Missing cached shader map for material FMatExpressionPreview MaterialExpressionTextureSampleParameter2D_61, compiling. 
[2017.12.12-21.48.20:275][471]LogMaterial: Missing cached shader map for material FMatExpressionPreview MaterialExpressionBumpOffset_13, compiling. 
[2017.12.12-21.48.20:281][471]LogMaterial: Missing cached shader map for material FMatExpressionPreview MaterialExpressionTextureSampleParameter2D_62, compiling. 
[2017.12.12-21.48.20:286][471]LogMaterial: Missing cached shader map for material FMatExpressionPreview MaterialExpressionBumpOffset_14, compiling. 
[2017.12.12-21.48.20:293][471]LogMaterial: Missing cached shader map for material FMatExpressionPreview MaterialExpressionTextureSampleParameter2D_63, compiling. 
[2017.12.12-21.48.20:299][471]LogMaterial: Missing cached shader map for material FMatExpressionPreview MaterialExpressionBumpOffset_15, compiling. 
[2017.12.12-21.48.20:306][471]LogMaterial: Missing cached shader map for material FMatExpressionPreview MaterialExpressionTextureSample_1, compiling. 
[2017.12.12-21.48.20:314][471]LogMaterial: Missing cached shader map for material FMatExpressionPreview MaterialExpressionTextureSampleParameter2D_16, compiling. 
[2017.12.12-21.48.20:320][471]LogMaterial: Missing cached shader map for material FMatExpressionPreview MaterialExpressionBumpOffset_4, compiling. 
[2017.12.12-21.48.20:326][471]LogMaterial: Missing cached shader map for material FMatExpressionPreview MaterialExpressionTextureSampleParameter2D_17, compiling. 
[2017.12.12-21.48.20:333][471]LogMaterial: Missing cached shader map for material FMatExpressionPreview MaterialExpressionTextureSampleParameter2D_18, compiling. 
[2017.12.12-21.48.20:338][471]LogMaterial: Missing cached shader map for material FMatExpressionPreview MaterialExpressionTextureSampleParameter2D_19, compiling. 
[2017.12.12-21.48.20:346][471]LogMaterial: Missing cached shader map for material FMatExpressionPreview MaterialExpressionTextureSampleParameter2D_20, compiling. 
[2017.12.12-21.48.20:353][471]LogMaterial: Missing cached shader map for material FMatExpressionPreview MaterialExpressionTextureSampleParameter2D_21, compiling. 
[2017.12.12-21.48.20:360][471]LogMaterial: Missing cached shader map for material FMatExpressionPreview MaterialExpressionTextureSampleParameter2D_22, compiling. 
[2017.12.12-21.48.20:367][471]LogMaterial: Missing cached shader map for material FMatExpressionPreview MaterialExpressionTextureSampleParameter2D_23, compiling. 
[2017.12.12-21.48.20:374][471]LogMaterial: Missing cached shader map for material FMatExpressionPreview MaterialExpressionTextureSampleParameter2D_24, compiling. 
[2017.12.12-21.48.20:381][471]LogMaterial: Missing cached shader map for material FMatExpressionPreview MaterialExpressionTextureSampleParameter2D_25, compiling. 
[2017.12.12-21.48.20:389][471]LogMaterial: Missing cached shader map for material FMatExpressionPreview MaterialExpressionTextureSampleParameter2D_26, compiling. 
[2017.12.12-21.48.20:396][471]LogMaterial: Missing cached shader map for material FMatExpressionPreview MaterialExpressionTextureSampleParameter2D_27, compiling. 
[2017.12.12-21.48.20:403][471]LogMaterial: Missing cached shader map for material FMatExpressionPreview MaterialExpressionTextureSampleParameter2D_28, compiling. 
[2017.12.12-21.48.20:411][471]LogMaterial: Missing cached shader map for material FMatExpressionPreview MaterialExpressionTextureSampleParameter2D_29, compiling. 
[2017.12.12-21.48.20:418][471]LogMaterial: Missing cached shader map for material FMatExpressionPreview MaterialExpressionBumpOffset_5, compiling. 
[2017.12.12-21.48.20:425][471]LogMaterial: Missing cached shader map for material FMatExpressionPreview MaterialExpressionTextureSampleParameter2D_30, compiling. 
[2017.12.12-21.48.20:432][471]LogMaterial: Missing cached shader map for material FMatExpressionPreview MaterialExpressionBumpOffset_6, compiling. 
[2017.12.12-21.48.20:439][471]LogMaterial: Missing cached shader map for material FMatExpressionPreview MaterialExpressionTextureSampleParameter2D_31, compiling. 
[2017.12.12-21.48.20:446][471]LogMaterial: Missing cached shader map for material FMatExpressionPreview MaterialExpressionBumpOffset_7, compiling. 
[2017.12.12-21.48.20:452][471]LogMaterial: Missing cached shader map for material FMatExpressionPreview MaterialExpressionVectorParameter_7, compiling. 
[2017.12.12-21.48.20:459][471]LogMaterial: Missing cached shader map for material FMatExpressionPreview MaterialExpressionDepthFade_3, compiling. 
[2017.12.12-21.48.20:460][471]LogMaterial: Missing cached shader map for material FMatExpressionPreview MaterialExpressionDepthFade_8, compiling. 
[2017.12.12-21.48.20:463][471]LogMaterial: Missing cached shader map for material FMatExpressionPreview MaterialExpressionTextureSample_22, compiling. 
[2017.12.12-21.48.20:471][471]LogMaterial: Missing cached shader map for material FMatExpressionPreview MaterialExpressionTextureSample_23, compiling. 
[2017.12.12-21.48.20:478][471]LogMaterial: Missing cached shader map for material FMatExpressionPreview MaterialExpressionTextureSample_24, compiling. 
[2017.12.12-21.48.20:486][471]LogMaterial: Missing cached shader map for material FMatExpressionPreview MaterialExpressionCollectionParameter_2, compiling. 
[2017.12.12-21.48.20:492][471]LogMaterial: Missing cached shader map for material FMatExpressionPreview MaterialExpressionVectorParameter_0, compiling. 
[2017.12.12-21.48.20:498][471]LogMaterial: Missing cached shader map for material FMatExpressionPreview MaterialExpressionDepthFade_1, compiling. 
[2017.12.12-21.48.20:500][471]LogMaterial: Missing cached shader map for material FMatExpressionPreview MaterialExpressionDepthFade_5, compiling. 
[2017.12.12-21.48.20:502][471]LogMaterial: Missing cached shader map for material FMatExpressionPreview MaterialExpressionVectorParameter_2, compiling. 
[2017.12.12-21.48.20:509][471]LogMaterial: Missing cached shader map for material FMatExpressionPreview MaterialExpressionDepthFade_2, compiling. 
[2017.12.12-21.48.20:512][471]LogMaterial: Missing cached shader map for material FMatExpressionPreview MaterialExpressionVectorParameter_3, compiling. 
[2017.12.12-21.48.20:518][471]LogMaterial: Missing cached shader map for material FMatExpressionPreview MaterialExpressionVectorParameter_9, compiling. 
[2017.12.12-21.48.20:524][471]LogMaterial: Missing cached shader map for material FMatExpressionPreview MaterialExpressionVectorParameter_10, compiling. 
[2017.12.12-21.48.20:538][471]LogMaterial: Missing cached shader map for material Water_M, compiling. 
[2017.12.12-21.48.20:639][471]LogMaterial: Missing cached shader map for material Water_M, compiling. 
[2017.12.12-21.48.20:709][471]LogMaterial: Missing cached shader map for material FMatExpressionPreview MaterialExpressionDepthFade_4, compiling. 
[2017.12.12-21.48.20:711][471]LogMaterial: Missing cached shader map for material FMatExpressionPreview MaterialExpressionVectorParameter_1, compiling. 
[2017.12.12-21.48.20:718][471]LogMaterial: Missing cached shader map for material FMatExpressionPreview MaterialExpressionVectorParameter_6, compiling. 
[2017.12.12-21.48.20:724][471]LogMaterial: Missing cached shader map for material FMatExpressionPreview MaterialExpressionVectorParameter_5, compiling. 
[2017.12.12-21.48.20:731][471]LogMaterial: Missing cached shader map for material FMatExpressionPreview MaterialExpressionDepthFade_6, compiling. 
[2017.12.12-21.48.20:733][471]LogMaterial: Missing cached shader map for material FMatExpressionPreview MaterialExpressionDepthFade_7, compiling. 
[2017.12.12-21.48.20:735][471]LogMaterial: Missing cached shader map for material FMatExpressionPreview MaterialExpressionVectorParameter_4, compiling. 
[2017.12.12-21.48.20:741][471]LogMaterial: Missing cached shader map for material FMatExpressionPreview MaterialExpressionTextureSampleParameter2D_48, compiling. 
[2017.12.12-21.48.20:748][471]LogMaterial: Missing cached shader map for material FMatExpressionPreview MaterialExpressionBumpOffset_12, compiling. 
[2017.12.12-21.48.20:754][471]LogMaterial: Missing cached shader map for material FMatExpressionPreview MaterialExpressionTextureSampleParameter2D_49, compiling. 
[2017.12.12-21.48.20:761][471]LogMaterial: Missing cached shader map for material FMatExpressionPreview MaterialExpressionTextureSampleParameter2D_50, compiling. 
[2017.12.12-21.48.20:767][471]LogMaterial: Missing cached shader map for material FMatExpressionPreview MaterialExpressionTextureSampleParameter2D_51, compiling. 
[2017.12.12-21.48.20:773][471]LogMaterial: Missing cached shader map for material FMatExpressionPreview MaterialExpressionTextureSampleParameter2D_52, compiling. 
[2017.12.12-21.48.20:778][471]LogMaterial: Missing cached shader map for material FMatExpressionPreview MaterialExpressionTextureSampleParameter2D_53, compiling. 
[2017.12.12-21.48.20:785][471]LogMaterial: Missing cached shader map for material FMatExpressionPreview MaterialExpressionTextureSampleParameter2D_54, compiling. 
[2017.12.12-21.48.20:791][471]LogMaterial: Missing cached shader map for material FMatExpressionPreview MaterialExpressionTextureSampleParameter2D_55, compiling. 
[2017.12.12-21.48.20:798][471]LogMaterial: Missing cached shader map for material FMatExpressionPreview MaterialExpressionTextureSampleParameter2D_56, compiling. 
[2017.12.12-21.48.20:805][471]LogMaterial: Missing cached shader map for material FMatExpressionPreview MaterialExpressionTextureSampleParameter2D_57, compiling. 
[2017.12.12-21.48.20:813][471]LogMaterial: Missing cached shader map for material FMatExpressionPreview MaterialExpressionTextureSampleParameter2D_58, compiling. 
[2017.12.12-21.48.20:820][471]LogMaterial: Missing cached shader map for material FMatExpressionPreview MaterialExpressionTextureSampleParameter2D_59, compiling. 
[2017.12.12-21.48.20:826][471]LogMaterial: Missing cached shader map for material FMatExpressionPreview MaterialExpressionTextureSampleParameter2D_60, compiling. 
[2017.12.12-21.48.20:833][471]LogMaterial: Missing cached shader map for material FMatExpressionPreview MaterialExpressionTextureSampleParameter2D_61, compiling. 
[2017.12.12-21.48.20:839][471]LogMaterial: Missing cached shader map for material FMatExpressionPreview MaterialExpressionBumpOffset_13, compiling. 
[2017.12.12-21.48.20:846][471]LogMaterial: Missing cached shader map for material FMatExpressionPreview MaterialExpressionTextureSampleParameter2D_62, compiling. 
[2017.12.12-21.48.20:852][471]LogMaterial: Missing cached shader map for material FMatExpressionPreview MaterialExpressionBumpOffset_14, compiling. 
[2017.12.12-21.48.20:859][471]LogMaterial: Missing cached shader map for material FMatExpressionPreview MaterialExpressionTextureSampleParameter2D_63, compiling. 
[2017.12.12-21.48.20:866][471]LogMaterial: Missing cached shader map for material FMatExpressionPreview MaterialExpressionBumpOffset_15, compiling. 
[2017.12.12-21.48.20:876][471]LogMaterial: Missing cached shader map for material FMatExpressionPreview MaterialExpressionTextureSample_1, compiling. 
[2017.12.12-21.48.20:885][471]LogMaterial: Missing cached shader map for material FMatExpressionPreview MaterialExpressionTextureSampleParameter2D_16, compiling. 
[2017.12.12-21.48.20:891][471]LogMaterial: Missing cached shader map for material FMatExpressionPreview MaterialExpressionBumpOffset_4, compiling. 
[2017.12.12-21.48.20:899][471]LogMaterial: Missing cached shader map for material FMatExpressionPreview MaterialExpressionTextureSampleParameter2D_17, compiling. 
[2017.12.12-21.48.20:906][471]LogMaterial: Missing cached shader map for material FMatExpressionPreview MaterialExpressionTextureSampleParameter2D_18, compiling. 
[2017.12.12-21.48.20:914][471]LogMaterial: Missing cached shader map for material FMatExpressionPreview MaterialExpressionTextureSampleParameter2D_19, compiling. 
[2017.12.12-21.48.20:921][471]LogMaterial: Missing cached shader map for material FMatExpressionPreview MaterialExpressionTextureSampleParameter2D_20, compiling. 
[2017.12.12-21.48.20:927][471]LogMaterial: Missing cached shader map for material FMatExpressionPreview MaterialExpressionTextureSampleParameter2D_21, compiling. 
[2017.12.12-21.48.20:933][471]LogMaterial: Missing cached shader map for material FMatExpressionPreview MaterialExpressionTextureSampleParameter2D_22, compiling. 
[2017.12.12-21.48.20:940][471]LogMaterial: Missing cached shader map for material FMatExpressionPreview MaterialExpressionTextureSampleParameter2D_23, compiling. 
[2017.12.12-21.48.20:947][471]LogMaterial: Missing cached shader map for material FMatExpressionPreview MaterialExpressionTextureSampleParameter2D_24, compiling. 
[2017.12.12-21.48.20:953][471]LogMaterial: Missing cached shader map for material FMatExpressionPreview MaterialExpressionTextureSampleParameter2D_25, compiling. 
[2017.12.12-21.48.20:959][471]LogMaterial: Missing cached shader map for material FMatExpressionPreview MaterialExpressionTextureSampleParameter2D_26, compiling. 
[2017.12.12-21.48.20:966][471]LogMaterial: Missing cached shader map for material FMatExpressionPreview MaterialExpressionTextureSampleParameter2D_27, compiling. 
[2017.12.12-21.48.20:973][471]LogMaterial: Missing cached shader map for material FMatExpressionPreview MaterialExpressionTextureSampleParameter2D_28, compiling. 
[2017.12.12-21.48.20:980][471]LogMaterial: Missing cached shader map for material FMatExpressionPreview MaterialExpressionTextureSampleParameter2D_29, compiling. 
[2017.12.12-21.48.20:987][471]LogMaterial: Missing cached shader map for material FMatExpressionPreview MaterialExpressionBumpOffset_5, compiling. 
[2017.12.12-21.48.20:994][471]LogMaterial: Missing cached shader map for material FMatExpressionPreview MaterialExpressionTextureSampleParameter2D_30, compiling. 
[2017.12.12-21.48.21:000][471]LogMaterial: Missing cached shader map for material FMatExpressionPreview MaterialExpressionBumpOffset_6, compiling. 
[2017.12.12-21.48.21:006][471]LogMaterial: Missing cached shader map for material FMatExpressionPreview MaterialExpressionTextureSampleParameter2D_31, compiling. 
[2017.12.12-21.48.21:012][471]LogMaterial: Missing cached shader map for material FMatExpressionPreview MaterialExpressionBumpOffset_7, compiling. 
[2017.12.12-21.48.21:018][471]LogMaterial: Missing cached shader map for material FMatExpressionPreview MaterialExpressionVectorParameter_7, compiling. 
[2017.12.12-21.48.21:023][471]LogMaterial: Missing cached shader map for material FMatExpressionPreview MaterialExpressionDepthFade_3, compiling. 
[2017.12.12-21.48.21:026][471]LogMaterial: Missing cached shader map for material FMatExpressionPreview MaterialExpressionDepthFade_8, compiling. 
[2017.12.12-21.48.21:028][471]LogMaterial: Missing cached shader map for material FMatExpressionPreview MaterialExpressionTextureSample_22, compiling. 
[2017.12.12-21.48.21:037][471]LogMaterial: Missing cached shader map for material FMatExpressionPreview MaterialExpressionTextureSample_23, compiling. 
[2017.12.12-21.48.21:045][471]LogMaterial: Missing cached shader map for material FMatExpressionPreview MaterialExpressionTextureSample_24, compiling. 
[2017.12.12-21.48.21:053][471]LogMaterial: Missing cached shader map for material FMatExpressionPreview MaterialExpressionCollectionParameter_2, compiling. 
[2017.12.12-21.48.21:060][471]LogMaterial: Missing cached shader map for material FMatExpressionPreview MaterialExpressionVectorParameter_0, compiling. 
[2017.12.12-21.48.21:066][471]LogMaterial: Missing cached shader map for material FMatExpressionPreview MaterialExpressionDepthFade_1, compiling. 
[2017.12.12-21.48.21:069][471]LogMaterial: Missing cached shader map for material FMatExpressionPreview MaterialExpressionDepthFade_5, compiling. 
[2017.12.12-21.48.21:071][471]LogMaterial: Missing cached shader map for material FMatExpressionPreview MaterialExpressionVectorParameter_2, compiling. 
[2017.12.12-21.48.21:077][471]LogMaterial: Missing cached shader map for material FMatExpressionPreview MaterialExpressionDepthFade_2, compiling. 
[2017.12.12-21.48.21:080][471]LogMaterial: Missing cached shader map for material FMatExpressionPreview MaterialExpressionVectorParameter_3, compiling. 
[2017.12.12-21.48.21:086][471]LogMaterial: Missing cached shader map for material FMatExpressionPreview MaterialExpressionVectorParameter_9, compiling. 
[2017.12.12-21.48.21:091][471]LogMaterial: Missing cached shader map for material FMatExpressionPreview MaterialExpressionVectorParameter_10, compiling. 
[2017.12.12-21.48.45:723][797]MaterialEditorStats: Base pass shader: 375 instructions
[2017.12.12-21.48.45:724][797]MaterialEditorStats: Vertex shader: 137 instructions
[2017.12.12-21.48.45:724][797]MaterialEditorStats: Texture samplers: 11/16
[2017.12.12-21.48.45:724][797]MaterialEditorStats: User interpolators: 2/4 Scalars (1/4 Vectors) (TexCoords: 2, Custom: 0)
[2017.12.12-21.51.24:676][ 37]LogSlate: Took 0.004153 seconds to synchronously load lazily loaded font '../../../Engine/Content/Slate/Fonts/Roboto-Light.ttf' (159K)
[2017.12.12-21.51.33:777][ 64]LogFileHelpers: Editor autosave (incl. sublevels) for '/Game/Maps/LevelDemo_01' took 0.112
[2017.12.12-21.51.33:838][ 64]OBJ SavePackage: Generating thumbnails for [1] asset(s) in package [/Game/ThirdPersonBP/Blueprints/ThirdPersonCharacter] ([1] browsable assets)...
[2017.12.12-21.51.33:900][ 64]OBJ SavePackage:     Rendered thumbnail for [Blueprint /Game/ThirdPersonBP/Blueprints/ThirdPersonCharacter.ThirdPersonCharacter]
[2017.12.12-21.51.33:900][ 64]OBJ SavePackage: Finished generating thumbnails for package [/Game/ThirdPersonBP/Blueprints/ThirdPersonCharacter]
[2017.12.12-21.51.34:441][ 64]LogSavePackage: Save=286.42ms
[2017.12.12-21.51.34:441][ 64]LogSavePackage: Moving '../../../../../ProjectOrca/Saved/ThirdPersonCharacter_Auto1136F42B043926F38F1E0308051BEC2AF.tmp' to '../../../../../ProjectOrca/Saved/Autosaves/Game/ThirdPersonBP/Blueprints/ThirdPersonCharacter_Auto1.uasset'
[2017.12.12-21.51.34:479][ 64]LogSavePackage: Display: Finished SavePackage ../../../../../ProjectOrca/Saved/Autosaves/Game/ThirdPersonBP/Blueprints/ThirdPersonCharacter_Auto1.uasset
[2017.12.12-21.51.34:479][ 64]LogFileHelpers: Auto-saving content packages took 0.685
[2017.12.13-02.09.37:201][642]Cmd: QUIT_EDITOR
[2017.12.13-02.09.37:810][642]LogWindowsTextInputMethodSystem: Display: IME system now deactivated.
[2017.12.13-02.09.37:961][642]LogExit: Preparing to exit.
[2017.12.13-02.09.38:997][642]LogDirectoryWatcher: A directory notification for 'D:/weret/Project/ProjectOrca/Content/' was aborted.
[2017.12.13-02.09.39:585][642]LogExit: Editor shut down
[2017.12.13-02.09.39:619][642]LogExit: Transaction tracking system shut down
[2017.12.13-02.09.40:131][642]LogDirectoryWatcher: A directory notification for '../../../Engine/Content/' was aborted.
[2017.12.13-02.09.40:131][642]LogDirectoryWatcher: A directory notification for '../../../../../ProjectOrca/Content/' was aborted.
[2017.12.13-02.09.40:131][642]LogDirectoryWatcher: A directory notification for '../../../Engine/Plugins/2D/Paper2D/Content/' was aborted.
[2017.12.13-02.09.40:131][642]LogDirectoryWatcher: A directory notification for '../../../Engine/Plugins/Runtime/Oculus/OculusVR/Content/' was aborted.
[2017.12.13-02.09.40:131][642]LogDirectoryWatcher: A directory notification for '../../../Engine/Plugins/Runtime/Steam/SteamVR/Content/' was aborted.
[2017.12.13-02.09.42:508][642]LogExit: Object subsystem successfully closed.
[2017.12.13-02.09.42:743][642]LogD3D11RHI: Shutdown
[2017.12.13-02.09.42:760][642]LogD3D11RHI: CleanupD3DDevice
[2017.12.13-02.09.43:185][642]LogD3D11RHI: ~FD3D11DynamicRHI
[2017.12.13-02.09.44:904][642]LogModuleManager: Shutting down and abandoning module BlueprintGraph (536)
[2017.12.13-02.09.44:904][642]LogModuleManager: Shutting down and abandoning module BlueprintProfiler (534)
[2017.12.13-02.09.44:920][642]LogModuleManager: Shutting down and abandoning module MaterialEditor (532)
[2017.12.13-02.09.44:920][642]LogModuleManager: Shutting down and abandoning module HierarchicalLODOutliner (530)
[2017.12.13-02.09.44:920][642]LogModuleManager: Shutting down and abandoning module SceneOutliner (528)
[2017.12.13-02.09.44:933][642]LogModuleManager: Shutting down and abandoning module AddContentDialog (526)
[2017.12.13-02.09.44:938][642]LogDirectoryWatcher: A directory notification for 'D:/weret/Project/Unreal/UE_4.17/FeaturePacks/' was aborted.
[2017.12.13-02.09.44:986][642]LogModuleManager: Shutting down and abandoning module WidgetCarousel (525)
[2017.12.13-02.09.44:986][642]LogModuleManager: Shutting down and abandoning module EditorWidgets (522)
[2017.12.13-02.09.44:986][642]LogModuleManager: Shutting down and abandoning module CollectionManager (520)
[2017.12.13-02.09.45:003][642]LogDirectoryWatcher: A directory notification for 'D:/weret/Project/ProjectOrca/Content/Collections/' was aborted.
[2017.12.13-02.09.45:003][642]LogDirectoryWatcher: A directory notification for 'D:/weret/Project/ProjectOrca/Content/Developers/weret/Collections/' was aborted.
[2017.12.13-02.09.45:003][642]LogDirectoryWatcher: A directory notification for 'D:/weret/Project/ProjectOrca/Saved/Collections/' was aborted.
[2017.12.13-02.09.45:003][642]LogModuleManager: Shutting down and abandoning module StatsViewer (518)
[2017.12.13-02.09.45:015][642]LogModuleManager: Shutting down and abandoning module FoliageEdit (516)
[2017.12.13-02.09.45:015][642]LogModuleManager: Shutting down and abandoning module LandscapeEditor (514)
[2017.12.13-02.09.45:045][642]LogModuleManager: Shutting down and abandoning module MeshPaintMode (512)
[2017.12.13-02.09.45:045][642]LogModuleManager: Shutting down and abandoning module SceneDepthPickerMode (510)
[2017.12.13-02.09.45:045][642]LogModuleManager: Shutting down and abandoning module ActorPickerMode (508)
[2017.12.13-02.09.45:045][642]LogModuleManager: Shutting down and abandoning module GeometryMode (506)
[2017.12.13-02.09.45:045][642]LogModuleManager: Shutting down and abandoning module TextureAlignMode (504)
[2017.12.13-02.09.45:045][642]LogModuleManager: Shutting down and abandoning module BspMode (502)
[2017.12.13-02.09.45:060][642]LogModuleManager: Shutting down and abandoning module PIEPreviewDeviceProfileSelector (500)
[2017.12.13-02.09.45:060][642]LogModuleManager: Shutting down and abandoning module HardwareSurvey (498)
[2017.12.13-02.09.45:060][642]LogModuleManager: Shutting down and abandoning module SequenceRecorderSections (496)
[2017.12.13-02.09.45:068][642]LogModuleManager: Shutting down and abandoning module AutomationWorker (494)
[2017.12.13-02.09.45:081][642]LogModuleManager: Shutting down and abandoning module MatineeToLevelSequence (492)
[2017.12.13-02.09.45:110][642]LogModuleManager: Shutting down and abandoning module LevelSequenceEditor (490)
[2017.12.13-02.09.45:135][642]LogModuleManager: Shutting down and abandoning module PlacementMode (489)
[2017.12.13-02.09.45:135][642]LogModuleManager: Shutting down and abandoning module WmfMediaFactory (486)
[2017.12.13-02.09.45:135][642]LogModuleManager: Shutting down and abandoning module WmfMediaEditor (484)
[2017.12.13-02.09.45:135][642]LogModuleManager: Shutting down and abandoning module AvfMediaFactory (482)
[2017.12.13-02.09.45:135][642]LogModuleManager: Shutting down and abandoning module AvfMediaEditor (480)
[2017.12.13-02.09.45:135][642]LogModuleManager: Shutting down and abandoning module AndroidMediaFactory (478)
[2017.12.13-02.09.45:135][642]LogModuleManager: Shutting down and abandoning module Media (477)
[2017.12.13-02.09.45:135][642]LogModuleManager: Shutting down and abandoning module AndroidMediaEditor (474)
[2017.12.13-02.09.45:136][642]LogModuleManager: Shutting down and abandoning module CharacterAI (472)
[2017.12.13-02.09.45:136][642]LogModuleManager: Shutting down and abandoning module AudioCapture (470)
[2017.12.13-02.09.45:136][642]LogModuleManager: Shutting down and abandoning module SequenceRecorder (469)
[2017.12.13-02.09.45:140][642]LogModuleManager: Shutting down and abandoning module SmartSnapping (466)
[2017.12.13-02.09.45:140][642]LogModuleManager: Shutting down and abandoning module SessionServices (464)
[2017.12.13-02.09.45:140][642]LogModuleManager: Shutting down and abandoning module ViewportSnapping (462)
[2017.12.13-02.09.45:140][642]LogModuleManager: Shutting down and abandoning module ViewportInteraction (460)
[2017.12.13-02.09.45:140][642]LogModuleManager: Shutting down and abandoning module ClothPainter (458)
[2017.12.13-02.09.45:177][642]LogModuleManager: Shutting down and abandoning module LogVisualizer (456)
[2017.12.13-02.09.45:206][642]LogModuleManager: Shutting down and abandoning module IntroTutorials (454)
[2017.12.13-02.09.45:232][642]LogModuleManager: Shutting down and abandoning module GameProjectGeneration (453)
[2017.12.13-02.09.45:244][642]LogModuleManager: Shutting down and abandoning module IOSPlatformEditor (450)
[2017.12.13-02.09.45:259][642]LogModuleManager: Shutting down and abandoning module HTML5PlatformEditor (448)
[2017.12.13-02.09.45:259][642]LogModuleManager: Shutting down and abandoning module AndroidPlatformEditor (446)
[2017.12.13-02.09.45:259][642]LogModuleManager: Shutting down and abandoning module AndroidDeviceDetection (445)
[2017.12.13-02.09.45:588][642]LogModuleManager: Shutting down and abandoning module WindowsPlatformEditor (442)
[2017.12.13-02.09.45:588][642]LogModuleManager: Shutting down and abandoning module IOSRuntimeSettings (440)
[2017.12.13-02.09.45:588][642]LogModuleManager: Shutting down and abandoning module AndroidRuntimeSettings (438)
[2017.12.13-02.09.45:588][642]LogModuleManager: Shutting down and abandoning module InputBindingEditor (436)
[2017.12.13-02.09.45:644][642]LogModuleManager: Shutting down and abandoning module MergeActors (434)
[2017.12.13-02.09.45:655][642]LogModuleManager: Shutting down and abandoning module SizeMap (432)
[2017.12.13-02.09.45:655][642]LogModuleManager: Shutting down and abandoning module TreeMap (430)
[2017.12.13-02.09.45:670][642]LogModuleManager: Shutting down and abandoning module ReferenceViewer (428)
[2017.12.13-02.09.45:670][642]LogModuleManager: Shutting down and abandoning module LocalizationDashboard (426)
[2017.12.13-02.09.45:688][642]LogModuleManager: Shutting down and abandoning module LocalizationService (425)
[2017.12.13-02.09.45:700][642]LogModuleManager: Shutting down and abandoning module HardwareTargeting (422)
[2017.12.13-02.09.45:700][642]LogModuleManager: Shutting down and abandoning module DeviceProfileEditor (420)
[2017.12.13-02.09.45:716][642]LogModuleManager: Shutting down and abandoning module UndoHistory (418)
[2017.12.13-02.09.45:716][642]LogModuleManager: Shutting down and abandoning module XmlParser (416)
[2017.12.13-02.09.45:721][642]LogModuleManager: Shutting down and abandoning module Blutility (414)
[2017.12.13-02.09.45:721][642]LogModuleManager: Shutting down and abandoning module ProjectSettingsViewer (412)
[2017.12.13-02.09.45:739][642]LogModuleManager: Shutting down and abandoning module ProjectTargetPlatformEditor (411)
[2017.12.13-02.09.45:740][642]LogModuleManager: Shutting down and abandoning module EditorSettingsViewer (408)
[2017.12.13-02.09.45:740][642]LogModuleManager: Shutting down and abandoning module SettingsEditor (406)
[2017.12.13-02.09.45:758][642]LogModuleManager: Shutting down and abandoning module ProjectLauncher (404)
[2017.12.13-02.09.45:766][642]LogModuleManager: Shutting down and abandoning module SessionFrontend (402)
[2017.12.13-02.09.45:774][642]LogModuleManager: Shutting down and abandoning module ProfilerClient (400)
[2017.12.13-02.09.45:783][642]LogModuleManager: Shutting down and abandoning module DeviceManager (398)
[2017.12.13-02.09.45:802][642]LogModuleManager: Shutting down and abandoning module TargetDeviceServices (397)
[2017.12.13-02.09.45:882][642]LogModuleManager: Shutting down and abandoning module AutomationController (394)
[2017.12.13-02.09.45:906][642]LogModuleManager: Shutting down and abandoning module AutomationWindow (392)
[2017.12.13-02.09.45:926][642]LogModuleManager: Shutting down and abandoning module Layers (390)
[2017.12.13-02.09.45:946][642]LogModuleManager: Shutting down and abandoning module ComponentVisualizers (388)
[2017.12.13-02.09.45:946][642]LogModuleManager: Shutting down and abandoning module DetailCustomizations (386)
[2017.12.13-02.09.45:975][642]LogModuleManager: Shutting down and abandoning module PackagesDialog (384)
[2017.12.13-02.09.45:976][642]LogModuleManager: Shutting down and abandoning module Persona (382)
[2017.12.13-02.09.46:012][642]LogModuleManager: Shutting down and abandoning module AdvancedPreviewScene (381)
[2017.12.13-02.09.46:012][642]LogModuleManager: Shutting down and abandoning module AnimGraph (379)
[2017.12.13-02.09.46:027][642]LogModuleManager: Shutting down and abandoning module Kismet (376)
[2017.12.13-02.09.46:058][642]LogModuleManager: Shutting down and abandoning module ClassViewer (374)
[2017.12.13-02.09.46:058][642]LogModuleManager: Shutting down and abandoning module Toolbox (372)
[2017.12.13-02.09.46:058][642]LogModuleManager: Shutting down and abandoning module ModuleUI (370)
[2017.12.13-02.09.46:065][642]LogModuleManager: Shutting down and abandoning module MovieSceneTools (368)
[2017.12.13-02.09.46:102][642]LogModuleManager: Shutting down and abandoning module OutputLog (366)
[2017.12.13-02.09.46:116][642]LogModuleManager: Shutting down and abandoning module GammaUI (364)
[2017.12.13-02.09.46:129][642]LogModuleManager: Shutting down and abandoning module Documentation (362)
[2017.12.13-02.09.46:129][642]LogModuleManager: Shutting down and abandoning module MovieSceneTracks (360)
[2017.12.13-02.09.46:129][642]LogModuleManager: Shutting down and abandoning module MovieScene (358)
[2017.12.13-02.09.46:129][642]LogModuleManager: Shutting down and abandoning module Niagara (356)
[2017.12.13-02.09.46:129][642]LogModuleManager: Shutting down and abandoning module NiagaraEditor (355)
[2017.12.13-02.09.46:159][642]LogModuleManager: Shutting down and abandoning module StreamingPauseRendering (352)
[2017.12.13-02.09.46:159][642]LogModuleManager: Shutting down and abandoning module LauncherPlatform (350)
[2017.12.13-02.09.46:159][642]LogModuleManager: Shutting down and abandoning module AnalyticsET (348)
[2017.12.13-02.09.46:159][642]LogModuleManager: Shutting down and abandoning module PortalServices (346)
[2017.12.13-02.09.46:159][642]LogModuleManager: Shutting down and abandoning module PortalRpc (344)
[2017.12.13-02.09.46:159][642]LogModuleManager: Shutting down and abandoning module MessagingRpc (342)
[2017.12.13-02.09.46:159][642]LogModuleManager: Shutting down and abandoning module AIModule (340)
[2017.12.13-02.09.46:173][642]LogModuleManager: Shutting down and abandoning module GameplayDebugger (339)
[2017.12.13-02.09.46:174][642]LogModuleManager: Shutting down and abandoning module AITestSuite (337)
[2017.12.13-02.09.46:179][642]LogModuleManager: Shutting down and abandoning module ProfilerService (334)
[2017.12.13-02.09.46:317][642]LogModuleManager: Shutting down and abandoning module TaskGraph (332)
[2017.12.13-02.09.46:332][642]LogModuleManager: Shutting down and abandoning module SteamVRController (330)
[2017.12.13-02.09.46:332][642]LogModuleManager: Shutting down and abandoning module ProceduralMeshComponentEditor (328)
[2017.12.13-02.09.46:332][642]LogModuleManager: Shutting down and abandoning module ProceduralMeshComponent (326)
[2017.12.13-02.09.46:332][642]LogModuleManager: Shutting down and abandoning module OculusInput (324)
[2017.12.13-02.09.46:342][642]LogModuleManager: Shutting down and abandoning module MobilePatchingUtils (322)
[2017.12.13-02.09.46:342][642]LogModuleManager: Shutting down and abandoning module CustomMeshComponent (320)
[2017.12.13-02.09.46:342][642]LogModuleManager: Shutting down and abandoning module CableComponent (318)
[2017.12.13-02.09.46:355][642]LogModuleManager: Shutting down and abandoning module ArchVisCharacter (316)
[2017.12.13-02.09.46:355][642]LogModuleManager: Shutting down and abandoning module AndroidPermission (314)
[2017.12.13-02.09.46:355][642]LogModuleManager: Shutting down and abandoning module MediaPlayerEditor (310)
[2017.12.13-02.09.46:381][642]LogModuleManager: Shutting down and abandoning module HTML5Networking (308)
[2017.12.13-02.09.46:381][642]LogModuleManager: Shutting down and abandoning module AlembicImporter (306)
[2017.12.13-02.09.46:397][642]LogModuleManager: Shutting down and abandoning module AlembicLibrary (305)
[2017.12.13-02.09.46:397][642]LogModuleManager: Shutting down and abandoning module GeometryCache (304)
[2017.12.13-02.09.46:397][642]LogModuleManager: Shutting down and abandoning module GeometryCacheEd (303)
[2017.12.13-02.09.46:397][642]LogModuleManager: Shutting down and abandoning module SpeedTreeImporter (298)
[2017.12.13-02.09.46:397][642]LogModuleManager: Shutting down and abandoning module PluginBrowser (296)
[2017.12.13-02.09.46:416][642]LogModuleManager: Shutting down and abandoning module MobileLauncherProfileWizard (294)
[2017.12.13-02.09.46:430][642]LogModuleManager: Shutting down and abandoning module VisualStudioSourceCodeAccess (292)
[2017.12.13-02.09.46:430][642]LogModuleManager: Shutting down and abandoning module DesktopPlatform (291)
[2017.12.13-02.09.46:441][642]LogModuleManager: Shutting down and abandoning module UObjectPlugin (288)
[2017.12.13-02.09.46:441][642]LogModuleManager: Shutting down and abandoning module SubversionSourceControl (286)
[2017.12.13-02.09.46:477][642]LogModuleManager: Shutting down and abandoning module PerforceSourceControl (284)
[2017.12.13-02.09.46:487][642]LogModuleManager: Shutting down and abandoning module GitSourceControl (282)
[2017.12.13-02.09.46:518][642]LogModuleManager: Shutting down and abandoning module SourceControl (281)
[2017.12.13-02.09.46:563][642]LogModuleManager: Shutting down and abandoning module LightPropagationVolumeEditor (278)
[2017.12.13-02.09.46:563][642]LogModuleManager: Shutting down and abandoning module PaperTiledImporter (276)
[2017.12.13-02.09.46:563][642]LogModuleManager: Shutting down and abandoning module PaperSpriteSheetImporter (274)
[2017.12.13-02.09.46:563][642]LogModuleManager: Shutting down and abandoning module Paper2DEditor (272)
[2017.12.13-02.09.46:587][642]LogModuleManager: Shutting down and abandoning module MeshPaint (271)
[2017.12.13-02.09.46:602][642]LogModuleManager: Shutting down and abandoning module LevelEditor (269)
[2017.12.13-02.09.46:631][642]LogModuleManager: Shutting down and abandoning module PixelInspectorModule (268)
[2017.12.13-02.09.46:664][642]LogModuleManager: Shutting down and abandoning module MainFrame (266)
[2017.12.13-02.09.46:664][642]LogModuleManager: Shutting down and abandoning module HotReload (265)
[2017.12.13-02.09.46:691][642]LogModuleManager: Shutting down and abandoning module RuntimePhysXCooking (260)
[2017.12.13-02.09.46:691][642]LogModuleManager: Shutting down and abandoning module PhysXVehiclesEditor (258)
[2017.12.13-02.09.46:691][642]LogModuleManager: Shutting down and abandoning module PhysXVehicles (256)
[2017.12.13-02.09.46:691][642]LogModuleManager: Shutting down and abandoning module OculusEditor (254)
[2017.12.13-02.09.46:691][642]LogModuleManager: Shutting down and abandoning module LocationServicesBPLibrary (252)
[2017.12.13-02.09.46:691][642]LogModuleManager: Shutting down and abandoning module ImmediatePhysicsEditor (250)
[2017.12.13-02.09.46:691][642]LogModuleManager: Shutting down and abandoning module ImmediatePhysics (248)
[2017.12.13-02.09.46:706][642]LogModuleManager: Shutting down and abandoning module UdpMessaging (246)
[2017.12.13-02.09.46:807][642]LogModuleManager: Shutting down and abandoning module TcpMessaging (244)
[2017.12.13-02.09.46:937][642]LogModuleManager: Shutting down and abandoning module GameplayTagsEditor (242)
[2017.12.13-02.09.46:955][642]LogModuleManager: Shutting down and abandoning module FacialAnimationEditor (240)
[2017.12.13-02.09.46:955][642]LogModuleManager: Shutting down and abandoning module FacialAnimation (238)
[2017.12.13-02.09.46:955][642]LogModuleManager: Shutting down and abandoning module AssetManagerEditor (236)
[2017.12.13-02.09.46:994][642]LogModuleManager: Shutting down and abandoning module GraphEditor (235)
[2017.12.13-02.09.46:994][642]LogModuleManager: Shutting down and abandoning module ContentBrowser (233)
[2017.12.13-02.09.46:997][642]LogModuleManager: Shutting down and abandoning module LightPropagationVolumeRuntime (230)
[2017.12.13-02.09.46:997][642]LogModuleManager: Shutting down and abandoning module Paper2D (228)
[2017.12.13-02.09.47:004][642]LogModuleManager: Shutting down and abandoning module WindowsMoviePlayer (226)
[2017.12.13-02.09.47:028][642]LogModuleManager: Shutting down and abandoning module WmfMedia (224)
[2017.12.13-02.09.47:044][642]LogModuleManager: Shutting down and abandoning module PacketHandler (222)
[2017.12.13-02.09.47:044][642]LogModuleManager: Shutting down and abandoning module ClothingSystemEditor (220)
[2017.12.13-02.09.47:056][642]LogModuleManager: Shutting down and abandoning module ClothingSystemRuntime (218)
[2017.12.13-02.09.47:080][642]LogModuleManager: Shutting down and abandoning module Overlay (216)
[2017.12.13-02.09.47:080][642]LogModuleManager: Shutting down and abandoning module OverlayEditor (215)
[2017.12.13-02.09.47:080][642]LogModuleManager: Shutting down and abandoning module MediaAssets (212)
[2017.12.13-02.09.47:080][642]LogModuleManager: Shutting down and abandoning module VREditor (210)
[2017.12.13-02.09.47:095][642]LogModuleManager: Shutting down and abandoning module StringTableEditor (208)
[2017.12.13-02.09.47:115][642]LogModuleManager: Shutting down and abandoning module GameplayTasksEditor (206)
[2017.12.13-02.09.47:115][642]LogModuleManager: Shutting down and abandoning module BehaviorTreeEditor (204)
[2017.12.13-02.09.47:148][642]LogModuleManager: Shutting down and abandoning module FunctionalTesting (202)
[2017.12.13-02.09.47:148][642]LogModuleManager: Shutting down and abandoning module CollisionAnalyzer (200)
[2017.12.13-02.09.47:158][642]LogModuleManager: Shutting down and abandoning module WorkspaceMenuStructure (199)
[2017.12.13-02.09.47:158][642]LogModuleManager: Shutting down and abandoning module UMG (196)
[2017.12.13-02.09.47:190][642]LogModuleManager: Shutting down and abandoning module UMGEditor (195)
[2017.12.13-02.09.47:228][642]LogModuleManager: Shutting down and abandoning module Sequencer (194)
[2017.12.13-02.09.47:260][642]LogModuleManager: Shutting down and abandoning module MessageLog (191)
[2017.12.13-02.09.47:260][642]LogModuleManager: Shutting down and abandoning module SlateReflector (186)
[2017.12.13-02.09.47:285][642]LogModuleManager: Shutting down and abandoning module Slate (184)
[2017.12.13-02.09.47:285][642]LogModuleManager: Shutting down and abandoning module EditorStyle (182)
[2017.12.13-02.09.47:308][642]LogModuleManager: Shutting down and abandoning module MRMesh (180)
[2017.12.13-02.09.47:308][642]LogModuleManager: Shutting down and abandoning module SourceCodeAccess (178)
[2017.12.13-02.09.47:308][642]LogModuleManager: Shutting down and abandoning module HeadMountedDisplay (176)
[2017.12.13-02.09.47:308][642]LogModuleManager: Shutting down and abandoning module XAudio2 (174)
[2017.12.13-02.09.47:308][642]LogModuleManager: Shutting down and abandoning module Networking (172)
[2017.12.13-02.09.47:308][642]LogModuleManager: Shutting down and abandoning module Core (168)
[2017.12.13-02.09.47:308][642]LogModuleManager: Shutting down and abandoning module KismetCompiler (164)
[2017.12.13-02.09.47:309][642]LogModuleManager: Shutting down and abandoning module LevelSequence (162)
[2017.12.13-02.09.47:309][642]LogModuleManager: Shutting down and abandoning module MeshUtilities (160)
[2017.12.13-02.09.47:328][642]LogModuleManager: Shutting down and abandoning module MeshMergeUtilities (159)
[2017.12.13-02.09.47:351][642]LogModuleManager: Shutting down and abandoning module MeshReductionInterface (158)
[2017.12.13-02.09.47:351][642]LogModuleManager: Shutting down and abandoning module SimplygonSwarm (157)
[2017.12.13-02.09.47:363][642]LogModuleManager: Shutting down and abandoning module SimplygonMeshReduction (155)
[2017.12.13-02.09.47:363][642]LogModuleManager: Shutting down and abandoning module QuadricMeshReduction (153)
[2017.12.13-02.09.47:378][642]LogModuleManager: Shutting down and abandoning module MaterialBaking (149)
[2017.12.13-02.09.47:395][642]LogModuleManager: Shutting down and abandoning module DirectoryWatcher (146)
[2017.12.13-02.09.47:402][642]LogModuleManager: Shutting down and abandoning module DerivedDataCache (144)
[2017.12.13-02.09.47:455][642]LogDerivedDataCache: Shutdown
[2017.12.13-02.09.47:455][642]LogModuleManager: Shutting down and abandoning module TargetPlatform (142)
[2017.12.13-02.09.47:455][642]LogModuleManager: Shutting down and abandoning module VulkanShaderFormat (141)
[2017.12.13-02.09.47:495][642]LogModuleManager: Shutting down and abandoning module ShaderFormatVectorVM (139)
[2017.12.13-02.09.47:507][642]LogModuleManager: Shutting down and abandoning module ShaderFormatOpenGL (137)
[2017.12.13-02.09.47:521][642]LogModuleManager: Shutting down and abandoning module ShaderFormatD3D (135)
[2017.12.13-02.09.47:534][642]LogModuleManager: Shutting down and abandoning module MetalShaderFormat (133)
[2017.12.13-02.09.47:553][642]LogModuleManager: Shutting down and abandoning module TextureFormatUncompressed (131)
[2017.12.13-02.09.47:553][642]LogModuleManager: Shutting down and abandoning module TextureFormatPVR (129)
[2017.12.13-02.09.47:553][642]LogModuleManager: Shutting down and abandoning module TextureFormatDXT (127)
[2017.12.13-02.09.47:553][642]LogModuleManager: Shutting down and abandoning module TextureFormatIntelISPCTexComp (125)
[2017.12.13-02.09.47:565][642]LogModuleManager: Shutting down and abandoning module TextureFormatASTC (123)
[2017.12.13-02.09.47:565][642]LogModuleManager: Shutting down and abandoning module ImageWrapper (122)
[2017.12.13-02.09.47:565][642]LogModuleManager: Shutting down and abandoning module TextureFormatAndroid (119)
[2017.12.13-02.09.47:566][642]LogModuleManager: Shutting down and abandoning module AudioFormatOpus (117)
[2017.12.13-02.09.47:566][642]LogModuleManager: Shutting down and abandoning module AudioFormatOgg (115)
[2017.12.13-02.09.47:566][642]LogModuleManager: Shutting down and abandoning module AudioFormatADPCM (113)
[2017.12.13-02.09.47:566][642]LogModuleManager: Shutting down and abandoning module LinuxTargetPlatform (111)
[2017.12.13-02.09.47:566][642]LogModuleManager: Shutting down and abandoning module LinuxServerTargetPlatform (109)
[2017.12.13-02.09.47:566][642]LogModuleManager: Shutting down and abandoning module LinuxNoEditorTargetPlatform (107)
[2017.12.13-02.09.47:566][642]LogModuleManager: Shutting down and abandoning module LinuxClientTargetPlatform (105)
[2017.12.13-02.09.47:566][642]LogModuleManager: Shutting down and abandoning module TVOSTargetPlatform (103)
[2017.12.13-02.09.47:566][642]LogModuleManager: Shutting down and abandoning module Messaging (101)
[2017.12.13-02.09.47:566][642]LogModuleManager: Shutting down and abandoning module IOSTargetPlatform (99)
[2017.12.13-02.09.47:566][642]LogModuleManager: Shutting down and abandoning module HTML5TargetPlatform (97)
[2017.12.13-02.09.47:566][642]LogModuleManager: Shutting down and abandoning module Android_PVRTCTargetPlatform (95)
[2017.12.13-02.09.47:566][642]LogModuleManager: Shutting down and abandoning module Android_MultiTargetPlatform (93)
[2017.12.13-02.09.47:566][642]LogModuleManager: Shutting down and abandoning module Android_ETC2TargetPlatform (91)
[2017.12.13-02.09.47:566][642]LogModuleManager: Shutting down and abandoning module Android_ETC1TargetPlatform (89)
[2017.12.13-02.09.47:566][642]LogModuleManager: Shutting down and abandoning module Android_DXTTargetPlatform (87)
[2017.12.13-02.09.47:566][642]LogModuleManager: Shutting down and abandoning module Android_ATCTargetPlatform (85)
[2017.12.13-02.09.47:566][642]LogModuleManager: Shutting down and abandoning module Android_ASTCTargetPlatform (83)
[2017.12.13-02.09.47:566][642]LogModuleManager: Shutting down and abandoning module AndroidTargetPlatform (81)
[2017.12.13-02.09.47:566][642]LogModuleManager: Shutting down and abandoning module WindowsTargetPlatform (79)
[2017.12.13-02.09.47:566][642]LogModuleManager: Shutting down and abandoning module WindowsServerTargetPlatform (77)
[2017.12.13-02.09.47:566][642]LogModuleManager: Shutting down and abandoning module WindowsNoEditorTargetPlatform (75)
[2017.12.13-02.09.47:566][642]LogModuleManager: Shutting down and abandoning module WindowsClientTargetPlatform (73)
[2017.12.13-02.09.47:566][642]LogModuleManager: Shutting down and abandoning module MacTargetPlatform (71)
[2017.12.13-02.09.47:566][642]LogModuleManager: Shutting down and abandoning module MacServerTargetPlatform (69)
[2017.12.13-02.09.47:566][642]LogModuleManager: Shutting down and abandoning module MacNoEditorTargetPlatform (67)
[2017.12.13-02.09.47:566][642]LogModuleManager: Shutting down and abandoning module MacClientTargetPlatform (65)
[2017.12.13-02.09.47:566][642]LogModuleManager: Shutting down and abandoning module AllDesktopTargetPlatform (63)
[2017.12.13-02.09.47:566][642]LogModuleManager: Shutting down and abandoning module InputCore (60)
[2017.12.13-02.09.47:566][642]LogModuleManager: Shutting down and abandoning module Settings (58)
[2017.12.13-02.09.47:566][642]LogModuleManager: Shutting down and abandoning module PhysXCooking (56)
[2017.12.13-02.09.47:566][642]LogModuleManager: Shutting down and abandoning module SteamVR (54)
[2017.12.13-02.09.47:566][642]LogModuleManager: Shutting down and abandoning module OculusHMD (52)
[2017.12.13-02.09.47:582][642]LogModuleManager: Shutting down and abandoning module ExampleDeviceProfileSelector (50)
[2017.12.13-02.09.47:583][642]LogModuleManager: Shutting down and abandoning module OnlineBlueprintSupport (48)
[2017.12.13-02.09.47:583][642]LogModuleManager: Shutting down and abandoning module OnlineSubsystem (44)
[2017.12.13-02.09.47:583][642]LogOnline: Display: Unloading online subsystem: NULL
[2017.12.13-02.09.47:639][642]LogModuleManager: Shutting down and abandoning module XMPP (43)
[2017.12.13-02.09.47:659][642]LogModuleManager: Shutting down and abandoning module HTTP (41)
[2017.12.13-02.09.47:659][642]LogHttp: Display: Http module shutting down, but needs to wait on 1 outstanding Http requests:
[2017.12.13-02.09.47:668][642]LogHttp: Display: 	verb=[POST] url=[https://datarouter.ol.epicgames.com/datarouter/api/v1/public/data?SessionID=%7B26B93C8A-4265-AAFB-C220-A78543B1666C%7D&AppID=UEEditor.Rocket.Release&AppVersion=4.17.2-3658906%2B%2B%2BUE4%2BRelease-4.17&UserID=01e94a2c4f636a563311e5b28bd16fa0%7C495f3335c5724314bcf7c78d424bc0ae%7C7e43c01f-2dfc-4db6-9423-a02c9184544b&AppEnvironment=datacollector-binary&UploadType=eteventstream] status=Processing
[2017.12.13-02.09.47:690][642]LogModuleManager: Shutting down and abandoning module SSL (40)
[2017.12.13-02.09.47:764][642]LogModuleManager: Shutting down and abandoning module AnimationModifiers (36)
[2017.12.13-02.09.47:788][642]LogModuleManager: Shutting down and abandoning module PropertyEditor (35)
[2017.12.13-02.09.47:788][642]LogModuleManager: Shutting down and abandoning module AudioEditor (32)
[2017.12.13-02.09.47:837][642]LogModuleManager: Shutting down and abandoning module TextureCompressor (30)
[2017.12.13-02.09.47:837][642]LogModuleManager: Shutting down and abandoning module ShaderCore (28)
[2017.12.13-02.09.47:837][642]LogModuleManager: Shutting down and abandoning module Landscape (26)
[2017.12.13-02.09.47:837][642]LogModuleManager: Shutting down and abandoning module SlateRHIRenderer (24)
[2017.12.13-02.09.47:913][642]LogModuleManager: Shutting down and abandoning module OpenGLDrv (22)
[2017.12.13-02.09.47:937][642]LogModuleManager: Shutting down and abandoning module D3D11RHI (20)
[2017.12.13-02.09.47:937][642]LogModuleManager: Shutting down and abandoning module AnimGraphRuntime (18)
[2017.12.13-02.09.47:956][642]LogModuleManager: Shutting down and abandoning module Renderer (16)
[2017.12.13-02.09.47:956][642]LogModuleManager: Shutting down and abandoning module Engine (14)
[2017.12.13-02.09.47:956][642]LogModuleManager: Shutting down and abandoning module CoreUObject (12)
[2017.12.13-02.09.47:956][642]LogModuleManager: Shutting down and abandoning module NetworkFile (10)
[2017.12.13-02.09.47:973][642]LogModuleManager: Shutting down and abandoning module CookedIterativeFile (8)
[2017.12.13-02.09.47:973][642]LogModuleManager: Shutting down and abandoning module StreamingFile (6)
[2017.12.13-02.09.47:981][642]LogModuleManager: Shutting down and abandoning module SandboxFile (4)
[2017.12.13-02.09.47:996][642]LogModuleManager: Shutting down and abandoning module PakFile (2)
[2017.12.13-02.09.48:020][642]LogExit: Exiting.
[2017.12.13-02.09.48:048][642]Log file closed, 12/13/17 02:09:48
