Log file open, 10/20/17 00:34:10
LogWindows: Failed to load 'aqProf.dll' (GetLastError=126)
LogWindows: File 'aqProf.dll' does not exist
LogWindows: Failed to load 'VtuneApi.dll' (GetLastError=126)
LogWindows: File 'VtuneApi.dll' does not exist
LogWindows: Failed to load 'VtuneApi32e.dll' (GetLastError=126)
LogWindows: File 'VtuneApi32e.dll' does not exist
LogInit: Display: Running engine for game: ProjectOrca
LogPlatformFile: Not using cached read wrapper
LogInit: Display: RandInit(1379044773) SRandInit(1379044774).
LogTaskGraph: Started task graph with 5 named threads and 14 total threads with 3 sets of task threads.
LogStats: Stats thread started at 0.160842
LogD3D11RHI: Aftermath initialized
LogPluginManager: Mounting plugin Paper2D
LogPluginManager: Mounting plugin LightPropagationVolume
LogPluginManager: Mounting plugin CodeLiteSourceCodeAccess
LogPluginManager: Mounting plugin GitSourceControl
LogPluginManager: Mounting plugin KDevelopSourceCodeAccess
LogPluginManager: Mounting plugin NullSourceCodeAccess
LogPluginManager: Mounting plugin PerforceSourceControl
LogPluginManager: Mounting plugin SubversionSourceControl
LogPluginManager: Mounting plugin UObjectPlugin
LogPluginManager: Mounting plugin VisualStudioSourceCodeAccess
LogPluginManager: Mounting plugin XCodeSourceCodeAccess
LogPluginManager: Mounting plugin AssetManagerEditor
LogPluginManager: Mounting plugin AudioCapture
LogPluginManager: Mounting plugin FacialAnimation
LogPluginManager: Mounting plugin GameplayTagsEditor
LogPluginManager: Mounting plugin MobileLauncherProfileWizard
LogPluginManager: Mounting plugin PluginBrowser
LogPluginManager: Mounting plugin SpeedTreeImporter
LogPluginManager: Mounting plugin AlembicImporter
LogPluginManager: Mounting plugin CharacterAI
LogPluginManager: Mounting plugin HTML5Networking
LogPluginManager: Mounting plugin AndroidMedia
LogPluginManager: Mounting plugin AvfMedia
LogPluginManager: Mounting plugin MediaPlayerEditor
LogPluginManager: Mounting plugin WmfMedia
LogPluginManager: Mounting plugin TcpMessaging
LogPluginManager: Mounting plugin UdpMessaging
LogPluginManager: Mounting plugin LevelSequenceEditor
LogPluginManager: Mounting plugin MatineeToLevelSequence
LogPluginManager: Mounting plugin OnlineSubsystemGooglePlay
LogPluginManager: Mounting plugin OnlineSubsystemIOS
LogPluginManager: Mounting plugin OnlineSubsystem
LogPluginManager: Mounting plugin OnlineSubsystemNull
LogPluginManager: Mounting plugin OnlineSubsystemUtils
LogPluginManager: Mounting plugin AndroidDeviceProfileSelector
LogPluginManager: Mounting plugin AndroidMoviePlayer
LogPluginManager: Mounting plugin AndroidPermission
LogPluginManager: Mounting plugin AppleMoviePlayer
LogPluginManager: Mounting plugin ArchVisCharacter
LogPluginManager: Mounting plugin CableComponent
LogPluginManager: Mounting plugin CustomMeshComponent
LogPluginManager: Mounting plugin ExampleDeviceProfileSelector
LogPluginManager: Mounting plugin GoogleCloudMessaging
LogPluginManager: Mounting plugin ImmediatePhysics
LogPluginManager: Mounting plugin IOSDeviceProfileSelector
LogPluginManager: Mounting plugin LinuxDeviceProfileSelector
LogPluginManager: Mounting plugin LocationServicesBPLibrary
LogPluginManager: Mounting plugin MobilePatchingUtils
LogPluginManager: Mounting plugin OculusVR
LogPluginManager: Mounting plugin PhysXVehicles
LogPluginManager: Mounting plugin ProceduralMeshComponent
LogPluginManager: Mounting plugin RuntimePhysXCooking
LogPluginManager: Mounting plugin SteamVR
LogPluginManager: Mounting plugin WindowsMoviePlayer
LogInit: Using libcurl 7.47.1
LogInit:  - built for x86_64-pc-win32
LogInit:  - supports SSL with OpenSSL/1.0.2g
LogInit:  - supports HTTP deflate (compression) using libz 1.2.8
LogInit:  - other features:
LogInit:      CURL_VERSION_SSL
LogInit:      CURL_VERSION_LIBZ
LogInit:      CURL_VERSION_IPV6
LogInit:      CURL_VERSION_ASYNCHDNS
LogInit:      CURL_VERSION_LARGEFILE
LogInit:      CURL_VERSION_IDN
LogInit:  CurlRequestOptions (configurable via config and command line):
LogInit:  - bVerifyPeer = false  - Libcurl will NOT verify peer certificate
LogInit:  - bUseHttpProxy = false  - Libcurl will NOT use HTTP proxy
LogInit:  - bDontReuseConnections = false  - Libcurl will reuse connections
LogInit:  - CertBundlePath = nullptr  - Libcurl will use whatever was configured at build time.
LogInit: Build: ++UE4+Release-4.17-CL-3658906
LogInit: Engine Version: 4.17.2-3658906+++UE4+Release-4.17
LogInit: Compatible Engine Version: 4.17.0-3573198+++UE4+Release-4.17
LogInit: Net CL: 3573198
LogDevObjectVersion: Number of dev versions registered: 16
LogDevObjectVersion:   Dev-Blueprints (B0D832E4-1F89-4F0D-ACCF-7EB736FD4AA2): 10
LogDevObjectVersion:   Dev-Build (E1C64328-A22C-4D53-A36C-8E866417BD8C): 0
LogDevObjectVersion:   Dev-Core (375EC13C-06E4-48FB-B500-84F0262A717E): 2
LogDevObjectVersion:   Dev-Editor (E4B068ED-F494-42E9-A231-DA0B2E46BB41): 20
LogDevObjectVersion:   Dev-Framework (CFFC743F-43B0-4480-9391-14DF171D2073): 28
LogDevObjectVersion:   Dev-Mobile (B02B49B5-BB20-44E9-A304-32B752E40360): 0
LogDevObjectVersion:   Dev-Networking (A4E4105C-59A1-49B5-A7C5-40C4547EDFEE): 0
LogDevObjectVersion:   Dev-Online (39C831C9-5AE6-47DC-9A44-9C173E1C8E7C): 0
LogDevObjectVersion:   Dev-Physics (78F01B33-EBEA-4F98-B9B4-84EACCB95AA2): 0
LogDevObjectVersion:   Dev-Platform (6631380F-2D4D-43E0-8009-CF276956A95A): 0
LogDevObjectVersion:   Dev-Rendering (12F88B9F-8875-4AFC-A67C-D90C383ABD29): 19
LogDevObjectVersion:   Dev-Sequencer (7B5AE74C-D270-4C10-A958-57980B212A5A): 4
LogDevObjectVersion:   Dev-VR (D7296918-1DD6-4BDD-9DE2-64A83CC13884): 0
LogDevObjectVersion:   Dev-LoadTimes (C2A15278-BFE7-4AFE-6C17-90FF531DF755): 1
LogDevObjectVersion:   Private-Geometry (6EACA3D4-40EC-4CC1-B786-8BED09428FC5): 1
LogDevObjectVersion:   Dev-AnimPhys (29E575DD-E0A3-4627-9D10-D276232CDCEA): 7
LogInit: Compiled (64-bit): Sep 22 2017 13:47:16
LogInit: Compiled with Visual C++: 19.00.24215.01
LogInit: Build Configuration: Development
LogInit: Branch Name: ++UE4+Release-4.17
LogInit: Command line: -EpicPortal 
LogInit: Base directory: E:/Epic Games/UE_4.17/Engine/Binaries/Win64/
LogInit: Installed Engine Build: 1
LogInit: Presizing for max 8388607 objects, including 0 objects not considered by GC, pre-allocating 0 bytes for permanent pool.
LogInit: Object subsystem initialized
[2017.10.19-23.34.11:222][  0]LogInit: Selected Device Profile: [Windows]
[2017.10.19-23.34.11:222][  0]LogInit: Applying CVar settings loaded from the selected device profile: [Windows]
[2017.10.19-23.34.11:233][  0]LogInit: Computer: SEVASTOPOL
[2017.10.19-23.34.11:233][  0]LogInit: User: JamesDavies
[2017.10.19-23.34.11:233][  0]LogInit: CPU Page size=4096, Cores=4
[2017.10.19-23.34.11:233][  0]LogInit: High frequency timer resolution =3.417967 MHz
[2017.10.19-23.34.11:233][  0]LogMemory: Memory total: Physical=15.9GB (16GB approx)
[2017.10.19-23.34.11:233][  0]LogMemory: Platform Memory Stats for Windows
[2017.10.19-23.34.11:233][  0]LogMemory: Process Physical Memory: 278.12 MB used, 278.12 MB peak
[2017.10.19-23.34.11:233][  0]LogMemory: Process Virtual Memory: 274.39 MB used, 274.39 MB peak
[2017.10.19-23.34.11:233][  0]LogMemory: Physical Memory: 10415.69 MB used,  5871.20 MB free, 16286.89 MB total
[2017.10.19-23.34.11:233][  0]LogMemory: Virtual Memory: 668.33 MB used,  5871.20 MB free, 134217728.00 MB total
[2017.10.19-23.34.11:333][  0]LogInit: Using OS detected language (en-GB).
[2017.10.19-23.34.11:333][  0]LogInit: Using OS detected locale (en-GB).
[2017.10.19-23.34.11:335][  0]LogTextLocalizationManager: No specific localization for 'en-GB' exists, so the 'en' localization will be used.
[2017.10.19-23.34.11:932][  0]LogD3D11RHI: D3D11 adapters:
[2017.10.19-23.34.11:970][  0]LogD3D11RHI:    0. 'NVIDIA GeForce GTX 960' (Feature Level 11_0)
[2017.10.19-23.34.11:970][  0]LogD3D11RHI:       2016/0/8143 MB DedicatedVideo/DedicatedSystem/SharedSystem, Outputs:2, VendorId:0x10de
[2017.10.19-23.34.11:971][  0]LogD3D11RHI:    1. 'Microsoft Basic Render Driver' (Feature Level 11_0)
[2017.10.19-23.34.11:972][  0]LogD3D11RHI:       0/0/8143 MB DedicatedVideo/DedicatedSystem/SharedSystem, Outputs:0, VendorId:0x1414
[2017.10.19-23.34.11:972][  0]LogD3D11RHI: Chosen D3D11 Adapter: 0
[2017.10.19-23.34.11:980][  0]LogD3D11RHI: Creating new Direct3DDevice
[2017.10.19-23.34.11:980][  0]LogD3D11RHI:     GPU DeviceId: 0x1401 (for the marketing name, search the web for "GPU Device Id")
[2017.10.19-23.34.11:980][  0]LogWindows: EnumDisplayDevices:
[2017.10.19-23.34.11:981][  0]LogWindows:    0. 'NVIDIA GeForce GTX 960' (P:1 D:1)
[2017.10.19-23.34.11:981][  0]LogWindows:    1. 'NVIDIA GeForce GTX 960' (P:0 D:1)
[2017.10.19-23.34.11:981][  0]LogWindows:    2. 'NVIDIA GeForce GTX 960' (P:0 D:0)
[2017.10.19-23.34.11:981][  0]LogWindows:    3. 'NVIDIA GeForce GTX 960' (P:0 D:0)
[2017.10.19-23.34.11:982][  0]LogWindows: DebugString: FoundDriverCount:4 
[2017.10.19-23.34.11:982][  0]LogD3D11RHI:     Adapter Name: NVIDIA GeForce GTX 960
[2017.10.19-23.34.11:982][  0]LogD3D11RHI:   Driver Version: 384.76 (internal:22.21.13.8476, unified:384.76)
[2017.10.19-23.34.11:982][  0]LogD3D11RHI:      Driver Date: 6-27-2017
[2017.10.19-23.34.11:982][  0]LogRHI: Texture pool is 1361 MB (70% of 1945 MB)
[2017.10.19-23.34.12:002][  0]LogD3D11RHI: Async texture creation enabled
[2017.10.19-23.34.12:012][  0]LogD3D11RHI: GPU Timing Frequency: 1000.000000 (Debug: 2 1)
[2017.10.19-23.34.12:061][  0]LogShaderCompilers: Guid format shader working directory is 25 characters bigger than the processId version (F:/Project Orca/projectorca/Intermediate/Shaders/WorkingDirectory/38944/).
[2017.10.19-23.34.12:061][  0]LogShaderCompilers: Cleaned the shader compiler working directory 'C:/Users/James Davies/AppData/Local/Temp/UnrealShaderWorkingDir/C6F341074BF1D4B8084DE7AEB6D2D805/'.
[2017.10.19-23.34.12:062][  0]LogShaderCompilers: Display: Using Local Shader Compiler.
[2017.10.19-23.34.12:796][  0]LogTemp: Display: Loaded TP AllDesktopTargetPlatform
[2017.10.19-23.34.12:839][  0]LogTemp: Display: Loaded TP MacClientTargetPlatform
[2017.10.19-23.34.12:875][  0]LogTemp: Display: Loaded TP MacNoEditorTargetPlatform
[2017.10.19-23.34.12:910][  0]LogTemp: Display: Loaded TP MacServerTargetPlatform
[2017.10.19-23.34.12:943][  0]LogTemp: Display: Loaded TP MacTargetPlatform
[2017.10.19-23.34.12:976][  0]LogTemp: Display: Loaded TP WindowsClientTargetPlatform
[2017.10.19-23.34.13:010][  0]LogTemp: Display: Loaded TP WindowsNoEditorTargetPlatform
[2017.10.19-23.34.13:043][  0]LogTemp: Display: Loaded TP WindowsServerTargetPlatform
[2017.10.19-23.34.13:068][  0]LogTemp: Display: Loaded TP WindowsTargetPlatform
[2017.10.19-23.34.13:100][  0]LogTemp: Display: Loaded TP AndroidTargetPlatform
[2017.10.19-23.34.13:132][  0]LogTemp: Display: Loaded TP Android_ASTCTargetPlatform
[2017.10.19-23.34.13:163][  0]LogTemp: Display: Loaded TP Android_ATCTargetPlatform
[2017.10.19-23.34.13:196][  0]LogTemp: Display: Loaded TP Android_DXTTargetPlatform
[2017.10.19-23.34.13:228][  0]LogTemp: Display: Loaded TP Android_ETC1TargetPlatform
[2017.10.19-23.34.13:260][  0]LogTemp: Display: Loaded TP Android_ETC2TargetPlatform
[2017.10.19-23.34.13:322][  0]LogTemp: Display: Loaded TP Android_MultiTargetPlatform
[2017.10.19-23.34.13:322][  0]LogTemp: Display: Loaded TP Android_PVRTCTargetPlatform
[2017.10.19-23.34.13:345][  0]LogTemp: Display: Loaded TP HTML5TargetPlatform
[2017.10.19-23.34.13:411][  0]LogTemp: Display: Loaded TP IOSTargetPlatform
[2017.10.19-23.34.13:429][  0]LogTemp: Display: Loaded TP TVOSTargetPlatform
[2017.10.19-23.34.13:460][  0]LogTemp: Display: Loaded TP LinuxClientTargetPlatform
[2017.10.19-23.34.13:492][  0]LogTemp: Display: Loaded TP LinuxNoEditorTargetPlatform
[2017.10.19-23.34.13:524][  0]LogTemp: Display: Loaded TP LinuxServerTargetPlatform
[2017.10.19-23.34.13:555][  0]LogTemp: Display: Loaded TP LinuxTargetPlatform
[2017.10.19-23.34.13:555][  0]LogTargetPlatformManager: Display: Building Assets For Windows
[2017.10.19-23.34.13:825][  0]LogDerivedDataCache: Display: Max Cache Size: 512 MB
[2017.10.19-23.34.13:903][  0]LogDerivedDataCache: Loaded boot cache 0.08s 105MB C:/Users/James Davies/AppData/Local/UnrealEngine/4.17/DerivedDataCache/Boot.ddc.
[2017.10.19-23.34.13:903][  0]LogDerivedDataCache: Display: Loaded Boot cache: C:/Users/James Davies/AppData/Local/UnrealEngine/4.17/DerivedDataCache/Boot.ddc
[2017.10.19-23.34.13:904][  0]LogDerivedDataCache: FDerivedDataBackendGraph:  Pak pak cache file F:/Project Orca/projectorca/DerivedDataCache/DDC.ddp not found, will not use a pak cache.
[2017.10.19-23.34.13:904][  0]LogDerivedDataCache: Unable to find inner node Pak for hierarchical cache Hierarchy.
[2017.10.19-23.34.13:904][  0]LogDerivedDataCache: FDerivedDataBackendGraph:  CompressedPak pak cache file F:/Project Orca/projectorca/DerivedDataCache/Compressed.ddp not found, will not use a pak cache.
[2017.10.19-23.34.13:904][  0]LogDerivedDataCache: Unable to find inner node CompressedPak for hierarchical cache Hierarchy.
[2017.10.19-23.34.13:918][  0]LogDerivedDataCache: Display: Pak cache opened for reading ../../../Engine/DerivedDataCache/Compressed.ddp.
[2017.10.19-23.34.13:930][  0]LogDerivedDataCache: Using Local data cache path C:/Users/James Davies/AppData/Local/UnrealEngine/Common/DerivedDataCache: Writable
[2017.10.19-23.34.13:939][  0]LogMaterial: Verifying Global Shaders for PCD3D_SM5
[2017.10.19-23.34.13:940][  0]LogSlate: Using Freetype 2.6.0
[2017.10.19-23.34.13:940][  0]LogSlate: SlateFontCache - WITH_FREETYPE: 1, WITH_HARFBUZZ: 1
[2017.10.19-23.34.13:940][  0]LogSlate: SlateFontCache - WITH_FREETYPE: 1, WITH_HARFBUZZ: 1
[2017.10.19-23.34.14:158][  0]LogAssetRegistry: FAssetRegistry took 0.0247 seconds to start up
[2017.10.19-23.34.14:242][  0]LogInit: Selected Device Profile: [Windows]
[2017.10.19-23.34.14:344][  0]LogContentStreaming: Texture pool size is 0.00 MB
[2017.10.19-23.34.14:536][  0]LogSimplygon: Simplygon DLL not present - disabling.
[2017.10.19-23.34.14:558][  0]LogMeshReduction: Using SimplygonSwarm for distributed automatic mesh merging
[2017.10.19-23.34.14:558][  0]LogMeshReduction: Using QuadricMeshReduction for automatic static mesh reduction
[2017.10.19-23.34.14:558][  0]LogMeshReduction: No automatic skeletal mesh reduction module available
[2017.10.19-23.34.14:558][  0]LogMeshReduction: No automatic mesh merging module available
[2017.10.19-23.34.14:558][  0]LogMeshMerging: No automatic mesh merging module available
[2017.10.19-23.34.14:812][  0]LogNetVersion: ProjectOrca , NetCL: 3573198, EngineNetVer: 2, GameNetVer: 0 (Checksum: 811679591)
[2017.10.19-23.34.14:958][  0]LogPackageLocalizationCache: Processed 5 localized package path(s) for 2 prioritized culture(s) in 0.036779 seconds
[2017.10.19-23.34.14:964][  0]LogUObjectArray: 35825 objects as part of root set at end of initial load.
[2017.10.19-23.34.14:964][  0]LogUObjectAllocator: 7529112 out of 0 bytes used by permanent object pool.
[2017.10.19-23.34.14:964][  0]LogUObjectArray: CloseDisregardForGC: 0/0 objects in disregard for GC pool
[2017.10.19-23.34.14:994][  0]LogInit: WinSock: version 1.1 (2.2), MaxSocks=32767, MaxUdp=65467
[2017.10.19-23.34.16:694][  0]LogTcpMessaging: Initializing TcpMessaging bridge
[2017.10.19-23.34.16:727][  0]LogUdpMessaging: Initializing bridge on interface 0.0.0.0:0 to multicast group 230.0.0.1:6666.
[2017.10.19-23.34.17:129][  0]LogMaterial: Uniform references updated for custom material expression Custom.
[2017.10.19-23.34.17:389][  0]SourceControl: Source control is disabled
[2017.10.19-23.34.17:389][  0]SourceControl: Source control is disabled
[2017.10.19-23.34.17:418][  0]SourceControl: Source control is disabled
[2017.10.19-23.34.17:446][  0]SourceControl: Source control is disabled
[2017.10.19-23.34.17:789][  0]LogAndroidPermission: UAndroidPermissionCallbackProxy::GetInstance
[2017.10.19-23.34.17:936][  0]LogOcInput: OculusInput pre-init called
[2017.10.19-23.34.18:098][  0]LogEngine: Initializing Engine...
[2017.10.19-23.34.18:124][  0]LogHMD: Failed to initialize OpenVR with code 126
[2017.10.19-23.34.18:304][  0]LogStats: UGameplayTagsManager::ConstructGameplayTagTree: Construct from data asset -  0.000 s
[2017.10.19-23.34.18:304][  0]LogStats: UGameplayTagsManager::ConstructGameplayTagTree: GameplayTagTreeChangedEvent.Broadcast -  0.000 s
[2017.10.19-23.34.18:393][  0]LogAIModule: Creating AISystem for world Untitled
[2017.10.19-23.34.18:405][  0]LogInit: XAudio2 using 'Speakers (Sound Blaster Z)' : 6 channels at 48 kHz using 32 bits per sample (channel mask 0x3f)
[2017.10.19-23.34.18:415][  0]LogInit: FAudioDevice initialized.
[2017.10.19-23.34.18:506][  0]LogDerivedDataCache: Saved boot cache 0.09s 105MB C:/Users/James Davies/AppData/Local/UnrealEngine/4.17/DerivedDataCache/Boot.ddc.
[2017.10.19-23.34.18:523][  0]LogInit: Texture streaming: Enabled
[2017.10.19-23.34.18:593][  0]LogEngineSessionManager: EngineSessionManager initialized
[2017.10.19-23.34.18:731][  0]LogWindowsTextInputMethodSystem: Display: IME system now deactivated.
[2017.10.19-23.34.18:731][  0]LogWindowsTextInputMethodSystem: Display: IME system now deactivated.
[2017.10.19-23.34.18:761][  0]LogInit: Transaction tracking system initialized
[2017.10.19-23.34.18:946][  0]BlueprintLog: New page: Editor Load
[2017.10.19-23.34.19:574][  0]LocalizationService: Localization service is disabled
[2017.10.19-23.34.20:045][  0]LogConsoleResponse: Display: 
[2017.10.19-23.34.20:199][  0]LogCook: Display: Max memory allowance for cook 16384mb min free memory 0mb
[2017.10.19-23.34.20:199][  0]LogCook: Display: Mobile HDR setting 1
[2017.10.19-23.34.20:199][  0]LogGameplayTags: Display: UGameplayTagsManager::DoneAddingNativeTags. DelegateIsBound: 0
[2017.10.19-23.34.20:841][  0]LogFileCache: Scanning file cache for directory 'F:/Project Orca/projectorca/Content/' took 0.01s
[2017.10.19-23.34.20:841][  0]SourceControl: Source control is disabled
[2017.10.19-23.34.20:841][  0]Cmd: MAP LOAD FILE="F:/Project Orca/projectorca/Content/Maps/DevMap.umap" TEMPLATE=0 SHOWPROGRESS=1 FEATURELEVEL=3
[2017.10.19-23.34.20:841][  0]LightingResults: New page: Lighting Build
[2017.10.19-23.34.20:867][  0]MapCheck: New page: Map Check
[2017.10.19-23.34.20:867][  0]LightingResults: New page: Lighting Build
[2017.10.19-23.34.21:478][  0]LogAIModule: Creating AISystem for world DevMap
[2017.10.19-23.34.21:509][  0]LogEditorServer: Finished looking for orphan Actors (0.000 secs)
[2017.10.19-23.34.21:530][  0]Cmd: MAP CHECKDEP NOCLEARLOG
[2017.10.19-23.34.21:600][  0]MapCheck: Map check complete: 0 Error(s), 0 Warning(s), took 69.616ms to complete.
[2017.10.19-23.34.21:600][  0]LogFileHelpers: Loading map 'DevMap' took 0.759
[2017.10.19-23.34.21:762][  0]LogCollectionManager: Loaded 0 collections in 0.000693 seconds
[2017.10.19-23.34.21:826][  0]LogFileCache: Scanning file cache for directory 'F:/Project Orca/projectorca/Saved/Collections/' took 0.01s
[2017.10.19-23.34.21:826][  0]LogFileCache: Scanning file cache for directory 'F:/Project Orca/projectorca/Content/Developers/JamesDavies/Collections/' took 0.01s
[2017.10.19-23.34.21:826][  0]LogFileCache: Scanning file cache for directory 'F:/Project Orca/projectorca/Content/Collections/' took 0.01s
[2017.10.19-23.34.21:826][  0]LogCollectionManager: Rebuilt the GUID cache for 0 collections in 0.000001 seconds
[2017.10.19-23.34.21:833][  0]LogContentBrowser: Native class hierarchy populated in 0.0072 seconds. Added 2386 classes and 500 folders.
[2017.10.19-23.34.21:873][  0]LogContentBrowser: Native class hierarchy updated for 'WidgetCarousel' in 0.0006 seconds. Added 0 classes and 0 folders.
[2017.10.19-23.34.21:903][  0]LogContentBrowser: Native class hierarchy updated for 'AddContentDialog' in 0.0005 seconds. Added 0 classes and 0 folders.
[2017.10.19-23.34.21:932][  0]LogContentBrowser: Native class hierarchy updated for 'SceneOutliner' in 0.0005 seconds. Added 1 classes and 2 folders.
[2017.10.19-23.34.21:953][  0]LogSlate: Took 0.000164 seconds to synchronously load lazily loaded font '../../../Engine/Content/Slate/Fonts/Roboto-Regular.ttf' (155K)
[2017.10.19-23.34.21:955][  0]LogSlate: Took 0.000162 seconds to synchronously load lazily loaded font '../../../Engine/Content/Slate/Fonts/Roboto-Bold.ttf' (160K)
[2017.10.19-23.34.21:959][  0]LogSlate: Took 0.000169 seconds to synchronously load lazily loaded font '../../../Engine/Content/Editor/Slate/Fonts/FontAwesome.ttf' (139K)
[2017.10.19-23.34.22:076][  0]LogContentBrowser: Native class hierarchy updated for 'HierarchicalLODOutliner' in 0.0007 seconds. Added 1 classes and 2 folders.
[2017.10.19-23.34.22:076][  0]LogLoad: (Engine Initialization) Total time: 12.00 seconds
[2017.10.19-23.34.22:076][  0]LogLoad: (Engine Initialization) Total Blueprint compile time: 0.00 seconds
[2017.10.19-23.34.22:076][  0]LogExternalProfiler: Found external profiler: VSPerf
[2017.10.19-23.34.22:076][  0]LogExternalProfiler: Using external profiler: VSPerf
[2017.10.19-23.34.22:447][  0]LogContentStreaming: Texture pool size now 1000 MB
[2017.10.19-23.34.22:749][  1]LogRenderer: Reallocating scene render targets to support 604x276 Format 10 NumSamples 1 (Frame:1).
[2017.10.19-23.34.22:749][  1]LogRenderer: Reallocating scene render targets to support 1208x552 Format 10 NumSamples 1 (Frame:1).
[2017.10.19-23.34.22:749][  1]LogFileCache: Retrieving MD5 hashes for directory 'F:/Project Orca/projectorca/Content/' took 0.32s
[2017.10.19-23.34.22:757][  1]LogAssetRegistry: Asset discovery search completed in 8.6207 seconds
[2017.10.19-23.34.22:759][  1]LogCollectionManager: Rebuilt the object cache for 0 collections in 0.000001 seconds (found 0 objects)
[2017.10.19-23.34.22:759][  1]LogCollectionManager: Fixed up redirectors for 0 collections in 0.000090 seconds (updated 0 objects)
[2017.10.19-23.34.29:152][249]LogSlate: Took 0.000197 seconds to synchronously load lazily loaded font '../../../Engine/Content/Slate/Fonts/Roboto-Light.ttf' (159K)
[2017.10.19-23.34.34:656][829]LogSlate: Took 0.000169 seconds to synchronously load lazily loaded font '../../../Engine/Content/Slate/Fonts/Roboto-Light.ttf' (159K)
[2017.10.19-23.34.35:912][829]LogTexture: Display: Building textures: HQ_Lightmap1_2 (AutoDXT, 128X128)
[2017.10.19-23.34.35:912][829]LogTexture: Display: Building textures: HQ_Lightmap1_3 (AutoDXT, 1024X1024)
[2017.10.19-23.34.35:912][829]LogTexture: Display: Building textures: HQ_Lightmap1_1 (AutoDXT, 1024X1024)
[2017.10.19-23.34.35:912][829]LogTexture: Display: Building textures: HQ_Lightmap1_4 (AutoDXT, 128X128)
[2017.10.19-23.34.35:912][829]LogTexture: Display: Building textures: HQ_Lightmap1_5 (AutoDXT, 128X128)
[2017.10.19-23.34.35:912][829]LogTexture: Display: Building textures: HQ_Lightmap1_6 (AutoDXT, 64X64)
[2017.10.19-23.34.35:912][829]LogTexture: Display: Building textures: LQ_Lightmap_1_1 (DXT1, 1024X1024)
[2017.10.19-23.34.35:913][829]LogTexture: Display: Building textures: LQ_Lightmap_1_2 (DXT1, 128X128)
[2017.10.19-23.34.36:144][829]LogTexture: Display: Building textures: LQ_Lightmap_1_3 (DXT1, 1024X1024)
[2017.10.19-23.34.36:144][829]LogTexture: Display: Building textures: LQ_Lightmap_1_4 (DXT1, 128X128)
[2017.10.19-23.34.36:144][829]LogTexture: Display: Building textures: LQ_Lightmap_1_5 (DXT1, 128X128)
[2017.10.19-23.34.36:144][829]LogTexture: Display: Building textures: LQ_Lightmap_1_6 (DXT1, 64X64)
[2017.10.19-23.34.36:167][829]LogAIModule: Creating AISystem for world LevelDemo_01
[2017.10.19-23.34.36:186][829]Cmd: MAP LOAD FILE="F:/Project Orca/projectorca/Content/Maps/LevelDemo_01.umap" TEMPLATE=0 SHOWPROGRESS=1 FEATURELEVEL=3
[2017.10.19-23.34.36:186][829]LightingResults: New page: Lighting Build
[2017.10.19-23.34.36:187][829]LoadErrors: New page: Loading map: LevelDemo_01.umap
[2017.10.19-23.34.36:188][829]MapCheck: New page: Map Check
[2017.10.19-23.34.36:189][829]LightingResults: New page: Lighting Build
[2017.10.19-23.34.36:209][829]LogEditorServer: Finished looking for orphan Actors (0.000 secs)
[2017.10.19-23.34.36:243][829]Cmd: MAP CHECKDEP NOCLEARLOG
[2017.10.19-23.34.36:289][829]MapCheck: Map check complete: 0 Error(s), 0 Warning(s), took 46.07ms to complete.
[2017.10.19-23.34.36:289][829]LogFileHelpers: Loading map 'LevelDemo_01' took 0.104
[2017.10.19-23.45.51:757][410]LogFactory: FactoryCreateFile: StaticMesh with FbxFactory (0 0 C:/Users/James Davies/Desktop/Plant_Grass_01.fbx)
[2017.10.19-23.45.51:771][410]LogFbx: ItemName: GlobalSettings, ItemCount : 1
[2017.10.19-23.45.51:771][410]LogFbx: ItemName: AnimationStack, ItemCount : 1
[2017.10.19-23.45.51:771][410]LogFbx: ItemName: AnimationLayer, ItemCount : 1
[2017.10.19-23.45.51:771][410]LogFbx: ItemName: Geometry, ItemCount : 1
[2017.10.19-23.45.51:771][410]LogFbx: ItemName: Material, ItemCount : 1
[2017.10.19-23.45.51:771][410]LogFbx: ItemName: Texture, ItemCount : 2
[2017.10.19-23.45.51:771][410]LogFbx: ItemName: Model, ItemCount : 1
[2017.10.19-23.45.51:771][410]LogFbx: ItemName: Video, ItemCount : 2
[2017.10.19-23.45.51:776][410]LogFbx: Loading FBX Scene from C:/Users/James Davies/Desktop/Plant_Grass_01.fbx
[2017.10.19-23.45.51:790][410]LogFbx: FBX Scene Loaded Succesfully
[2017.10.19-23.45.53:463][410]LogFbx: Loading FBX Scene from C:/Users/James Davies/Desktop/Plant_Grass_01.fbx
[2017.10.19-23.45.53:474][410]LogFbx: FBX Scene Loaded Succesfully
[2017.10.19-23.45.53:475][410]LogLinker: Can't find file '/Game/Assets_Foliage/Texture_Grass_01'
[2017.10.19-23.45.53:475][410]LogLinker: Can't find file '/Game/Assets_Foliage/Texture_Grass_01'
[2017.10.19-23.45.53:477][410]LogLinker: Can't find file '/Game/Assets_Foliage/Plant_Texture_Grass'
[2017.10.19-23.45.53:477][410]LogLinker: Can't find file '/Game/Assets_Foliage/Plant_Texture_Grass'
[2017.10.19-23.45.53:488][410]LogTexture: Display: Building textures: Plant_Texture_Grass (AutoDXT, 512X512)
[2017.10.19-23.45.53:564][410]LogLinker: Can't find file '/Game/Assets_Foliage/Plant_Grass_Trans_01_fbm'
[2017.10.19-23.45.53:564][410]LogLinker: Can't find file '/Game/Assets_Foliage/Plant_Grass_Trans_01_fbm'
[2017.10.19-23.45.53:571][410]LogTexture: Display: Building textures: Plant_Grass_Trans_01_fbm (AutoDXT, 512X512)
[2017.10.19-23.45.53:611][410]LogMaterial: Missing cached shader map for material Texture_Grass_01, compiling. 
[2017.10.19-23.45.53:640][410]LogFbx: Warning: Triangulating static mesh Plant_Grass_Bundle_01
[2017.10.19-23.45.53:643][410]LogStaticMesh: Building static mesh Plant_Grass_01...
[2017.10.19-23.45.53:645][410]LogStaticMesh: Built static mesh [0.00s] /Game/Assets_Foliage/Plant_Grass_01.Plant_Grass_01
[2017.10.19-23.45.53:652][410]FBXImport: Warning: No smoothing group information was found in this FBX scene.  Please make sure to enable the 'Export Smoothing Groups' option in the FBX Exporter plug-in before exporting the file.  Even for tools that don't support smoothing groups, the FBX Exporter will generate appropriate smoothing data at export-time so that correct vertex normals can be inferred while importing. 
[2017.10.19-23.46.02:488][ 80]LogActorFactory: Actor Factory created Plant_Grass_01
[2017.10.19-23.46.02:895][113]LogActorFactory: Actor Factory created Plant_Grass_01
[2017.10.19-23.46.23:908][728]LogContentBrowser: Native class hierarchy updated for 'MaterialEditor' in 0.0007 seconds. Added 1 classes and 0 folders.
[2017.10.19-23.46.23:950][728]LogMaterial: Missing cached shader map for material Texture_Grass_01, compiling. 
[2017.10.19-23.46.24:569][728]LogMaterial: Missing cached shader map for material FMatExpressionPreview MaterialExpressionTextureSample_0, compiling. 
[2017.10.19-23.46.24:573][728]LogMaterial: Missing cached shader map for material FMatExpressionPreview MaterialExpressionTextureSample_1, compiling. 
[2017.10.19-23.46.24:633][728]LogMaterial: Missing cached shader map for material Texture_Grass_01, compiling. 
[2017.10.19-23.46.24:658][728]LogMaterial: Missing cached shader map for material Texture_Grass_01, compiling. 
[2017.10.19-23.46.24:698][728]LogMaterial: Missing cached shader map for material FMatExpressionPreview MaterialExpressionTextureSample_0, compiling. 
[2017.10.19-23.46.24:702][728]LogMaterial: Missing cached shader map for material FMatExpressionPreview MaterialExpressionTextureSample_1, compiling. 
[2017.10.19-23.46.24:761][728]LogSlate: Took 0.041499 seconds to synchronously load lazily loaded font '../../../Engine/Content/Editor/Slate/Fonts/Roboto-BoldCondensed.ttf' (158K)
[2017.10.19-23.46.29:442][ 67]MaterialEditorStats: Base pass shader: 52 instructions
[2017.10.19-23.46.29:442][ 67]MaterialEditorStats: Vertex shader: 141 instructions
[2017.10.19-23.46.29:442][ 67]MaterialEditorStats: Texture samplers: 6/16
[2017.10.19-23.46.29:442][ 67]MaterialEditorStats: User interpolators: 2/4 Scalars (1/4 Vectors) (TexCoords: 2, Custom: 0)
[2017.10.19-23.46.41:658][645]LogMaterial: Missing cached shader map for material Texture_Grass_01, compiling. 
[2017.10.19-23.46.41:709][645]LogMaterial: Missing cached shader map for material Texture_Grass_01, compiling. 
[2017.10.19-23.46.41:731][645]LogMaterial: Missing cached shader map for material Texture_Grass_01, compiling. 
[2017.10.19-23.46.41:761][645]LogMaterial: Missing cached shader map for material FDebugViewModeMaterialProxy Texture_Grass_01, compiling. 
[2017.10.19-23.46.43:286][645]TextureStreamingBuild: Display: Compiling optional shaders took 1.530 seconds.
[2017.10.19-23.47.01:688][878]LogEditorViewport: Clicking on Actor (LMB): StaticMeshActor (Cube50)
[2017.10.19-23.47.03:832][ 13]Cmd: EDIT COPY
[2017.10.19-23.47.04:045][ 24]Cmd: EDIT PASTE
[2017.10.19-23.47.30:423][ 37]LogEditorViewport: Clicking on Actor (LMB): StaticMeshActor (Cube103)
[2017.10.19-23.47.32:962][265]LogEditorViewport: Clicking on Actor (LMB): StaticMeshActor (Cube)
[2017.10.19-23.47.35:802][466]LogEditorViewport: Clicking on Actor (LMB): StaticMeshActor (No_Balcony_5)
[2017.10.19-23.47.36:167][482]LogEditorViewport: Clicking on Actor (LMB): StaticMeshActor (Cube98)
[2017.10.19-23.47.37:361][558]Cmd: EDIT COPY
[2017.10.19-23.47.37:592][574]Cmd: EDIT PASTE
[2017.10.19-23.48.06:019][944]LogEditorViewport: Clicking on Actor (LMB): StaticMeshActor (Cube)
[2017.10.19-23.48.10:979][303]LogEditorViewport: Clicking on Actor (LMB): StaticMeshActor (Plant_Grass_01)
[2017.10.19-23.48.34:041][871]LogMaterial: Missing cached shader map for material FoliageBrushSphereMaterial, compiling. 
[2017.10.19-23.48.50:183][  4]LogMaterial: Warning: Material /Game/Assets_Foliage/Texture_Grass_01.Texture_Grass_01 needed to have new flag set bUsedWithInstancedStaticMeshes !
[2017.10.19-23.48.50:185][  4]LogMaterial: Missing cached shader map for material Texture_Grass_01, compiling. 
[2017.10.19-23.48.56:342][514]Cmd: SELECT NONE
[2017.10.19-23.48.57:612][618]LogActorComponent: UnregisterComponent: (/Engine/Transient.SphereBrushComponent) Not registered. Aborting.
[2017.10.19-23.48.59:329][749]LogEditorViewport: Clicking on Actor (LMB): InstancedFoliageActor (InstancedFoliageActor)
[2017.10.19-23.49.00:680][832]LogEditorViewport: Clicking on Actor (LMB): StaticMeshActor (Cube)
[2017.10.19-23.49.10:943][674]LogTemp: Repeating last play command: Selected Viewport
[2017.10.19-23.49.10:989][674]LogBlueprintUserMessages: Early PlayInEditor Detection: Level '/Game/Maps/LevelDemo_01.LevelDemo_01:PersistentLevel' has LevelScriptBlueprint '/Game/Maps/LevelDemo_01.LevelDemo_01:PersistentLevel.LevelDemo_01' with GeneratedClass '/Game/Maps/LevelDemo_01.LevelDemo_01_C' with ClassGeneratedBy '/Game/Maps/LevelDemo_01.LevelDemo_01:PersistentLevel.LevelDemo_01'
[2017.10.19-23.49.10:989][674]LogPlayLevel: PlayLevel: No blueprints needed recompiling
[2017.10.19-23.49.10:989][674]PIE: New page: PIE session: LevelDemo_01 (20 Oct 2017 01:49:10)
[2017.10.19-23.49.10:989][674]LogPlayLevel: Creating play world package: /Game/Maps/UEDPIE_0_LevelDemo_01
[2017.10.19-23.49.11:002][674]LogPlayLevel: PIE: StaticDuplicateObject took: (0.013165s)
[2017.10.19-23.49.11:003][674]LogAIModule: Creating AISystem for world LevelDemo_01
[2017.10.19-23.49.11:003][674]LogPlayLevel: PIE: World Init took: (0.000817s)
[2017.10.19-23.49.11:003][674]LogPlayLevel: PIE: Created PIE world by copying editor world from /Game/Maps/LevelDemo_01.LevelDemo_01 to /Game/Maps/UEDPIE_0_LevelDemo_01.LevelDemo_01 (0.014271s)
[2017.10.19-23.49.11:020][674]LogInit: XAudio2 using 'Speakers (Sound Blaster Z)' : 6 channels at 48 kHz using 32 bits per sample (channel mask 0x3f)
[2017.10.19-23.49.11:025][674]LogInit: FAudioDevice initialized.
[2017.10.19-23.49.11:069][674]LogLoad: Game class is 'ThirdPersonGameMode_C'
[2017.10.19-23.49.11:076][674]LogWorld: Bringing World /Game/Maps/UEDPIE_0_LevelDemo_01.LevelDemo_01 up for play (max tick rate 0) at 2017.10.20-00.49.11
[2017.10.19-23.49.11:078][674]LogWorld: Bringing up level for play took: 0.008122
[2017.10.19-23.49.11:102][674]LogContentBrowser: Native class hierarchy updated for 'MovieSceneCapture' in 0.0006 seconds. Added 11 classes and 0 folders.
[2017.10.19-23.49.11:105][674]PIE: Play in editor start time for /Game/Maps/UEDPIE_0_LevelDemo_01 0.489
[2017.10.19-23.49.11:105][674]LogBlueprintUserMessages: Late PlayInEditor Detection: Level '/Game/Maps/LevelDemo_01.LevelDemo_01:PersistentLevel' has LevelScriptBlueprint '/Game/Maps/LevelDemo_01.LevelDemo_01:PersistentLevel.LevelDemo_01' with GeneratedClass '/Game/Maps/LevelDemo_01.LevelDemo_01_C' with ClassGeneratedBy '/Game/Maps/LevelDemo_01.LevelDemo_01:PersistentLevel.LevelDemo_01'
[2017.10.19-23.49.18:947][432]LogBlueprintUserMessages: Early EndPlayMap Detection: Level '/Game/Maps/LevelDemo_01.LevelDemo_01:PersistentLevel' has LevelScriptBlueprint '/Game/Maps/LevelDemo_01.LevelDemo_01:PersistentLevel.LevelDemo_01' with GeneratedClass '/Game/Maps/LevelDemo_01.LevelDemo_01_C' with ClassGeneratedBy '/Game/Maps/LevelDemo_01.LevelDemo_01:PersistentLevel.LevelDemo_01'
[2017.10.19-23.49.19:011][432]LogBlueprintUserMessages: Late EndPlayMap Detection: Level '/Game/Maps/LevelDemo_01.LevelDemo_01:PersistentLevel' has LevelScriptBlueprint '/Game/Maps/LevelDemo_01.LevelDemo_01:PersistentLevel.LevelDemo_01' with GeneratedClass '/Game/Maps/LevelDemo_01.LevelDemo_01_C' with ClassGeneratedBy '/Game/Maps/LevelDemo_01.LevelDemo_01:PersistentLevel.LevelDemo_01'
[2017.10.19-23.49.21:343][587]Cmd: TRANSACTION UNDO
[2017.10.19-23.49.21:343][587]LogEditorTransaction: Undo Clicking on Actors
[2017.10.19-23.49.21:382][587]LogSlate: Took 0.000207 seconds to synchronously load lazily loaded font '../../../Engine/Content/Slate/Fonts/Roboto-Light.ttf' (159K)
[2017.10.19-23.49.21:871][607]Cmd: TRANSACTION UNDO
[2017.10.19-23.49.21:871][607]LogEditorTransaction: Undo Clicking on Actors
[2017.10.19-23.49.22:450][659]Cmd: TRANSACTION UNDO
[2017.10.19-23.49.22:450][659]LogEditorTransaction: Undo Select None
[2017.10.19-23.49.23:543][753]Cmd: TRANSACTION UNDO
[2017.10.19-23.49.23:543][753]LogEditorTransaction: Undo Foliage Editing
[2017.10.19-23.49.28:552][170]LogEditorViewport: Clicking on Actor (LMB): StaticMeshActor (Plant_Grass_01)
[2017.10.19-23.49.47:088][396]LogEditorViewport: Clicking on Actor (LMB): StaticMeshActor (Cube67)
[2017.10.19-23.49.48:685][502]LogEditorViewport: Clicking on Actor (LMB): StaticMeshActor (Plant_Grass_01)
[2017.10.19-23.50.21:148][680]Cmd: TRANSACTION UNDO
[2017.10.19-23.50.21:148][680]LogEditorTransaction: Undo Foliage Editing
[2017.10.19-23.50.23:135][801]Cmd: SELECT NONE
[2017.10.19-23.50.25:782][992]LogEditorViewport: Clicking on Actor (LMB): StaticMeshActor (Plant_Grass_01)
[2017.10.19-23.50.26:785][ 44]LogSlate: Took 0.227031 seconds to synchronously load lazily loaded font '../../../Engine/Content/Editor/Slate/Fonts/Roboto-Italic.ttf' (157K)
[2017.10.19-23.50.59:437][938]Cmd: TRANSACTION UNDO
[2017.10.19-23.50.59:437][938]LogEditorTransaction: Undo Foliage Editing
[2017.10.19-23.51.01:530][ 67]Cmd: SELECT NONE
[2017.10.19-23.51.06:297][435]LogEditorViewport: Clicking on Actor (LMB): StaticMeshActor (Plant_Grass_01)
[2017.10.19-23.51.22:380][411]Cmd: DELETE
[2017.10.19-23.51.22:380][411]Cmd: ACTOR DELETE
[2017.10.19-23.51.22:381][411]LogEditorActor: Deleted Actor: StaticMeshActor
[2017.10.19-23.51.22:394][411]LogEditorActor: Deleted 1 Actors (0.013 secs)
[2017.10.19-23.51.33:837][317]Cmd: TRANSACTION UNDO
[2017.10.19-23.51.33:837][317]LogEditorTransaction: Undo Foliage Editing
[2017.10.19-23.51.38:055][654]Cmd: TRANSACTION UNDO
[2017.10.19-23.51.38:055][654]LogEditorTransaction: Undo Foliage Editing
[2017.10.19-23.51.47:009][238]Cmd: TRANSACTION UNDO
[2017.10.19-23.51.47:009][238]LogEditorTransaction: Undo Foliage Editing
[2017.10.19-23.51.56:673][892]Cmd: TRANSACTION UNDO
[2017.10.19-23.51.56:673][892]LogEditorTransaction: Undo Foliage Editing
[2017.10.19-23.51.57:174][916]Cmd: TRANSACTION UNDO
[2017.10.19-23.51.57:174][916]LogEditorTransaction: Undo Foliage Editing
[2017.10.19-23.51.58:056][988]Cmd: TRANSACTION UNDO
[2017.10.19-23.51.58:056][988]LogEditorTransaction: Undo Foliage Editing
[2017.10.19-23.52.08:703][909]Cmd: TRANSACTION UNDO
[2017.10.19-23.52.08:703][909]LogEditorTransaction: Undo Foliage Editing
[2017.10.19-23.52.09:174][927]Cmd: TRANSACTION UNDO
[2017.10.19-23.52.09:174][927]LogEditorTransaction: Undo Foliage Editing
[2017.10.19-23.52.18:853][613]Cmd: TRANSACTION UNDO
[2017.10.19-23.52.18:853][613]LogEditorTransaction: Undo Foliage Editing
[2017.10.19-23.52.21:787][843]Cmd: TRANSACTION UNDO
[2017.10.19-23.52.21:787][843]LogEditorTransaction: Undo Foliage Editing
[2017.10.19-23.52.26:999][225]Cmd: SELECT NONE
[2017.10.19-23.52.41:385][373]LogAIModule: Creating AISystem for world DevMap
[2017.10.19-23.52.51:743][373]Cmd: OBJ SAVEPACKAGE PACKAGE="/Game/Assets_Foliage/Plant_Grass_01" FILE="F:/Project Orca/projectorca/Content/Assets_Foliage/Plant_Grass_01.uasset" SILENT=true
[2017.10.19-23.52.51:758][373]LogSavePackage: Save=13.66ms
[2017.10.19-23.52.51:758][373]LogSavePackage: Moving 'F:/Project Orca/projectorca/Saved/Plant_Grass_01DCF7F28F4D568CC86501FA9D2BE703A3.tmp' to 'F:/Project Orca/projectorca/Content/Assets_Foliage/Plant_Grass_01.uasset'
[2017.10.19-23.52.51:995][373]LogSavePackage: Display: Finished SavePackage F:/Project Orca/projectorca/Content/Assets_Foliage/Plant_Grass_01.uasset
[2017.10.19-23.52.52:003][373]Cmd: OBJ SAVEPACKAGE PACKAGE="/Game/Assets_Foliage/Plant_Grass_Trans_01_fbm" FILE="F:/Project Orca/projectorca/Content/Assets_Foliage/Plant_Grass_Trans_01_fbm.uasset" SILENT=true
[2017.10.19-23.52.52:027][373]LogSavePackage: Save=21.77ms
[2017.10.19-23.52.52:027][373]LogSavePackage: Moving 'F:/Project Orca/projectorca/Saved/Plant_Grass_Trans_01_fbmFA2AAAFB47010D0A7EA83F86BF9122B7.tmp' to 'F:/Project Orca/projectorca/Content/Assets_Foliage/Plant_Grass_Trans_01_fbm.uasset'
[2017.10.19-23.52.52:028][373]LogSavePackage: Display: Finished SavePackage F:/Project Orca/projectorca/Content/Assets_Foliage/Plant_Grass_Trans_01_fbm.uasset
[2017.10.19-23.52.52:035][373]Cmd: OBJ SAVEPACKAGE PACKAGE="/Game/Assets_Foliage/Plant_Texture_Grass" FILE="F:/Project Orca/projectorca/Content/Assets_Foliage/Plant_Texture_Grass.uasset" SILENT=true
[2017.10.19-23.52.52:058][373]LogSavePackage: Save=21.58ms
[2017.10.19-23.52.52:058][373]LogSavePackage: Moving 'F:/Project Orca/projectorca/Saved/Plant_Texture_Grass317E9A2E4F397FEFC6D6DF88ACFAA40C.tmp' to 'F:/Project Orca/projectorca/Content/Assets_Foliage/Plant_Texture_Grass.uasset'
[2017.10.19-23.52.52:060][373]LogSavePackage: Display: Finished SavePackage F:/Project Orca/projectorca/Content/Assets_Foliage/Plant_Texture_Grass.uasset
[2017.10.19-23.52.52:077][373]Cmd: OBJ SAVEPACKAGE PACKAGE="/Game/Assets_Foliage/Texture_Grass_01" FILE="F:/Project Orca/projectorca/Content/Assets_Foliage/Texture_Grass_01.uasset" SILENT=true
[2017.10.19-23.52.52:096][373]LogSavePackage: Save=16.68ms
[2017.10.19-23.52.52:096][373]LogSavePackage: Moving 'F:/Project Orca/projectorca/Saved/Texture_Grass_015BA211AC4631D3BFE6DBFBBA9E8E2D61.tmp' to 'F:/Project Orca/projectorca/Content/Assets_Foliage/Texture_Grass_01.uasset'
[2017.10.19-23.52.52:099][373]LogSavePackage: Display: Finished SavePackage F:/Project Orca/projectorca/Content/Assets_Foliage/Texture_Grass_01.uasset
[2017.10.19-23.52.52:209][373]LogSlate: Took 0.000146 seconds to synchronously load lazily loaded font '../../../Engine/Content/Slate/Fonts/Roboto-Regular.ttf' (155K)
[2017.10.19-23.52.52:214][373]Cmd: OBJ SAVEPACKAGE PACKAGE="/Game/Maps/LevelDemo_01" FILE="F:/Project Orca/projectorca/Content/Maps/LevelDemo_01.umap" SILENT=true AUTOSAVING=false KEEPDIRTY=false
[2017.10.19-23.52.52:493][373]LogSavePackage: Save=259.93ms
[2017.10.19-23.52.52:493][373]LogSavePackage: Moving 'F:/Project Orca/projectorca/Saved/LevelDemo_01F3799E084BB824ABC5679AABE1179310.tmp' to 'F:/Project Orca/projectorca/Content/Maps/LevelDemo_01.umap'
[2017.10.19-23.52.52:495][373]LogSavePackage: Display: Finished SavePackage F:/Project Orca/projectorca/Content/Maps/LevelDemo_01.umap
[2017.10.19-23.52.52:523][373]LogFileHelpers: Saving map 'LevelDemo_01' took 0.363
[2017.10.19-23.52.52:528][373]Cmd: MAP LOAD FILE="F:/Project Orca/projectorca/Content/Maps/DevMap.umap" TEMPLATE=0 SHOWPROGRESS=1 FEATURELEVEL=3
[2017.10.19-23.52.52:528][373]LightingResults: New page: Lighting Build
[2017.10.19-23.52.52:529][373]LoadErrors: New page: Loading map: DevMap.umap
[2017.10.19-23.52.52:531][373]MapCheck: New page: Map Check
[2017.10.19-23.52.52:531][373]LightingResults: New page: Lighting Build
[2017.10.19-23.52.52:563][373]LogEditorServer: Finished looking for orphan Actors (0.000 secs)
[2017.10.19-23.52.52:598][373]Cmd: MAP CHECKDEP NOCLEARLOG
[2017.10.19-23.52.52:646][373]MapCheck: Map check complete: 0 Error(s), 0 Warning(s), took 48.18ms to complete.
[2017.10.19-23.52.52:650][373]LogFileHelpers: Loading map 'DevMap' took 0.126
[2017.10.19-23.53.11:463][466]LogAIModule: Creating AISystem for world LevelDemo_01
[2017.10.19-23.53.11:480][466]Cmd: MAP LOAD FILE="F:/Project Orca/projectorca/Content/Maps/LevelDemo_01.umap" TEMPLATE=0 SHOWPROGRESS=1 FEATURELEVEL=3
[2017.10.19-23.53.11:480][466]LightingResults: New page: Lighting Build
[2017.10.19-23.53.11:481][466]LoadErrors: New page: Loading map: LevelDemo_01.umap
[2017.10.19-23.53.11:482][466]MapCheck: New page: Map Check
[2017.10.19-23.53.11:482][466]LightingResults: New page: Lighting Build
[2017.10.19-23.53.11:503][466]LogEditorServer: Finished looking for orphan Actors (0.000 secs)
[2017.10.19-23.53.11:539][466]Cmd: MAP CHECKDEP NOCLEARLOG
[2017.10.19-23.53.11:588][466]MapCheck: Map check complete: 0 Error(s), 0 Warning(s), took 48.709ms to complete.
[2017.10.19-23.53.11:588][466]LogFileHelpers: Loading map 'LevelDemo_01' took 0.109
[2017.10.19-23.53.23:092][458]LogEditorViewport: Clicking on Actor (LMB): StaticMeshActor (Cube104)
[2017.10.19-23.54.13:943][614]Cmd: TRANSACTION UNDO
[2017.10.19-23.54.13:943][614]LogEditorTransaction: Undo Foliage Editing
[2017.10.19-23.54.22:628][282]Cmd: TRANSACTION UNDO
[2017.10.19-23.54.22:628][282]LogEditorTransaction: Undo Foliage Editing
[2017.10.19-23.54.33:709][153]Cmd: SELECT NONE
[2017.10.19-23.54.35:479][285]LogEditorViewport: Clicking on Actor (LMB): InstancedFoliageActor (InstancedFoliageActor)
[2017.10.19-23.54.36:525][371]LogEditorViewport: Clicking on Actor (LMB): StaticMeshActor (Cube)
[2017.10.19-23.55.51:619][370]Cmd: SELECT NONE
[2017.10.19-23.56.05:272][388]LogTemp: Repeating last play command: Selected Viewport
[2017.10.19-23.56.05:289][388]LogBlueprintUserMessages: Early PlayInEditor Detection: Level '/Game/Maps/LevelDemo_01.LevelDemo_01:PersistentLevel' has LevelScriptBlueprint '/Game/Maps/LevelDemo_01.LevelDemo_01:PersistentLevel.LevelDemo_01' with GeneratedClass '/Game/Maps/LevelDemo_01.LevelDemo_01_C' with ClassGeneratedBy '/Game/Maps/LevelDemo_01.LevelDemo_01:PersistentLevel.LevelDemo_01'
[2017.10.19-23.56.05:289][388]LogPlayLevel: PlayLevel: No blueprints needed recompiling
[2017.10.19-23.56.05:289][388]PIE: New page: PIE session: LevelDemo_01 (20 Oct 2017 01:56:05)
[2017.10.19-23.56.05:290][388]LogPlayLevel: Creating play world package: /Game/Maps/UEDPIE_0_LevelDemo_01
[2017.10.19-23.56.05:303][388]LogPlayLevel: PIE: StaticDuplicateObject took: (0.013925s)
[2017.10.19-23.56.05:304][388]LogAIModule: Creating AISystem for world LevelDemo_01
[2017.10.19-23.56.05:304][388]LogPlayLevel: PIE: World Init took: (0.000770s)
[2017.10.19-23.56.05:305][388]LogPlayLevel: PIE: Created PIE world by copying editor world from /Game/Maps/LevelDemo_01.LevelDemo_01 to /Game/Maps/UEDPIE_0_LevelDemo_01.LevelDemo_01 (0.015123s)
[2017.10.19-23.56.05:317][388]LogInit: XAudio2 using 'Speakers (Sound Blaster Z)' : 6 channels at 48 kHz using 32 bits per sample (channel mask 0x3f)
[2017.10.19-23.56.05:323][388]LogInit: FAudioDevice initialized.
[2017.10.19-23.56.05:359][388]LogLoad: Game class is 'ThirdPersonGameMode_C'
[2017.10.19-23.56.05:365][388]LogWorld: Bringing World /Game/Maps/UEDPIE_0_LevelDemo_01.LevelDemo_01 up for play (max tick rate 0) at 2017.10.20-00.56.05
[2017.10.19-23.56.05:366][388]LogWorld: Bringing up level for play took: 0.005812
[2017.10.19-23.56.05:367][388]PIE: Play in editor start time for /Game/Maps/UEDPIE_0_LevelDemo_01 0.751
[2017.10.19-23.56.05:368][388]LogBlueprintUserMessages: Late PlayInEditor Detection: Level '/Game/Maps/LevelDemo_01.LevelDemo_01:PersistentLevel' has LevelScriptBlueprint '/Game/Maps/LevelDemo_01.LevelDemo_01:PersistentLevel.LevelDemo_01' with GeneratedClass '/Game/Maps/LevelDemo_01.LevelDemo_01_C' with ClassGeneratedBy '/Game/Maps/LevelDemo_01.LevelDemo_01:PersistentLevel.LevelDemo_01'
[2017.10.19-23.56.10:176][831]LogBlueprintUserMessages: Early EndPlayMap Detection: Level '/Game/Maps/LevelDemo_01.LevelDemo_01:PersistentLevel' has LevelScriptBlueprint '/Game/Maps/LevelDemo_01.LevelDemo_01:PersistentLevel.LevelDemo_01' with GeneratedClass '/Game/Maps/LevelDemo_01.LevelDemo_01_C' with ClassGeneratedBy '/Game/Maps/LevelDemo_01.LevelDemo_01:PersistentLevel.LevelDemo_01'
[2017.10.19-23.56.10:218][831]LogBlueprintUserMessages: Late EndPlayMap Detection: Level '/Game/Maps/LevelDemo_01.LevelDemo_01:PersistentLevel' has LevelScriptBlueprint '/Game/Maps/LevelDemo_01.LevelDemo_01:PersistentLevel.LevelDemo_01' with GeneratedClass '/Game/Maps/LevelDemo_01.LevelDemo_01_C' with ClassGeneratedBy '/Game/Maps/LevelDemo_01.LevelDemo_01:PersistentLevel.LevelDemo_01'
[2017.10.20-00.01.23:155][191]Cmd: QUIT_EDITOR
[2017.10.20-00.01.23:480][191]LogWindowsTextInputMethodSystem: Display: IME system now deactivated.
[2017.10.20-00.01.23:480][191]LogWindowsTextInputMethodSystem: Display: IME system now deactivated.
[2017.10.20-00.01.23:508][191]LogExit: Preparing to exit.
[2017.10.20-00.01.24:766][191]LogExit: Editor shut down
[2017.10.20-00.01.24:811][191]LogExit: Transaction tracking system shut down
[2017.10.20-00.01.25:051][191]LogDirectoryWatcher: A directory notification for '../../../Engine/Content/' was aborted.
[2017.10.20-00.01.25:051][191]LogDirectoryWatcher: A directory notification for 'F:/Project Orca/projectorca/Content/' was aborted.
[2017.10.20-00.01.25:052][191]LogDirectoryWatcher: A directory notification for '../../../Engine/Plugins/2D/Paper2D/Content/' was aborted.
[2017.10.20-00.01.25:052][191]LogDirectoryWatcher: A directory notification for '../../../Engine/Plugins/Runtime/Oculus/OculusVR/Content/' was aborted.
[2017.10.20-00.01.25:052][191]LogDirectoryWatcher: A directory notification for '../../../Engine/Plugins/Runtime/Steam/SteamVR/Content/' was aborted.
[2017.10.20-00.01.25:161][191]LogExit: Object subsystem successfully closed.
[2017.10.20-00.01.25:191][191]LogD3D11RHI: Shutdown
[2017.10.20-00.01.25:191][191]LogD3D11RHI: CleanupD3DDevice
[2017.10.20-00.01.25:305][191]LogD3D11RHI: ~FD3D11DynamicRHI
[2017.10.20-00.01.25:312][191]LogModuleManager: Shutting down and abandoning module MovieSceneCapture (534)
[2017.10.20-00.01.25:312][191]LogModuleManager: Shutting down and abandoning module MaterialEditor (532)
[2017.10.20-00.01.25:312][191]LogModuleManager: Shutting down and abandoning module HierarchicalLODOutliner (530)
[2017.10.20-00.01.25:313][191]LogModuleManager: Shutting down and abandoning module SceneOutliner (528)
[2017.10.20-00.01.25:313][191]LogModuleManager: Shutting down and abandoning module AddContentDialog (526)
[2017.10.20-00.01.25:313][191]LogDirectoryWatcher: A directory notification for 'E:/Epic Games/UE_4.17/FeaturePacks/' was aborted.
[2017.10.20-00.01.25:318][191]LogModuleManager: Shutting down and abandoning module WidgetCarousel (525)
[2017.10.20-00.01.25:318][191]LogModuleManager: Shutting down and abandoning module EditorWidgets (522)
[2017.10.20-00.01.25:318][191]LogModuleManager: Shutting down and abandoning module CollectionManager (520)
[2017.10.20-00.01.25:318][191]LogDirectoryWatcher: A directory notification for 'F:/Project Orca/projectorca/Content/Collections/' was aborted.
[2017.10.20-00.01.25:318][191]LogDirectoryWatcher: A directory notification for 'F:/Project Orca/projectorca/Content/Developers/JamesDavies/Collections/' was aborted.
[2017.10.20-00.01.25:318][191]LogDirectoryWatcher: A directory notification for 'F:/Project Orca/projectorca/Saved/Collections/' was aborted.
[2017.10.20-00.01.25:318][191]LogModuleManager: Shutting down and abandoning module StatsViewer (518)
[2017.10.20-00.01.25:318][191]LogModuleManager: Shutting down and abandoning module FoliageEdit (516)
[2017.10.20-00.01.25:318][191]LogModuleManager: Shutting down and abandoning module LandscapeEditor (514)
[2017.10.20-00.01.25:318][191]LogModuleManager: Shutting down and abandoning module MeshPaintMode (512)
[2017.10.20-00.01.25:318][191]LogModuleManager: Shutting down and abandoning module SceneDepthPickerMode (510)
[2017.10.20-00.01.25:318][191]LogModuleManager: Shutting down and abandoning module ActorPickerMode (508)
[2017.10.20-00.01.25:318][191]LogModuleManager: Shutting down and abandoning module GeometryMode (506)
[2017.10.20-00.01.25:318][191]LogModuleManager: Shutting down and abandoning module TextureAlignMode (504)
[2017.10.20-00.01.25:318][191]LogModuleManager: Shutting down and abandoning module BspMode (502)
[2017.10.20-00.01.25:318][191]LogModuleManager: Shutting down and abandoning module PIEPreviewDeviceProfileSelector (500)
[2017.10.20-00.01.25:318][191]LogModuleManager: Shutting down and abandoning module HardwareSurvey (498)
[2017.10.20-00.01.25:318][191]LogModuleManager: Shutting down and abandoning module SequenceRecorderSections (496)
[2017.10.20-00.01.25:318][191]LogModuleManager: Shutting down and abandoning module AutomationWorker (494)
[2017.10.20-00.01.25:318][191]LogModuleManager: Shutting down and abandoning module MatineeToLevelSequence (492)
[2017.10.20-00.01.25:318][191]LogModuleManager: Shutting down and abandoning module LevelSequenceEditor (490)
[2017.10.20-00.01.25:318][191]LogModuleManager: Shutting down and abandoning module PlacementMode (489)
[2017.10.20-00.01.25:319][191]LogModuleManager: Shutting down and abandoning module WmfMediaFactory (486)
[2017.10.20-00.01.25:319][191]LogModuleManager: Shutting down and abandoning module WmfMediaEditor (484)
[2017.10.20-00.01.25:319][191]LogModuleManager: Shutting down and abandoning module AvfMediaFactory (482)
[2017.10.20-00.01.25:319][191]LogModuleManager: Shutting down and abandoning module AvfMediaEditor (480)
[2017.10.20-00.01.25:319][191]LogModuleManager: Shutting down and abandoning module AndroidMediaFactory (478)
[2017.10.20-00.01.25:319][191]LogModuleManager: Shutting down and abandoning module Media (477)
[2017.10.20-00.01.25:319][191]LogModuleManager: Shutting down and abandoning module AndroidMediaEditor (474)
[2017.10.20-00.01.25:319][191]LogModuleManager: Shutting down and abandoning module CharacterAI (472)
[2017.10.20-00.01.25:319][191]LogModuleManager: Shutting down and abandoning module AudioCapture (470)
[2017.10.20-00.01.25:319][191]LogModuleManager: Shutting down and abandoning module SequenceRecorder (469)
[2017.10.20-00.01.25:319][191]LogModuleManager: Shutting down and abandoning module SmartSnapping (466)
[2017.10.20-00.01.25:319][191]LogModuleManager: Shutting down and abandoning module SessionServices (464)
[2017.10.20-00.01.25:319][191]LogModuleManager: Shutting down and abandoning module ViewportSnapping (462)
[2017.10.20-00.01.25:319][191]LogModuleManager: Shutting down and abandoning module ViewportInteraction (460)
[2017.10.20-00.01.25:319][191]LogModuleManager: Shutting down and abandoning module ClothPainter (458)
[2017.10.20-00.01.25:319][191]LogModuleManager: Shutting down and abandoning module LogVisualizer (456)
[2017.10.20-00.01.25:319][191]LogModuleManager: Shutting down and abandoning module IntroTutorials (454)
[2017.10.20-00.01.25:319][191]LogModuleManager: Shutting down and abandoning module GameProjectGeneration (453)
[2017.10.20-00.01.25:319][191]LogModuleManager: Shutting down and abandoning module IOSPlatformEditor (450)
[2017.10.20-00.01.25:319][191]LogModuleManager: Shutting down and abandoning module HTML5PlatformEditor (448)
[2017.10.20-00.01.25:319][191]LogModuleManager: Shutting down and abandoning module AndroidPlatformEditor (446)
[2017.10.20-00.01.25:319][191]LogModuleManager: Shutting down and abandoning module AndroidDeviceDetection (445)
[2017.10.20-00.01.25:630][191]LogModuleManager: Shutting down and abandoning module WindowsPlatformEditor (442)
[2017.10.20-00.01.25:630][191]LogModuleManager: Shutting down and abandoning module IOSRuntimeSettings (440)
[2017.10.20-00.01.25:630][191]LogModuleManager: Shutting down and abandoning module AndroidRuntimeSettings (438)
[2017.10.20-00.01.25:630][191]LogModuleManager: Shutting down and abandoning module InputBindingEditor (436)
[2017.10.20-00.01.25:630][191]LogModuleManager: Shutting down and abandoning module MergeActors (434)
[2017.10.20-00.01.25:630][191]LogModuleManager: Shutting down and abandoning module SizeMap (432)
[2017.10.20-00.01.25:630][191]LogModuleManager: Shutting down and abandoning module TreeMap (430)
[2017.10.20-00.01.25:630][191]LogModuleManager: Shutting down and abandoning module ReferenceViewer (428)
[2017.10.20-00.01.25:630][191]LogModuleManager: Shutting down and abandoning module LocalizationDashboard (426)
[2017.10.20-00.01.25:631][191]LogModuleManager: Shutting down and abandoning module LocalizationService (425)
[2017.10.20-00.01.25:631][191]LogModuleManager: Shutting down and abandoning module HardwareTargeting (422)
[2017.10.20-00.01.25:631][191]LogModuleManager: Shutting down and abandoning module DeviceProfileEditor (420)
[2017.10.20-00.01.25:631][191]LogModuleManager: Shutting down and abandoning module UndoHistory (418)
[2017.10.20-00.01.25:631][191]LogModuleManager: Shutting down and abandoning module XmlParser (416)
[2017.10.20-00.01.25:631][191]LogModuleManager: Shutting down and abandoning module Blutility (414)
[2017.10.20-00.01.25:631][191]LogModuleManager: Shutting down and abandoning module ProjectSettingsViewer (412)
[2017.10.20-00.01.25:631][191]LogModuleManager: Shutting down and abandoning module ProjectTargetPlatformEditor (411)
[2017.10.20-00.01.25:631][191]LogModuleManager: Shutting down and abandoning module EditorSettingsViewer (408)
[2017.10.20-00.01.25:631][191]LogModuleManager: Shutting down and abandoning module SettingsEditor (406)
[2017.10.20-00.01.25:631][191]LogModuleManager: Shutting down and abandoning module ProjectLauncher (404)
[2017.10.20-00.01.25:631][191]LogModuleManager: Shutting down and abandoning module SessionFrontend (402)
[2017.10.20-00.01.25:631][191]LogModuleManager: Shutting down and abandoning module ProfilerClient (400)
[2017.10.20-00.01.25:631][191]LogModuleManager: Shutting down and abandoning module DeviceManager (398)
[2017.10.20-00.01.25:631][191]LogModuleManager: Shutting down and abandoning module TargetDeviceServices (397)
[2017.10.20-00.01.25:685][191]LogModuleManager: Shutting down and abandoning module AutomationController (394)
[2017.10.20-00.01.25:685][191]LogModuleManager: Shutting down and abandoning module AutomationWindow (392)
[2017.10.20-00.01.25:685][191]LogModuleManager: Shutting down and abandoning module Layers (390)
[2017.10.20-00.01.25:685][191]LogModuleManager: Shutting down and abandoning module ComponentVisualizers (388)
[2017.10.20-00.01.25:685][191]LogModuleManager: Shutting down and abandoning module DetailCustomizations (386)
[2017.10.20-00.01.25:685][191]LogModuleManager: Shutting down and abandoning module PackagesDialog (384)
[2017.10.20-00.01.25:686][191]LogModuleManager: Shutting down and abandoning module Persona (382)
[2017.10.20-00.01.25:686][191]LogModuleManager: Shutting down and abandoning module AdvancedPreviewScene (381)
[2017.10.20-00.01.25:686][191]LogModuleManager: Shutting down and abandoning module AnimGraph (379)
[2017.10.20-00.01.25:686][191]LogModuleManager: Shutting down and abandoning module Kismet (376)
[2017.10.20-00.01.25:686][191]LogModuleManager: Shutting down and abandoning module ClassViewer (374)
[2017.10.20-00.01.25:686][191]LogModuleManager: Shutting down and abandoning module Toolbox (372)
[2017.10.20-00.01.25:686][191]LogModuleManager: Shutting down and abandoning module ModuleUI (370)
[2017.10.20-00.01.25:686][191]LogModuleManager: Shutting down and abandoning module MovieSceneTools (368)
[2017.10.20-00.01.25:686][191]LogModuleManager: Shutting down and abandoning module OutputLog (366)
[2017.10.20-00.01.25:686][191]LogModuleManager: Shutting down and abandoning module GammaUI (364)
[2017.10.20-00.01.25:686][191]LogModuleManager: Shutting down and abandoning module Documentation (362)
[2017.10.20-00.01.25:687][191]LogModuleManager: Shutting down and abandoning module MovieSceneTracks (360)
[2017.10.20-00.01.25:687][191]LogModuleManager: Shutting down and abandoning module MovieScene (358)
[2017.10.20-00.01.25:687][191]LogModuleManager: Shutting down and abandoning module Niagara (356)
[2017.10.20-00.01.25:687][191]LogModuleManager: Shutting down and abandoning module NiagaraEditor (355)
[2017.10.20-00.01.25:687][191]LogModuleManager: Shutting down and abandoning module StreamingPauseRendering (352)
[2017.10.20-00.01.25:687][191]LogModuleManager: Shutting down and abandoning module LauncherPlatform (350)
[2017.10.20-00.01.25:687][191]LogModuleManager: Shutting down and abandoning module AnalyticsET (348)
[2017.10.20-00.01.25:687][191]LogModuleManager: Shutting down and abandoning module PortalServices (346)
[2017.10.20-00.01.25:687][191]LogModuleManager: Shutting down and abandoning module PortalRpc (344)
[2017.10.20-00.01.25:687][191]LogModuleManager: Shutting down and abandoning module MessagingRpc (342)
[2017.10.20-00.01.25:687][191]LogModuleManager: Shutting down and abandoning module AIModule (340)
[2017.10.20-00.01.25:687][191]LogModuleManager: Shutting down and abandoning module GameplayDebugger (339)
[2017.10.20-00.01.25:687][191]LogModuleManager: Shutting down and abandoning module AITestSuite (337)
[2017.10.20-00.01.25:687][191]LogModuleManager: Shutting down and abandoning module ProfilerService (334)
[2017.10.20-00.01.25:850][191]LogModuleManager: Shutting down and abandoning module TaskGraph (332)
[2017.10.20-00.01.25:850][191]LogModuleManager: Shutting down and abandoning module SteamVRController (330)
[2017.10.20-00.01.25:850][191]LogModuleManager: Shutting down and abandoning module ProceduralMeshComponentEditor (328)
[2017.10.20-00.01.25:850][191]LogModuleManager: Shutting down and abandoning module ProceduralMeshComponent (326)
[2017.10.20-00.01.25:850][191]LogModuleManager: Shutting down and abandoning module OculusInput (324)
[2017.10.20-00.01.25:850][191]LogModuleManager: Shutting down and abandoning module MobilePatchingUtils (322)
[2017.10.20-00.01.25:850][191]LogModuleManager: Shutting down and abandoning module CustomMeshComponent (320)
[2017.10.20-00.01.25:850][191]LogModuleManager: Shutting down and abandoning module CableComponent (318)
[2017.10.20-00.01.25:850][191]LogModuleManager: Shutting down and abandoning module ArchVisCharacter (316)
[2017.10.20-00.01.25:850][191]LogModuleManager: Shutting down and abandoning module AndroidPermission (314)
[2017.10.20-00.01.25:850][191]LogModuleManager: Shutting down and abandoning module MediaPlayerEditor (310)
[2017.10.20-00.01.25:850][191]LogModuleManager: Shutting down and abandoning module HTML5Networking (308)
[2017.10.20-00.01.25:850][191]LogModuleManager: Shutting down and abandoning module AlembicImporter (306)
[2017.10.20-00.01.25:850][191]LogModuleManager: Shutting down and abandoning module AlembicLibrary (305)
[2017.10.20-00.01.25:850][191]LogModuleManager: Shutting down and abandoning module GeometryCache (304)
[2017.10.20-00.01.25:850][191]LogModuleManager: Shutting down and abandoning module GeometryCacheEd (303)
[2017.10.20-00.01.25:850][191]LogModuleManager: Shutting down and abandoning module SpeedTreeImporter (298)
[2017.10.20-00.01.25:851][191]LogModuleManager: Shutting down and abandoning module PluginBrowser (296)
[2017.10.20-00.01.25:851][191]LogModuleManager: Shutting down and abandoning module MobileLauncherProfileWizard (294)
[2017.10.20-00.01.25:851][191]LogModuleManager: Shutting down and abandoning module VisualStudioSourceCodeAccess (292)
[2017.10.20-00.01.25:851][191]LogModuleManager: Shutting down and abandoning module DesktopPlatform (291)
[2017.10.20-00.01.25:851][191]LogModuleManager: Shutting down and abandoning module UObjectPlugin (288)
[2017.10.20-00.01.25:851][191]LogModuleManager: Shutting down and abandoning module SubversionSourceControl (286)
[2017.10.20-00.01.25:851][191]LogModuleManager: Shutting down and abandoning module PerforceSourceControl (284)
[2017.10.20-00.01.25:851][191]LogModuleManager: Shutting down and abandoning module GitSourceControl (282)
[2017.10.20-00.01.25:851][191]LogModuleManager: Shutting down and abandoning module SourceControl (281)
[2017.10.20-00.01.25:851][191]LogModuleManager: Shutting down and abandoning module LightPropagationVolumeEditor (278)
[2017.10.20-00.01.25:851][191]LogModuleManager: Shutting down and abandoning module PaperTiledImporter (276)
[2017.10.20-00.01.25:851][191]LogModuleManager: Shutting down and abandoning module PaperSpriteSheetImporter (274)
[2017.10.20-00.01.25:851][191]LogModuleManager: Shutting down and abandoning module Paper2DEditor (272)
[2017.10.20-00.01.25:851][191]LogModuleManager: Shutting down and abandoning module MeshPaint (271)
[2017.10.20-00.01.25:851][191]LogModuleManager: Shutting down and abandoning module LevelEditor (269)
[2017.10.20-00.01.25:853][191]LogModuleManager: Shutting down and abandoning module PixelInspectorModule (268)
[2017.10.20-00.01.25:853][191]LogModuleManager: Shutting down and abandoning module MainFrame (266)
[2017.10.20-00.01.25:853][191]LogModuleManager: Shutting down and abandoning module HotReload (265)
[2017.10.20-00.01.25:854][191]LogModuleManager: Shutting down and abandoning module RuntimePhysXCooking (260)
[2017.10.20-00.01.25:854][191]LogModuleManager: Shutting down and abandoning module PhysXVehiclesEditor (258)
[2017.10.20-00.01.25:854][191]LogModuleManager: Shutting down and abandoning module PhysXVehicles (256)
[2017.10.20-00.01.25:854][191]LogModuleManager: Shutting down and abandoning module OculusEditor (254)
[2017.10.20-00.01.25:854][191]LogModuleManager: Shutting down and abandoning module LocationServicesBPLibrary (252)
[2017.10.20-00.01.25:854][191]LogModuleManager: Shutting down and abandoning module ImmediatePhysicsEditor (250)
[2017.10.20-00.01.25:854][191]LogModuleManager: Shutting down and abandoning module ImmediatePhysics (248)
[2017.10.20-00.01.25:854][191]LogModuleManager: Shutting down and abandoning module UdpMessaging (246)
[2017.10.20-00.01.25:955][191]LogModuleManager: Shutting down and abandoning module TcpMessaging (244)
[2017.10.20-00.01.26:055][191]LogModuleManager: Shutting down and abandoning module GameplayTagsEditor (242)
[2017.10.20-00.01.26:055][191]LogModuleManager: Shutting down and abandoning module FacialAnimationEditor (240)
[2017.10.20-00.01.26:055][191]LogModuleManager: Shutting down and abandoning module FacialAnimation (238)
[2017.10.20-00.01.26:055][191]LogModuleManager: Shutting down and abandoning module AssetManagerEditor (236)
[2017.10.20-00.01.26:056][191]LogModuleManager: Shutting down and abandoning module GraphEditor (235)
[2017.10.20-00.01.26:056][191]LogModuleManager: Shutting down and abandoning module ContentBrowser (233)
[2017.10.20-00.01.26:059][191]LogModuleManager: Shutting down and abandoning module LightPropagationVolumeRuntime (230)
[2017.10.20-00.01.26:059][191]LogModuleManager: Shutting down and abandoning module Paper2D (228)
[2017.10.20-00.01.26:059][191]LogModuleManager: Shutting down and abandoning module WindowsMoviePlayer (226)
[2017.10.20-00.01.26:059][191]LogModuleManager: Shutting down and abandoning module WmfMedia (224)
[2017.10.20-00.01.26:060][191]LogModuleManager: Shutting down and abandoning module PacketHandler (222)
[2017.10.20-00.01.26:060][191]LogModuleManager: Shutting down and abandoning module ClothingSystemEditor (220)
[2017.10.20-00.01.26:060][191]LogModuleManager: Shutting down and abandoning module ClothingSystemRuntime (218)
[2017.10.20-00.01.26:060][191]LogModuleManager: Shutting down and abandoning module Overlay (216)
[2017.10.20-00.01.26:060][191]LogModuleManager: Shutting down and abandoning module OverlayEditor (215)
[2017.10.20-00.01.26:060][191]LogModuleManager: Shutting down and abandoning module MediaAssets (212)
[2017.10.20-00.01.26:060][191]LogModuleManager: Shutting down and abandoning module VREditor (210)
[2017.10.20-00.01.26:060][191]LogModuleManager: Shutting down and abandoning module StringTableEditor (208)
[2017.10.20-00.01.26:060][191]LogModuleManager: Shutting down and abandoning module GameplayTasksEditor (206)
[2017.10.20-00.01.26:060][191]LogModuleManager: Shutting down and abandoning module BehaviorTreeEditor (204)
[2017.10.20-00.01.26:060][191]LogModuleManager: Shutting down and abandoning module FunctionalTesting (202)
[2017.10.20-00.01.26:060][191]LogModuleManager: Shutting down and abandoning module CollisionAnalyzer (200)
[2017.10.20-00.01.26:060][191]LogModuleManager: Shutting down and abandoning module WorkspaceMenuStructure (199)
[2017.10.20-00.01.26:060][191]LogModuleManager: Shutting down and abandoning module UMG (196)
[2017.10.20-00.01.26:060][191]LogModuleManager: Shutting down and abandoning module UMGEditor (195)
[2017.10.20-00.01.26:060][191]LogModuleManager: Shutting down and abandoning module Sequencer (194)
[2017.10.20-00.01.26:060][191]LogModuleManager: Shutting down and abandoning module MessageLog (191)
[2017.10.20-00.01.26:060][191]LogModuleManager: Shutting down and abandoning module SlateReflector (186)
[2017.10.20-00.01.26:060][191]LogModuleManager: Shutting down and abandoning module Slate (184)
[2017.10.20-00.01.26:060][191]LogModuleManager: Shutting down and abandoning module EditorStyle (182)
[2017.10.20-00.01.26:063][191]LogModuleManager: Shutting down and abandoning module MRMesh (180)
[2017.10.20-00.01.26:063][191]LogModuleManager: Shutting down and abandoning module SourceCodeAccess (178)
[2017.10.20-00.01.26:063][191]LogModuleManager: Shutting down and abandoning module HeadMountedDisplay (176)
[2017.10.20-00.01.26:063][191]LogModuleManager: Shutting down and abandoning module XAudio2 (174)
[2017.10.20-00.01.26:063][191]LogModuleManager: Shutting down and abandoning module Networking (172)
[2017.10.20-00.01.26:063][191]LogModuleManager: Shutting down and abandoning module Core (168)
[2017.10.20-00.01.26:063][191]LogModuleManager: Shutting down and abandoning module KismetCompiler (164)
[2017.10.20-00.01.26:063][191]LogModuleManager: Shutting down and abandoning module LevelSequence (162)
[2017.10.20-00.01.26:063][191]LogModuleManager: Shutting down and abandoning module MeshUtilities (160)
[2017.10.20-00.01.26:063][191]LogModuleManager: Shutting down and abandoning module MeshMergeUtilities (159)
[2017.10.20-00.01.26:063][191]LogModuleManager: Shutting down and abandoning module MeshReductionInterface (158)
[2017.10.20-00.01.26:063][191]LogModuleManager: Shutting down and abandoning module SimplygonSwarm (157)
[2017.10.20-00.01.26:063][191]LogModuleManager: Shutting down and abandoning module SimplygonMeshReduction (155)
[2017.10.20-00.01.26:063][191]LogModuleManager: Shutting down and abandoning module QuadricMeshReduction (153)
[2017.10.20-00.01.26:063][191]LogModuleManager: Shutting down and abandoning module MaterialBaking (149)
[2017.10.20-00.01.26:063][191]LogModuleManager: Shutting down and abandoning module DirectoryWatcher (146)
[2017.10.20-00.01.26:068][191]LogModuleManager: Shutting down and abandoning module DerivedDataCache (144)
[2017.10.20-00.01.26:117][191]LogDerivedDataCache: Shutdown
[2017.10.20-00.01.26:117][191]LogModuleManager: Shutting down and abandoning module TargetPlatform (142)
[2017.10.20-00.01.26:117][191]LogModuleManager: Shutting down and abandoning module VulkanShaderFormat (141)
[2017.10.20-00.01.26:117][191]LogModuleManager: Shutting down and abandoning module ShaderFormatVectorVM (139)
[2017.10.20-00.01.26:117][191]LogModuleManager: Shutting down and abandoning module ShaderFormatOpenGL (137)
[2017.10.20-00.01.26:117][191]LogModuleManager: Shutting down and abandoning module ShaderFormatD3D (135)
[2017.10.20-00.01.26:117][191]LogModuleManager: Shutting down and abandoning module MetalShaderFormat (133)
[2017.10.20-00.01.26:117][191]LogModuleManager: Shutting down and abandoning module TextureFormatUncompressed (131)
[2017.10.20-00.01.26:117][191]LogModuleManager: Shutting down and abandoning module TextureFormatPVR (129)
[2017.10.20-00.01.26:117][191]LogModuleManager: Shutting down and abandoning module TextureFormatDXT (127)
[2017.10.20-00.01.26:117][191]LogModuleManager: Shutting down and abandoning module TextureFormatIntelISPCTexComp (125)
[2017.10.20-00.01.26:117][191]LogModuleManager: Shutting down and abandoning module TextureFormatASTC (123)
[2017.10.20-00.01.26:117][191]LogModuleManager: Shutting down and abandoning module ImageWrapper (122)
[2017.10.20-00.01.26:117][191]LogModuleManager: Shutting down and abandoning module TextureFormatAndroid (119)
[2017.10.20-00.01.26:117][191]LogModuleManager: Shutting down and abandoning module AudioFormatOpus (117)
[2017.10.20-00.01.26:117][191]LogModuleManager: Shutting down and abandoning module AudioFormatOgg (115)
[2017.10.20-00.01.26:117][191]LogModuleManager: Shutting down and abandoning module AudioFormatADPCM (113)
[2017.10.20-00.01.26:117][191]LogModuleManager: Shutting down and abandoning module LinuxTargetPlatform (111)
[2017.10.20-00.01.26:117][191]LogModuleManager: Shutting down and abandoning module LinuxServerTargetPlatform (109)
[2017.10.20-00.01.26:117][191]LogModuleManager: Shutting down and abandoning module LinuxNoEditorTargetPlatform (107)
[2017.10.20-00.01.26:117][191]LogModuleManager: Shutting down and abandoning module LinuxClientTargetPlatform (105)
[2017.10.20-00.01.26:117][191]LogModuleManager: Shutting down and abandoning module TVOSTargetPlatform (103)
[2017.10.20-00.01.26:117][191]LogModuleManager: Shutting down and abandoning module Messaging (101)
[2017.10.20-00.01.26:117][191]LogModuleManager: Shutting down and abandoning module IOSTargetPlatform (99)
[2017.10.20-00.01.26:117][191]LogModuleManager: Shutting down and abandoning module HTML5TargetPlatform (97)
[2017.10.20-00.01.26:117][191]LogModuleManager: Shutting down and abandoning module Android_PVRTCTargetPlatform (95)
[2017.10.20-00.01.26:117][191]LogModuleManager: Shutting down and abandoning module Android_MultiTargetPlatform (93)
[2017.10.20-00.01.26:117][191]LogModuleManager: Shutting down and abandoning module Android_ETC2TargetPlatform (91)
[2017.10.20-00.01.26:117][191]LogModuleManager: Shutting down and abandoning module Android_ETC1TargetPlatform (89)
[2017.10.20-00.01.26:117][191]LogModuleManager: Shutting down and abandoning module Android_DXTTargetPlatform (87)
[2017.10.20-00.01.26:117][191]LogModuleManager: Shutting down and abandoning module Android_ATCTargetPlatform (85)
[2017.10.20-00.01.26:117][191]LogModuleManager: Shutting down and abandoning module Android_ASTCTargetPlatform (83)
[2017.10.20-00.01.26:117][191]LogModuleManager: Shutting down and abandoning module AndroidTargetPlatform (81)
[2017.10.20-00.01.26:117][191]LogModuleManager: Shutting down and abandoning module WindowsTargetPlatform (79)
[2017.10.20-00.01.26:117][191]LogModuleManager: Shutting down and abandoning module WindowsServerTargetPlatform (77)
[2017.10.20-00.01.26:118][191]LogModuleManager: Shutting down and abandoning module WindowsNoEditorTargetPlatform (75)
[2017.10.20-00.01.26:118][191]LogModuleManager: Shutting down and abandoning module WindowsClientTargetPlatform (73)
[2017.10.20-00.01.26:118][191]LogModuleManager: Shutting down and abandoning module MacTargetPlatform (71)
[2017.10.20-00.01.26:118][191]LogModuleManager: Shutting down and abandoning module MacServerTargetPlatform (69)
[2017.10.20-00.01.26:118][191]LogModuleManager: Shutting down and abandoning module MacNoEditorTargetPlatform (67)
[2017.10.20-00.01.26:118][191]LogModuleManager: Shutting down and abandoning module MacClientTargetPlatform (65)
[2017.10.20-00.01.26:118][191]LogModuleManager: Shutting down and abandoning module AllDesktopTargetPlatform (63)
[2017.10.20-00.01.26:118][191]LogModuleManager: Shutting down and abandoning module InputCore (60)
[2017.10.20-00.01.26:118][191]LogModuleManager: Shutting down and abandoning module Settings (58)
[2017.10.20-00.01.26:118][191]LogModuleManager: Shutting down and abandoning module PhysXCooking (56)
[2017.10.20-00.01.26:118][191]LogModuleManager: Shutting down and abandoning module SteamVR (54)
[2017.10.20-00.01.26:118][191]LogModuleManager: Shutting down and abandoning module OculusHMD (52)
[2017.10.20-00.01.26:118][191]LogModuleManager: Shutting down and abandoning module ExampleDeviceProfileSelector (50)
[2017.10.20-00.01.26:118][191]LogModuleManager: Shutting down and abandoning module OnlineBlueprintSupport (48)
[2017.10.20-00.01.26:118][191]LogModuleManager: Shutting down and abandoning module OnlineSubsystem (44)
[2017.10.20-00.01.26:118][191]LogOnline: Display: Unloading online subsystem: NULL
[2017.10.20-00.01.26:118][191]LogModuleManager: Shutting down and abandoning module XMPP (43)
[2017.10.20-00.01.26:118][191]LogModuleManager: Shutting down and abandoning module HTTP (41)
[2017.10.20-00.01.26:118][191]LogHttp: Display: Http module shutting down, but needs to wait on 1 outstanding Http requests:
[2017.10.20-00.01.26:118][191]LogHttp: Display: 	verb=[POST] url=[https://datarouter.ol.epicgames.com/datarouter/api/v1/public/data?SessionID=%7BC9FCCB8F-443E-8E31-AC33-91B056003087%7D&AppID=UEEditor.Rocket.Release&AppVersion=4.17.2-3658906%2B%2B%2BUE4%2BRelease-4.17&UserID=fe9c448b460c524efccd2097e284137f%7Ca620598ecdee4cc98210cc9dc7591844%7C57f92a01-36b1-4e39-b2bd-aa1274c45cd8&AppEnvironment=datacollector-binary&UploadType=eteventstream] status=Processing
[2017.10.20-00.01.26:123][191]LogModuleManager: Shutting down and abandoning module SSL (40)
[2017.10.20-00.01.26:125][191]LogModuleManager: Shutting down and abandoning module AnimationModifiers (36)
[2017.10.20-00.01.26:125][191]LogModuleManager: Shutting down and abandoning module PropertyEditor (35)
[2017.10.20-00.01.26:125][191]LogModuleManager: Shutting down and abandoning module AudioEditor (32)
[2017.10.20-00.01.26:125][191]LogModuleManager: Shutting down and abandoning module TextureCompressor (30)
[2017.10.20-00.01.26:125][191]LogModuleManager: Shutting down and abandoning module ShaderCore (28)
[2017.10.20-00.01.26:125][191]LogModuleManager: Shutting down and abandoning module Landscape (26)
[2017.10.20-00.01.26:125][191]LogModuleManager: Shutting down and abandoning module SlateRHIRenderer (24)
[2017.10.20-00.01.26:128][191]LogModuleManager: Shutting down and abandoning module OpenGLDrv (22)
[2017.10.20-00.01.26:128][191]LogModuleManager: Shutting down and abandoning module D3D11RHI (20)
[2017.10.20-00.01.26:128][191]LogModuleManager: Shutting down and abandoning module AnimGraphRuntime (18)
[2017.10.20-00.01.26:128][191]LogModuleManager: Shutting down and abandoning module Renderer (16)
[2017.10.20-00.01.26:128][191]LogModuleManager: Shutting down and abandoning module Engine (14)
[2017.10.20-00.01.26:128][191]LogModuleManager: Shutting down and abandoning module CoreUObject (12)
[2017.10.20-00.01.26:128][191]LogModuleManager: Shutting down and abandoning module NetworkFile (10)
[2017.10.20-00.01.26:128][191]LogModuleManager: Shutting down and abandoning module CookedIterativeFile (8)
[2017.10.20-00.01.26:128][191]LogModuleManager: Shutting down and abandoning module StreamingFile (6)
[2017.10.20-00.01.26:128][191]LogModuleManager: Shutting down and abandoning module SandboxFile (4)
[2017.10.20-00.01.26:128][191]LogModuleManager: Shutting down and abandoning module PakFile (2)
[2017.10.20-00.01.26:131][191]LogExit: Exiting.
[2017.10.20-00.01.26:145][191]Log file closed, 10/20/17 01:01:26
