Log file open, 04/23/18 15:36:53
LogWindows: Failed to load 'aqProf.dll' (GetLastError=126)
LogWindows: File 'aqProf.dll' does not exist
LogWindows: Failed to load 'VSPerf140.dll' (GetLastError=126)
LogWindows: File 'VSPerf140.dll' does not exist
LogWindows: Failed to load 'VtuneApi.dll' (GetLastError=126)
LogWindows: File 'VtuneApi.dll' does not exist
LogWindows: Failed to load 'VtuneApi32e.dll' (GetLastError=126)
LogWindows: File 'VtuneApi32e.dll' does not exist
LogInit: Display: Running engine for game: ProjectOrca
LogPlatformFile: Not using cached read wrapper
LogInit: Display: RandInit(-2012396308) SRandInit(-2012396307).
LogTaskGraph: Started task graph with 5 named threads and 26 total threads with 3 sets of task threads.
LogStats: Stats thread started at 0.356260
LogD3D11RHI: Aftermath initialized
LogPluginManager: Mounting plugin Paper2D
LogPluginManager: Mounting plugin LightPropagationVolume
LogPluginManager: Mounting plugin CodeLiteSourceCodeAccess
LogPluginManager: Mounting plugin GitSourceControl
LogPluginManager: Mounting plugin KDevelopSourceCodeAccess
LogPluginManager: Mounting plugin NullSourceCodeAccess
LogPluginManager: Mounting plugin PerforceSourceControl
LogPluginManager: Mounting plugin SubversionSourceControl
LogPluginManager: Mounting plugin UObjectPlugin
LogPluginManager: Mounting plugin VisualStudioSourceCodeAccess
LogPluginManager: Mounting plugin XCodeSourceCodeAccess
LogPluginManager: Mounting plugin AssetManagerEditor
LogPluginManager: Mounting plugin AudioCapture
LogPluginManager: Mounting plugin FacialAnimation
LogPluginManager: Mounting plugin GameplayTagsEditor
LogPluginManager: Mounting plugin MobileLauncherProfileWizard
LogPluginManager: Mounting plugin PluginBrowser
LogPluginManager: Mounting plugin SpeedTreeImporter
LogPluginManager: Mounting plugin AlembicImporter
LogPluginManager: Mounting plugin CharacterAI
LogPluginManager: Mounting plugin HTML5Networking
LogPluginManager: Mounting plugin AndroidMedia
LogPluginManager: Mounting plugin AvfMedia
LogPluginManager: Mounting plugin MediaPlayerEditor
LogPluginManager: Mounting plugin WmfMedia
LogPluginManager: Mounting plugin TcpMessaging
LogPluginManager: Mounting plugin UdpMessaging
LogPluginManager: Mounting plugin LevelSequenceEditor
LogPluginManager: Mounting plugin MatineeToLevelSequence
LogPluginManager: Mounting plugin OnlineSubsystemGooglePlay
LogPluginManager: Mounting plugin OnlineSubsystemIOS
LogPluginManager: Mounting plugin OnlineSubsystem
LogPluginManager: Mounting plugin OnlineSubsystemNull
LogPluginManager: Mounting plugin OnlineSubsystemUtils
LogPluginManager: Mounting plugin AndroidDeviceProfileSelector
LogPluginManager: Mounting plugin AndroidMoviePlayer
LogPluginManager: Mounting plugin AndroidPermission
LogPluginManager: Mounting plugin AppleMoviePlayer
LogPluginManager: Mounting plugin ArchVisCharacter
LogPluginManager: Mounting plugin CableComponent
LogPluginManager: Mounting plugin CustomMeshComponent
LogPluginManager: Mounting plugin ExampleDeviceProfileSelector
LogPluginManager: Mounting plugin GoogleCloudMessaging
LogPluginManager: Mounting plugin ImmediatePhysics
LogPluginManager: Mounting plugin IOSDeviceProfileSelector
LogPluginManager: Mounting plugin LinuxDeviceProfileSelector
LogPluginManager: Mounting plugin LocationServicesBPLibrary
LogPluginManager: Mounting plugin MobilePatchingUtils
LogPluginManager: Mounting plugin OculusVR
LogPluginManager: Mounting plugin PhysXVehicles
LogPluginManager: Mounting plugin ProceduralMeshComponent
LogPluginManager: Mounting plugin RuntimePhysXCooking
LogPluginManager: Mounting plugin SteamVR
LogPluginManager: Mounting plugin WindowsMoviePlayer
LogInit: Using libcurl 7.47.1
LogInit:  - built for x86_64-pc-win32
LogInit:  - supports SSL with OpenSSL/1.0.2g
LogInit:  - supports HTTP deflate (compression) using libz 1.2.8
LogInit:  - other features:
LogInit:      CURL_VERSION_SSL
LogInit:      CURL_VERSION_LIBZ
LogInit:      CURL_VERSION_IPV6
LogInit:      CURL_VERSION_ASYNCHDNS
LogInit:      CURL_VERSION_LARGEFILE
LogInit:      CURL_VERSION_IDN
LogInit:  CurlRequestOptions (configurable via config and command line):
LogInit:  - bVerifyPeer = false  - Libcurl will NOT verify peer certificate
LogInit:  - bUseHttpProxy = false  - Libcurl will NOT use HTTP proxy
LogInit:  - bDontReuseConnections = false  - Libcurl will reuse connections
LogInit:  - CertBundlePath = nullptr  - Libcurl will use whatever was configured at build time.
LogInit: Build: ++UE4+Release-4.17-CL-3658906
LogInit: Engine Version: 4.17.2-3658906+++UE4+Release-4.17
LogInit: Compatible Engine Version: 4.17.0-3573198+++UE4+Release-4.17
LogInit: Net CL: 3573198
LogDevObjectVersion: Number of dev versions registered: 16
LogDevObjectVersion:   Dev-Blueprints (B0D832E4-1F89-4F0D-ACCF-7EB736FD4AA2): 10
LogDevObjectVersion:   Dev-Build (E1C64328-A22C-4D53-A36C-8E866417BD8C): 0
LogDevObjectVersion:   Dev-Core (375EC13C-06E4-48FB-B500-84F0262A717E): 2
LogDevObjectVersion:   Dev-Editor (E4B068ED-F494-42E9-A231-DA0B2E46BB41): 20
LogDevObjectVersion:   Dev-Framework (CFFC743F-43B0-4480-9391-14DF171D2073): 28
LogDevObjectVersion:   Dev-Mobile (B02B49B5-BB20-44E9-A304-32B752E40360): 0
LogDevObjectVersion:   Dev-Networking (A4E4105C-59A1-49B5-A7C5-40C4547EDFEE): 0
LogDevObjectVersion:   Dev-Online (39C831C9-5AE6-47DC-9A44-9C173E1C8E7C): 0
LogDevObjectVersion:   Dev-Physics (78F01B33-EBEA-4F98-B9B4-84EACCB95AA2): 0
LogDevObjectVersion:   Dev-Platform (6631380F-2D4D-43E0-8009-CF276956A95A): 0
LogDevObjectVersion:   Dev-Rendering (12F88B9F-8875-4AFC-A67C-D90C383ABD29): 19
LogDevObjectVersion:   Dev-Sequencer (7B5AE74C-D270-4C10-A958-57980B212A5A): 4
LogDevObjectVersion:   Dev-VR (D7296918-1DD6-4BDD-9DE2-64A83CC13884): 0
LogDevObjectVersion:   Dev-LoadTimes (C2A15278-BFE7-4AFE-6C17-90FF531DF755): 1
LogDevObjectVersion:   Private-Geometry (6EACA3D4-40EC-4CC1-B786-8BED09428FC5): 1
LogDevObjectVersion:   Dev-AnimPhys (29E575DD-E0A3-4627-9D10-D276232CDCEA): 7
LogInit: Compiled (64-bit): Sep 22 2017 13:47:16
LogInit: Compiled with Visual C++: 19.00.24215.01
LogInit: Build Configuration: Development
LogInit: Branch Name: ++UE4+Release-4.17
LogInit: Command line:  
LogInit: Base directory: C:/Program Files/Epic Games/UE_4.17/Engine/Binaries/Win64/
LogInit: Installed Engine Build: 1
LogInit: Presizing for max 8388607 objects, including 0 objects not considered by GC, pre-allocating 0 bytes for permanent pool.
LogInit: Object subsystem initialized
[2018.04.23-20.36.54:221][  0]LogInit: Selected Device Profile: [Windows]
[2018.04.23-20.36.54:221][  0]LogInit: Applying CVar settings loaded from the selected device profile: [Windows]
[2018.04.23-20.36.54:236][  0]LogInit: Computer: DESKTOP-P1K0IFH
[2018.04.23-20.36.54:237][  0]LogInit: User: mesht
[2018.04.23-20.36.54:237][  0]LogInit: CPU Page size=4096, Cores=8
[2018.04.23-20.36.54:237][  0]LogInit: High frequency timer resolution =3.320307 MHz
[2018.04.23-20.36.54:237][  0]LogMemory: Memory total: Physical=16.0GB (16GB approx)
[2018.04.23-20.36.54:237][  0]LogMemory: Platform Memory Stats for Windows
[2018.04.23-20.36.54:237][  0]LogMemory: Process Physical Memory: 281.31 MB used, 281.31 MB peak
[2018.04.23-20.36.54:237][  0]LogMemory: Process Virtual Memory: 281.23 MB used, 281.23 MB peak
[2018.04.23-20.36.54:237][  0]LogMemory: Physical Memory: 6170.32 MB used,  10165.95 MB free, 16336.27 MB total
[2018.04.23-20.36.54:237][  0]LogMemory: Virtual Memory: 718.34 MB used,  10165.95 MB free, 134217728.00 MB total
[2018.04.23-20.36.54:493][  0]LogInit: Using OS detected language (en-US).
[2018.04.23-20.36.54:493][  0]LogInit: Using OS detected locale (en-US).
[2018.04.23-20.36.54:497][  0]LogTextLocalizationManager: No specific localization for 'en-US' exists, so the 'en' localization will be used.
[2018.04.23-20.36.55:414][  0]LogD3D11RHI: D3D11 adapters:
[2018.04.23-20.36.55:486][  0]LogD3D11RHI:    0. 'NVIDIA GeForce GTX 780 Ti' (Feature Level 11_0)
[2018.04.23-20.36.55:486][  0]LogD3D11RHI:       3029/0/8168 MB DedicatedVideo/DedicatedSystem/SharedSystem, Outputs:2, VendorId:0x10de
[2018.04.23-20.36.55:490][  0]LogD3D11RHI:    1. 'Microsoft Basic Render Driver' (Feature Level 11_0)
[2018.04.23-20.36.55:490][  0]LogD3D11RHI:       0/0/8168 MB DedicatedVideo/DedicatedSystem/SharedSystem, Outputs:0, VendorId:0x1414
[2018.04.23-20.36.55:490][  0]LogD3D11RHI: Chosen D3D11 Adapter: 0
[2018.04.23-20.36.55:505][  0]LogD3D11RHI: Creating new Direct3DDevice
[2018.04.23-20.36.55:505][  0]LogD3D11RHI:     GPU DeviceId: 0x100a (for the marketing name, search the web for "GPU Device Id")
[2018.04.23-20.36.55:505][  0]LogWindows: EnumDisplayDevices:
[2018.04.23-20.36.55:505][  0]LogWindows:    0. 'NVIDIA GeForce GTX 780 Ti' (P:1 D:1)
[2018.04.23-20.36.55:505][  0]LogWindows:    1. 'NVIDIA GeForce GTX 780 Ti' (P:0 D:1)
[2018.04.23-20.36.55:505][  0]LogWindows:    2. 'NVIDIA GeForce GTX 780 Ti' (P:0 D:0)
[2018.04.23-20.36.55:506][  0]LogWindows:    3. 'NVIDIA GeForce GTX 780 Ti' (P:0 D:0)
[2018.04.23-20.36.55:506][  0]LogWindows: DebugString: GetVideoDriverDetailsInvalid PrimaryIsNotTheChoosenAdapter GetVideoDriverDetailsInvalid PrimaryIsNotTheChoosenAdapter GetVideoDriverDetailsInvalid PrimaryIsNotTheChoosenAdapter GetVideoDriverDetailsInvalid PrimaryIsNotTheChoosenAdapter FoundDriverCount:0 
[2018.04.23-20.36.55:506][  0]LogD3D11RHI:     Adapter Name: NVIDIA GeForce GTX 780 Ti
[2018.04.23-20.36.55:506][  0]LogD3D11RHI:   Driver Version: Unknown (internal:Unknown, unified:Unknown)
[2018.04.23-20.36.55:506][  0]LogD3D11RHI:      Driver Date: Unknown
[2018.04.23-20.36.55:506][  0]LogRHI: Texture pool is 1361 MB (70% of 1945 MB)
[2018.04.23-20.36.55:553][  0]LogD3D11RHI: Async texture creation enabled
[2018.04.23-20.36.55:573][  0]LogD3D11RHI: GPU Timing Frequency: 1000.000000 (Debug: 2 2)
[2018.04.23-20.36.55:624][  0]LogShaderCompilers: Guid format shader working directory is -7 characters bigger than the processId version (E:/Game-Development/Project_Orca/GitRepo/projectorca/Intermediate/Shaders/WorkingDirectory/30660/).
[2018.04.23-20.36.55:624][  0]LogShaderCompilers: Cleaned the shader compiler working directory 'C:/Users/mesht/AppData/Local/Temp/UnrealShaderWorkingDir/07336B5B4C3E38807EE5078964BC963C/'.
[2018.04.23-20.36.55:624][  0]LogShaderCompilers: Display: Using Local Shader Compiler.
[2018.04.23-20.36.56:838][  0]LogTemp: Display: Loaded TP AllDesktopTargetPlatform
[2018.04.23-20.36.56:924][  0]LogTemp: Display: Loaded TP MacClientTargetPlatform
[2018.04.23-20.36.57:008][  0]LogTemp: Display: Loaded TP MacNoEditorTargetPlatform
[2018.04.23-20.36.57:091][  0]LogTemp: Display: Loaded TP MacServerTargetPlatform
[2018.04.23-20.36.57:173][  0]LogTemp: Display: Loaded TP MacTargetPlatform
[2018.04.23-20.36.57:256][  0]LogTemp: Display: Loaded TP WindowsClientTargetPlatform
[2018.04.23-20.36.57:337][  0]LogTemp: Display: Loaded TP WindowsNoEditorTargetPlatform
[2018.04.23-20.36.57:424][  0]LogTemp: Display: Loaded TP WindowsServerTargetPlatform
[2018.04.23-20.36.57:497][  0]LogTemp: Display: Loaded TP WindowsTargetPlatform
[2018.04.23-20.36.57:575][  0]LogTemp: Display: Loaded TP AndroidTargetPlatform
[2018.04.23-20.36.57:658][  0]LogTemp: Display: Loaded TP Android_ASTCTargetPlatform
[2018.04.23-20.36.57:737][  0]LogTemp: Display: Loaded TP Android_ATCTargetPlatform
[2018.04.23-20.36.57:818][  0]LogTemp: Display: Loaded TP Android_DXTTargetPlatform
[2018.04.23-20.36.57:893][  0]LogTemp: Display: Loaded TP Android_ETC1TargetPlatform
[2018.04.23-20.36.57:971][  0]LogTemp: Display: Loaded TP Android_ETC2TargetPlatform
[2018.04.23-20.36.58:133][  0]LogTemp: Display: Loaded TP Android_MultiTargetPlatform
[2018.04.23-20.36.58:133][  0]LogTemp: Display: Loaded TP Android_PVRTCTargetPlatform
[2018.04.23-20.36.58:199][  0]LogTemp: Display: Loaded TP HTML5TargetPlatform
[2018.04.23-20.36.58:338][  0]LogTemp: Display: Loaded TP IOSTargetPlatform
[2018.04.23-20.36.58:382][  0]LogTemp: Display: Loaded TP TVOSTargetPlatform
[2018.04.23-20.36.58:463][  0]LogTemp: Display: Loaded TP LinuxClientTargetPlatform
[2018.04.23-20.36.58:540][  0]LogTemp: Display: Loaded TP LinuxNoEditorTargetPlatform
[2018.04.23-20.36.58:616][  0]LogTemp: Display: Loaded TP LinuxServerTargetPlatform
[2018.04.23-20.36.58:695][  0]LogTemp: Display: Loaded TP LinuxTargetPlatform
[2018.04.23-20.36.58:695][  0]LogTargetPlatformManager: Display: Building Assets For Windows
[2018.04.23-20.36.59:464][  0]LogDerivedDataCache: Display: Max Cache Size: 512 MB
[2018.04.23-20.36.59:597][  0]LogDerivedDataCache: Loaded boot cache 0.13s 93MB C:/Users/mesht/AppData/Local/UnrealEngine/4.17/DerivedDataCache/Boot.ddc.
[2018.04.23-20.36.59:597][  0]LogDerivedDataCache: Display: Loaded Boot cache: C:/Users/mesht/AppData/Local/UnrealEngine/4.17/DerivedDataCache/Boot.ddc
[2018.04.23-20.36.59:598][  0]LogDerivedDataCache: FDerivedDataBackendGraph:  Pak pak cache file E:/Game-Development/Project_Orca/GitRepo/projectorca/DerivedDataCache/DDC.ddp not found, will not use a pak cache.
[2018.04.23-20.36.59:598][  0]LogDerivedDataCache: Unable to find inner node Pak for hierarchical cache Hierarchy.
[2018.04.23-20.36.59:598][  0]LogDerivedDataCache: FDerivedDataBackendGraph:  CompressedPak pak cache file E:/Game-Development/Project_Orca/GitRepo/projectorca/DerivedDataCache/Compressed.ddp not found, will not use a pak cache.
[2018.04.23-20.36.59:598][  0]LogDerivedDataCache: Unable to find inner node CompressedPak for hierarchical cache Hierarchy.
[2018.04.23-20.36.59:619][  0]LogDerivedDataCache: Display: Pak cache opened for reading ../../../Engine/DerivedDataCache/Compressed.ddp.
[2018.04.23-20.36.59:632][  0]LogDerivedDataCache: Using Local data cache path C:/Users/mesht/AppData/Local/UnrealEngine/Common/DerivedDataCache: Writable
[2018.04.23-20.36.59:646][  0]LogMaterial: Verifying Global Shaders for PCD3D_SM5
[2018.04.23-20.36.59:646][  0]LogSlate: Using Freetype 2.6.0
[2018.04.23-20.36.59:647][  0]LogSlate: SlateFontCache - WITH_FREETYPE: 1, WITH_HARFBUZZ: 1
[2018.04.23-20.36.59:647][  0]LogSlate: SlateFontCache - WITH_FREETYPE: 1, WITH_HARFBUZZ: 1
[2018.04.23-20.37.00:009][  0]LogAssetRegistry: FAssetRegistry took 0.0292 seconds to start up
[2018.04.23-20.37.00:182][  0]LogInit: Selected Device Profile: [Windows]
[2018.04.23-20.37.00:372][  0]LogContentStreaming: Texture pool size is 0.00 MB
[2018.04.23-20.37.00:795][  0]LogSimplygon: Simplygon DLL not present - disabling.
[2018.04.23-20.37.00:859][  0]LogMeshReduction: Using SimplygonSwarm for distributed automatic mesh merging
[2018.04.23-20.37.00:859][  0]LogMeshReduction: Using QuadricMeshReduction for automatic static mesh reduction
[2018.04.23-20.37.00:859][  0]LogMeshReduction: No automatic skeletal mesh reduction module available
[2018.04.23-20.37.00:859][  0]LogMeshReduction: No automatic mesh merging module available
[2018.04.23-20.37.00:859][  0]LogMeshMerging: No automatic mesh merging module available
[2018.04.23-20.37.01:323][  0]LogNetVersion: ProjectOrca , NetCL: 3573198, EngineNetVer: 2, GameNetVer: 0 (Checksum: 811679591)
[2018.04.23-20.37.01:624][  0]LogPackageLocalizationCache: Processed 5 localized package path(s) for 2 prioritized culture(s) in 0.060001 seconds
[2018.04.23-20.37.01:632][  0]LogUObjectArray: 35825 objects as part of root set at end of initial load.
[2018.04.23-20.37.01:632][  0]LogUObjectAllocator: 7529104 out of 0 bytes used by permanent object pool.
[2018.04.23-20.37.01:632][  0]LogUObjectArray: CloseDisregardForGC: 0/0 objects in disregard for GC pool
[2018.04.23-20.37.01:725][  0]LogInit: WinSock: version 1.1 (2.2), MaxSocks=32767, MaxUdp=65467
[2018.04.23-20.37.05:305][  0]LogTcpMessaging: Initializing TcpMessaging bridge
[2018.04.23-20.37.05:359][  0]LogUdpMessaging: Initializing bridge on interface 0.0.0.0:0 to multicast group 230.0.0.1:6666.
[2018.04.23-20.37.06:284][  0]LogMaterial: Uniform references updated for custom material expression Custom.
[2018.04.23-20.37.06:861][  0]SourceControl: Source control is disabled
[2018.04.23-20.37.06:861][  0]SourceControl: Source control is disabled
[2018.04.23-20.37.06:937][  0]SourceControl: Source control is disabled
[2018.04.23-20.37.07:009][  0]SourceControl: Source control is disabled
[2018.04.23-20.37.07:883][  0]LogAndroidPermission: UAndroidPermissionCallbackProxy::GetInstance
[2018.04.23-20.37.08:250][  0]LogOcInput: OculusInput pre-init called
[2018.04.23-20.37.08:618][  0]LogEngine: Initializing Engine...
[2018.04.23-20.37.08:620][  0]LogHMD: Failed to initialize OpenVR with code 110
[2018.04.23-20.37.08:867][  0]LogStats: UGameplayTagsManager::ConstructGameplayTagTree: Construct from data asset -  0.000 s
[2018.04.23-20.37.08:867][  0]LogStats: UGameplayTagsManager::ConstructGameplayTagTree: GameplayTagTreeChangedEvent.Broadcast -  0.000 s
[2018.04.23-20.37.09:061][  0]LogAIModule: Creating AISystem for world Untitled
[2018.04.23-20.37.09:101][  0]LogInit: XAudio2 using 'VoiceMeeter Input (VB-Audio VoiceMeeter VAIO)' : 2 channels at 48 kHz using 24 bits per sample (channel mask 0x3)
[2018.04.23-20.37.09:122][  0]LogInit: FAudioDevice initialized.
[2018.04.23-20.37.09:234][  0]LogDerivedDataCache: Saved boot cache 0.11s 93MB C:/Users/mesht/AppData/Local/UnrealEngine/4.17/DerivedDataCache/Boot.ddc.
[2018.04.23-20.37.09:257][  0]LogInit: Texture streaming: Enabled
[2018.04.23-20.37.09:437][  0]LogEngineSessionManager: EngineSessionManager initialized
[2018.04.23-20.37.09:775][  0]LogInit: Transaction tracking system initialized
[2018.04.23-20.37.10:254][  0]BlueprintLog: New page: Editor Load
[2018.04.23-20.37.11:624][  0]LocalizationService: Localization service is disabled
[2018.04.23-20.37.12:664][  0]LogConsoleResponse: Display: 
[2018.04.23-20.37.12:892][  0]LogCook: Display: Max memory allowance for cook 16384mb min free memory 0mb
[2018.04.23-20.37.12:893][  0]LogCook: Display: Mobile HDR setting 1
[2018.04.23-20.37.12:893][  0]LogGameplayTags: Display: UGameplayTagsManager::DoneAddingNativeTags. DelegateIsBound: 0
[2018.04.23-20.37.13:657][  0]LogFileCache: Scanning file cache for directory 'E:/Game-Development/Project_Orca/GitRepo/projectorca/Content/' took 0.07s
[2018.04.23-20.37.14:455][  0]SourceControl: Source control is disabled
[2018.04.23-20.37.14:455][  0]Cmd: MAP LOAD FILE="E:/Game-Development/Project_Orca/GitRepo/projectorca/Content/Maps/DevMap.umap" TEMPLATE=0 SHOWPROGRESS=1 FEATURELEVEL=3
[2018.04.23-20.37.14:456][  0]LightingResults: New page: Lighting Build
[2018.04.23-20.37.14:519][  0]MapCheck: New page: Map Check
[2018.04.23-20.37.14:520][  0]LightingResults: New page: Lighting Build
[2018.04.23-20.37.15:574][  0]LogAIModule: Creating AISystem for world DevMap
[2018.04.23-20.37.15:663][  0]LogEditorServer: Finished looking for orphan Actors (0.000 secs)
[2018.04.23-20.37.15:700][  0]Cmd: MAP CHECKDEP NOCLEARLOG
[2018.04.23-20.37.15:789][  0]MapCheck: Map check complete: 0 Error(s), 0 Warning(s), took 87.837ms to complete.
[2018.04.23-20.37.15:789][  0]LogFileHelpers: Loading map 'DevMap' took 1.334
[2018.04.23-20.37.15:983][  0]LogCollectionManager: Loaded 0 collections in 0.003339 seconds
[2018.04.23-20.37.16:091][  0]LogFileCache: Scanning file cache for directory 'E:/Game-Development/Project_Orca/GitRepo/projectorca/Saved/Collections/' took 0.01s
[2018.04.23-20.37.16:091][  0]LogFileCache: Scanning file cache for directory 'E:/Game-Development/Project_Orca/GitRepo/projectorca/Content/Developers/mesht/Collections/' took 0.01s
[2018.04.23-20.37.16:091][  0]LogFileCache: Scanning file cache for directory 'E:/Game-Development/Project_Orca/GitRepo/projectorca/Content/Collections/' took 0.01s
[2018.04.23-20.37.16:091][  0]LogCollectionManager: Rebuilt the GUID cache for 0 collections in 0.000000 seconds
[2018.04.23-20.37.16:105][  0]LogContentBrowser: Native class hierarchy populated in 0.0135 seconds. Added 2386 classes and 500 folders.
[2018.04.23-20.37.16:201][  0]LogContentBrowser: Native class hierarchy updated for 'WidgetCarousel' in 0.0008 seconds. Added 0 classes and 0 folders.
[2018.04.23-20.37.16:252][  0]LogContentBrowser: Native class hierarchy updated for 'AddContentDialog' in 0.0008 seconds. Added 0 classes and 0 folders.
[2018.04.23-20.37.16:319][  0]LogContentBrowser: Native class hierarchy updated for 'SceneOutliner' in 0.0010 seconds. Added 1 classes and 2 folders.
[2018.04.23-20.37.16:344][  0]LogSlate: Took 0.000286 seconds to synchronously load lazily loaded font '../../../Engine/Content/Slate/Fonts/Roboto-Regular.ttf' (155K)
[2018.04.23-20.37.16:346][  0]LogSlate: Took 0.000224 seconds to synchronously load lazily loaded font '../../../Engine/Content/Slate/Fonts/Roboto-Bold.ttf' (160K)
[2018.04.23-20.37.16:355][  0]LogSlate: Took 0.000494 seconds to synchronously load lazily loaded font '../../../Engine/Content/Editor/Slate/Fonts/FontAwesome.ttf' (139K)
[2018.04.23-20.37.16:463][  0]LogRenderer: Reallocating scene render targets to support 604x292 Format 10 NumSamples 1 (Frame:1).
[2018.04.23-20.37.16:494][  0]LogRenderer: Reallocating scene render targets to support 1208x580 Format 10 NumSamples 1 (Frame:1).
[2018.04.23-20.37.16:706][  0]LogContentBrowser: Native class hierarchy updated for 'HierarchicalLODOutliner' in 0.0009 seconds. Added 1 classes and 2 folders.
[2018.04.23-20.37.16:706][  0]LogLoad: (Engine Initialization) Total time: 24.97 seconds
[2018.04.23-20.37.16:706][  0]LogLoad: (Engine Initialization) Total Blueprint compile time: 0.00 seconds
[2018.04.23-20.37.16:706][  0]LogExternalProfiler: No external profilers were discovered.  External profiling features will not be available.
[2018.04.23-20.37.17:081][  0]LogContentStreaming: Texture pool size now 1000 MB
[2018.04.23-20.37.18:741][  5]LogSlate: Took 0.000211 seconds to synchronously load lazily loaded font '../../../Engine/Content/Slate/Fonts/Roboto-Light.ttf' (159K)
[2018.04.23-20.37.19:390][  7]LogAssetRegistry: Asset discovery search completed in 19.4038 seconds
[2018.04.23-20.37.19:396][  7]LogCollectionManager: Rebuilt the object cache for 0 collections in 0.000001 seconds (found 0 objects)
[2018.04.23-20.37.19:396][  7]LogCollectionManager: Fixed up redirectors for 0 collections in 0.000163 seconds (updated 0 objects)
[2018.04.23-20.37.27:386][695]LogFileCache: Retrieving MD5 hashes for directory 'E:/Game-Development/Project_Orca/GitRepo/projectorca/Content/' took 10.33s
[2018.04.23-20.38.03:619][612]LogSlate: Took 0.000322 seconds to synchronously load lazily loaded font '../../../Engine/Content/Slate/Fonts/Roboto-Light.ttf' (159K)
[2018.04.23-20.38.03:972][612]LogClass: Warning: Enum '/Game/Chameleon/Enums/colorChannels.colorChannels' was upgraded to use FText to store its display name data. Please re-save this asset to avoid issues with localization and determinstic cooking.
[2018.04.23-20.38.03:977][612]LogClass: Warning: Enum '/Game/Chameleon/Enums/LOOKPresetsEnum.LOOKPresetsEnum' was upgraded to use FText to store its display name data. Please re-save this asset to avoid issues with localization and determinstic cooking.
[2018.04.23-20.38.03:980][612]LogClass: Warning: Enum '/Game/IndustrialCity/Blueprints/PP_Curbs.PP_Curbs' was upgraded to use FText to store its display name data. Please re-save this asset to avoid issues with localization and determinstic cooking.
[2018.04.23-20.38.03:982][612]LogClass: Warning: Enum '/Game/IndustrialCity/Blueprints/PP_Roads.PP_Roads' was upgraded to use FText to store its display name data. Please re-save this asset to avoid issues with localization and determinstic cooking.
[2018.04.23-20.38.03:986][612]LogClass: Warning: Enum '/Game/IndustrialCity/Blueprints/PP_Sidewalks.PP_Sidewalks' was upgraded to use FText to store its display name data. Please re-save this asset to avoid issues with localization and determinstic cooking.
[2018.04.23-20.38.03:989][612]LogClass: Warning: Enum '/Game/InventorySystem/Blueprints/Demo/Classes.Classes' was upgraded to use FText to store its display name data. Please re-save this asset to avoid issues with localization and determinstic cooking.
[2018.04.23-20.38.03:992][612]LogClass: Warning: Enum '/Game/InventorySystem/Blueprints/Inventory/EquipmentSlots.EquipmentSlots' was upgraded to use FText to store its display name data. Please re-save this asset to avoid issues with localization and determinstic cooking.
[2018.04.23-20.38.03:995][612]LogClass: Warning: Enum '/Game/InventorySystem/Blueprints/Inventory/EquipmentSlotType.EquipmentSlotType' was upgraded to use FText to store its display name data. Please re-save this asset to avoid issues with localization and determinstic cooking.
[2018.04.23-20.38.03:999][612]LogClass: Warning: Enum '/Game/InventorySystem/Blueprints/Inventory/EquipmentType.EquipmentType' was upgraded to use FText to store its display name data. Please re-save this asset to avoid issues with localization and determinstic cooking.
[2018.04.23-20.38.04:003][612]LogClass: Warning: Enum '/Game/InventorySystem/Blueprints/Inventory/ItemQuality.ItemQuality' was upgraded to use FText to store its display name data. Please re-save this asset to avoid issues with localization and determinstic cooking.
[2018.04.23-20.38.04:006][612]LogClass: Warning: Enum '/Game/InventorySystem/Blueprints/Inventory/ItemType.ItemType' was upgraded to use FText to store its display name data. Please re-save this asset to avoid issues with localization and determinstic cooking.
[2018.04.23-20.38.04:147][612]LogContentBrowser: Native class hierarchy updated for 'BlueprintGraph' in 0.0014 seconds. Added 113 classes and 0 folders.
[2018.04.23-20.38.04:990][612]LogSlate: Took 0.000309 seconds to synchronously load lazily loaded font '../../../Engine/Content/Slate/Fonts/Roboto-Regular.ttf' (155K)
[2018.04.23-20.38.05:088][612]LogSlate: Took 0.000305 seconds to synchronously load lazily loaded font '../../../Engine/Content/Editor/Slate/Fonts/Roboto-BoldCondensed.ttf' (158K)
[2018.04.23-20.38.05:214][613]LogSlate: Took 0.000402 seconds to synchronously load lazily loaded font '../../../Engine/Content/Editor/Slate/Fonts/Roboto-Italic.ttf' (157K)
[2018.04.23-20.39.47:306][102]BlueprintLog: New page: Compile ABP_AboveWaterAmbManager
[2018.04.23-20.39.48:039][127]LogSavePackage: Save=69.95ms
[2018.04.23-20.39.48:039][127]LogSavePackage: Moving 'E:/Game-Development/Project_Orca/GitRepo/projectorca/Saved/ABP_AboveWaterAmbManager742696614927C89EDCEB15859C3CD89B.tmp' to 'E:/Game-Development/Project_Orca/GitRepo/projectorca/Content/Audio/Blueprints/ABP_AboveWaterAmbManager.uasset'
[2018.04.23-20.39.48:042][127]LogSavePackage: Display: Finished SavePackage E:/Game-Development/Project_Orca/GitRepo/projectorca/Content/Audio/Blueprints/ABP_AboveWaterAmbManager.uasset
[2018.04.23-20.42.46:807][453]LogTemp: Repeating last play command: Selected Viewport
[2018.04.23-20.42.47:217][453]LogBlueprintUserMessages: Early PlayInEditor Detection: Level '/Game/Maps/DevMap.DevMap:PersistentLevel' has LevelScriptBlueprint '/Game/Maps/DevMap.DevMap:PersistentLevel.DevMap' with GeneratedClass '/Game/Maps/DevMap.DevMap_C' with ClassGeneratedBy '/Game/Maps/DevMap.DevMap:PersistentLevel.DevMap'
[2018.04.23-20.42.47:217][453]LogPlayLevel: PlayLevel: No blueprints needed recompiling
[2018.04.23-20.42.47:218][453]PIE: New page: PIE session: DevMap (Apr 23, 2018, 10:42:47 AM)
[2018.04.23-20.42.47:218][453]LogPlayLevel: Creating play world package: /Game/Maps/UEDPIE_0_DevMap
[2018.04.23-20.42.47:231][453]LogPlayLevel: PIE: StaticDuplicateObject took: (0.013006s)
[2018.04.23-20.42.47:232][453]LogAIModule: Creating AISystem for world DevMap
[2018.04.23-20.42.47:233][453]LogPlayLevel: PIE: World Init took: (0.002009s)
[2018.04.23-20.42.47:233][453]LogPlayLevel: PIE: Created PIE world by copying editor world from /Game/Maps/DevMap.DevMap to /Game/Maps/UEDPIE_0_DevMap.DevMap (0.015612s)
[2018.04.23-20.42.47:307][453]LogInit: XAudio2 using 'VoiceMeeter Input (VB-Audio VoiceMeeter VAIO)' : 2 channels at 48 kHz using 24 bits per sample (channel mask 0x3)
[2018.04.23-20.42.47:313][453]LogInit: FAudioDevice initialized.
[2018.04.23-20.42.47:369][453]LogLinker: Warning: Can't find file '/Game/ThirdPersonBP/Blueprints/ThirdPersonGameMode'
[2018.04.23-20.42.47:370][453]LogLinker: Warning: Can't find file '/Game/ThirdPersonBP/Blueprints/ThirdPersonGameMode'
[2018.04.23-20.42.47:370][453]LogUObjectGlobals: Warning: Failed to find object 'Class /Game/ThirdPersonBP/Blueprints/ThirdPersonGameMode.ThirdPersonGameMode_C'
[2018.04.23-20.42.47:370][453]LogLoad: Game class is 'GameModeBase'
[2018.04.23-20.42.47:376][453]LogWorld: Bringing World /Game/Maps/UEDPIE_0_DevMap.DevMap up for play (max tick rate 0) at 2018.04.23-15.42.47
[2018.04.23-20.42.47:377][453]LogWorld: Bringing up level for play took: 0.004924
[2018.04.23-20.42.47:449][453]LogContentBrowser: Native class hierarchy updated for 'MovieSceneCapture' in 0.0009 seconds. Added 11 classes and 0 folders.
[2018.04.23-20.42.47:450][453]PIE: Play in editor start time for /Game/Maps/UEDPIE_0_DevMap 0.694
[2018.04.23-20.42.47:450][453]LogBlueprintUserMessages: Late PlayInEditor Detection: Level '/Game/Maps/DevMap.DevMap:PersistentLevel' has LevelScriptBlueprint '/Game/Maps/DevMap.DevMap:PersistentLevel.DevMap' with GeneratedClass '/Game/Maps/DevMap.DevMap_C' with ClassGeneratedBy '/Game/Maps/DevMap.DevMap:PersistentLevel.DevMap'
[2018.04.23-20.42.50:393][759]LogBlueprintUserMessages: Early EndPlayMap Detection: Level '/Game/Maps/DevMap.DevMap:PersistentLevel' has LevelScriptBlueprint '/Game/Maps/DevMap.DevMap:PersistentLevel.DevMap' with GeneratedClass '/Game/Maps/DevMap.DevMap_C' with ClassGeneratedBy '/Game/Maps/DevMap.DevMap:PersistentLevel.DevMap'
[2018.04.23-20.42.50:435][759]LogBlueprintUserMessages: Late EndPlayMap Detection: Level '/Game/Maps/DevMap.DevMap:PersistentLevel' has LevelScriptBlueprint '/Game/Maps/DevMap.DevMap:PersistentLevel.DevMap' with GeneratedClass '/Game/Maps/DevMap.DevMap_C' with ClassGeneratedBy '/Game/Maps/DevMap.DevMap:PersistentLevel.DevMap'
[2018.04.23-20.48.28:737][140]LogSlate: Took 0.000583 seconds to synchronously load lazily loaded font '../../../Engine/Content/Slate/Fonts/Roboto-Light.ttf' (159K)
[2018.04.23-20.48.37:465][556]LogFileHelpers: Editor autosave (incl. sublevels) for '/Game/Maps/DevMap' took 0.041
[2018.04.23-20.48.37:468][556]OBJ SavePackage: Generating thumbnails for [0] asset(s) in package [/Game/Audio/Blueprints/ABP_AboveWaterAmbManager] ([1] browsable assets)...
[2018.04.23-20.48.37:468][556]OBJ SavePackage: Finished generating thumbnails for package [/Game/Audio/Blueprints/ABP_AboveWaterAmbManager]
[2018.04.23-20.48.37:551][556]LogSavePackage: Save=63.39ms
[2018.04.23-20.48.37:551][556]LogSavePackage: Moving 'E:/Game-Development/Project_Orca/GitRepo/projectorca/Saved/ABP_AboveWaterAmbManager_Auto1E9B4203249D036356558F39C8720B559.tmp' to 'E:/Game-Development/Project_Orca/GitRepo/projectorca/Saved/Autosaves/Game/Audio/Blueprints/ABP_AboveWaterAmbManager_Auto1.uasset'
[2018.04.23-20.48.37:552][556]LogSavePackage: Display: Finished SavePackage E:/Game-Development/Project_Orca/GitRepo/projectorca/Saved/Autosaves/Game/Audio/Blueprints/ABP_AboveWaterAmbManager_Auto1.uasset
[2018.04.23-20.48.37:552][556]LogFileHelpers: Auto-saving content packages took 0.086
[2018.04.23-20.58.37:668][320]LogFileHelpers: Editor autosave (incl. sublevels) for '/Game/Maps/DevMap' took 0.041
[2018.04.23-20.58.37:670][320]OBJ SavePackage: Generating thumbnails for [0] asset(s) in package [/Game/Audio/Blueprints/ABP_AboveWaterAmbManager] ([1] browsable assets)...
[2018.04.23-20.58.37:670][320]OBJ SavePackage: Finished generating thumbnails for package [/Game/Audio/Blueprints/ABP_AboveWaterAmbManager]
[2018.04.23-20.58.37:774][320]LogSavePackage: Save=74.64ms
[2018.04.23-20.58.37:774][320]LogSavePackage: Moving 'E:/Game-Development/Project_Orca/GitRepo/projectorca/Saved/ABP_AboveWaterAmbManager_Auto2B1BCA53C4FB893C33E9E6092B65D39C3.tmp' to 'E:/Game-Development/Project_Orca/GitRepo/projectorca/Saved/Autosaves/Game/Audio/Blueprints/ABP_AboveWaterAmbManager_Auto2.uasset'
[2018.04.23-20.58.37:776][320]LogSavePackage: Display: Finished SavePackage E:/Game-Development/Project_Orca/GitRepo/projectorca/Saved/Autosaves/Game/Audio/Blueprints/ABP_AboveWaterAmbManager_Auto2.uasset
[2018.04.23-20.58.37:776][320]LogFileHelpers: Auto-saving content packages took 0.107
[2018.04.23-21.11.01:013][334]LogFileHelpers: Editor autosave (incl. sublevels) for '/Game/Maps/DevMap' took 0.046
[2018.04.23-21.11.01:017][334]OBJ SavePackage: Generating thumbnails for [0] asset(s) in package [/Game/Audio/Blueprints/ABP_AboveWaterAmbManager] ([1] browsable assets)...
[2018.04.23-21.11.01:017][334]OBJ SavePackage: Finished generating thumbnails for package [/Game/Audio/Blueprints/ABP_AboveWaterAmbManager]
[2018.04.23-21.11.01:133][334]LogSavePackage: Save=86.46ms
[2018.04.23-21.11.01:133][334]LogSavePackage: Moving 'E:/Game-Development/Project_Orca/GitRepo/projectorca/Saved/ABP_AboveWaterAmbManager_Auto320CABE794EC1EB5F0044B5A863BAB6AF.tmp' to 'E:/Game-Development/Project_Orca/GitRepo/projectorca/Saved/Autosaves/Game/Audio/Blueprints/ABP_AboveWaterAmbManager_Auto3.uasset'
[2018.04.23-21.11.01:134][334]LogSavePackage: Display: Finished SavePackage E:/Game-Development/Project_Orca/GitRepo/projectorca/Saved/Autosaves/Game/Audio/Blueprints/ABP_AboveWaterAmbManager_Auto3.uasset
[2018.04.23-21.11.01:134][334]LogFileHelpers: Auto-saving content packages took 0.118
[2018.04.23-21.16.25:119][661]BlueprintLog: New page: Compile ABP_AboveWaterAmbManager
[2018.04.23-21.16.25:971][681]LogSavePackage: Save=94.55ms
[2018.04.23-21.16.25:971][681]LogSavePackage: Moving 'E:/Game-Development/Project_Orca/GitRepo/projectorca/Saved/ABP_AboveWaterAmbManagerE35475F44A85DCED01A7648300B721A7.tmp' to 'E:/Game-Development/Project_Orca/GitRepo/projectorca/Content/Audio/Blueprints/ABP_AboveWaterAmbManager.uasset'
[2018.04.23-21.16.25:975][681]LogSavePackage: Display: Finished SavePackage E:/Game-Development/Project_Orca/GitRepo/projectorca/Content/Audio/Blueprints/ABP_AboveWaterAmbManager.uasset
[2018.04.23-21.16.42:958][726]LogSlate: Took 0.007827 seconds to synchronously load lazily loaded font '../../../Engine/Content/Editor/Slate/Fonts/Roboto-BoldCondensedItalic.ttf' (160K)
[2018.04.23-21.17.04:872][997]BlueprintLog: New page: Compile ABP_AboveWaterAmbManager
[2018.04.23-21.17.05:654][ 16]LogSavePackage: Save=94.21ms
[2018.04.23-21.17.05:654][ 16]LogSavePackage: Moving 'E:/Game-Development/Project_Orca/GitRepo/projectorca/Saved/ABP_AboveWaterAmbManagerC9736E65499D4CD8424E43ACCD2D2B23.tmp' to 'E:/Game-Development/Project_Orca/GitRepo/projectorca/Content/Audio/Blueprints/ABP_AboveWaterAmbManager.uasset'
[2018.04.23-21.17.05:658][ 16]LogSavePackage: Display: Finished SavePackage E:/Game-Development/Project_Orca/GitRepo/projectorca/Content/Audio/Blueprints/ABP_AboveWaterAmbManager.uasset
[2018.04.23-21.31.54:373][698]BlueprintLog: New page: Compile ABP_AboveWaterAmbManager
[2018.04.23-21.31.55:081][714]LogSavePackage: Save=90.68ms
[2018.04.23-21.31.55:082][714]LogSavePackage: Moving 'E:/Game-Development/Project_Orca/GitRepo/projectorca/Saved/ABP_AboveWaterAmbManager79F44F8840A8C4FFD3D6C48DAD80A64A.tmp' to 'E:/Game-Development/Project_Orca/GitRepo/projectorca/Content/Audio/Blueprints/ABP_AboveWaterAmbManager.uasset'
[2018.04.23-21.31.55:083][714]LogSavePackage: Display: Finished SavePackage E:/Game-Development/Project_Orca/GitRepo/projectorca/Content/Audio/Blueprints/ABP_AboveWaterAmbManager.uasset
[2018.04.23-21.31.57:590][804]LogWindowsTextInputMethodSystem: Display: IME system now deactivated.
[2018.04.23-21.31.57:803][805]Cmd: QUIT_EDITOR
[2018.04.23-21.31.58:838][805]LogExit: Preparing to exit.
[2018.04.23-21.32.00:195][805]LogExit: Editor shut down
[2018.04.23-21.32.00:227][805]LogExit: Transaction tracking system shut down
[2018.04.23-21.32.00:605][805]LogDirectoryWatcher: A directory notification for '../../../Engine/Content/' was aborted.
[2018.04.23-21.32.00:606][805]LogDirectoryWatcher: A directory notification for 'E:/Game-Development/Project_Orca/GitRepo/projectorca/Content/' was aborted.
[2018.04.23-21.32.00:606][805]LogDirectoryWatcher: A directory notification for '../../../Engine/Plugins/2D/Paper2D/Content/' was aborted.
[2018.04.23-21.32.00:606][805]LogDirectoryWatcher: A directory notification for '../../../Engine/Plugins/Runtime/Oculus/OculusVR/Content/' was aborted.
[2018.04.23-21.32.00:606][805]LogDirectoryWatcher: A directory notification for '../../../Engine/Plugins/Runtime/Steam/SteamVR/Content/' was aborted.
[2018.04.23-21.32.00:794][805]LogExit: Object subsystem successfully closed.
[2018.04.23-21.32.00:841][805]LogD3D11RHI: Shutdown
[2018.04.23-21.32.00:841][805]LogD3D11RHI: CleanupD3DDevice
[2018.04.23-21.32.00:969][805]LogD3D11RHI: ~FD3D11DynamicRHI
[2018.04.23-21.32.01:006][805]LogModuleManager: Shutting down and abandoning module MovieSceneCapture (536)
[2018.04.23-21.32.01:007][805]LogModuleManager: Shutting down and abandoning module BlueprintGraph (534)
[2018.04.23-21.32.01:007][805]LogModuleManager: Shutting down and abandoning module BlueprintProfiler (532)
[2018.04.23-21.32.01:007][805]LogModuleManager: Shutting down and abandoning module HierarchicalLODOutliner (530)
[2018.04.23-21.32.01:007][805]LogModuleManager: Shutting down and abandoning module SceneOutliner (528)
[2018.04.23-21.32.01:007][805]LogModuleManager: Shutting down and abandoning module AddContentDialog (526)
[2018.04.23-21.32.01:007][805]LogDirectoryWatcher: A directory notification for 'C:/Program Files/Epic Games/UE_4.17/FeaturePacks/' was aborted.
[2018.04.23-21.32.01:012][805]LogModuleManager: Shutting down and abandoning module WidgetCarousel (525)
[2018.04.23-21.32.01:012][805]LogModuleManager: Shutting down and abandoning module EditorWidgets (522)
[2018.04.23-21.32.01:012][805]LogModuleManager: Shutting down and abandoning module CollectionManager (520)
[2018.04.23-21.32.01:013][805]LogDirectoryWatcher: A directory notification for 'E:/Game-Development/Project_Orca/GitRepo/projectorca/Content/Collections/' was aborted.
[2018.04.23-21.32.01:013][805]LogDirectoryWatcher: A directory notification for 'E:/Game-Development/Project_Orca/GitRepo/projectorca/Content/Developers/mesht/Collections/' was aborted.
[2018.04.23-21.32.01:013][805]LogDirectoryWatcher: A directory notification for 'E:/Game-Development/Project_Orca/GitRepo/projectorca/Saved/Collections/' was aborted.
[2018.04.23-21.32.01:013][805]LogModuleManager: Shutting down and abandoning module StatsViewer (518)
[2018.04.23-21.32.01:013][805]LogModuleManager: Shutting down and abandoning module FoliageEdit (516)
[2018.04.23-21.32.01:013][805]LogModuleManager: Shutting down and abandoning module LandscapeEditor (514)
[2018.04.23-21.32.01:013][805]LogModuleManager: Shutting down and abandoning module MeshPaintMode (512)
[2018.04.23-21.32.01:013][805]LogModuleManager: Shutting down and abandoning module SceneDepthPickerMode (510)
[2018.04.23-21.32.01:013][805]LogModuleManager: Shutting down and abandoning module ActorPickerMode (508)
[2018.04.23-21.32.01:013][805]LogModuleManager: Shutting down and abandoning module GeometryMode (506)
[2018.04.23-21.32.01:013][805]LogModuleManager: Shutting down and abandoning module TextureAlignMode (504)
[2018.04.23-21.32.01:013][805]LogModuleManager: Shutting down and abandoning module BspMode (502)
[2018.04.23-21.32.01:013][805]LogModuleManager: Shutting down and abandoning module PIEPreviewDeviceProfileSelector (500)
[2018.04.23-21.32.01:013][805]LogModuleManager: Shutting down and abandoning module HardwareSurvey (498)
[2018.04.23-21.32.01:013][805]LogModuleManager: Shutting down and abandoning module SequenceRecorderSections (496)
[2018.04.23-21.32.01:013][805]LogModuleManager: Shutting down and abandoning module AutomationWorker (494)
[2018.04.23-21.32.01:013][805]LogModuleManager: Shutting down and abandoning module MatineeToLevelSequence (492)
[2018.04.23-21.32.01:013][805]LogModuleManager: Shutting down and abandoning module LevelSequenceEditor (490)
[2018.04.23-21.32.01:013][805]LogModuleManager: Shutting down and abandoning module PlacementMode (489)
[2018.04.23-21.32.01:013][805]LogModuleManager: Shutting down and abandoning module WmfMediaFactory (486)
[2018.04.23-21.32.01:014][805]LogModuleManager: Shutting down and abandoning module WmfMediaEditor (484)
[2018.04.23-21.32.01:014][805]LogModuleManager: Shutting down and abandoning module AvfMediaFactory (482)
[2018.04.23-21.32.01:014][805]LogModuleManager: Shutting down and abandoning module AvfMediaEditor (480)
[2018.04.23-21.32.01:014][805]LogModuleManager: Shutting down and abandoning module AndroidMediaFactory (478)
[2018.04.23-21.32.01:014][805]LogModuleManager: Shutting down and abandoning module Media (477)
[2018.04.23-21.32.01:014][805]LogModuleManager: Shutting down and abandoning module AndroidMediaEditor (474)
[2018.04.23-21.32.01:014][805]LogModuleManager: Shutting down and abandoning module CharacterAI (472)
[2018.04.23-21.32.01:014][805]LogModuleManager: Shutting down and abandoning module AudioCapture (470)
[2018.04.23-21.32.01:014][805]LogModuleManager: Shutting down and abandoning module SequenceRecorder (469)
[2018.04.23-21.32.01:014][805]LogModuleManager: Shutting down and abandoning module SmartSnapping (466)
[2018.04.23-21.32.01:014][805]LogModuleManager: Shutting down and abandoning module SessionServices (464)
[2018.04.23-21.32.01:014][805]LogModuleManager: Shutting down and abandoning module ViewportSnapping (462)
[2018.04.23-21.32.01:014][805]LogModuleManager: Shutting down and abandoning module ViewportInteraction (460)
[2018.04.23-21.32.01:014][805]LogModuleManager: Shutting down and abandoning module ClothPainter (458)
[2018.04.23-21.32.01:014][805]LogModuleManager: Shutting down and abandoning module LogVisualizer (456)
[2018.04.23-21.32.01:014][805]LogModuleManager: Shutting down and abandoning module IntroTutorials (454)
[2018.04.23-21.32.01:014][805]LogModuleManager: Shutting down and abandoning module GameProjectGeneration (453)
[2018.04.23-21.32.01:014][805]LogModuleManager: Shutting down and abandoning module IOSPlatformEditor (450)
[2018.04.23-21.32.01:014][805]LogModuleManager: Shutting down and abandoning module HTML5PlatformEditor (448)
[2018.04.23-21.32.01:014][805]LogModuleManager: Shutting down and abandoning module AndroidPlatformEditor (446)
[2018.04.23-21.32.01:014][805]LogModuleManager: Shutting down and abandoning module AndroidDeviceDetection (445)
[2018.04.23-21.32.01:582][805]LogModuleManager: Shutting down and abandoning module WindowsPlatformEditor (442)
[2018.04.23-21.32.01:582][805]LogModuleManager: Shutting down and abandoning module IOSRuntimeSettings (440)
[2018.04.23-21.32.01:582][805]LogModuleManager: Shutting down and abandoning module AndroidRuntimeSettings (438)
[2018.04.23-21.32.01:582][805]LogModuleManager: Shutting down and abandoning module InputBindingEditor (436)
[2018.04.23-21.32.01:582][805]LogModuleManager: Shutting down and abandoning module MergeActors (434)
[2018.04.23-21.32.01:582][805]LogModuleManager: Shutting down and abandoning module SizeMap (432)
[2018.04.23-21.32.01:582][805]LogModuleManager: Shutting down and abandoning module TreeMap (430)
[2018.04.23-21.32.01:582][805]LogModuleManager: Shutting down and abandoning module ReferenceViewer (428)
[2018.04.23-21.32.01:582][805]LogModuleManager: Shutting down and abandoning module LocalizationDashboard (426)
[2018.04.23-21.32.01:582][805]LogModuleManager: Shutting down and abandoning module LocalizationService (425)
[2018.04.23-21.32.01:582][805]LogModuleManager: Shutting down and abandoning module HardwareTargeting (422)
[2018.04.23-21.32.01:582][805]LogModuleManager: Shutting down and abandoning module DeviceProfileEditor (420)
[2018.04.23-21.32.01:582][805]LogModuleManager: Shutting down and abandoning module UndoHistory (418)
[2018.04.23-21.32.01:582][805]LogModuleManager: Shutting down and abandoning module XmlParser (416)
[2018.04.23-21.32.01:582][805]LogModuleManager: Shutting down and abandoning module Blutility (414)
[2018.04.23-21.32.01:582][805]LogModuleManager: Shutting down and abandoning module ProjectSettingsViewer (412)
[2018.04.23-21.32.01:583][805]LogModuleManager: Shutting down and abandoning module ProjectTargetPlatformEditor (411)
[2018.04.23-21.32.01:583][805]LogModuleManager: Shutting down and abandoning module EditorSettingsViewer (408)
[2018.04.23-21.32.01:583][805]LogModuleManager: Shutting down and abandoning module SettingsEditor (406)
[2018.04.23-21.32.01:583][805]LogModuleManager: Shutting down and abandoning module ProjectLauncher (404)
[2018.04.23-21.32.01:583][805]LogModuleManager: Shutting down and abandoning module SessionFrontend (402)
[2018.04.23-21.32.01:583][805]LogModuleManager: Shutting down and abandoning module ProfilerClient (400)
[2018.04.23-21.32.01:583][805]LogModuleManager: Shutting down and abandoning module DeviceManager (398)
[2018.04.23-21.32.01:583][805]LogModuleManager: Shutting down and abandoning module TargetDeviceServices (397)
[2018.04.23-21.32.01:636][805]LogModuleManager: Shutting down and abandoning module AutomationController (394)
[2018.04.23-21.32.01:636][805]LogModuleManager: Shutting down and abandoning module AutomationWindow (392)
[2018.04.23-21.32.01:636][805]LogModuleManager: Shutting down and abandoning module Layers (390)
[2018.04.23-21.32.01:636][805]LogModuleManager: Shutting down and abandoning module ComponentVisualizers (388)
[2018.04.23-21.32.01:636][805]LogModuleManager: Shutting down and abandoning module DetailCustomizations (386)
[2018.04.23-21.32.01:636][805]LogModuleManager: Shutting down and abandoning module PackagesDialog (384)
[2018.04.23-21.32.01:636][805]LogModuleManager: Shutting down and abandoning module Persona (382)
[2018.04.23-21.32.01:636][805]LogModuleManager: Shutting down and abandoning module AdvancedPreviewScene (381)
[2018.04.23-21.32.01:636][805]LogModuleManager: Shutting down and abandoning module AnimGraph (379)
[2018.04.23-21.32.01:636][805]LogModuleManager: Shutting down and abandoning module Kismet (376)
[2018.04.23-21.32.01:648][805]LogModuleManager: Shutting down and abandoning module ClassViewer (374)
[2018.04.23-21.32.01:651][805]LogModuleManager: Shutting down and abandoning module Toolbox (372)
[2018.04.23-21.32.01:651][805]LogModuleManager: Shutting down and abandoning module ModuleUI (370)
[2018.04.23-21.32.01:651][805]LogModuleManager: Shutting down and abandoning module MovieSceneTools (368)
[2018.04.23-21.32.01:651][805]LogModuleManager: Shutting down and abandoning module OutputLog (366)
[2018.04.23-21.32.01:651][805]LogModuleManager: Shutting down and abandoning module GammaUI (364)
[2018.04.23-21.32.01:651][805]LogModuleManager: Shutting down and abandoning module Documentation (362)
[2018.04.23-21.32.01:652][805]LogModuleManager: Shutting down and abandoning module MovieSceneTracks (360)
[2018.04.23-21.32.01:652][805]LogModuleManager: Shutting down and abandoning module MovieScene (358)
[2018.04.23-21.32.01:652][805]LogModuleManager: Shutting down and abandoning module Niagara (356)
[2018.04.23-21.32.01:652][805]LogModuleManager: Shutting down and abandoning module NiagaraEditor (355)
[2018.04.23-21.32.01:652][805]LogModuleManager: Shutting down and abandoning module StreamingPauseRendering (352)
[2018.04.23-21.32.01:652][805]LogModuleManager: Shutting down and abandoning module LauncherPlatform (350)
[2018.04.23-21.32.01:652][805]LogModuleManager: Shutting down and abandoning module AnalyticsET (348)
[2018.04.23-21.32.01:652][805]LogModuleManager: Shutting down and abandoning module PortalServices (346)
[2018.04.23-21.32.01:652][805]LogModuleManager: Shutting down and abandoning module PortalRpc (344)
[2018.04.23-21.32.01:652][805]LogModuleManager: Shutting down and abandoning module MessagingRpc (342)
[2018.04.23-21.32.01:652][805]LogModuleManager: Shutting down and abandoning module AIModule (340)
[2018.04.23-21.32.01:652][805]LogModuleManager: Shutting down and abandoning module GameplayDebugger (339)
[2018.04.23-21.32.01:652][805]LogModuleManager: Shutting down and abandoning module AITestSuite (337)
[2018.04.23-21.32.01:652][805]LogModuleManager: Shutting down and abandoning module ProfilerService (334)
[2018.04.23-21.32.01:876][805]LogModuleManager: Shutting down and abandoning module TaskGraph (332)
[2018.04.23-21.32.01:876][805]LogModuleManager: Shutting down and abandoning module SteamVRController (330)
[2018.04.23-21.32.01:876][805]LogModuleManager: Shutting down and abandoning module ProceduralMeshComponentEditor (328)
[2018.04.23-21.32.01:876][805]LogModuleManager: Shutting down and abandoning module ProceduralMeshComponent (326)
[2018.04.23-21.32.01:876][805]LogModuleManager: Shutting down and abandoning module OculusInput (324)
[2018.04.23-21.32.01:876][805]LogModuleManager: Shutting down and abandoning module MobilePatchingUtils (322)
[2018.04.23-21.32.01:876][805]LogModuleManager: Shutting down and abandoning module CustomMeshComponent (320)
[2018.04.23-21.32.01:876][805]LogModuleManager: Shutting down and abandoning module CableComponent (318)
[2018.04.23-21.32.01:876][805]LogModuleManager: Shutting down and abandoning module ArchVisCharacter (316)
[2018.04.23-21.32.01:876][805]LogModuleManager: Shutting down and abandoning module AndroidPermission (314)
[2018.04.23-21.32.01:876][805]LogModuleManager: Shutting down and abandoning module MediaPlayerEditor (310)
[2018.04.23-21.32.01:876][805]LogModuleManager: Shutting down and abandoning module HTML5Networking (308)
[2018.04.23-21.32.01:876][805]LogModuleManager: Shutting down and abandoning module AlembicImporter (306)
[2018.04.23-21.32.01:876][805]LogModuleManager: Shutting down and abandoning module AlembicLibrary (305)
[2018.04.23-21.32.01:876][805]LogModuleManager: Shutting down and abandoning module GeometryCache (304)
[2018.04.23-21.32.01:876][805]LogModuleManager: Shutting down and abandoning module GeometryCacheEd (303)
[2018.04.23-21.32.01:876][805]LogModuleManager: Shutting down and abandoning module SpeedTreeImporter (298)
[2018.04.23-21.32.01:876][805]LogModuleManager: Shutting down and abandoning module PluginBrowser (296)
[2018.04.23-21.32.01:876][805]LogModuleManager: Shutting down and abandoning module MobileLauncherProfileWizard (294)
[2018.04.23-21.32.01:876][805]LogModuleManager: Shutting down and abandoning module VisualStudioSourceCodeAccess (292)
[2018.04.23-21.32.01:876][805]LogModuleManager: Shutting down and abandoning module DesktopPlatform (291)
[2018.04.23-21.32.01:877][805]LogModuleManager: Shutting down and abandoning module UObjectPlugin (288)
[2018.04.23-21.32.01:877][805]LogModuleManager: Shutting down and abandoning module SubversionSourceControl (286)
[2018.04.23-21.32.01:877][805]LogModuleManager: Shutting down and abandoning module PerforceSourceControl (284)
[2018.04.23-21.32.01:877][805]LogModuleManager: Shutting down and abandoning module GitSourceControl (282)
[2018.04.23-21.32.01:877][805]LogModuleManager: Shutting down and abandoning module SourceControl (281)
[2018.04.23-21.32.01:877][805]LogModuleManager: Shutting down and abandoning module LightPropagationVolumeEditor (278)
[2018.04.23-21.32.01:877][805]LogModuleManager: Shutting down and abandoning module PaperTiledImporter (276)
[2018.04.23-21.32.01:877][805]LogModuleManager: Shutting down and abandoning module PaperSpriteSheetImporter (274)
[2018.04.23-21.32.01:877][805]LogModuleManager: Shutting down and abandoning module Paper2DEditor (272)
[2018.04.23-21.32.01:877][805]LogModuleManager: Shutting down and abandoning module MeshPaint (271)
[2018.04.23-21.32.01:877][805]LogModuleManager: Shutting down and abandoning module LevelEditor (269)
[2018.04.23-21.32.01:878][805]LogModuleManager: Shutting down and abandoning module PixelInspectorModule (268)
[2018.04.23-21.32.01:879][805]LogModuleManager: Shutting down and abandoning module MainFrame (266)
[2018.04.23-21.32.01:879][805]LogModuleManager: Shutting down and abandoning module HotReload (265)
[2018.04.23-21.32.01:879][805]LogModuleManager: Shutting down and abandoning module RuntimePhysXCooking (260)
[2018.04.23-21.32.01:879][805]LogModuleManager: Shutting down and abandoning module PhysXVehiclesEditor (258)
[2018.04.23-21.32.01:879][805]LogModuleManager: Shutting down and abandoning module PhysXVehicles (256)
[2018.04.23-21.32.01:879][805]LogModuleManager: Shutting down and abandoning module OculusEditor (254)
[2018.04.23-21.32.01:879][805]LogModuleManager: Shutting down and abandoning module LocationServicesBPLibrary (252)
[2018.04.23-21.32.01:879][805]LogModuleManager: Shutting down and abandoning module ImmediatePhysicsEditor (250)
[2018.04.23-21.32.01:879][805]LogModuleManager: Shutting down and abandoning module ImmediatePhysics (248)
[2018.04.23-21.32.01:879][805]LogModuleManager: Shutting down and abandoning module UdpMessaging (246)
[2018.04.23-21.32.01:980][805]LogModuleManager: Shutting down and abandoning module TcpMessaging (244)
[2018.04.23-21.32.02:080][805]LogModuleManager: Shutting down and abandoning module GameplayTagsEditor (242)
[2018.04.23-21.32.02:080][805]LogModuleManager: Shutting down and abandoning module FacialAnimationEditor (240)
[2018.04.23-21.32.02:080][805]LogModuleManager: Shutting down and abandoning module FacialAnimation (238)
[2018.04.23-21.32.02:080][805]LogModuleManager: Shutting down and abandoning module AssetManagerEditor (236)
[2018.04.23-21.32.02:080][805]LogModuleManager: Shutting down and abandoning module GraphEditor (235)
[2018.04.23-21.32.02:080][805]LogModuleManager: Shutting down and abandoning module ContentBrowser (233)
[2018.04.23-21.32.02:086][805]LogModuleManager: Shutting down and abandoning module LightPropagationVolumeRuntime (230)
[2018.04.23-21.32.02:086][805]LogModuleManager: Shutting down and abandoning module Paper2D (228)
[2018.04.23-21.32.02:086][805]LogModuleManager: Shutting down and abandoning module WindowsMoviePlayer (226)
[2018.04.23-21.32.02:086][805]LogModuleManager: Shutting down and abandoning module WmfMedia (224)
[2018.04.23-21.32.02:088][805]LogModuleManager: Shutting down and abandoning module PacketHandler (222)
[2018.04.23-21.32.02:088][805]LogModuleManager: Shutting down and abandoning module ClothingSystemEditor (220)
[2018.04.23-21.32.02:088][805]LogModuleManager: Shutting down and abandoning module ClothingSystemRuntime (218)
[2018.04.23-21.32.02:088][805]LogModuleManager: Shutting down and abandoning module Overlay (216)
[2018.04.23-21.32.02:088][805]LogModuleManager: Shutting down and abandoning module OverlayEditor (215)
[2018.04.23-21.32.02:088][805]LogModuleManager: Shutting down and abandoning module MediaAssets (212)
[2018.04.23-21.32.02:088][805]LogModuleManager: Shutting down and abandoning module VREditor (210)
[2018.04.23-21.32.02:088][805]LogModuleManager: Shutting down and abandoning module StringTableEditor (208)
[2018.04.23-21.32.02:088][805]LogModuleManager: Shutting down and abandoning module GameplayTasksEditor (206)
[2018.04.23-21.32.02:088][805]LogModuleManager: Shutting down and abandoning module BehaviorTreeEditor (204)
[2018.04.23-21.32.02:088][805]LogModuleManager: Shutting down and abandoning module FunctionalTesting (202)
[2018.04.23-21.32.02:088][805]LogModuleManager: Shutting down and abandoning module CollisionAnalyzer (200)
[2018.04.23-21.32.02:088][805]LogModuleManager: Shutting down and abandoning module WorkspaceMenuStructure (199)
[2018.04.23-21.32.02:088][805]LogModuleManager: Shutting down and abandoning module UMG (196)
[2018.04.23-21.32.02:089][805]LogModuleManager: Shutting down and abandoning module UMGEditor (195)
[2018.04.23-21.32.02:089][805]LogModuleManager: Shutting down and abandoning module Sequencer (194)
[2018.04.23-21.32.02:089][805]LogModuleManager: Shutting down and abandoning module MessageLog (191)
[2018.04.23-21.32.02:089][805]LogModuleManager: Shutting down and abandoning module SlateReflector (186)
[2018.04.23-21.32.02:089][805]LogModuleManager: Shutting down and abandoning module Slate (184)
[2018.04.23-21.32.02:089][805]LogModuleManager: Shutting down and abandoning module EditorStyle (182)
[2018.04.23-21.32.02:093][805]LogModuleManager: Shutting down and abandoning module MRMesh (180)
[2018.04.23-21.32.02:093][805]LogModuleManager: Shutting down and abandoning module SourceCodeAccess (178)
[2018.04.23-21.32.02:093][805]LogModuleManager: Shutting down and abandoning module HeadMountedDisplay (176)
[2018.04.23-21.32.02:093][805]LogModuleManager: Shutting down and abandoning module XAudio2 (174)
[2018.04.23-21.32.02:093][805]LogModuleManager: Shutting down and abandoning module Networking (172)
[2018.04.23-21.32.02:093][805]LogModuleManager: Shutting down and abandoning module Core (168)
[2018.04.23-21.32.02:093][805]LogModuleManager: Shutting down and abandoning module KismetCompiler (164)
[2018.04.23-21.32.02:093][805]LogModuleManager: Shutting down and abandoning module LevelSequence (162)
[2018.04.23-21.32.02:093][805]LogModuleManager: Shutting down and abandoning module MeshUtilities (160)
[2018.04.23-21.32.02:094][805]LogModuleManager: Shutting down and abandoning module MeshMergeUtilities (159)
[2018.04.23-21.32.02:094][805]LogModuleManager: Shutting down and abandoning module MeshReductionInterface (158)
[2018.04.23-21.32.02:094][805]LogModuleManager: Shutting down and abandoning module SimplygonSwarm (157)
[2018.04.23-21.32.02:094][805]LogModuleManager: Shutting down and abandoning module SimplygonMeshReduction (155)
[2018.04.23-21.32.02:094][805]LogModuleManager: Shutting down and abandoning module QuadricMeshReduction (153)
[2018.04.23-21.32.02:094][805]LogModuleManager: Shutting down and abandoning module MaterialBaking (149)
[2018.04.23-21.32.02:094][805]LogModuleManager: Shutting down and abandoning module DirectoryWatcher (146)
[2018.04.23-21.32.02:101][805]LogModuleManager: Shutting down and abandoning module DerivedDataCache (144)
[2018.04.23-21.32.02:129][805]LogDerivedDataCache: Shutdown
[2018.04.23-21.32.02:129][805]LogModuleManager: Shutting down and abandoning module TargetPlatform (142)
[2018.04.23-21.32.02:129][805]LogModuleManager: Shutting down and abandoning module VulkanShaderFormat (141)
[2018.04.23-21.32.02:129][805]LogModuleManager: Shutting down and abandoning module ShaderFormatVectorVM (139)
[2018.04.23-21.32.02:129][805]LogModuleManager: Shutting down and abandoning module ShaderFormatOpenGL (137)
[2018.04.23-21.32.02:129][805]LogModuleManager: Shutting down and abandoning module ShaderFormatD3D (135)
[2018.04.23-21.32.02:129][805]LogModuleManager: Shutting down and abandoning module MetalShaderFormat (133)
[2018.04.23-21.32.02:129][805]LogModuleManager: Shutting down and abandoning module TextureFormatUncompressed (131)
[2018.04.23-21.32.02:129][805]LogModuleManager: Shutting down and abandoning module TextureFormatPVR (129)
[2018.04.23-21.32.02:129][805]LogModuleManager: Shutting down and abandoning module TextureFormatDXT (127)
[2018.04.23-21.32.02:129][805]LogModuleManager: Shutting down and abandoning module TextureFormatIntelISPCTexComp (125)
[2018.04.23-21.32.02:130][805]LogModuleManager: Shutting down and abandoning module TextureFormatASTC (123)
[2018.04.23-21.32.02:130][805]LogModuleManager: Shutting down and abandoning module ImageWrapper (122)
[2018.04.23-21.32.02:130][805]LogModuleManager: Shutting down and abandoning module TextureFormatAndroid (119)
[2018.04.23-21.32.02:130][805]LogModuleManager: Shutting down and abandoning module AudioFormatOpus (117)
[2018.04.23-21.32.02:130][805]LogModuleManager: Shutting down and abandoning module AudioFormatOgg (115)
[2018.04.23-21.32.02:130][805]LogModuleManager: Shutting down and abandoning module AudioFormatADPCM (113)
[2018.04.23-21.32.02:130][805]LogModuleManager: Shutting down and abandoning module LinuxTargetPlatform (111)
[2018.04.23-21.32.02:131][805]LogModuleManager: Shutting down and abandoning module LinuxServerTargetPlatform (109)
[2018.04.23-21.32.02:131][805]LogModuleManager: Shutting down and abandoning module LinuxNoEditorTargetPlatform (107)
[2018.04.23-21.32.02:131][805]LogModuleManager: Shutting down and abandoning module LinuxClientTargetPlatform (105)
[2018.04.23-21.32.02:131][805]LogModuleManager: Shutting down and abandoning module TVOSTargetPlatform (103)
[2018.04.23-21.32.02:131][805]LogModuleManager: Shutting down and abandoning module Messaging (101)
[2018.04.23-21.32.02:131][805]LogModuleManager: Shutting down and abandoning module IOSTargetPlatform (99)
[2018.04.23-21.32.02:131][805]LogModuleManager: Shutting down and abandoning module HTML5TargetPlatform (97)
[2018.04.23-21.32.02:131][805]LogModuleManager: Shutting down and abandoning module Android_PVRTCTargetPlatform (95)
[2018.04.23-21.32.02:131][805]LogModuleManager: Shutting down and abandoning module Android_MultiTargetPlatform (93)
[2018.04.23-21.32.02:131][805]LogModuleManager: Shutting down and abandoning module Android_ETC2TargetPlatform (91)
[2018.04.23-21.32.02:131][805]LogModuleManager: Shutting down and abandoning module Android_ETC1TargetPlatform (89)
[2018.04.23-21.32.02:131][805]LogModuleManager: Shutting down and abandoning module Android_DXTTargetPlatform (87)
[2018.04.23-21.32.02:131][805]LogModuleManager: Shutting down and abandoning module Android_ATCTargetPlatform (85)
[2018.04.23-21.32.02:131][805]LogModuleManager: Shutting down and abandoning module Android_ASTCTargetPlatform (83)
[2018.04.23-21.32.02:131][805]LogModuleManager: Shutting down and abandoning module AndroidTargetPlatform (81)
[2018.04.23-21.32.02:131][805]LogModuleManager: Shutting down and abandoning module WindowsTargetPlatform (79)
[2018.04.23-21.32.02:131][805]LogModuleManager: Shutting down and abandoning module WindowsServerTargetPlatform (77)
[2018.04.23-21.32.02:131][805]LogModuleManager: Shutting down and abandoning module WindowsNoEditorTargetPlatform (75)
[2018.04.23-21.32.02:131][805]LogModuleManager: Shutting down and abandoning module WindowsClientTargetPlatform (73)
[2018.04.23-21.32.02:131][805]LogModuleManager: Shutting down and abandoning module MacTargetPlatform (71)
[2018.04.23-21.32.02:131][805]LogModuleManager: Shutting down and abandoning module MacServerTargetPlatform (69)
[2018.04.23-21.32.02:131][805]LogModuleManager: Shutting down and abandoning module MacNoEditorTargetPlatform (67)
[2018.04.23-21.32.02:131][805]LogModuleManager: Shutting down and abandoning module MacClientTargetPlatform (65)
[2018.04.23-21.32.02:131][805]LogModuleManager: Shutting down and abandoning module AllDesktopTargetPlatform (63)
[2018.04.23-21.32.02:131][805]LogModuleManager: Shutting down and abandoning module InputCore (60)
[2018.04.23-21.32.02:131][805]LogModuleManager: Shutting down and abandoning module Settings (58)
[2018.04.23-21.32.02:131][805]LogModuleManager: Shutting down and abandoning module PhysXCooking (56)
[2018.04.23-21.32.02:131][805]LogModuleManager: Shutting down and abandoning module SteamVR (54)
[2018.04.23-21.32.02:131][805]LogModuleManager: Shutting down and abandoning module OculusHMD (52)
[2018.04.23-21.32.02:131][805]LogModuleManager: Shutting down and abandoning module ExampleDeviceProfileSelector (50)
[2018.04.23-21.32.02:131][805]LogModuleManager: Shutting down and abandoning module OnlineBlueprintSupport (48)
[2018.04.23-21.32.02:132][805]LogModuleManager: Shutting down and abandoning module OnlineSubsystem (44)
[2018.04.23-21.32.02:132][805]LogOnline: Display: Unloading online subsystem: NULL
[2018.04.23-21.32.02:132][805]LogModuleManager: Shutting down and abandoning module XMPP (43)
[2018.04.23-21.32.02:132][805]LogModuleManager: Shutting down and abandoning module HTTP (41)
[2018.04.23-21.32.02:132][805]LogHttp: Display: Http module shutting down, but needs to wait on 1 outstanding Http requests:
[2018.04.23-21.32.02:132][805]LogHttp: Display: 	verb=[POST] url=[https://datarouter.ol.epicgames.com/datarouter/api/v1/public/data?SessionID=%7B6C1BF7EB-4EEA-1B2A-33D0-FB8A1AD82EF1%7D&AppID=UEEditor.Rocket.Release&AppVersion=4.17.2-3658906%2B%2B%2BUE4%2BRelease-4.17&UserID=3ed4cd184c79817fa41750a5749f3d64%7C9a7113778c324a5ebfbe2ee726f02543%7C220484ee-82e4-4c5b-bfac-464309ddc758&AppEnvironment=datacollector-binary&UploadType=eteventstream] status=Processing
[2018.04.23-21.32.02:151][805]LogModuleManager: Shutting down and abandoning module SSL (40)
[2018.04.23-21.32.02:154][805]LogModuleManager: Shutting down and abandoning module AnimationModifiers (36)
[2018.04.23-21.32.02:154][805]LogModuleManager: Shutting down and abandoning module PropertyEditor (35)
[2018.04.23-21.32.02:154][805]LogModuleManager: Shutting down and abandoning module AudioEditor (32)
[2018.04.23-21.32.02:154][805]LogModuleManager: Shutting down and abandoning module TextureCompressor (30)
[2018.04.23-21.32.02:154][805]LogModuleManager: Shutting down and abandoning module ShaderCore (28)
[2018.04.23-21.32.02:154][805]LogModuleManager: Shutting down and abandoning module Landscape (26)
[2018.04.23-21.32.02:154][805]LogModuleManager: Shutting down and abandoning module SlateRHIRenderer (24)
[2018.04.23-21.32.02:158][805]LogModuleManager: Shutting down and abandoning module OpenGLDrv (22)
[2018.04.23-21.32.02:158][805]LogModuleManager: Shutting down and abandoning module D3D11RHI (20)
[2018.04.23-21.32.02:158][805]LogModuleManager: Shutting down and abandoning module AnimGraphRuntime (18)
[2018.04.23-21.32.02:158][805]LogModuleManager: Shutting down and abandoning module Renderer (16)
[2018.04.23-21.32.02:158][805]LogModuleManager: Shutting down and abandoning module Engine (14)
[2018.04.23-21.32.02:158][805]LogModuleManager: Shutting down and abandoning module CoreUObject (12)
[2018.04.23-21.32.02:158][805]LogModuleManager: Shutting down and abandoning module NetworkFile (10)
[2018.04.23-21.32.02:158][805]LogModuleManager: Shutting down and abandoning module CookedIterativeFile (8)
[2018.04.23-21.32.02:158][805]LogModuleManager: Shutting down and abandoning module StreamingFile (6)
[2018.04.23-21.32.02:158][805]LogModuleManager: Shutting down and abandoning module SandboxFile (4)
[2018.04.23-21.32.02:158][805]LogModuleManager: Shutting down and abandoning module PakFile (2)
[2018.04.23-21.32.02:165][805]LogExit: Exiting.
[2018.04.23-21.32.02:187][805]Log file closed, 04/23/18 16:32:02
