Log file open, 04/24/18 17:55:12
LogWindows: Failed to load 'aqProf.dll' (GetLastError=126)
LogWindows: File 'aqProf.dll' does not exist
LogWindows: Failed to load 'VSPerf140.dll' (GetLastError=126)
LogWindows: File 'VSPerf140.dll' does not exist
LogWindows: Failed to load 'VtuneApi.dll' (GetLastError=126)
LogWindows: File 'VtuneApi.dll' does not exist
LogWindows: Failed to load 'VtuneApi32e.dll' (GetLastError=126)
LogWindows: File 'VtuneApi32e.dll' does not exist
LogInit: Display: Running engine for game: ProjectOrca
LogPlatformFile: Not using cached read wrapper
LogInit: Display: RandInit(-1112017690) SRandInit(-1112017690).
LogTaskGraph: Started task graph with 5 named threads and 26 total threads with 3 sets of task threads.
LogStats: Stats thread started at 0.336247
LogD3D11RHI: Aftermath initialized
LogPluginManager: Mounting plugin Paper2D
LogPluginManager: Mounting plugin LightPropagationVolume
LogPluginManager: Mounting plugin CodeLiteSourceCodeAccess
LogPluginManager: Mounting plugin GitSourceControl
LogPluginManager: Mounting plugin KDevelopSourceCodeAccess
LogPluginManager: Mounting plugin NullSourceCodeAccess
LogPluginManager: Mounting plugin PerforceSourceControl
LogPluginManager: Mounting plugin SubversionSourceControl
LogPluginManager: Mounting plugin UObjectPlugin
LogPluginManager: Mounting plugin VisualStudioSourceCodeAccess
LogPluginManager: Mounting plugin XCodeSourceCodeAccess
LogPluginManager: Mounting plugin AssetManagerEditor
LogPluginManager: Mounting plugin AudioCapture
LogPluginManager: Mounting plugin FacialAnimation
LogPluginManager: Mounting plugin GameplayTagsEditor
LogPluginManager: Mounting plugin MobileLauncherProfileWizard
LogPluginManager: Mounting plugin PluginBrowser
LogPluginManager: Mounting plugin SpeedTreeImporter
LogPluginManager: Mounting plugin AlembicImporter
LogPluginManager: Mounting plugin CharacterAI
LogPluginManager: Mounting plugin HTML5Networking
LogPluginManager: Mounting plugin AndroidMedia
LogPluginManager: Mounting plugin AvfMedia
LogPluginManager: Mounting plugin MediaPlayerEditor
LogPluginManager: Mounting plugin WmfMedia
LogPluginManager: Mounting plugin TcpMessaging
LogPluginManager: Mounting plugin UdpMessaging
LogPluginManager: Mounting plugin LevelSequenceEditor
LogPluginManager: Mounting plugin MatineeToLevelSequence
LogPluginManager: Mounting plugin OnlineSubsystemGooglePlay
LogPluginManager: Mounting plugin OnlineSubsystemIOS
LogPluginManager: Mounting plugin OnlineSubsystem
LogPluginManager: Mounting plugin OnlineSubsystemNull
LogPluginManager: Mounting plugin OnlineSubsystemUtils
LogPluginManager: Mounting plugin AndroidDeviceProfileSelector
LogPluginManager: Mounting plugin AndroidMoviePlayer
LogPluginManager: Mounting plugin AndroidPermission
LogPluginManager: Mounting plugin AppleMoviePlayer
LogPluginManager: Mounting plugin ArchVisCharacter
LogPluginManager: Mounting plugin CableComponent
LogPluginManager: Mounting plugin CustomMeshComponent
LogPluginManager: Mounting plugin ExampleDeviceProfileSelector
LogPluginManager: Mounting plugin GoogleCloudMessaging
LogPluginManager: Mounting plugin ImmediatePhysics
LogPluginManager: Mounting plugin IOSDeviceProfileSelector
LogPluginManager: Mounting plugin LinuxDeviceProfileSelector
LogPluginManager: Mounting plugin LocationServicesBPLibrary
LogPluginManager: Mounting plugin MobilePatchingUtils
LogPluginManager: Mounting plugin OculusVR
LogPluginManager: Mounting plugin PhysXVehicles
LogPluginManager: Mounting plugin ProceduralMeshComponent
LogPluginManager: Mounting plugin RuntimePhysXCooking
LogPluginManager: Mounting plugin SteamVR
LogPluginManager: Mounting plugin WindowsMoviePlayer
LogInit: Using libcurl 7.47.1
LogInit:  - built for x86_64-pc-win32
LogInit:  - supports SSL with OpenSSL/1.0.2g
LogInit:  - supports HTTP deflate (compression) using libz 1.2.8
LogInit:  - other features:
LogInit:      CURL_VERSION_SSL
LogInit:      CURL_VERSION_LIBZ
LogInit:      CURL_VERSION_IPV6
LogInit:      CURL_VERSION_ASYNCHDNS
LogInit:      CURL_VERSION_LARGEFILE
LogInit:      CURL_VERSION_IDN
LogInit:  CurlRequestOptions (configurable via config and command line):
LogInit:  - bVerifyPeer = false  - Libcurl will NOT verify peer certificate
LogInit:  - bUseHttpProxy = false  - Libcurl will NOT use HTTP proxy
LogInit:  - bDontReuseConnections = false  - Libcurl will reuse connections
LogInit:  - CertBundlePath = nullptr  - Libcurl will use whatever was configured at build time.
LogInit: Build: ++UE4+Release-4.17-CL-3658906
LogInit: Engine Version: 4.17.2-3658906+++UE4+Release-4.17
LogInit: Compatible Engine Version: 4.17.0-3573198+++UE4+Release-4.17
LogInit: Net CL: 3573198
LogDevObjectVersion: Number of dev versions registered: 16
LogDevObjectVersion:   Dev-Blueprints (B0D832E4-1F89-4F0D-ACCF-7EB736FD4AA2): 10
LogDevObjectVersion:   Dev-Build (E1C64328-A22C-4D53-A36C-8E866417BD8C): 0
LogDevObjectVersion:   Dev-Core (375EC13C-06E4-48FB-B500-84F0262A717E): 2
LogDevObjectVersion:   Dev-Editor (E4B068ED-F494-42E9-A231-DA0B2E46BB41): 20
LogDevObjectVersion:   Dev-Framework (CFFC743F-43B0-4480-9391-14DF171D2073): 28
LogDevObjectVersion:   Dev-Mobile (B02B49B5-BB20-44E9-A304-32B752E40360): 0
LogDevObjectVersion:   Dev-Networking (A4E4105C-59A1-49B5-A7C5-40C4547EDFEE): 0
LogDevObjectVersion:   Dev-Online (39C831C9-5AE6-47DC-9A44-9C173E1C8E7C): 0
LogDevObjectVersion:   Dev-Physics (78F01B33-EBEA-4F98-B9B4-84EACCB95AA2): 0
LogDevObjectVersion:   Dev-Platform (6631380F-2D4D-43E0-8009-CF276956A95A): 0
LogDevObjectVersion:   Dev-Rendering (12F88B9F-8875-4AFC-A67C-D90C383ABD29): 19
LogDevObjectVersion:   Dev-Sequencer (7B5AE74C-D270-4C10-A958-57980B212A5A): 4
LogDevObjectVersion:   Dev-VR (D7296918-1DD6-4BDD-9DE2-64A83CC13884): 0
LogDevObjectVersion:   Dev-LoadTimes (C2A15278-BFE7-4AFE-6C17-90FF531DF755): 1
LogDevObjectVersion:   Private-Geometry (6EACA3D4-40EC-4CC1-B786-8BED09428FC5): 1
LogDevObjectVersion:   Dev-AnimPhys (29E575DD-E0A3-4627-9D10-D276232CDCEA): 7
LogInit: Compiled (64-bit): Sep 22 2017 13:47:16
LogInit: Compiled with Visual C++: 19.00.24215.01
LogInit: Build Configuration: Development
LogInit: Branch Name: ++UE4+Release-4.17
LogInit: Command line:  
LogInit: Base directory: C:/Program Files/Epic Games/UE_4.17/Engine/Binaries/Win64/
LogInit: Installed Engine Build: 1
LogInit: Presizing for max 8388607 objects, including 0 objects not considered by GC, pre-allocating 0 bytes for permanent pool.
LogInit: Object subsystem initialized
[2018.04.24-22.55.13:513][  0]LogInit: Selected Device Profile: [Windows]
[2018.04.24-22.55.13:513][  0]LogInit: Applying CVar settings loaded from the selected device profile: [Windows]
[2018.04.24-22.55.13:527][  0]LogInit: Computer: DESKTOP-P1K0IFH
[2018.04.24-22.55.13:527][  0]LogInit: User: mesht
[2018.04.24-22.55.13:527][  0]LogInit: CPU Page size=4096, Cores=8
[2018.04.24-22.55.13:527][  0]LogInit: High frequency timer resolution =3.320307 MHz
[2018.04.24-22.55.13:528][  0]LogMemory: Memory total: Physical=16.0GB (16GB approx)
[2018.04.24-22.55.13:528][  0]LogMemory: Platform Memory Stats for Windows
[2018.04.24-22.55.13:528][  0]LogMemory: Process Physical Memory: 281.23 MB used, 281.23 MB peak
[2018.04.24-22.55.13:528][  0]LogMemory: Process Virtual Memory: 281.12 MB used, 281.12 MB peak
[2018.04.24-22.55.13:528][  0]LogMemory: Physical Memory: 6672.70 MB used,  9663.58 MB free, 16336.27 MB total
[2018.04.24-22.55.13:528][  0]LogMemory: Virtual Memory: 718.34 MB used,  9663.58 MB free, 134217728.00 MB total
[2018.04.24-22.55.13:748][  0]LogInit: Using OS detected language (en-US).
[2018.04.24-22.55.13:748][  0]LogInit: Using OS detected locale (en-US).
[2018.04.24-22.55.13:752][  0]LogTextLocalizationManager: No specific localization for 'en-US' exists, so the 'en' localization will be used.
[2018.04.24-22.55.14:543][  0]LogD3D11RHI: D3D11 adapters:
[2018.04.24-22.55.14:607][  0]LogD3D11RHI:    0. 'NVIDIA GeForce GTX 780 Ti' (Feature Level 11_0)
[2018.04.24-22.55.14:607][  0]LogD3D11RHI:       3029/0/8168 MB DedicatedVideo/DedicatedSystem/SharedSystem, Outputs:2, VendorId:0x10de
[2018.04.24-22.55.14:611][  0]LogD3D11RHI:    1. 'Microsoft Basic Render Driver' (Feature Level 11_0)
[2018.04.24-22.55.14:611][  0]LogD3D11RHI:       0/0/8168 MB DedicatedVideo/DedicatedSystem/SharedSystem, Outputs:0, VendorId:0x1414
[2018.04.24-22.55.14:611][  0]LogD3D11RHI: Chosen D3D11 Adapter: 0
[2018.04.24-22.55.14:625][  0]LogD3D11RHI: Creating new Direct3DDevice
[2018.04.24-22.55.14:625][  0]LogD3D11RHI:     GPU DeviceId: 0x100a (for the marketing name, search the web for "GPU Device Id")
[2018.04.24-22.55.14:625][  0]LogWindows: EnumDisplayDevices:
[2018.04.24-22.55.14:625][  0]LogWindows:    0. 'NVIDIA GeForce GTX 780 Ti' (P:1 D:1)
[2018.04.24-22.55.14:625][  0]LogWindows:    1. 'NVIDIA GeForce GTX 780 Ti' (P:0 D:1)
[2018.04.24-22.55.14:625][  0]LogWindows:    2. 'NVIDIA GeForce GTX 780 Ti' (P:0 D:0)
[2018.04.24-22.55.14:626][  0]LogWindows:    3. 'NVIDIA GeForce GTX 780 Ti' (P:0 D:0)
[2018.04.24-22.55.14:626][  0]LogWindows: DebugString: GetVideoDriverDetailsInvalid PrimaryIsNotTheChoosenAdapter GetVideoDriverDetailsInvalid PrimaryIsNotTheChoosenAdapter GetVideoDriverDetailsInvalid PrimaryIsNotTheChoosenAdapter GetVideoDriverDetailsInvalid PrimaryIsNotTheChoosenAdapter FoundDriverCount:0 
[2018.04.24-22.55.14:626][  0]LogD3D11RHI:     Adapter Name: NVIDIA GeForce GTX 780 Ti
[2018.04.24-22.55.14:626][  0]LogD3D11RHI:   Driver Version: Unknown (internal:Unknown, unified:Unknown)
[2018.04.24-22.55.14:626][  0]LogD3D11RHI:      Driver Date: Unknown
[2018.04.24-22.55.14:626][  0]LogRHI: Texture pool is 1361 MB (70% of 1945 MB)
[2018.04.24-22.55.14:666][  0]LogD3D11RHI: Async texture creation enabled
[2018.04.24-22.55.14:685][  0]LogD3D11RHI: GPU Timing Frequency: 1000.000000 (Debug: 2 2)
[2018.04.24-22.55.14:736][  0]LogShaderCompilers: Guid format shader working directory is -7 characters bigger than the processId version (E:/Game-Development/Project_Orca/GitRepo/projectorca/Intermediate/Shaders/WorkingDirectory/90432/).
[2018.04.24-22.55.14:736][  0]LogShaderCompilers: Cleaned the shader compiler working directory 'C:/Users/mesht/AppData/Local/Temp/UnrealShaderWorkingDir/A4ED8FC644E61F89E7A271B493E45818/'.
[2018.04.24-22.55.14:736][  0]LogShaderCompilers: Display: Using Local Shader Compiler.
[2018.04.24-22.55.15:855][  0]LogTemp: Display: Loaded TP AllDesktopTargetPlatform
[2018.04.24-22.55.15:927][  0]LogTemp: Display: Loaded TP MacClientTargetPlatform
[2018.04.24-22.55.15:999][  0]LogTemp: Display: Loaded TP MacNoEditorTargetPlatform
[2018.04.24-22.55.16:072][  0]LogTemp: Display: Loaded TP MacServerTargetPlatform
[2018.04.24-22.55.16:143][  0]LogTemp: Display: Loaded TP MacTargetPlatform
[2018.04.24-22.55.16:218][  0]LogTemp: Display: Loaded TP WindowsClientTargetPlatform
[2018.04.24-22.55.16:290][  0]LogTemp: Display: Loaded TP WindowsNoEditorTargetPlatform
[2018.04.24-22.55.16:362][  0]LogTemp: Display: Loaded TP WindowsServerTargetPlatform
[2018.04.24-22.55.16:427][  0]LogTemp: Display: Loaded TP WindowsTargetPlatform
[2018.04.24-22.55.16:499][  0]LogTemp: Display: Loaded TP AndroidTargetPlatform
[2018.04.24-22.55.16:569][  0]LogTemp: Display: Loaded TP Android_ASTCTargetPlatform
[2018.04.24-22.55.16:640][  0]LogTemp: Display: Loaded TP Android_ATCTargetPlatform
[2018.04.24-22.55.16:711][  0]LogTemp: Display: Loaded TP Android_DXTTargetPlatform
[2018.04.24-22.55.16:781][  0]LogTemp: Display: Loaded TP Android_ETC1TargetPlatform
[2018.04.24-22.55.16:852][  0]LogTemp: Display: Loaded TP Android_ETC2TargetPlatform
[2018.04.24-22.55.16:993][  0]LogTemp: Display: Loaded TP Android_MultiTargetPlatform
[2018.04.24-22.55.16:993][  0]LogTemp: Display: Loaded TP Android_PVRTCTargetPlatform
[2018.04.24-22.55.17:051][  0]LogTemp: Display: Loaded TP HTML5TargetPlatform
[2018.04.24-22.55.17:175][  0]LogTemp: Display: Loaded TP IOSTargetPlatform
[2018.04.24-22.55.17:218][  0]LogTemp: Display: Loaded TP TVOSTargetPlatform
[2018.04.24-22.55.17:291][  0]LogTemp: Display: Loaded TP LinuxClientTargetPlatform
[2018.04.24-22.55.17:364][  0]LogTemp: Display: Loaded TP LinuxNoEditorTargetPlatform
[2018.04.24-22.55.17:435][  0]LogTemp: Display: Loaded TP LinuxServerTargetPlatform
[2018.04.24-22.55.17:506][  0]LogTemp: Display: Loaded TP LinuxTargetPlatform
[2018.04.24-22.55.17:506][  0]LogTargetPlatformManager: Display: Building Assets For Windows
[2018.04.24-22.55.18:188][  0]LogDerivedDataCache: Display: Max Cache Size: 512 MB
[2018.04.24-22.55.18:298][  0]LogDerivedDataCache: Loaded boot cache 0.11s 93MB C:/Users/mesht/AppData/Local/UnrealEngine/4.17/DerivedDataCache/Boot.ddc.
[2018.04.24-22.55.18:298][  0]LogDerivedDataCache: Display: Loaded Boot cache: C:/Users/mesht/AppData/Local/UnrealEngine/4.17/DerivedDataCache/Boot.ddc
[2018.04.24-22.55.18:298][  0]LogDerivedDataCache: FDerivedDataBackendGraph:  Pak pak cache file E:/Game-Development/Project_Orca/GitRepo/projectorca/DerivedDataCache/DDC.ddp not found, will not use a pak cache.
[2018.04.24-22.55.18:298][  0]LogDerivedDataCache: Unable to find inner node Pak for hierarchical cache Hierarchy.
[2018.04.24-22.55.18:299][  0]LogDerivedDataCache: FDerivedDataBackendGraph:  CompressedPak pak cache file E:/Game-Development/Project_Orca/GitRepo/projectorca/DerivedDataCache/Compressed.ddp not found, will not use a pak cache.
[2018.04.24-22.55.18:299][  0]LogDerivedDataCache: Unable to find inner node CompressedPak for hierarchical cache Hierarchy.
[2018.04.24-22.55.18:318][  0]LogDerivedDataCache: Display: Pak cache opened for reading ../../../Engine/DerivedDataCache/Compressed.ddp.
[2018.04.24-22.55.18:330][  0]LogDerivedDataCache: Using Local data cache path C:/Users/mesht/AppData/Local/UnrealEngine/Common/DerivedDataCache: Writable
[2018.04.24-22.55.18:342][  0]LogMaterial: Verifying Global Shaders for PCD3D_SM5
[2018.04.24-22.55.18:342][  0]LogSlate: Using Freetype 2.6.0
[2018.04.24-22.55.18:343][  0]LogSlate: SlateFontCache - WITH_FREETYPE: 1, WITH_HARFBUZZ: 1
[2018.04.24-22.55.18:343][  0]LogSlate: SlateFontCache - WITH_FREETYPE: 1, WITH_HARFBUZZ: 1
[2018.04.24-22.55.18:663][  0]LogAssetRegistry: FAssetRegistry took 0.0274 seconds to start up
[2018.04.24-22.55.18:807][  0]LogInit: Selected Device Profile: [Windows]
[2018.04.24-22.55.18:978][  0]LogContentStreaming: Texture pool size is 0.00 MB
[2018.04.24-22.55.19:367][  0]LogSimplygon: Simplygon DLL not present - disabling.
[2018.04.24-22.55.19:427][  0]LogMeshReduction: Using SimplygonSwarm for distributed automatic mesh merging
[2018.04.24-22.55.19:427][  0]LogMeshReduction: Using QuadricMeshReduction for automatic static mesh reduction
[2018.04.24-22.55.19:427][  0]LogMeshReduction: No automatic skeletal mesh reduction module available
[2018.04.24-22.55.19:427][  0]LogMeshReduction: No automatic mesh merging module available
[2018.04.24-22.55.19:427][  0]LogMeshMerging: No automatic mesh merging module available
[2018.04.24-22.55.19:820][  0]LogNetVersion: ProjectOrca , NetCL: 3573198, EngineNetVer: 2, GameNetVer: 0 (Checksum: 811679591)
[2018.04.24-22.55.20:071][  0]LogPackageLocalizationCache: Processed 5 localized package path(s) for 2 prioritized culture(s) in 0.050040 seconds
[2018.04.24-22.55.20:079][  0]LogUObjectArray: 35825 objects as part of root set at end of initial load.
[2018.04.24-22.55.20:079][  0]LogUObjectAllocator: 7529104 out of 0 bytes used by permanent object pool.
[2018.04.24-22.55.20:079][  0]LogUObjectArray: CloseDisregardForGC: 0/0 objects in disregard for GC pool
[2018.04.24-22.55.20:164][  0]LogInit: WinSock: version 1.1 (2.2), MaxSocks=32767, MaxUdp=65467
[2018.04.24-22.55.23:385][  0]LogTcpMessaging: Initializing TcpMessaging bridge
[2018.04.24-22.55.23:435][  0]LogUdpMessaging: Initializing bridge on interface 0.0.0.0:0 to multicast group 230.0.0.1:6666.
[2018.04.24-22.55.24:285][  0]LogMaterial: Uniform references updated for custom material expression Custom.
[2018.04.24-22.55.24:821][  0]SourceControl: Source control is disabled
[2018.04.24-22.55.24:821][  0]SourceControl: Source control is disabled
[2018.04.24-22.55.24:891][  0]SourceControl: Source control is disabled
[2018.04.24-22.55.24:957][  0]SourceControl: Source control is disabled
[2018.04.24-22.55.25:777][  0]LogAndroidPermission: UAndroidPermissionCallbackProxy::GetInstance
[2018.04.24-22.55.26:116][  0]LogOcInput: OculusInput pre-init called
[2018.04.24-22.55.26:461][  0]LogEngine: Initializing Engine...
[2018.04.24-22.55.26:464][  0]LogHMD: Failed to initialize OpenVR with code 110
[2018.04.24-22.55.26:699][  0]LogStats: UGameplayTagsManager::ConstructGameplayTagTree: Construct from data asset -  0.000 s
[2018.04.24-22.55.26:699][  0]LogStats: UGameplayTagsManager::ConstructGameplayTagTree: GameplayTagTreeChangedEvent.Broadcast -  0.000 s
[2018.04.24-22.55.26:878][  0]LogAIModule: Creating AISystem for world Untitled
[2018.04.24-22.55.26:915][  0]LogInit: XAudio2 using 'VoiceMeeter Input (VB-Audio VoiceMeeter VAIO)' : 2 channels at 48 kHz using 24 bits per sample (channel mask 0x3)
[2018.04.24-22.55.26:939][  0]LogInit: FAudioDevice initialized.
[2018.04.24-22.55.27:042][  0]LogDerivedDataCache: Saved boot cache 0.10s 93MB C:/Users/mesht/AppData/Local/UnrealEngine/4.17/DerivedDataCache/Boot.ddc.
[2018.04.24-22.55.27:068][  0]LogInit: Texture streaming: Enabled
[2018.04.24-22.55.27:227][  0]LogEngineSessionManager: EngineSessionManager initialized
[2018.04.24-22.55.27:548][  0]LogInit: Transaction tracking system initialized
[2018.04.24-22.55.27:988][  0]BlueprintLog: New page: Editor Load
[2018.04.24-22.55.29:253][  0]LocalizationService: Localization service is disabled
[2018.04.24-22.55.30:226][  0]LogConsoleResponse: Display: 
[2018.04.24-22.55.30:425][  0]LogCook: Display: Max memory allowance for cook 16384mb min free memory 0mb
[2018.04.24-22.55.30:425][  0]LogCook: Display: Mobile HDR setting 1
[2018.04.24-22.55.30:425][  0]LogGameplayTags: Display: UGameplayTagsManager::DoneAddingNativeTags. DelegateIsBound: 0
[2018.04.24-22.55.31:932][  0]SourceControl: Source control is disabled
[2018.04.24-22.55.31:932][  0]Cmd: MAP LOAD FILE="E:/Game-Development/Project_Orca/GitRepo/projectorca/Content/Maps/DevMap.umap" TEMPLATE=0 SHOWPROGRESS=1 FEATURELEVEL=3
[2018.04.24-22.55.31:933][  0]LightingResults: New page: Lighting Build
[2018.04.24-22.55.31:991][  0]MapCheck: New page: Map Check
[2018.04.24-22.55.31:991][  0]LightingResults: New page: Lighting Build
[2018.04.24-22.55.33:043][  0]LogAIModule: Creating AISystem for world DevMap
[2018.04.24-22.55.33:085][  0]LogEditorServer: Finished looking for orphan Actors (0.000 secs)
[2018.04.24-22.55.33:121][  0]Cmd: MAP CHECKDEP NOCLEARLOG
[2018.04.24-22.55.33:203][  0]MapCheck: Map check complete: 0 Error(s), 0 Warning(s), took 82.584ms to complete.
[2018.04.24-22.55.33:204][  0]LogFileHelpers: Loading map 'DevMap' took 1.271
[2018.04.24-22.55.33:370][  0]LogCollectionManager: Loaded 0 collections in 0.002354 seconds
[2018.04.24-22.55.33:473][  0]LogFileCache: Scanning file cache for directory 'E:/Game-Development/Project_Orca/GitRepo/projectorca/Saved/Collections/' took 0.01s
[2018.04.24-22.55.33:473][  0]LogFileCache: Scanning file cache for directory 'E:/Game-Development/Project_Orca/GitRepo/projectorca/Content/Developers/mesht/Collections/' took 0.01s
[2018.04.24-22.55.33:473][  0]LogFileCache: Scanning file cache for directory 'E:/Game-Development/Project_Orca/GitRepo/projectorca/Content/Collections/' took 0.01s
[2018.04.24-22.55.33:473][  0]LogCollectionManager: Rebuilt the GUID cache for 0 collections in 0.000001 seconds
[2018.04.24-22.55.33:485][  0]LogContentBrowser: Native class hierarchy populated in 0.0113 seconds. Added 2386 classes and 500 folders.
[2018.04.24-22.55.33:576][  0]LogContentBrowser: Native class hierarchy updated for 'WidgetCarousel' in 0.0008 seconds. Added 0 classes and 0 folders.
[2018.04.24-22.55.33:626][  0]LogContentBrowser: Native class hierarchy updated for 'AddContentDialog' in 0.0008 seconds. Added 0 classes and 0 folders.
[2018.04.24-22.55.33:690][  0]LogContentBrowser: Native class hierarchy updated for 'SceneOutliner' in 0.0008 seconds. Added 1 classes and 2 folders.
[2018.04.24-22.55.33:714][  0]LogSlate: Took 0.000242 seconds to synchronously load lazily loaded font '../../../Engine/Content/Slate/Fonts/Roboto-Regular.ttf' (155K)
[2018.04.24-22.55.33:716][  0]LogSlate: Took 0.000181 seconds to synchronously load lazily loaded font '../../../Engine/Content/Slate/Fonts/Roboto-Bold.ttf' (160K)
[2018.04.24-22.55.33:722][  0]LogSlate: Took 0.000233 seconds to synchronously load lazily loaded font '../../../Engine/Content/Editor/Slate/Fonts/FontAwesome.ttf' (139K)
[2018.04.24-22.55.33:822][  0]LogRenderer: Reallocating scene render targets to support 604x292 Format 10 NumSamples 1 (Frame:1).
[2018.04.24-22.55.33:848][  0]LogRenderer: Reallocating scene render targets to support 1208x580 Format 10 NumSamples 1 (Frame:1).
[2018.04.24-22.55.34:029][  0]LogContentBrowser: Native class hierarchy updated for 'HierarchicalLODOutliner' in 0.0008 seconds. Added 1 classes and 2 folders.
[2018.04.24-22.55.34:029][  0]LogLoad: (Engine Initialization) Total time: 22.80 seconds
[2018.04.24-22.55.34:029][  0]LogLoad: (Engine Initialization) Total Blueprint compile time: 0.00 seconds
[2018.04.24-22.55.34:029][  0]LogExternalProfiler: No external profilers were discovered.  External profiling features will not be available.
[2018.04.24-22.55.34:389][  0]LogContentStreaming: Texture pool size now 1000 MB
[2018.04.24-22.55.34:451][  0]LogSlate: Took 0.000260 seconds to synchronously load lazily loaded font '../../../Engine/Content/Slate/Fonts/Roboto-Light.ttf' (159K)
[2018.04.24-22.55.36:382][  6]LogAssetRegistry: Asset discovery search completed in 17.7408 seconds
[2018.04.24-22.55.36:388][  6]LogCollectionManager: Rebuilt the object cache for 0 collections in 0.000000 seconds (found 0 objects)
[2018.04.24-22.55.36:388][  6]LogCollectionManager: Fixed up redirectors for 0 collections in 0.000067 seconds (updated 0 objects)
[2018.04.24-22.56.34:060][425]LogSlate: Took 0.000182 seconds to synchronously load lazily loaded font '../../../Engine/Content/Slate/Fonts/Roboto-Light.ttf' (159K)
[2018.04.24-22.56.34:936][425]LogAIModule: Creating AISystem for world AudioTestMap
[2018.04.24-22.56.35:158][425]Cmd: MAP LOAD FILE="E:/Game-Development/Project_Orca/GitRepo/projectorca/Content/Maps/AudioTestMap.umap" TEMPLATE=0 SHOWPROGRESS=1 FEATURELEVEL=3
[2018.04.24-22.56.35:158][425]LightingResults: New page: Lighting Build
[2018.04.24-22.56.35:159][425]LoadErrors: New page: Loading map: AudioTestMap.umap
[2018.04.24-22.56.35:160][425]MapCheck: New page: Map Check
[2018.04.24-22.56.35:160][425]LightingResults: New page: Lighting Build
[2018.04.24-22.56.35:245][425]LogEditorServer: Finished looking for orphan Actors (0.000 secs)
[2018.04.24-22.56.35:311][425]Cmd: MAP CHECKDEP NOCLEARLOG
[2018.04.24-22.56.35:411][425]MapCheck: Map check complete: 0 Error(s), 0 Warning(s), took 99.346ms to complete.
[2018.04.24-22.56.35:411][425]LogFileHelpers: Loading map 'AudioTestMap' took 0.254
[2018.04.24-22.56.39:356][859]LogTemp: Repeating last play command: Selected Viewport
[2018.04.24-22.56.39:739][859]LogBlueprintUserMessages: Early PlayInEditor Detection: Level '/Game/Maps/AudioTestMap.AudioTestMap:PersistentLevel' has LevelScriptBlueprint '/Game/Maps/AudioTestMap.AudioTestMap:PersistentLevel.AudioTestMap' with GeneratedClass '/Game/Maps/AudioTestMap.AudioTestMap_C' with ClassGeneratedBy '/Game/Maps/AudioTestMap.AudioTestMap:PersistentLevel.AudioTestMap'
[2018.04.24-22.56.39:739][859]LogPlayLevel: PlayLevel: No blueprints needed recompiling
[2018.04.24-22.56.39:739][859]PIE: New page: PIE session: AudioTestMap (Apr 24, 2018, 12:56:39 PM)
[2018.04.24-22.56.39:739][859]LogPlayLevel: Creating play world package: /Game/Maps/UEDPIE_0_AudioTestMap
[2018.04.24-22.56.39:754][859]LogPlayLevel: PIE: StaticDuplicateObject took: (0.014214s)
[2018.04.24-22.56.39:754][859]LogAIModule: Creating AISystem for world AudioTestMap
[2018.04.24-22.56.39:755][859]LogPlayLevel: PIE: World Init took: (0.000935s)
[2018.04.24-22.56.39:755][859]LogPlayLevel: PIE: Created PIE world by copying editor world from /Game/Maps/AudioTestMap.AudioTestMap to /Game/Maps/UEDPIE_0_AudioTestMap.AudioTestMap (0.015494s)
[2018.04.24-22.56.39:814][859]LogInit: XAudio2 using 'VoiceMeeter Input (VB-Audio VoiceMeeter VAIO)' : 2 channels at 48 kHz using 24 bits per sample (channel mask 0x3)
[2018.04.24-22.56.39:820][859]LogInit: FAudioDevice initialized.
[2018.04.24-22.56.39:864][859]LogLinker: Warning: Can't find file '/Game/ThirdPersonBP/Blueprints/ThirdPersonGameMode'
[2018.04.24-22.56.39:864][859]LogLinker: Warning: Can't find file '/Game/ThirdPersonBP/Blueprints/ThirdPersonGameMode'
[2018.04.24-22.56.39:864][859]LogUObjectGlobals: Warning: Failed to find object 'Class /Game/ThirdPersonBP/Blueprints/ThirdPersonGameMode.ThirdPersonGameMode_C'
[2018.04.24-22.56.39:864][859]LogLoad: Game class is 'GameModeBase'
[2018.04.24-22.56.39:869][859]LogWorld: Bringing World /Game/Maps/UEDPIE_0_AudioTestMap.AudioTestMap up for play (max tick rate 0) at 2018.04.24-17.56.39
[2018.04.24-22.56.39:870][859]LogLinker: Warning: Can't find file '/Game/Sequence/Test'
[2018.04.24-22.56.39:870][859]LogLinker: Warning: Can't find file '/Game/Sequence/Test'
[2018.04.24-22.56.39:870][859]LogUObjectGlobals: Warning: Failed to find object 'Object /Game/Sequence/Test.Test'
[2018.04.24-22.56.39:870][859]LogWorld: Bringing up level for play took: 0.004857
[2018.04.24-22.56.39:934][859]LogContentBrowser: Native class hierarchy updated for 'MovieSceneCapture' in 0.0008 seconds. Added 11 classes and 0 folders.
[2018.04.24-22.56.39:936][859]PIE: Play in editor start time for /Game/Maps/UEDPIE_0_AudioTestMap -0.329
[2018.04.24-22.56.39:936][859]LogBlueprintUserMessages: Late PlayInEditor Detection: Level '/Game/Maps/AudioTestMap.AudioTestMap:PersistentLevel' has LevelScriptBlueprint '/Game/Maps/AudioTestMap.AudioTestMap:PersistentLevel.AudioTestMap' with GeneratedClass '/Game/Maps/AudioTestMap.AudioTestMap_C' with ClassGeneratedBy '/Game/Maps/AudioTestMap.AudioTestMap:PersistentLevel.AudioTestMap'
[2018.04.24-22.56.42:637][148]LogBlueprintUserMessages: Early EndPlayMap Detection: Level '/Game/Maps/AudioTestMap.AudioTestMap:PersistentLevel' has LevelScriptBlueprint '/Game/Maps/AudioTestMap.AudioTestMap:PersistentLevel.AudioTestMap' with GeneratedClass '/Game/Maps/AudioTestMap.AudioTestMap_C' with ClassGeneratedBy '/Game/Maps/AudioTestMap.AudioTestMap:PersistentLevel.AudioTestMap'
[2018.04.24-22.56.42:673][148]LogBlueprintUserMessages: Late EndPlayMap Detection: Level '/Game/Maps/AudioTestMap.AudioTestMap:PersistentLevel' has LevelScriptBlueprint '/Game/Maps/AudioTestMap.AudioTestMap:PersistentLevel.AudioTestMap' with GeneratedClass '/Game/Maps/AudioTestMap.AudioTestMap_C' with ClassGeneratedBy '/Game/Maps/AudioTestMap.AudioTestMap:PersistentLevel.AudioTestMap'
[2018.04.24-22.56.44:960][405]LogSlate: Took 0.000186 seconds to synchronously load lazily loaded font '../../../Engine/Content/Slate/Fonts/Roboto-Light.ttf' (159K)
[2018.04.24-22.56.46:157][495]LogSlate: Warning: Prevented a slow task dialog from being summoned while a context menu was open
[2018.04.24-22.56.49:461][785]LogSlate: Warning: Prevented a slow task dialog from being summoned while a context menu was open
[2018.04.24-22.56.49:473][785]LogLinker: Warning: Can't find file '/Game/ISW/StarterCharacter/ThirdPersonBP/Blueprints/ThirdPersonCharacter'
[2018.04.24-22.56.49:474][785]LogLinker: Warning: Can't find file for asset '/Game/ISW/StarterCharacter/ThirdPersonBP/Blueprints/ThirdPersonCharacter' while loading E:/Game-Development/Project_Orca/GitRepo/projectorca/Content/Assets_Character/Protaganist/ThirdPersonGameMode.uasset.
[2018.04.24-22.56.49:474][785]LoadErrors: Error: /Game/Assets_Character/Protaganist/ThirdPersonGameMode : Can't find file for asset. /Game/ISW/StarterCharacter/ThirdPersonBP/Blueprints/ThirdPersonCharacter
[2018.04.24-22.56.49:474][785]LogLinker: Warning: Can't find file '/Game/ISW/StarterCharacter/ThirdPersonBP/Blueprints/ThirdPersonCharacter'
[2018.04.24-22.56.49:474][785]LogLinker: Warning: Can't find file for asset '/Game/ISW/StarterCharacter/ThirdPersonBP/Blueprints/ThirdPersonCharacter' while loading E:/Game-Development/Project_Orca/GitRepo/projectorca/Content/Assets_Character/Protaganist/ThirdPersonGameMode.uasset.
[2018.04.24-22.56.49:475][785]LogLinker: Warning: Can't find file '/Game/ISW/StarterCharacter/ThirdPersonBP/Blueprints/ThirdPersonCharacter'
[2018.04.24-22.56.49:475][785]LogLinker: Warning: Can't find file for asset '/Game/ISW/StarterCharacter/ThirdPersonBP/Blueprints/ThirdPersonCharacter' while loading NULL.
[2018.04.24-22.56.49:475][785]LogLinker: Warning: Can't find file '/Game/ISW/StarterCharacter/ThirdPersonBP/Blueprints/ThirdPersonCharacter'
[2018.04.24-22.56.49:475][785]LogLinker: Warning: Can't find file for asset '/Game/ISW/StarterCharacter/ThirdPersonBP/Blueprints/ThirdPersonCharacter' while loading NULL.
[2018.04.24-22.56.49:476][785]LogLinker: Warning: Can't find file '/Game/ISW/StarterCharacter/ThirdPersonBP/Blueprints/ThirdPersonCharacter'
[2018.04.24-22.56.49:476][785]LoadErrors: Failed to load /Game/ISW/StarterCharacter/ThirdPersonBP/Blueprints/ThirdPersonCharacter.ThirdPersonCharacter_C Referenced by Default__ThirdPersonGameMode_C
[2018.04.24-22.56.49:476][785]LogLinker: Warning: Can't find file for asset '/Game/ISW/StarterCharacter/ThirdPersonBP/Blueprints/ThirdPersonCharacter' while loading NULL.
[2018.04.24-22.56.50:611][911]LogTemp: Repeating last play command: Selected Viewport
[2018.04.24-22.56.50:633][911]LogBlueprintUserMessages: Early PlayInEditor Detection: Level '/Game/Maps/AudioTestMap.AudioTestMap:PersistentLevel' has LevelScriptBlueprint '/Game/Maps/AudioTestMap.AudioTestMap:PersistentLevel.AudioTestMap' with GeneratedClass '/Game/Maps/AudioTestMap.AudioTestMap_C' with ClassGeneratedBy '/Game/Maps/AudioTestMap.AudioTestMap:PersistentLevel.AudioTestMap'
[2018.04.24-22.56.50:633][911]LogPlayLevel: PlayLevel: No blueprints needed recompiling
[2018.04.24-22.56.50:633][911]PIE: New page: PIE session: AudioTestMap (Apr 24, 2018, 12:56:50 PM)
[2018.04.24-22.56.50:633][911]LogPlayLevel: Creating play world package: /Game/Maps/UEDPIE_0_AudioTestMap
[2018.04.24-22.56.50:647][911]LogPlayLevel: PIE: StaticDuplicateObject took: (0.013565s)
[2018.04.24-22.56.50:648][911]LogAIModule: Creating AISystem for world AudioTestMap
[2018.04.24-22.56.50:648][911]LogPlayLevel: PIE: World Init took: (0.000841s)
[2018.04.24-22.56.50:648][911]LogPlayLevel: PIE: Created PIE world by copying editor world from /Game/Maps/AudioTestMap.AudioTestMap to /Game/Maps/UEDPIE_0_AudioTestMap.AudioTestMap (0.014727s)
[2018.04.24-22.56.50:707][911]LogInit: XAudio2 using 'VoiceMeeter Input (VB-Audio VoiceMeeter VAIO)' : 2 channels at 48 kHz using 24 bits per sample (channel mask 0x3)
[2018.04.24-22.56.50:712][911]LogInit: FAudioDevice initialized.
[2018.04.24-22.56.50:745][911]LogLoad: Game class is 'ThirdPersonGameMode_C'
[2018.04.24-22.56.50:750][911]LogWorld: Bringing World /Game/Maps/UEDPIE_0_AudioTestMap.AudioTestMap up for play (max tick rate 0) at 2018.04.24-17.56.50
[2018.04.24-22.56.50:751][911]LogWorld: Bringing up level for play took: 0.004599
[2018.04.24-22.56.50:754][911]LogGameMode: Display: Match State Changed from EnteringMap to WaitingToStart
[2018.04.24-22.56.50:754][911]LogGameState: Match State Changed from EnteringMap to WaitingToStart
[2018.04.24-22.56.50:754][911]LogGameMode: Display: Match State Changed from WaitingToStart to InProgress
[2018.04.24-22.56.50:755][911]LogGameState: Match State Changed from WaitingToStart to InProgress
[2018.04.24-22.56.50:755][911]PIE: Play in editor start time for /Game/Maps/UEDPIE_0_AudioTestMap 0.491
[2018.04.24-22.56.50:756][911]LogBlueprintUserMessages: Late PlayInEditor Detection: Level '/Game/Maps/AudioTestMap.AudioTestMap:PersistentLevel' has LevelScriptBlueprint '/Game/Maps/AudioTestMap.AudioTestMap:PersistentLevel.AudioTestMap' with GeneratedClass '/Game/Maps/AudioTestMap.AudioTestMap_C' with ClassGeneratedBy '/Game/Maps/AudioTestMap.AudioTestMap:PersistentLevel.AudioTestMap'
[2018.04.24-22.56.52:911][168]LogBlueprintUserMessages: Early EndPlayMap Detection: Level '/Game/Maps/AudioTestMap.AudioTestMap:PersistentLevel' has LevelScriptBlueprint '/Game/Maps/AudioTestMap.AudioTestMap:PersistentLevel.AudioTestMap' with GeneratedClass '/Game/Maps/AudioTestMap.AudioTestMap_C' with ClassGeneratedBy '/Game/Maps/AudioTestMap.AudioTestMap:PersistentLevel.AudioTestMap'
[2018.04.24-22.56.52:946][168]LogBlueprintUserMessages: Late EndPlayMap Detection: Level '/Game/Maps/AudioTestMap.AudioTestMap:PersistentLevel' has LevelScriptBlueprint '/Game/Maps/AudioTestMap.AudioTestMap:PersistentLevel.AudioTestMap' with GeneratedClass '/Game/Maps/AudioTestMap.AudioTestMap_C' with ClassGeneratedBy '/Game/Maps/AudioTestMap.AudioTestMap:PersistentLevel.AudioTestMap'
[2018.04.24-22.57.05:896][572]LogSlate: Warning: Prevented a slow task dialog from being summoned while a context menu was open
[2018.04.24-22.57.17:144][817]LogTemp: Repeating last play command: Selected Viewport
[2018.04.24-22.57.17:167][817]LogBlueprintUserMessages: Early PlayInEditor Detection: Level '/Game/Maps/AudioTestMap.AudioTestMap:PersistentLevel' has LevelScriptBlueprint '/Game/Maps/AudioTestMap.AudioTestMap:PersistentLevel.AudioTestMap' with GeneratedClass '/Game/Maps/AudioTestMap.AudioTestMap_C' with ClassGeneratedBy '/Game/Maps/AudioTestMap.AudioTestMap:PersistentLevel.AudioTestMap'
[2018.04.24-22.57.17:167][817]LogPlayLevel: PlayLevel: No blueprints needed recompiling
[2018.04.24-22.57.17:167][817]PIE: New page: PIE session: AudioTestMap (Apr 24, 2018, 12:57:17 PM)
[2018.04.24-22.57.17:167][817]LogPlayLevel: Creating play world package: /Game/Maps/UEDPIE_0_AudioTestMap
[2018.04.24-22.57.17:181][817]LogPlayLevel: PIE: StaticDuplicateObject took: (0.014104s)
[2018.04.24-22.57.17:182][817]LogAIModule: Creating AISystem for world AudioTestMap
[2018.04.24-22.57.17:182][817]LogPlayLevel: PIE: World Init took: (0.001010s)
[2018.04.24-22.57.17:183][817]LogPlayLevel: PIE: Created PIE world by copying editor world from /Game/Maps/AudioTestMap.AudioTestMap to /Game/Maps/UEDPIE_0_AudioTestMap.AudioTestMap (0.015468s)
[2018.04.24-22.57.17:242][817]LogInit: XAudio2 using 'VoiceMeeter Input (VB-Audio VoiceMeeter VAIO)' : 2 channels at 48 kHz using 24 bits per sample (channel mask 0x3)
[2018.04.24-22.57.17:247][817]LogInit: FAudioDevice initialized.
[2018.04.24-22.57.17:279][817]LogLoad: Game class is 'ThirdPersonGameMode_C'
[2018.04.24-22.57.17:284][817]LogWorld: Bringing World /Game/Maps/UEDPIE_0_AudioTestMap.AudioTestMap up for play (max tick rate 0) at 2018.04.24-17.57.17
[2018.04.24-22.57.17:285][817]LogWorld: Bringing up level for play took: 0.004983
[2018.04.24-22.57.17:286][817]LogGameMode: Display: Match State Changed from EnteringMap to WaitingToStart
[2018.04.24-22.57.17:286][817]LogGameState: Match State Changed from EnteringMap to WaitingToStart
[2018.04.24-22.57.17:286][817]LogGameMode: Display: Match State Changed from WaitingToStart to InProgress
[2018.04.24-22.57.17:287][817]LogGameState: Match State Changed from WaitingToStart to InProgress
[2018.04.24-22.57.17:287][817]PIE: Play in editor start time for /Game/Maps/UEDPIE_0_AudioTestMap 1.022
[2018.04.24-22.57.17:287][817]LogBlueprintUserMessages: Late PlayInEditor Detection: Level '/Game/Maps/AudioTestMap.AudioTestMap:PersistentLevel' has LevelScriptBlueprint '/Game/Maps/AudioTestMap.AudioTestMap:PersistentLevel.AudioTestMap' with GeneratedClass '/Game/Maps/AudioTestMap.AudioTestMap_C' with ClassGeneratedBy '/Game/Maps/AudioTestMap.AudioTestMap:PersistentLevel.AudioTestMap'
[2018.04.24-22.57.18:374][943]LogBlueprintUserMessages: Early EndPlayMap Detection: Level '/Game/Maps/AudioTestMap.AudioTestMap:PersistentLevel' has LevelScriptBlueprint '/Game/Maps/AudioTestMap.AudioTestMap:PersistentLevel.AudioTestMap' with GeneratedClass '/Game/Maps/AudioTestMap.AudioTestMap_C' with ClassGeneratedBy '/Game/Maps/AudioTestMap.AudioTestMap:PersistentLevel.AudioTestMap'
[2018.04.24-22.57.18:408][943]LogBlueprintUserMessages: Late EndPlayMap Detection: Level '/Game/Maps/AudioTestMap.AudioTestMap:PersistentLevel' has LevelScriptBlueprint '/Game/Maps/AudioTestMap.AudioTestMap:PersistentLevel.AudioTestMap' with GeneratedClass '/Game/Maps/AudioTestMap.AudioTestMap_C' with ClassGeneratedBy '/Game/Maps/AudioTestMap.AudioTestMap:PersistentLevel.AudioTestMap'
[2018.04.24-22.57.42:740][568]LogTemp: Repeating last play command: Selected Viewport
[2018.04.24-22.57.42:762][568]LogBlueprintUserMessages: Early PlayInEditor Detection: Level '/Game/Maps/AudioTestMap.AudioTestMap:PersistentLevel' has LevelScriptBlueprint '/Game/Maps/AudioTestMap.AudioTestMap:PersistentLevel.AudioTestMap' with GeneratedClass '/Game/Maps/AudioTestMap.AudioTestMap_C' with ClassGeneratedBy '/Game/Maps/AudioTestMap.AudioTestMap:PersistentLevel.AudioTestMap'
[2018.04.24-22.57.42:762][568]LogPlayLevel: PlayLevel: No blueprints needed recompiling
[2018.04.24-22.57.42:763][568]PIE: New page: PIE session: AudioTestMap (Apr 24, 2018, 12:57:42 PM)
[2018.04.24-22.57.42:763][568]LogPlayLevel: Creating play world package: /Game/Maps/UEDPIE_0_AudioTestMap
[2018.04.24-22.57.42:777][568]LogPlayLevel: PIE: StaticDuplicateObject took: (0.014022s)
[2018.04.24-22.57.42:778][568]LogAIModule: Creating AISystem for world AudioTestMap
[2018.04.24-22.57.42:778][568]LogPlayLevel: PIE: World Init took: (0.000967s)
[2018.04.24-22.57.42:778][568]LogPlayLevel: PIE: Created PIE world by copying editor world from /Game/Maps/AudioTestMap.AudioTestMap to /Game/Maps/UEDPIE_0_AudioTestMap.AudioTestMap (0.015300s)
[2018.04.24-22.57.42:838][568]LogInit: XAudio2 using 'VoiceMeeter Input (VB-Audio VoiceMeeter VAIO)' : 2 channels at 48 kHz using 24 bits per sample (channel mask 0x3)
[2018.04.24-22.57.42:843][568]LogInit: FAudioDevice initialized.
[2018.04.24-22.57.42:875][568]LogLoad: Game class is 'ThirdPersonGameMode_C'
[2018.04.24-22.57.42:880][568]LogWorld: Bringing World /Game/Maps/UEDPIE_0_AudioTestMap.AudioTestMap up for play (max tick rate 0) at 2018.04.24-17.57.42
[2018.04.24-22.57.42:881][568]LogWorld: Bringing up level for play took: 0.004849
[2018.04.24-22.57.42:882][568]LogGameMode: Display: Match State Changed from EnteringMap to WaitingToStart
[2018.04.24-22.57.42:882][568]LogGameState: Match State Changed from EnteringMap to WaitingToStart
[2018.04.24-22.57.42:882][568]LogGameMode: Display: Match State Changed from WaitingToStart to InProgress
[2018.04.24-22.57.42:883][568]LogGameState: Match State Changed from WaitingToStart to InProgress
[2018.04.24-22.57.42:883][568]PIE: Play in editor start time for /Game/Maps/UEDPIE_0_AudioTestMap 0.618
[2018.04.24-22.57.42:883][568]LogBlueprintUserMessages: Late PlayInEditor Detection: Level '/Game/Maps/AudioTestMap.AudioTestMap:PersistentLevel' has LevelScriptBlueprint '/Game/Maps/AudioTestMap.AudioTestMap:PersistentLevel.AudioTestMap' with GeneratedClass '/Game/Maps/AudioTestMap.AudioTestMap_C' with ClassGeneratedBy '/Game/Maps/AudioTestMap.AudioTestMap:PersistentLevel.AudioTestMap'
[2018.04.24-22.57.44:024][697]LogBlueprintUserMessages: Early EndPlayMap Detection: Level '/Game/Maps/AudioTestMap.AudioTestMap:PersistentLevel' has LevelScriptBlueprint '/Game/Maps/AudioTestMap.AudioTestMap:PersistentLevel.AudioTestMap' with GeneratedClass '/Game/Maps/AudioTestMap.AudioTestMap_C' with ClassGeneratedBy '/Game/Maps/AudioTestMap.AudioTestMap:PersistentLevel.AudioTestMap'
[2018.04.24-22.57.44:058][697]LogBlueprintUserMessages: Late EndPlayMap Detection: Level '/Game/Maps/AudioTestMap.AudioTestMap:PersistentLevel' has LevelScriptBlueprint '/Game/Maps/AudioTestMap.AudioTestMap:PersistentLevel.AudioTestMap' with GeneratedClass '/Game/Maps/AudioTestMap.AudioTestMap_C' with ClassGeneratedBy '/Game/Maps/AudioTestMap.AudioTestMap:PersistentLevel.AudioTestMap'
[2018.04.24-22.57.46:816][982]LogTemp: Repeating last play command: Selected Viewport
[2018.04.24-22.57.46:838][982]LogBlueprintUserMessages: Early PlayInEditor Detection: Level '/Game/Maps/AudioTestMap.AudioTestMap:PersistentLevel' has LevelScriptBlueprint '/Game/Maps/AudioTestMap.AudioTestMap:PersistentLevel.AudioTestMap' with GeneratedClass '/Game/Maps/AudioTestMap.AudioTestMap_C' with ClassGeneratedBy '/Game/Maps/AudioTestMap.AudioTestMap:PersistentLevel.AudioTestMap'
[2018.04.24-22.57.46:838][982]LogPlayLevel: PlayLevel: No blueprints needed recompiling
[2018.04.24-22.57.46:838][982]PIE: New page: PIE session: AudioTestMap (Apr 24, 2018, 12:57:46 PM)
[2018.04.24-22.57.46:839][982]LogPlayLevel: Creating play world package: /Game/Maps/UEDPIE_0_AudioTestMap
[2018.04.24-22.57.46:852][982]LogPlayLevel: PIE: StaticDuplicateObject took: (0.013791s)
[2018.04.24-22.57.46:853][982]LogAIModule: Creating AISystem for world AudioTestMap
[2018.04.24-22.57.46:853][982]LogPlayLevel: PIE: World Init took: (0.000875s)
[2018.04.24-22.57.46:853][982]LogPlayLevel: PIE: Created PIE world by copying editor world from /Game/Maps/AudioTestMap.AudioTestMap to /Game/Maps/UEDPIE_0_AudioTestMap.AudioTestMap (0.014978s)
[2018.04.24-22.57.46:913][982]LogInit: XAudio2 using 'VoiceMeeter Input (VB-Audio VoiceMeeter VAIO)' : 2 channels at 48 kHz using 24 bits per sample (channel mask 0x3)
[2018.04.24-22.57.46:918][982]LogInit: FAudioDevice initialized.
[2018.04.24-22.57.46:951][982]LogLoad: Game class is 'ThirdPersonGameMode_C'
[2018.04.24-22.57.46:956][982]LogWorld: Bringing World /Game/Maps/UEDPIE_0_AudioTestMap.AudioTestMap up for play (max tick rate 0) at 2018.04.24-17.57.46
[2018.04.24-22.57.46:957][982]LogWorld: Bringing up level for play took: 0.004600
[2018.04.24-22.57.46:957][982]LogGameMode: Display: Match State Changed from EnteringMap to WaitingToStart
[2018.04.24-22.57.46:957][982]LogGameState: Match State Changed from EnteringMap to WaitingToStart
[2018.04.24-22.57.46:957][982]LogGameMode: Display: Match State Changed from WaitingToStart to InProgress
[2018.04.24-22.57.46:960][982]LogGameState: Match State Changed from WaitingToStart to InProgress
[2018.04.24-22.57.46:960][982]PIE: Play in editor start time for /Game/Maps/UEDPIE_0_AudioTestMap 0.695
[2018.04.24-22.57.46:960][982]LogBlueprintUserMessages: Late PlayInEditor Detection: Level '/Game/Maps/AudioTestMap.AudioTestMap:PersistentLevel' has LevelScriptBlueprint '/Game/Maps/AudioTestMap.AudioTestMap:PersistentLevel.AudioTestMap' with GeneratedClass '/Game/Maps/AudioTestMap.AudioTestMap_C' with ClassGeneratedBy '/Game/Maps/AudioTestMap.AudioTestMap:PersistentLevel.AudioTestMap'
[2018.04.24-22.58.15:450][158]LogBlueprintUserMessages: Early EndPlayMap Detection: Level '/Game/Maps/AudioTestMap.AudioTestMap:PersistentLevel' has LevelScriptBlueprint '/Game/Maps/AudioTestMap.AudioTestMap:PersistentLevel.AudioTestMap' with GeneratedClass '/Game/Maps/AudioTestMap.AudioTestMap_C' with ClassGeneratedBy '/Game/Maps/AudioTestMap.AudioTestMap:PersistentLevel.AudioTestMap'
[2018.04.24-22.58.15:483][158]LogBlueprintUserMessages: Late EndPlayMap Detection: Level '/Game/Maps/AudioTestMap.AudioTestMap:PersistentLevel' has LevelScriptBlueprint '/Game/Maps/AudioTestMap.AudioTestMap:PersistentLevel.AudioTestMap' with GeneratedClass '/Game/Maps/AudioTestMap.AudioTestMap_C' with ClassGeneratedBy '/Game/Maps/AudioTestMap.AudioTestMap:PersistentLevel.AudioTestMap'
[2018.04.24-23.00.18:197][148]LogFactory: FactoryCreateFile: SoundWave with ReimportSoundFactory (0 0 E:\Game-Development\Project_Orca\ReaperProjects\Orca_AmbienceMaster\AudioFiles\RenderedFiles\S_AmbAboveGround_Base.wav)
[2018.04.24-23.00.18:206][148]Error: Currently, only 16 bit WAV files are supported (S_AmbAboveGround_Base).
[2018.04.24-23.00.19:443][148]LogAssetTools: Warning: Failed to import 'E:\Game-Development\Project_Orca\ReaperProjects\Orca_AmbienceMaster\AudioFiles\RenderedFiles\S_AmbAboveGround_Base.wav'. Failed to create asset '/Game/Audio/Assets_Audio/Ambiance/AboveWater/S_AmbAboveGround_Base'.
Please see Output Log for details.
[2018.04.24-23.00.26:115][279]LogFactory: FactoryCreateFile: SoundWave with ReimportSoundFactory (0 0 E:\Game-Development\Project_Orca\ReaperProjects\Orca_AmbienceMaster\Renders\S_SurfaceAmbBase.wav)
[2018.04.24-23.00.26:145][279]LogAudioDerivedData: Display: Building compressed audio format OGG wave S_SurfaceAmbBase...
[2018.04.24-23.00.26:643][279]LogAudioDerivedData: Updated SoundWave->RawPCMDataSize during cooking SoundWave /Game/Audio/Assets_Audio/Ambiance/AboveWater/S_SurfaceAmbBase.S_SurfaceAmbBase.
[2018.04.24-23.00.37:086][219]LogClass: Warning: Enum '/Game/Chameleon/Enums/colorChannels.colorChannels' was upgraded to use FText to store its display name data. Please re-save this asset to avoid issues with localization and determinstic cooking.
[2018.04.24-23.00.37:090][219]LogClass: Warning: Enum '/Game/Chameleon/Enums/LOOKPresetsEnum.LOOKPresetsEnum' was upgraded to use FText to store its display name data. Please re-save this asset to avoid issues with localization and determinstic cooking.
[2018.04.24-23.00.37:092][219]LogClass: Warning: Enum '/Game/IndustrialCity/Blueprints/PP_Curbs.PP_Curbs' was upgraded to use FText to store its display name data. Please re-save this asset to avoid issues with localization and determinstic cooking.
[2018.04.24-23.00.37:094][219]LogClass: Warning: Enum '/Game/IndustrialCity/Blueprints/PP_Roads.PP_Roads' was upgraded to use FText to store its display name data. Please re-save this asset to avoid issues with localization and determinstic cooking.
[2018.04.24-23.00.37:096][219]LogClass: Warning: Enum '/Game/IndustrialCity/Blueprints/PP_Sidewalks.PP_Sidewalks' was upgraded to use FText to store its display name data. Please re-save this asset to avoid issues with localization and determinstic cooking.
[2018.04.24-23.00.37:097][219]LogClass: Warning: Enum '/Game/InventorySystem/Blueprints/Demo/Classes.Classes' was upgraded to use FText to store its display name data. Please re-save this asset to avoid issues with localization and determinstic cooking.
[2018.04.24-23.00.37:100][219]LogClass: Warning: Enum '/Game/InventorySystem/Blueprints/Inventory/EquipmentSlots.EquipmentSlots' was upgraded to use FText to store its display name data. Please re-save this asset to avoid issues with localization and determinstic cooking.
[2018.04.24-23.00.37:102][219]LogClass: Warning: Enum '/Game/InventorySystem/Blueprints/Inventory/EquipmentSlotType.EquipmentSlotType' was upgraded to use FText to store its display name data. Please re-save this asset to avoid issues with localization and determinstic cooking.
[2018.04.24-23.00.37:104][219]LogClass: Warning: Enum '/Game/InventorySystem/Blueprints/Inventory/EquipmentType.EquipmentType' was upgraded to use FText to store its display name data. Please re-save this asset to avoid issues with localization and determinstic cooking.
[2018.04.24-23.00.37:106][219]LogClass: Warning: Enum '/Game/InventorySystem/Blueprints/Inventory/ItemQuality.ItemQuality' was upgraded to use FText to store its display name data. Please re-save this asset to avoid issues with localization and determinstic cooking.
[2018.04.24-23.00.37:108][219]LogClass: Warning: Enum '/Game/InventorySystem/Blueprints/Inventory/ItemType.ItemType' was upgraded to use FText to store its display name data. Please re-save this asset to avoid issues with localization and determinstic cooking.
[2018.04.24-23.00.37:234][219]LogContentBrowser: Native class hierarchy updated for 'BlueprintGraph' in 0.0013 seconds. Added 113 classes and 0 folders.
[2018.04.24-23.00.38:018][219]LogSlate: Took 0.000202 seconds to synchronously load lazily loaded font '../../../Engine/Content/Slate/Fonts/Roboto-Regular.ttf' (155K)
[2018.04.24-23.00.38:143][219]LogSlate: Took 0.000293 seconds to synchronously load lazily loaded font '../../../Engine/Content/Editor/Slate/Fonts/Roboto-BoldCondensed.ttf' (158K)
[2018.04.24-23.00.38:376][220]LogSlate: Took 0.000287 seconds to synchronously load lazily loaded font '../../../Engine/Content/Editor/Slate/Fonts/Roboto-Italic.ttf' (157K)
[2018.04.24-23.01.21:565][568]BlueprintLog: New page: Compile ABP_AboveWaterAmbManager
[2018.04.24-23.01.22:302][586]LogSavePackage: Save=90.71ms
[2018.04.24-23.01.22:302][586]LogSavePackage: Moving 'E:/Game-Development/Project_Orca/GitRepo/projectorca/Saved/ABP_AboveWaterAmbManager731EDCB548D40A75D5ADD68A4F6497D9.tmp' to 'E:/Game-Development/Project_Orca/GitRepo/projectorca/Content/Audio/Blueprints/ABP_AboveWaterAmbManager.uasset'
[2018.04.24-23.01.22:305][586]LogSavePackage: Display: Finished SavePackage E:/Game-Development/Project_Orca/GitRepo/projectorca/Content/Audio/Blueprints/ABP_AboveWaterAmbManager.uasset
[2018.04.24-23.01.24:106][670]LogTemp: Repeating last play command: Selected Viewport
[2018.04.24-23.01.24:141][670]LogBlueprintUserMessages: Early PlayInEditor Detection: Level '/Game/Maps/AudioTestMap.AudioTestMap:PersistentLevel' has LevelScriptBlueprint '/Game/Maps/AudioTestMap.AudioTestMap:PersistentLevel.AudioTestMap' with GeneratedClass '/Game/Maps/AudioTestMap.AudioTestMap_C' with ClassGeneratedBy '/Game/Maps/AudioTestMap.AudioTestMap:PersistentLevel.AudioTestMap'
[2018.04.24-23.01.24:141][670]LogPlayLevel: PlayLevel: No blueprints needed recompiling
[2018.04.24-23.01.24:141][670]PIE: New page: PIE session: AudioTestMap (Apr 24, 2018, 1:01:24 PM)
[2018.04.24-23.01.24:142][670]LogPlayLevel: Creating play world package: /Game/Maps/UEDPIE_0_AudioTestMap
[2018.04.24-23.01.24:156][670]LogPlayLevel: PIE: StaticDuplicateObject took: (0.014709s)
[2018.04.24-23.01.24:157][670]LogAIModule: Creating AISystem for world AudioTestMap
[2018.04.24-23.01.24:158][670]LogPlayLevel: PIE: World Init took: (0.001427s)
[2018.04.24-23.01.24:158][670]LogPlayLevel: PIE: Created PIE world by copying editor world from /Game/Maps/AudioTestMap.AudioTestMap to /Game/Maps/UEDPIE_0_AudioTestMap.AudioTestMap (0.016613s)
[2018.04.24-23.01.24:227][670]LogInit: XAudio2 using 'VoiceMeeter Input (VB-Audio VoiceMeeter VAIO)' : 2 channels at 48 kHz using 24 bits per sample (channel mask 0x3)
[2018.04.24-23.01.24:232][670]LogInit: FAudioDevice initialized.
[2018.04.24-23.01.24:267][670]LogLoad: Game class is 'ThirdPersonGameMode_C'
[2018.04.24-23.01.24:272][670]LogWorld: Bringing World /Game/Maps/UEDPIE_0_AudioTestMap.AudioTestMap up for play (max tick rate 0) at 2018.04.24-18.01.24
[2018.04.24-23.01.24:272][670]LogWorld: Bringing up level for play took: 0.004744
[2018.04.24-23.01.24:273][670]LogGameMode: Display: Match State Changed from EnteringMap to WaitingToStart
[2018.04.24-23.01.24:273][670]LogGameState: Match State Changed from EnteringMap to WaitingToStart
[2018.04.24-23.01.24:273][670]LogGameMode: Display: Match State Changed from WaitingToStart to InProgress
[2018.04.24-23.01.24:276][670]LogGameState: Match State Changed from WaitingToStart to InProgress
[2018.04.24-23.01.24:276][670]PIE: Play in editor start time for /Game/Maps/UEDPIE_0_AudioTestMap 0.011
[2018.04.24-23.01.24:276][670]LogBlueprintUserMessages: Late PlayInEditor Detection: Level '/Game/Maps/AudioTestMap.AudioTestMap:PersistentLevel' has LevelScriptBlueprint '/Game/Maps/AudioTestMap.AudioTestMap:PersistentLevel.AudioTestMap' with GeneratedClass '/Game/Maps/AudioTestMap.AudioTestMap_C' with ClassGeneratedBy '/Game/Maps/AudioTestMap.AudioTestMap:PersistentLevel.AudioTestMap'
[2018.04.24-23.01.30:600][ 65]LogBlueprintUserMessages: Early EndPlayMap Detection: Level '/Game/Maps/AudioTestMap.AudioTestMap:PersistentLevel' has LevelScriptBlueprint '/Game/Maps/AudioTestMap.AudioTestMap:PersistentLevel.AudioTestMap' with GeneratedClass '/Game/Maps/AudioTestMap.AudioTestMap_C' with ClassGeneratedBy '/Game/Maps/AudioTestMap.AudioTestMap:PersistentLevel.AudioTestMap'
[2018.04.24-23.01.30:637][ 65]LogBlueprintUserMessages: Late EndPlayMap Detection: Level '/Game/Maps/AudioTestMap.AudioTestMap:PersistentLevel' has LevelScriptBlueprint '/Game/Maps/AudioTestMap.AudioTestMap:PersistentLevel.AudioTestMap' with GeneratedClass '/Game/Maps/AudioTestMap.AudioTestMap_C' with ClassGeneratedBy '/Game/Maps/AudioTestMap.AudioTestMap:PersistentLevel.AudioTestMap'
[2018.04.24-23.01.44:882][690]LogSavePackage: Save=33.01ms
[2018.04.24-23.01.44:882][690]LogSavePackage: Moving 'E:/Game-Development/Project_Orca/GitRepo/projectorca/Saved/ThirdPersonGameMode1CFAA7FB4302F1F1874F59904E57B9EE.tmp' to 'E:/Game-Development/Project_Orca/GitRepo/projectorca/Content/Assets_Character/Protaganist/ThirdPersonGameMode.uasset'
[2018.04.24-23.01.44:885][690]LogSavePackage: Display: Finished SavePackage E:/Game-Development/Project_Orca/GitRepo/projectorca/Content/Assets_Character/Protaganist/ThirdPersonGameMode.uasset
[2018.04.24-23.01.44:933][690]LogSavePackage: Save=22.22ms
[2018.04.24-23.01.44:933][690]LogSavePackage: Moving 'E:/Game-Development/Project_Orca/GitRepo/projectorca/Saved/S_SurfaceAmbBase848359BB4A27D3BC2B6118A8187FF17E.tmp' to 'E:/Game-Development/Project_Orca/GitRepo/projectorca/Content/Audio/Assets_Audio/Ambiance/AboveWater/S_SurfaceAmbBase.uasset'
[2018.04.24-23.01.44:936][690]LogSavePackage: Display: Finished SavePackage E:/Game-Development/Project_Orca/GitRepo/projectorca/Content/Audio/Assets_Audio/Ambiance/AboveWater/S_SurfaceAmbBase.uasset
[2018.04.24-23.01.45:046][690]Cmd: OBJ SAVEPACKAGE PACKAGE="/Game/Maps/AudioTestMap" FILE="E:/Game-Development/Project_Orca/GitRepo/projectorca/Content/Maps/AudioTestMap.umap" SILENT=true AUTOSAVING=false KEEPDIRTY=false
[2018.04.24-23.01.45:383][690]LogSavePackage: Save=272.50ms
[2018.04.24-23.01.45:383][690]LogSavePackage: Moving 'E:/Game-Development/Project_Orca/GitRepo/projectorca/Saved/AudioTestMap76644BD24DF8CE6D9AD10BB695EC996A.tmp' to 'E:/Game-Development/Project_Orca/GitRepo/projectorca/Content/Maps/AudioTestMap.umap'
[2018.04.24-23.01.45:386][690]LogSavePackage: Display: Finished SavePackage E:/Game-Development/Project_Orca/GitRepo/projectorca/Content/Maps/AudioTestMap.umap
[2018.04.24-23.01.45:417][690]LogFileHelpers: Saving map 'AudioTestMap' took 0.481
[2018.04.24-23.01.45:419][690]Cmd: MAP LOAD FILE="E:/Game-Development/Project_Orca/GitRepo/projectorca/Content/Maps/AudioTestMap.umap" TEMPLATE=0 SHOWPROGRESS=1 FEATURELEVEL=3
[2018.04.24-23.01.45:419][690]LightingResults: New page: Lighting Build
[2018.04.24-23.01.45:420][690]LoadErrors: New page: Loading map: AudioTestMap.umap
[2018.04.24-23.01.45:421][690]MapCheck: New page: Map Check
[2018.04.24-23.01.45:421][690]LightingResults: New page: Lighting Build
[2018.04.24-23.01.45:554][690]LogAIModule: Creating AISystem for world AudioTestMap
[2018.04.24-23.01.45:664][690]LogEditorServer: Finished looking for orphan Actors (0.000 secs)
[2018.04.24-23.01.45:743][690]Cmd: MAP CHECKDEP NOCLEARLOG
[2018.04.24-23.01.45:852][690]MapCheck: Map check complete: 0 Error(s), 0 Warning(s), took 109.228ms to complete.
[2018.04.24-23.01.45:853][690]LogFileHelpers: Loading map 'AudioTestMap' took 0.435
[2018.04.24-23.02.17:812][419]LogTemp: Repeating last play command: Selected Viewport
[2018.04.24-23.02.17:845][419]LogBlueprintUserMessages: Early PlayInEditor Detection: Level '/Game/Maps/AudioTestMap.AudioTestMap:PersistentLevel' has LevelScriptBlueprint '/Game/Maps/AudioTestMap.AudioTestMap:PersistentLevel.AudioTestMap' with GeneratedClass '/Game/Maps/AudioTestMap.AudioTestMap_C' with ClassGeneratedBy '/Game/Maps/AudioTestMap.AudioTestMap:PersistentLevel.AudioTestMap'
[2018.04.24-23.02.17:845][419]LogPlayLevel: PlayLevel: No blueprints needed recompiling
[2018.04.24-23.02.17:845][419]PIE: New page: PIE session: AudioTestMap (Apr 24, 2018, 1:02:17 PM)
[2018.04.24-23.02.17:845][419]LogPlayLevel: Creating play world package: /Game/Maps/UEDPIE_0_AudioTestMap
[2018.04.24-23.02.17:859][419]LogPlayLevel: PIE: StaticDuplicateObject took: (0.013929s)
[2018.04.24-23.02.17:860][419]LogAIModule: Creating AISystem for world AudioTestMap
[2018.04.24-23.02.17:861][419]LogPlayLevel: PIE: World Init took: (0.001220s)
[2018.04.24-23.02.17:861][419]LogPlayLevel: PIE: Created PIE world by copying editor world from /Game/Maps/AudioTestMap.AudioTestMap to /Game/Maps/UEDPIE_0_AudioTestMap.AudioTestMap (0.015617s)
[2018.04.24-23.02.17:929][419]LogInit: XAudio2 using 'VoiceMeeter Input (VB-Audio VoiceMeeter VAIO)' : 2 channels at 48 kHz using 24 bits per sample (channel mask 0x3)
[2018.04.24-23.02.17:934][419]LogInit: FAudioDevice initialized.
[2018.04.24-23.02.17:969][419]LogLoad: Game class is 'ThirdPersonGameMode_C'
[2018.04.24-23.02.17:973][419]LogWorld: Bringing World /Game/Maps/UEDPIE_0_AudioTestMap.AudioTestMap up for play (max tick rate 0) at 2018.04.24-18.02.17
[2018.04.24-23.02.17:974][419]LogWorld: Bringing up level for play took: 0.004734
[2018.04.24-23.02.17:975][419]LogGameMode: Display: Match State Changed from EnteringMap to WaitingToStart
[2018.04.24-23.02.17:975][419]LogGameState: Match State Changed from EnteringMap to WaitingToStart
[2018.04.24-23.02.17:975][419]LogGameMode: Display: Match State Changed from WaitingToStart to InProgress
[2018.04.24-23.02.17:981][419]LogGameState: Match State Changed from WaitingToStart to InProgress
[2018.04.24-23.02.17:981][419]PIE: Play in editor start time for /Game/Maps/UEDPIE_0_AudioTestMap -0.283
[2018.04.24-23.02.17:982][419]LogBlueprintUserMessages: Late PlayInEditor Detection: Level '/Game/Maps/AudioTestMap.AudioTestMap:PersistentLevel' has LevelScriptBlueprint '/Game/Maps/AudioTestMap.AudioTestMap:PersistentLevel.AudioTestMap' with GeneratedClass '/Game/Maps/AudioTestMap.AudioTestMap_C' with ClassGeneratedBy '/Game/Maps/AudioTestMap.AudioTestMap:PersistentLevel.AudioTestMap'
[2018.04.24-23.02.26:872][921]LogBlueprintUserMessages: Early EndPlayMap Detection: Level '/Game/Maps/AudioTestMap.AudioTestMap:PersistentLevel' has LevelScriptBlueprint '/Game/Maps/AudioTestMap.AudioTestMap:PersistentLevel.AudioTestMap' with GeneratedClass '/Game/Maps/AudioTestMap.AudioTestMap_C' with ClassGeneratedBy '/Game/Maps/AudioTestMap.AudioTestMap:PersistentLevel.AudioTestMap'
[2018.04.24-23.02.26:927][921]LogBlueprintUserMessages: Late EndPlayMap Detection: Level '/Game/Maps/AudioTestMap.AudioTestMap:PersistentLevel' has LevelScriptBlueprint '/Game/Maps/AudioTestMap.AudioTestMap:PersistentLevel.AudioTestMap' with GeneratedClass '/Game/Maps/AudioTestMap.AudioTestMap_C' with ClassGeneratedBy '/Game/Maps/AudioTestMap.AudioTestMap:PersistentLevel.AudioTestMap'
[2018.04.24-23.02.49:329][322]BlueprintLog: New page: Compile CharacterFS_Notify
[2018.04.24-23.02.49:822][343]Cmd: OBJ SAVEPACKAGE PACKAGE="/Game/Audio/Blueprints/CharacterFS_Notify" FILE="E:/Game-Development/Project_Orca/GitRepo/projectorca/Content/Audio/Blueprints/CharacterFS_Notify.uasset" SILENT=true
[2018.04.24-23.02.49:944][343]LogSavePackage: Save=88.61ms
[2018.04.24-23.02.49:944][343]LogSavePackage: Moving 'E:/Game-Development/Project_Orca/GitRepo/projectorca/Saved/CharacterFS_NotifyBBD8F6864CE2000065C98681A0C5AA22.tmp' to 'E:/Game-Development/Project_Orca/GitRepo/projectorca/Content/Audio/Blueprints/CharacterFS_Notify.uasset'
[2018.04.24-23.02.49:947][343]LogSavePackage: Display: Finished SavePackage E:/Game-Development/Project_Orca/GitRepo/projectorca/Content/Audio/Blueprints/CharacterFS_Notify.uasset
[2018.04.24-23.02.51:094][426]LogTemp: Repeating last play command: Selected Viewport
[2018.04.24-23.02.51:118][426]LogBlueprintUserMessages: Early PlayInEditor Detection: Level '/Game/Maps/AudioTestMap.AudioTestMap:PersistentLevel' has LevelScriptBlueprint '/Game/Maps/AudioTestMap.AudioTestMap:PersistentLevel.AudioTestMap' with GeneratedClass '/Game/Maps/AudioTestMap.AudioTestMap_C' with ClassGeneratedBy '/Game/Maps/AudioTestMap.AudioTestMap:PersistentLevel.AudioTestMap'
[2018.04.24-23.02.51:118][426]LogPlayLevel: PlayLevel: No blueprints needed recompiling
[2018.04.24-23.02.51:119][426]PIE: New page: PIE session: AudioTestMap (Apr 24, 2018, 1:02:51 PM)
[2018.04.24-23.02.51:119][426]LogPlayLevel: Creating play world package: /Game/Maps/UEDPIE_0_AudioTestMap
[2018.04.24-23.02.51:133][426]LogPlayLevel: PIE: StaticDuplicateObject took: (0.014326s)
[2018.04.24-23.02.51:134][426]LogAIModule: Creating AISystem for world AudioTestMap
[2018.04.24-23.02.51:134][426]LogPlayLevel: PIE: World Init took: (0.001189s)
[2018.04.24-23.02.51:135][426]LogPlayLevel: PIE: Created PIE world by copying editor world from /Game/Maps/AudioTestMap.AudioTestMap to /Game/Maps/UEDPIE_0_AudioTestMap.AudioTestMap (0.015963s)
[2018.04.24-23.02.51:212][426]LogInit: XAudio2 using 'VoiceMeeter Input (VB-Audio VoiceMeeter VAIO)' : 2 channels at 48 kHz using 24 bits per sample (channel mask 0x3)
[2018.04.24-23.02.51:217][426]LogInit: FAudioDevice initialized.
[2018.04.24-23.02.51:248][426]LogLoad: Game class is 'ThirdPersonGameMode_C'
[2018.04.24-23.02.51:252][426]LogWorld: Bringing World /Game/Maps/UEDPIE_0_AudioTestMap.AudioTestMap up for play (max tick rate 0) at 2018.04.24-18.02.51
[2018.04.24-23.02.51:254][426]LogWorld: Bringing up level for play took: 0.004891
[2018.04.24-23.02.51:254][426]LogGameMode: Display: Match State Changed from EnteringMap to WaitingToStart
[2018.04.24-23.02.51:254][426]LogGameState: Match State Changed from EnteringMap to WaitingToStart
[2018.04.24-23.02.51:254][426]LogGameMode: Display: Match State Changed from WaitingToStart to InProgress
[2018.04.24-23.02.51:257][426]LogGameState: Match State Changed from WaitingToStart to InProgress
[2018.04.24-23.02.51:257][426]PIE: Play in editor start time for /Game/Maps/UEDPIE_0_AudioTestMap 0.992
[2018.04.24-23.02.51:257][426]LogBlueprintUserMessages: Late PlayInEditor Detection: Level '/Game/Maps/AudioTestMap.AudioTestMap:PersistentLevel' has LevelScriptBlueprint '/Game/Maps/AudioTestMap.AudioTestMap:PersistentLevel.AudioTestMap' with GeneratedClass '/Game/Maps/AudioTestMap.AudioTestMap_C' with ClassGeneratedBy '/Game/Maps/AudioTestMap.AudioTestMap:PersistentLevel.AudioTestMap'
[2018.04.24-23.03.16:340][255]LogBlueprintUserMessages: Early EndPlayMap Detection: Level '/Game/Maps/AudioTestMap.AudioTestMap:PersistentLevel' has LevelScriptBlueprint '/Game/Maps/AudioTestMap.AudioTestMap:PersistentLevel.AudioTestMap' with GeneratedClass '/Game/Maps/AudioTestMap.AudioTestMap_C' with ClassGeneratedBy '/Game/Maps/AudioTestMap.AudioTestMap:PersistentLevel.AudioTestMap'
[2018.04.24-23.03.16:401][255]LogBlueprintUserMessages: Late EndPlayMap Detection: Level '/Game/Maps/AudioTestMap.AudioTestMap:PersistentLevel' has LevelScriptBlueprint '/Game/Maps/AudioTestMap.AudioTestMap:PersistentLevel.AudioTestMap' with GeneratedClass '/Game/Maps/AudioTestMap.AudioTestMap_C' with ClassGeneratedBy '/Game/Maps/AudioTestMap.AudioTestMap:PersistentLevel.AudioTestMap'
[2018.04.24-23.05.51:022][260]BlueprintLog: New page: Compile ABP_AboveWaterAmbManager
[2018.04.24-23.05.51:827][279]LogSavePackage: Save=98.90ms
[2018.04.24-23.05.51:827][279]LogSavePackage: Moving 'E:/Game-Development/Project_Orca/GitRepo/projectorca/Saved/ABP_AboveWaterAmbManager3CBFD93342755C22DF34B6B0DE5431DB.tmp' to 'E:/Game-Development/Project_Orca/GitRepo/projectorca/Content/Audio/Blueprints/ABP_AboveWaterAmbManager.uasset'
[2018.04.24-23.05.51:831][279]LogSavePackage: Display: Finished SavePackage E:/Game-Development/Project_Orca/GitRepo/projectorca/Content/Audio/Blueprints/ABP_AboveWaterAmbManager.uasset
[2018.04.24-23.07.13:116][247]LogAssetTools: Warning: Failed to import 'G:\OneDrive\Documents\AMP\AMP_WeatherProj\Content\Audio\AudioFiles\Wind\WindGusts\Light\S_WindGust_Light_04.uasset'. Unknown extension 'uasset'.
[2018.04.24-23.07.13:125][247]LogAssetTools: Warning: Failed to import 'G:\OneDrive\Documents\AMP\AMP_WeatherProj\Content\Audio\AudioFiles\Wind\WindGusts\Light\S_WindGust_Light_01.uasset'. Unknown extension 'uasset'.
[2018.04.24-23.07.13:133][247]LogAssetTools: Warning: Failed to import 'G:\OneDrive\Documents\AMP\AMP_WeatherProj\Content\Audio\AudioFiles\Wind\WindGusts\Light\S_WindGust_Light_02.uasset'. Unknown extension 'uasset'.
[2018.04.24-23.07.13:144][247]LogAssetTools: Warning: Failed to import 'G:\OneDrive\Documents\AMP\AMP_WeatherProj\Content\Audio\AudioFiles\Wind\WindGusts\Light\S_WindGust_Light_03.uasset'. Unknown extension 'uasset'.
[2018.04.24-23.07.21:706][313]Cmd: OBJ SAVEPACKAGE PACKAGE="/Game/Maps/AudioTestMap" FILE="E:/Game-Development/Project_Orca/GitRepo/projectorca/Content/Maps/AudioTestMap.umap" SILENT=true AUTOSAVING=false KEEPDIRTY=false
[2018.04.24-23.07.22:050][313]LogSavePackage: Save=283.22ms
[2018.04.24-23.07.22:051][313]LogSavePackage: Moving 'E:/Game-Development/Project_Orca/GitRepo/projectorca/Saved/AudioTestMap8E78AF2C481DFA3975150A9FC69C2F0C.tmp' to 'E:/Game-Development/Project_Orca/GitRepo/projectorca/Content/Maps/AudioTestMap.umap'
[2018.04.24-23.07.22:055][313]LogSavePackage: Display: Finished SavePackage E:/Game-Development/Project_Orca/GitRepo/projectorca/Content/Maps/AudioTestMap.umap
[2018.04.24-23.07.22:089][313]LogFileHelpers: Saving map 'AudioTestMap' took 0.496
[2018.04.24-23.07.22:288][313]LogWindowsTextInputMethodSystem: Display: IME system now deactivated.
[2018.04.24-23.07.22:475][314]Cmd: QUIT_EDITOR
[2018.04.24-23.07.22:521][314]LogExit: Preparing to exit.
[2018.04.24-23.07.22:910][314]LogExit: Editor shut down
[2018.04.24-23.07.22:921][314]LogExit: Transaction tracking system shut down
[2018.04.24-23.07.23:157][314]LogDirectoryWatcher: A directory notification for '../../../Engine/Content/' was aborted.
[2018.04.24-23.07.23:157][314]LogDirectoryWatcher: A directory notification for 'E:/Game-Development/Project_Orca/GitRepo/projectorca/Content/' was aborted.
[2018.04.24-23.07.23:157][314]LogDirectoryWatcher: A directory notification for '../../../Engine/Plugins/2D/Paper2D/Content/' was aborted.
[2018.04.24-23.07.23:157][314]LogDirectoryWatcher: A directory notification for '../../../Engine/Plugins/Runtime/Oculus/OculusVR/Content/' was aborted.
[2018.04.24-23.07.23:157][314]LogDirectoryWatcher: A directory notification for '../../../Engine/Plugins/Runtime/Steam/SteamVR/Content/' was aborted.
[2018.04.24-23.07.23:254][314]LogExit: Object subsystem successfully closed.
[2018.04.24-23.07.23:277][314]LogD3D11RHI: Shutdown
[2018.04.24-23.07.23:277][314]LogD3D11RHI: CleanupD3DDevice
[2018.04.24-23.07.23:385][314]LogD3D11RHI: ~FD3D11DynamicRHI
[2018.04.24-23.07.23:411][314]LogModuleManager: Shutting down and abandoning module BlueprintGraph (536)
[2018.04.24-23.07.23:411][314]LogModuleManager: Shutting down and abandoning module BlueprintProfiler (534)
[2018.04.24-23.07.23:411][314]LogModuleManager: Shutting down and abandoning module MovieSceneCapture (532)
[2018.04.24-23.07.23:411][314]LogModuleManager: Shutting down and abandoning module HierarchicalLODOutliner (530)
[2018.04.24-23.07.23:411][314]LogModuleManager: Shutting down and abandoning module SceneOutliner (528)
[2018.04.24-23.07.23:411][314]LogModuleManager: Shutting down and abandoning module AddContentDialog (526)
[2018.04.24-23.07.23:411][314]LogDirectoryWatcher: A directory notification for 'C:/Program Files/Epic Games/UE_4.17/FeaturePacks/' was aborted.
[2018.04.24-23.07.23:412][314]LogModuleManager: Shutting down and abandoning module WidgetCarousel (525)
[2018.04.24-23.07.23:412][314]LogModuleManager: Shutting down and abandoning module EditorWidgets (522)
[2018.04.24-23.07.23:412][314]LogModuleManager: Shutting down and abandoning module CollectionManager (520)
[2018.04.24-23.07.23:412][314]LogDirectoryWatcher: A directory notification for 'E:/Game-Development/Project_Orca/GitRepo/projectorca/Content/Collections/' was aborted.
[2018.04.24-23.07.23:412][314]LogDirectoryWatcher: A directory notification for 'E:/Game-Development/Project_Orca/GitRepo/projectorca/Content/Developers/mesht/Collections/' was aborted.
[2018.04.24-23.07.23:412][314]LogDirectoryWatcher: A directory notification for 'E:/Game-Development/Project_Orca/GitRepo/projectorca/Saved/Collections/' was aborted.
[2018.04.24-23.07.23:412][314]LogModuleManager: Shutting down and abandoning module StatsViewer (518)
[2018.04.24-23.07.23:412][314]LogModuleManager: Shutting down and abandoning module FoliageEdit (516)
[2018.04.24-23.07.23:412][314]LogModuleManager: Shutting down and abandoning module LandscapeEditor (514)
[2018.04.24-23.07.23:412][314]LogModuleManager: Shutting down and abandoning module MeshPaintMode (512)
[2018.04.24-23.07.23:412][314]LogModuleManager: Shutting down and abandoning module SceneDepthPickerMode (510)
[2018.04.24-23.07.23:412][314]LogModuleManager: Shutting down and abandoning module ActorPickerMode (508)
[2018.04.24-23.07.23:412][314]LogModuleManager: Shutting down and abandoning module GeometryMode (506)
[2018.04.24-23.07.23:412][314]LogModuleManager: Shutting down and abandoning module TextureAlignMode (504)
[2018.04.24-23.07.23:412][314]LogModuleManager: Shutting down and abandoning module BspMode (502)
[2018.04.24-23.07.23:412][314]LogModuleManager: Shutting down and abandoning module PIEPreviewDeviceProfileSelector (500)
[2018.04.24-23.07.23:412][314]LogModuleManager: Shutting down and abandoning module HardwareSurvey (498)
[2018.04.24-23.07.23:412][314]LogModuleManager: Shutting down and abandoning module SequenceRecorderSections (496)
[2018.04.24-23.07.23:412][314]LogModuleManager: Shutting down and abandoning module AutomationWorker (494)
[2018.04.24-23.07.23:413][314]LogModuleManager: Shutting down and abandoning module MatineeToLevelSequence (492)
[2018.04.24-23.07.23:413][314]LogModuleManager: Shutting down and abandoning module LevelSequenceEditor (490)
[2018.04.24-23.07.23:413][314]LogModuleManager: Shutting down and abandoning module PlacementMode (489)
[2018.04.24-23.07.23:413][314]LogModuleManager: Shutting down and abandoning module WmfMediaFactory (486)
[2018.04.24-23.07.23:413][314]LogModuleManager: Shutting down and abandoning module WmfMediaEditor (484)
[2018.04.24-23.07.23:413][314]LogModuleManager: Shutting down and abandoning module AvfMediaFactory (482)
[2018.04.24-23.07.23:413][314]LogModuleManager: Shutting down and abandoning module AvfMediaEditor (480)
[2018.04.24-23.07.23:413][314]LogModuleManager: Shutting down and abandoning module AndroidMediaFactory (478)
[2018.04.24-23.07.23:413][314]LogModuleManager: Shutting down and abandoning module Media (477)
[2018.04.24-23.07.23:413][314]LogModuleManager: Shutting down and abandoning module AndroidMediaEditor (474)
[2018.04.24-23.07.23:413][314]LogModuleManager: Shutting down and abandoning module CharacterAI (472)
[2018.04.24-23.07.23:413][314]LogModuleManager: Shutting down and abandoning module AudioCapture (470)
[2018.04.24-23.07.23:413][314]LogModuleManager: Shutting down and abandoning module SequenceRecorder (469)
[2018.04.24-23.07.23:413][314]LogModuleManager: Shutting down and abandoning module SmartSnapping (466)
[2018.04.24-23.07.23:413][314]LogModuleManager: Shutting down and abandoning module SessionServices (464)
[2018.04.24-23.07.23:413][314]LogModuleManager: Shutting down and abandoning module ViewportSnapping (462)
[2018.04.24-23.07.23:413][314]LogModuleManager: Shutting down and abandoning module ViewportInteraction (460)
[2018.04.24-23.07.23:413][314]LogModuleManager: Shutting down and abandoning module ClothPainter (458)
[2018.04.24-23.07.23:413][314]LogModuleManager: Shutting down and abandoning module LogVisualizer (456)
[2018.04.24-23.07.23:413][314]LogModuleManager: Shutting down and abandoning module IntroTutorials (454)
[2018.04.24-23.07.23:413][314]LogModuleManager: Shutting down and abandoning module GameProjectGeneration (453)
[2018.04.24-23.07.23:413][314]LogModuleManager: Shutting down and abandoning module IOSPlatformEditor (450)
[2018.04.24-23.07.23:413][314]LogModuleManager: Shutting down and abandoning module HTML5PlatformEditor (448)
[2018.04.24-23.07.23:413][314]LogModuleManager: Shutting down and abandoning module AndroidPlatformEditor (446)
[2018.04.24-23.07.23:413][314]LogModuleManager: Shutting down and abandoning module AndroidDeviceDetection (445)
[2018.04.24-23.07.24:079][314]LogModuleManager: Shutting down and abandoning module WindowsPlatformEditor (442)
[2018.04.24-23.07.24:079][314]LogModuleManager: Shutting down and abandoning module IOSRuntimeSettings (440)
[2018.04.24-23.07.24:079][314]LogModuleManager: Shutting down and abandoning module AndroidRuntimeSettings (438)
[2018.04.24-23.07.24:079][314]LogModuleManager: Shutting down and abandoning module InputBindingEditor (436)
[2018.04.24-23.07.24:079][314]LogModuleManager: Shutting down and abandoning module MergeActors (434)
[2018.04.24-23.07.24:079][314]LogModuleManager: Shutting down and abandoning module SizeMap (432)
[2018.04.24-23.07.24:079][314]LogModuleManager: Shutting down and abandoning module TreeMap (430)
[2018.04.24-23.07.24:079][314]LogModuleManager: Shutting down and abandoning module ReferenceViewer (428)
[2018.04.24-23.07.24:079][314]LogModuleManager: Shutting down and abandoning module LocalizationDashboard (426)
[2018.04.24-23.07.24:079][314]LogModuleManager: Shutting down and abandoning module LocalizationService (425)
[2018.04.24-23.07.24:079][314]LogModuleManager: Shutting down and abandoning module HardwareTargeting (422)
[2018.04.24-23.07.24:079][314]LogModuleManager: Shutting down and abandoning module DeviceProfileEditor (420)
[2018.04.24-23.07.24:079][314]LogModuleManager: Shutting down and abandoning module UndoHistory (418)
[2018.04.24-23.07.24:079][314]LogModuleManager: Shutting down and abandoning module XmlParser (416)
[2018.04.24-23.07.24:079][314]LogModuleManager: Shutting down and abandoning module Blutility (414)
[2018.04.24-23.07.24:079][314]LogModuleManager: Shutting down and abandoning module ProjectSettingsViewer (412)
[2018.04.24-23.07.24:079][314]LogModuleManager: Shutting down and abandoning module ProjectTargetPlatformEditor (411)
[2018.04.24-23.07.24:079][314]LogModuleManager: Shutting down and abandoning module EditorSettingsViewer (408)
[2018.04.24-23.07.24:080][314]LogModuleManager: Shutting down and abandoning module SettingsEditor (406)
[2018.04.24-23.07.24:080][314]LogModuleManager: Shutting down and abandoning module ProjectLauncher (404)
[2018.04.24-23.07.24:080][314]LogModuleManager: Shutting down and abandoning module SessionFrontend (402)
[2018.04.24-23.07.24:080][314]LogModuleManager: Shutting down and abandoning module ProfilerClient (400)
[2018.04.24-23.07.24:080][314]LogModuleManager: Shutting down and abandoning module DeviceManager (398)
[2018.04.24-23.07.24:080][314]LogModuleManager: Shutting down and abandoning module TargetDeviceServices (397)
[2018.04.24-23.07.24:132][314]LogModuleManager: Shutting down and abandoning module AutomationController (394)
[2018.04.24-23.07.24:132][314]LogModuleManager: Shutting down and abandoning module AutomationWindow (392)
[2018.04.24-23.07.24:132][314]LogModuleManager: Shutting down and abandoning module Layers (390)
[2018.04.24-23.07.24:132][314]LogModuleManager: Shutting down and abandoning module ComponentVisualizers (388)
[2018.04.24-23.07.24:132][314]LogModuleManager: Shutting down and abandoning module DetailCustomizations (386)
[2018.04.24-23.07.24:132][314]LogModuleManager: Shutting down and abandoning module PackagesDialog (384)
[2018.04.24-23.07.24:133][314]LogModuleManager: Shutting down and abandoning module Persona (382)
[2018.04.24-23.07.24:133][314]LogModuleManager: Shutting down and abandoning module AdvancedPreviewScene (381)
[2018.04.24-23.07.24:133][314]LogModuleManager: Shutting down and abandoning module AnimGraph (379)
[2018.04.24-23.07.24:133][314]LogModuleManager: Shutting down and abandoning module Kismet (376)
[2018.04.24-23.07.24:141][314]LogModuleManager: Shutting down and abandoning module ClassViewer (374)
[2018.04.24-23.07.24:142][314]LogModuleManager: Shutting down and abandoning module Toolbox (372)
[2018.04.24-23.07.24:143][314]LogModuleManager: Shutting down and abandoning module ModuleUI (370)
[2018.04.24-23.07.24:143][314]LogModuleManager: Shutting down and abandoning module MovieSceneTools (368)
[2018.04.24-23.07.24:143][314]LogModuleManager: Shutting down and abandoning module OutputLog (366)
[2018.04.24-23.07.24:143][314]LogModuleManager: Shutting down and abandoning module GammaUI (364)
[2018.04.24-23.07.24:143][314]LogModuleManager: Shutting down and abandoning module Documentation (362)
[2018.04.24-23.07.24:143][314]LogModuleManager: Shutting down and abandoning module MovieSceneTracks (360)
[2018.04.24-23.07.24:143][314]LogModuleManager: Shutting down and abandoning module MovieScene (358)
[2018.04.24-23.07.24:143][314]LogModuleManager: Shutting down and abandoning module Niagara (356)
[2018.04.24-23.07.24:143][314]LogModuleManager: Shutting down and abandoning module NiagaraEditor (355)
[2018.04.24-23.07.24:143][314]LogModuleManager: Shutting down and abandoning module StreamingPauseRendering (352)
[2018.04.24-23.07.24:143][314]LogModuleManager: Shutting down and abandoning module LauncherPlatform (350)
[2018.04.24-23.07.24:143][314]LogModuleManager: Shutting down and abandoning module AnalyticsET (348)
[2018.04.24-23.07.24:143][314]LogModuleManager: Shutting down and abandoning module PortalServices (346)
[2018.04.24-23.07.24:143][314]LogModuleManager: Shutting down and abandoning module PortalRpc (344)
[2018.04.24-23.07.24:143][314]LogModuleManager: Shutting down and abandoning module MessagingRpc (342)
[2018.04.24-23.07.24:143][314]LogModuleManager: Shutting down and abandoning module AIModule (340)
[2018.04.24-23.07.24:143][314]LogModuleManager: Shutting down and abandoning module GameplayDebugger (339)
[2018.04.24-23.07.24:143][314]LogModuleManager: Shutting down and abandoning module AITestSuite (337)
[2018.04.24-23.07.24:143][314]LogModuleManager: Shutting down and abandoning module ProfilerService (334)
[2018.04.24-23.07.24:180][314]LogModuleManager: Shutting down and abandoning module TaskGraph (332)
[2018.04.24-23.07.24:180][314]LogModuleManager: Shutting down and abandoning module SteamVRController (330)
[2018.04.24-23.07.24:180][314]LogModuleManager: Shutting down and abandoning module ProceduralMeshComponentEditor (328)
[2018.04.24-23.07.24:181][314]LogModuleManager: Shutting down and abandoning module ProceduralMeshComponent (326)
[2018.04.24-23.07.24:181][314]LogModuleManager: Shutting down and abandoning module OculusInput (324)
[2018.04.24-23.07.24:181][314]LogModuleManager: Shutting down and abandoning module MobilePatchingUtils (322)
[2018.04.24-23.07.24:181][314]LogModuleManager: Shutting down and abandoning module CustomMeshComponent (320)
[2018.04.24-23.07.24:181][314]LogModuleManager: Shutting down and abandoning module CableComponent (318)
[2018.04.24-23.07.24:181][314]LogModuleManager: Shutting down and abandoning module ArchVisCharacter (316)
[2018.04.24-23.07.24:181][314]LogModuleManager: Shutting down and abandoning module AndroidPermission (314)
[2018.04.24-23.07.24:181][314]LogModuleManager: Shutting down and abandoning module MediaPlayerEditor (310)
[2018.04.24-23.07.24:181][314]LogModuleManager: Shutting down and abandoning module HTML5Networking (308)
[2018.04.24-23.07.24:181][314]LogModuleManager: Shutting down and abandoning module AlembicImporter (306)
[2018.04.24-23.07.24:181][314]LogModuleManager: Shutting down and abandoning module AlembicLibrary (305)
[2018.04.24-23.07.24:181][314]LogModuleManager: Shutting down and abandoning module GeometryCache (304)
[2018.04.24-23.07.24:181][314]LogModuleManager: Shutting down and abandoning module GeometryCacheEd (303)
[2018.04.24-23.07.24:181][314]LogModuleManager: Shutting down and abandoning module SpeedTreeImporter (298)
[2018.04.24-23.07.24:181][314]LogModuleManager: Shutting down and abandoning module PluginBrowser (296)
[2018.04.24-23.07.24:181][314]LogModuleManager: Shutting down and abandoning module MobileLauncherProfileWizard (294)
[2018.04.24-23.07.24:181][314]LogModuleManager: Shutting down and abandoning module VisualStudioSourceCodeAccess (292)
[2018.04.24-23.07.24:181][314]LogModuleManager: Shutting down and abandoning module DesktopPlatform (291)
[2018.04.24-23.07.24:181][314]LogModuleManager: Shutting down and abandoning module UObjectPlugin (288)
[2018.04.24-23.07.24:181][314]LogModuleManager: Shutting down and abandoning module SubversionSourceControl (286)
[2018.04.24-23.07.24:181][314]LogModuleManager: Shutting down and abandoning module PerforceSourceControl (284)
[2018.04.24-23.07.24:181][314]LogModuleManager: Shutting down and abandoning module GitSourceControl (282)
[2018.04.24-23.07.24:181][314]LogModuleManager: Shutting down and abandoning module SourceControl (281)
[2018.04.24-23.07.24:181][314]LogModuleManager: Shutting down and abandoning module LightPropagationVolumeEditor (278)
[2018.04.24-23.07.24:181][314]LogModuleManager: Shutting down and abandoning module PaperTiledImporter (276)
[2018.04.24-23.07.24:181][314]LogModuleManager: Shutting down and abandoning module PaperSpriteSheetImporter (274)
[2018.04.24-23.07.24:181][314]LogModuleManager: Shutting down and abandoning module Paper2DEditor (272)
[2018.04.24-23.07.24:181][314]LogModuleManager: Shutting down and abandoning module MeshPaint (271)
[2018.04.24-23.07.24:181][314]LogModuleManager: Shutting down and abandoning module LevelEditor (269)
[2018.04.24-23.07.24:182][314]LogModuleManager: Shutting down and abandoning module PixelInspectorModule (268)
[2018.04.24-23.07.24:182][314]LogModuleManager: Shutting down and abandoning module MainFrame (266)
[2018.04.24-23.07.24:182][314]LogModuleManager: Shutting down and abandoning module HotReload (265)
[2018.04.24-23.07.24:183][314]LogModuleManager: Shutting down and abandoning module RuntimePhysXCooking (260)
[2018.04.24-23.07.24:183][314]LogModuleManager: Shutting down and abandoning module PhysXVehiclesEditor (258)
[2018.04.24-23.07.24:183][314]LogModuleManager: Shutting down and abandoning module PhysXVehicles (256)
[2018.04.24-23.07.24:183][314]LogModuleManager: Shutting down and abandoning module OculusEditor (254)
[2018.04.24-23.07.24:183][314]LogModuleManager: Shutting down and abandoning module LocationServicesBPLibrary (252)
[2018.04.24-23.07.24:183][314]LogModuleManager: Shutting down and abandoning module ImmediatePhysicsEditor (250)
[2018.04.24-23.07.24:183][314]LogModuleManager: Shutting down and abandoning module ImmediatePhysics (248)
[2018.04.24-23.07.24:183][314]LogModuleManager: Shutting down and abandoning module UdpMessaging (246)
[2018.04.24-23.07.24:284][314]LogModuleManager: Shutting down and abandoning module TcpMessaging (244)
[2018.04.24-23.07.24:384][314]LogModuleManager: Shutting down and abandoning module GameplayTagsEditor (242)
[2018.04.24-23.07.24:384][314]LogModuleManager: Shutting down and abandoning module FacialAnimationEditor (240)
[2018.04.24-23.07.24:384][314]LogModuleManager: Shutting down and abandoning module FacialAnimation (238)
[2018.04.24-23.07.24:384][314]LogModuleManager: Shutting down and abandoning module AssetManagerEditor (236)
[2018.04.24-23.07.24:384][314]LogModuleManager: Shutting down and abandoning module GraphEditor (235)
[2018.04.24-23.07.24:384][314]LogModuleManager: Shutting down and abandoning module ContentBrowser (233)
[2018.04.24-23.07.24:385][314]LogModuleManager: Shutting down and abandoning module LightPropagationVolumeRuntime (230)
[2018.04.24-23.07.24:385][314]LogModuleManager: Shutting down and abandoning module Paper2D (228)
[2018.04.24-23.07.24:385][314]LogModuleManager: Shutting down and abandoning module WindowsMoviePlayer (226)
[2018.04.24-23.07.24:385][314]LogModuleManager: Shutting down and abandoning module WmfMedia (224)
[2018.04.24-23.07.24:388][314]LogModuleManager: Shutting down and abandoning module PacketHandler (222)
[2018.04.24-23.07.24:388][314]LogModuleManager: Shutting down and abandoning module ClothingSystemEditor (220)
[2018.04.24-23.07.24:388][314]LogModuleManager: Shutting down and abandoning module ClothingSystemRuntime (218)
[2018.04.24-23.07.24:388][314]LogModuleManager: Shutting down and abandoning module Overlay (216)
[2018.04.24-23.07.24:388][314]LogModuleManager: Shutting down and abandoning module OverlayEditor (215)
[2018.04.24-23.07.24:388][314]LogModuleManager: Shutting down and abandoning module MediaAssets (212)
[2018.04.24-23.07.24:388][314]LogModuleManager: Shutting down and abandoning module VREditor (210)
[2018.04.24-23.07.24:388][314]LogModuleManager: Shutting down and abandoning module StringTableEditor (208)
[2018.04.24-23.07.24:388][314]LogModuleManager: Shutting down and abandoning module GameplayTasksEditor (206)
[2018.04.24-23.07.24:388][314]LogModuleManager: Shutting down and abandoning module BehaviorTreeEditor (204)
[2018.04.24-23.07.24:388][314]LogModuleManager: Shutting down and abandoning module FunctionalTesting (202)
[2018.04.24-23.07.24:388][314]LogModuleManager: Shutting down and abandoning module CollisionAnalyzer (200)
[2018.04.24-23.07.24:388][314]LogModuleManager: Shutting down and abandoning module WorkspaceMenuStructure (199)
[2018.04.24-23.07.24:388][314]LogModuleManager: Shutting down and abandoning module UMG (196)
[2018.04.24-23.07.24:388][314]LogModuleManager: Shutting down and abandoning module UMGEditor (195)
[2018.04.24-23.07.24:388][314]LogModuleManager: Shutting down and abandoning module Sequencer (194)
[2018.04.24-23.07.24:388][314]LogModuleManager: Shutting down and abandoning module MessageLog (191)
[2018.04.24-23.07.24:388][314]LogModuleManager: Shutting down and abandoning module SlateReflector (186)
[2018.04.24-23.07.24:388][314]LogModuleManager: Shutting down and abandoning module Slate (184)
[2018.04.24-23.07.24:388][314]LogModuleManager: Shutting down and abandoning module EditorStyle (182)
[2018.04.24-23.07.24:391][314]LogModuleManager: Shutting down and abandoning module MRMesh (180)
[2018.04.24-23.07.24:391][314]LogModuleManager: Shutting down and abandoning module SourceCodeAccess (178)
[2018.04.24-23.07.24:391][314]LogModuleManager: Shutting down and abandoning module HeadMountedDisplay (176)
[2018.04.24-23.07.24:391][314]LogModuleManager: Shutting down and abandoning module XAudio2 (174)
[2018.04.24-23.07.24:391][314]LogModuleManager: Shutting down and abandoning module Networking (172)
[2018.04.24-23.07.24:391][314]LogModuleManager: Shutting down and abandoning module Core (168)
[2018.04.24-23.07.24:391][314]LogModuleManager: Shutting down and abandoning module KismetCompiler (164)
[2018.04.24-23.07.24:391][314]LogModuleManager: Shutting down and abandoning module LevelSequence (162)
[2018.04.24-23.07.24:391][314]LogModuleManager: Shutting down and abandoning module MeshUtilities (160)
[2018.04.24-23.07.24:391][314]LogModuleManager: Shutting down and abandoning module MeshMergeUtilities (159)
[2018.04.24-23.07.24:391][314]LogModuleManager: Shutting down and abandoning module MeshReductionInterface (158)
[2018.04.24-23.07.24:391][314]LogModuleManager: Shutting down and abandoning module SimplygonSwarm (157)
[2018.04.24-23.07.24:391][314]LogModuleManager: Shutting down and abandoning module SimplygonMeshReduction (155)
[2018.04.24-23.07.24:391][314]LogModuleManager: Shutting down and abandoning module QuadricMeshReduction (153)
[2018.04.24-23.07.24:392][314]LogModuleManager: Shutting down and abandoning module MaterialBaking (149)
[2018.04.24-23.07.24:392][314]LogModuleManager: Shutting down and abandoning module DirectoryWatcher (146)
[2018.04.24-23.07.24:393][314]LogModuleManager: Shutting down and abandoning module DerivedDataCache (144)
[2018.04.24-23.07.24:458][314]LogDerivedDataCache: Shutdown
[2018.04.24-23.07.24:458][314]LogModuleManager: Shutting down and abandoning module TargetPlatform (142)
[2018.04.24-23.07.24:458][314]LogModuleManager: Shutting down and abandoning module VulkanShaderFormat (141)
[2018.04.24-23.07.24:458][314]LogModuleManager: Shutting down and abandoning module ShaderFormatVectorVM (139)
[2018.04.24-23.07.24:458][314]LogModuleManager: Shutting down and abandoning module ShaderFormatOpenGL (137)
[2018.04.24-23.07.24:458][314]LogModuleManager: Shutting down and abandoning module ShaderFormatD3D (135)
[2018.04.24-23.07.24:458][314]LogModuleManager: Shutting down and abandoning module MetalShaderFormat (133)
[2018.04.24-23.07.24:458][314]LogModuleManager: Shutting down and abandoning module TextureFormatUncompressed (131)
[2018.04.24-23.07.24:458][314]LogModuleManager: Shutting down and abandoning module TextureFormatPVR (129)
[2018.04.24-23.07.24:458][314]LogModuleManager: Shutting down and abandoning module TextureFormatDXT (127)
[2018.04.24-23.07.24:458][314]LogModuleManager: Shutting down and abandoning module TextureFormatIntelISPCTexComp (125)
[2018.04.24-23.07.24:458][314]LogModuleManager: Shutting down and abandoning module TextureFormatASTC (123)
[2018.04.24-23.07.24:458][314]LogModuleManager: Shutting down and abandoning module ImageWrapper (122)
[2018.04.24-23.07.24:458][314]LogModuleManager: Shutting down and abandoning module TextureFormatAndroid (119)
[2018.04.24-23.07.24:458][314]LogModuleManager: Shutting down and abandoning module AudioFormatOpus (117)
[2018.04.24-23.07.24:458][314]LogModuleManager: Shutting down and abandoning module AudioFormatOgg (115)
[2018.04.24-23.07.24:458][314]LogModuleManager: Shutting down and abandoning module AudioFormatADPCM (113)
[2018.04.24-23.07.24:458][314]LogModuleManager: Shutting down and abandoning module LinuxTargetPlatform (111)
[2018.04.24-23.07.24:458][314]LogModuleManager: Shutting down and abandoning module LinuxServerTargetPlatform (109)
[2018.04.24-23.07.24:458][314]LogModuleManager: Shutting down and abandoning module LinuxNoEditorTargetPlatform (107)
[2018.04.24-23.07.24:458][314]LogModuleManager: Shutting down and abandoning module LinuxClientTargetPlatform (105)
[2018.04.24-23.07.24:458][314]LogModuleManager: Shutting down and abandoning module TVOSTargetPlatform (103)
[2018.04.24-23.07.24:458][314]LogModuleManager: Shutting down and abandoning module Messaging (101)
[2018.04.24-23.07.24:458][314]LogModuleManager: Shutting down and abandoning module IOSTargetPlatform (99)
[2018.04.24-23.07.24:458][314]LogModuleManager: Shutting down and abandoning module HTML5TargetPlatform (97)
[2018.04.24-23.07.24:458][314]LogModuleManager: Shutting down and abandoning module Android_PVRTCTargetPlatform (95)
[2018.04.24-23.07.24:458][314]LogModuleManager: Shutting down and abandoning module Android_MultiTargetPlatform (93)
[2018.04.24-23.07.24:458][314]LogModuleManager: Shutting down and abandoning module Android_ETC2TargetPlatform (91)
[2018.04.24-23.07.24:459][314]LogModuleManager: Shutting down and abandoning module Android_ETC1TargetPlatform (89)
[2018.04.24-23.07.24:459][314]LogModuleManager: Shutting down and abandoning module Android_DXTTargetPlatform (87)
[2018.04.24-23.07.24:459][314]LogModuleManager: Shutting down and abandoning module Android_ATCTargetPlatform (85)
[2018.04.24-23.07.24:459][314]LogModuleManager: Shutting down and abandoning module Android_ASTCTargetPlatform (83)
[2018.04.24-23.07.24:459][314]LogModuleManager: Shutting down and abandoning module AndroidTargetPlatform (81)
[2018.04.24-23.07.24:459][314]LogModuleManager: Shutting down and abandoning module WindowsTargetPlatform (79)
[2018.04.24-23.07.24:459][314]LogModuleManager: Shutting down and abandoning module WindowsServerTargetPlatform (77)
[2018.04.24-23.07.24:459][314]LogModuleManager: Shutting down and abandoning module WindowsNoEditorTargetPlatform (75)
[2018.04.24-23.07.24:459][314]LogModuleManager: Shutting down and abandoning module WindowsClientTargetPlatform (73)
[2018.04.24-23.07.24:459][314]LogModuleManager: Shutting down and abandoning module MacTargetPlatform (71)
[2018.04.24-23.07.24:459][314]LogModuleManager: Shutting down and abandoning module MacServerTargetPlatform (69)
[2018.04.24-23.07.24:459][314]LogModuleManager: Shutting down and abandoning module MacNoEditorTargetPlatform (67)
[2018.04.24-23.07.24:459][314]LogModuleManager: Shutting down and abandoning module MacClientTargetPlatform (65)
[2018.04.24-23.07.24:459][314]LogModuleManager: Shutting down and abandoning module AllDesktopTargetPlatform (63)
[2018.04.24-23.07.24:459][314]LogModuleManager: Shutting down and abandoning module InputCore (60)
[2018.04.24-23.07.24:459][314]LogModuleManager: Shutting down and abandoning module Settings (58)
[2018.04.24-23.07.24:459][314]LogModuleManager: Shutting down and abandoning module PhysXCooking (56)
[2018.04.24-23.07.24:459][314]LogModuleManager: Shutting down and abandoning module SteamVR (54)
[2018.04.24-23.07.24:459][314]LogModuleManager: Shutting down and abandoning module OculusHMD (52)
[2018.04.24-23.07.24:459][314]LogModuleManager: Shutting down and abandoning module ExampleDeviceProfileSelector (50)
[2018.04.24-23.07.24:459][314]LogModuleManager: Shutting down and abandoning module OnlineBlueprintSupport (48)
[2018.04.24-23.07.24:459][314]LogModuleManager: Shutting down and abandoning module OnlineSubsystem (44)
[2018.04.24-23.07.24:459][314]LogOnline: Display: Unloading online subsystem: NULL
[2018.04.24-23.07.24:459][314]LogModuleManager: Shutting down and abandoning module XMPP (43)
[2018.04.24-23.07.24:459][314]LogModuleManager: Shutting down and abandoning module HTTP (41)
[2018.04.24-23.07.24:459][314]LogHttp: Display: Http module shutting down, but needs to wait on 1 outstanding Http requests:
[2018.04.24-23.07.24:459][314]LogHttp: Display: 	verb=[POST] url=[https://datarouter.ol.epicgames.com/datarouter/api/v1/public/data?SessionID=%7B1E41B3E7-41AA-9B0E-EDCB-89AA27276C76%7D&AppID=UEEditor.Rocket.Release&AppVersion=4.17.2-3658906%2B%2B%2BUE4%2BRelease-4.17&UserID=3ed4cd184c79817fa41750a5749f3d64%7C9a7113778c324a5ebfbe2ee726f02543%7C220484ee-82e4-4c5b-bfac-464309ddc758&AppEnvironment=datacollector-binary&UploadType=eteventstream] status=Processing
[2018.04.24-23.07.24:466][314]LogModuleManager: Shutting down and abandoning module SSL (40)
[2018.04.24-23.07.24:468][314]LogModuleManager: Shutting down and abandoning module AnimationModifiers (36)
[2018.04.24-23.07.24:468][314]LogModuleManager: Shutting down and abandoning module PropertyEditor (35)
[2018.04.24-23.07.24:468][314]LogModuleManager: Shutting down and abandoning module AudioEditor (32)
[2018.04.24-23.07.24:468][314]LogModuleManager: Shutting down and abandoning module TextureCompressor (30)
[2018.04.24-23.07.24:468][314]LogModuleManager: Shutting down and abandoning module ShaderCore (28)
[2018.04.24-23.07.24:468][314]LogModuleManager: Shutting down and abandoning module Landscape (26)
[2018.04.24-23.07.24:468][314]LogModuleManager: Shutting down and abandoning module SlateRHIRenderer (24)
[2018.04.24-23.07.24:470][314]LogModuleManager: Shutting down and abandoning module OpenGLDrv (22)
[2018.04.24-23.07.24:470][314]LogModuleManager: Shutting down and abandoning module D3D11RHI (20)
[2018.04.24-23.07.24:470][314]LogModuleManager: Shutting down and abandoning module AnimGraphRuntime (18)
[2018.04.24-23.07.24:470][314]LogModuleManager: Shutting down and abandoning module Renderer (16)
[2018.04.24-23.07.24:470][314]LogModuleManager: Shutting down and abandoning module Engine (14)
[2018.04.24-23.07.24:470][314]LogModuleManager: Shutting down and abandoning module CoreUObject (12)
[2018.04.24-23.07.24:470][314]LogModuleManager: Shutting down and abandoning module NetworkFile (10)
[2018.04.24-23.07.24:470][314]LogModuleManager: Shutting down and abandoning module CookedIterativeFile (8)
[2018.04.24-23.07.24:470][314]LogModuleManager: Shutting down and abandoning module StreamingFile (6)
[2018.04.24-23.07.24:470][314]LogModuleManager: Shutting down and abandoning module SandboxFile (4)
[2018.04.24-23.07.24:470][314]LogModuleManager: Shutting down and abandoning module PakFile (2)
[2018.04.24-23.07.24:476][314]LogExit: Exiting.
[2018.04.24-23.07.24:494][314]Log file closed, 04/24/18 18:07:24
