Log file open, 02/06/18 02:41:16
LogWindows: Failed to load 'aqProf.dll' (GetLastError=126)
LogWindows: File 'aqProf.dll' does not exist
LogWindows: Failed to load 'VSPerf140.dll' (GetLastError=126)
LogWindows: File 'VSPerf140.dll' does not exist
LogWindows: Failed to load 'VtuneApi.dll' (GetLastError=126)
LogWindows: File 'VtuneApi.dll' does not exist
LogWindows: Failed to load 'VtuneApi32e.dll' (GetLastError=126)
LogWindows: File 'VtuneApi32e.dll' does not exist
LogInit: Display: Running engine for game: ProjectOrca
LogPlatformFile: Not using cached read wrapper
LogInit: Display: RandInit(48148283) SRandInit(48148283).
LogTaskGraph: Started task graph with 5 named threads and 14 total threads with 3 sets of task threads.
LogStats: Stats thread started at 4.498569
LogD3D11RHI: Aftermath initialized
LogPluginManager: Mounting plugin Paper2D
LogPluginManager: Mounting plugin LightPropagationVolume
LogPluginManager: Mounting plugin CodeLiteSourceCodeAccess
LogPluginManager: Mounting plugin GitSourceControl
LogPluginManager: Mounting plugin KDevelopSourceCodeAccess
LogPluginManager: Mounting plugin NullSourceCodeAccess
LogPluginManager: Mounting plugin PerforceSourceControl
LogPluginManager: Mounting plugin SubversionSourceControl
LogPluginManager: Mounting plugin UObjectPlugin
LogPluginManager: Mounting plugin VisualStudioSourceCodeAccess
LogPluginManager: Mounting plugin XCodeSourceCodeAccess
LogPluginManager: Mounting plugin AssetManagerEditor
LogPluginManager: Mounting plugin AudioCapture
LogPluginManager: Mounting plugin FacialAnimation
LogPluginManager: Mounting plugin GameplayTagsEditor
LogPluginManager: Mounting plugin MobileLauncherProfileWizard
LogPluginManager: Mounting plugin PluginBrowser
LogPluginManager: Mounting plugin SpeedTreeImporter
LogPluginManager: Mounting plugin AlembicImporter
LogPluginManager: Mounting plugin CharacterAI
LogPluginManager: Mounting plugin HTML5Networking
LogPluginManager: Mounting plugin AndroidMedia
LogPluginManager: Mounting plugin AvfMedia
LogPluginManager: Mounting plugin MediaPlayerEditor
LogPluginManager: Mounting plugin WmfMedia
LogPluginManager: Mounting plugin TcpMessaging
LogPluginManager: Mounting plugin UdpMessaging
LogPluginManager: Mounting plugin LevelSequenceEditor
LogPluginManager: Mounting plugin MatineeToLevelSequence
LogPluginManager: Mounting plugin OnlineSubsystemGooglePlay
LogPluginManager: Mounting plugin OnlineSubsystemIOS
LogPluginManager: Mounting plugin OnlineSubsystem
LogPluginManager: Mounting plugin OnlineSubsystemNull
LogPluginManager: Mounting plugin OnlineSubsystemUtils
LogPluginManager: Mounting plugin AndroidDeviceProfileSelector
LogPluginManager: Mounting plugin AndroidMoviePlayer
LogPluginManager: Mounting plugin AndroidPermission
LogPluginManager: Mounting plugin AppleMoviePlayer
LogPluginManager: Mounting plugin ArchVisCharacter
LogPluginManager: Mounting plugin CableComponent
LogPluginManager: Mounting plugin CustomMeshComponent
LogPluginManager: Mounting plugin ExampleDeviceProfileSelector
LogPluginManager: Mounting plugin GoogleCloudMessaging
LogPluginManager: Mounting plugin ImmediatePhysics
LogPluginManager: Mounting plugin IOSDeviceProfileSelector
LogPluginManager: Mounting plugin LinuxDeviceProfileSelector
LogPluginManager: Mounting plugin LocationServicesBPLibrary
LogPluginManager: Mounting plugin MobilePatchingUtils
LogPluginManager: Mounting plugin OculusVR
LogPluginManager: Mounting plugin PhysXVehicles
LogPluginManager: Mounting plugin ProceduralMeshComponent
LogPluginManager: Mounting plugin RuntimePhysXCooking
LogPluginManager: Mounting plugin SteamVR
LogPluginManager: Mounting plugin WindowsMoviePlayer
LogInit: Using libcurl 7.47.1
LogInit:  - built for x86_64-pc-win32
LogInit:  - supports SSL with OpenSSL/1.0.2g
LogInit:  - supports HTTP deflate (compression) using libz 1.2.8
LogInit:  - other features:
LogInit:      CURL_VERSION_SSL
LogInit:      CURL_VERSION_LIBZ
LogInit:      CURL_VERSION_IPV6
LogInit:      CURL_VERSION_ASYNCHDNS
LogInit:      CURL_VERSION_LARGEFILE
LogInit:      CURL_VERSION_IDN
LogInit:  CurlRequestOptions (configurable via config and command line):
LogInit:  - bVerifyPeer = false  - Libcurl will NOT verify peer certificate
LogInit:  - bUseHttpProxy = false  - Libcurl will NOT use HTTP proxy
LogInit:  - bDontReuseConnections = false  - Libcurl will reuse connections
LogInit:  - CertBundlePath = nullptr  - Libcurl will use whatever was configured at build time.
LogInit: Build: ++UE4+Release-4.17-CL-3658906
LogInit: Engine Version: 4.17.2-3658906+++UE4+Release-4.17
LogInit: Compatible Engine Version: 4.17.0-3573198+++UE4+Release-4.17
LogInit: Net CL: 3573198
LogDevObjectVersion: Number of dev versions registered: 16
LogDevObjectVersion:   Dev-Blueprints (B0D832E4-1F89-4F0D-ACCF-7EB736FD4AA2): 10
LogDevObjectVersion:   Dev-Build (E1C64328-A22C-4D53-A36C-8E866417BD8C): 0
LogDevObjectVersion:   Dev-Core (375EC13C-06E4-48FB-B500-84F0262A717E): 2
LogDevObjectVersion:   Dev-Editor (E4B068ED-F494-42E9-A231-DA0B2E46BB41): 20
LogDevObjectVersion:   Dev-Framework (CFFC743F-43B0-4480-9391-14DF171D2073): 28
LogDevObjectVersion:   Dev-Mobile (B02B49B5-BB20-44E9-A304-32B752E40360): 0
LogDevObjectVersion:   Dev-Networking (A4E4105C-59A1-49B5-A7C5-40C4547EDFEE): 0
LogDevObjectVersion:   Dev-Online (39C831C9-5AE6-47DC-9A44-9C173E1C8E7C): 0
LogDevObjectVersion:   Dev-Physics (78F01B33-EBEA-4F98-B9B4-84EACCB95AA2): 0
LogDevObjectVersion:   Dev-Platform (6631380F-2D4D-43E0-8009-CF276956A95A): 0
LogDevObjectVersion:   Dev-Rendering (12F88B9F-8875-4AFC-A67C-D90C383ABD29): 19
LogDevObjectVersion:   Dev-Sequencer (7B5AE74C-D270-4C10-A958-57980B212A5A): 4
LogDevObjectVersion:   Dev-VR (D7296918-1DD6-4BDD-9DE2-64A83CC13884): 0
LogDevObjectVersion:   Dev-LoadTimes (C2A15278-BFE7-4AFE-6C17-90FF531DF755): 1
LogDevObjectVersion:   Private-Geometry (6EACA3D4-40EC-4CC1-B786-8BED09428FC5): 1
LogDevObjectVersion:   Dev-AnimPhys (29E575DD-E0A3-4627-9D10-D276232CDCEA): 7
LogInit: Compiled (64-bit): Sep 22 2017 13:47:16
LogInit: Compiled with Visual C++: 19.00.24215.01
LogInit: Build Configuration: Development
LogInit: Branch Name: ++UE4+Release-4.17
LogInit: Command line:  
LogInit: Base directory: D:/weret/Project/Unreal/UE_4.17/Engine/Binaries/Win64/
LogInit: Installed Engine Build: 1
LogInit: Presizing for max 8388607 objects, including 0 objects not considered by GC, pre-allocating 0 bytes for permanent pool.
LogInit: Object subsystem initialized
[2018.02.06-02.41.18:345][  0]LogInit: Selected Device Profile: [Windows]
[2018.02.06-02.41.18:345][  0]LogInit: Applying CVar settings loaded from the selected device profile: [Windows]
[2018.02.06-02.41.18:499][  0]LogInit: Computer: WERETHROPE
[2018.02.06-02.41.18:499][  0]LogInit: User: weret
[2018.02.06-02.41.18:499][  0]LogInit: CPU Page size=4096, Cores=4
[2018.02.06-02.41.18:499][  0]LogInit: High frequency timer resolution =2.531249 MHz
[2018.02.06-02.41.18:499][  0]LogMemory: Memory total: Physical=15.9GB (16GB approx)
[2018.02.06-02.41.18:499][  0]LogMemory: Platform Memory Stats for Windows
[2018.02.06-02.41.18:499][  0]LogMemory: Process Physical Memory: 279.25 MB used, 279.25 MB peak
[2018.02.06-02.41.18:499][  0]LogMemory: Process Virtual Memory: 286.39 MB used, 286.39 MB peak
[2018.02.06-02.41.18:499][  0]LogMemory: Physical Memory: 7955.34 MB used,  8367.22 MB free, 16322.56 MB total
[2018.02.06-02.41.18:499][  0]LogMemory: Virtual Memory: 714.12 MB used,  8367.22 MB free, 134217728.00 MB total
[2018.02.06-02.41.20:240][  0]LogInit: Using OS detected language (en-US).
[2018.02.06-02.41.20:240][  0]LogInit: Using OS detected locale (en-MY).
[2018.02.06-02.41.20:359][  0]LogTextLocalizationManager: No specific localization for 'en-US' exists, so the 'en' localization will be used.
[2018.02.06-02.41.27:124][  0]LogD3D11RHI: D3D11 adapters:
[2018.02.06-02.41.27:182][  0]LogD3D11RHI:    0. 'NVIDIA GeForce GTX 980M' (Feature Level 11_0)
[2018.02.06-02.41.27:182][  0]LogD3D11RHI:       4053/0/8161 MB DedicatedVideo/DedicatedSystem/SharedSystem, Outputs:3, VendorId:0x10de
[2018.02.06-02.41.27:185][  0]LogD3D11RHI:    1. 'Microsoft Basic Render Driver' (Feature Level 11_0)
[2018.02.06-02.41.27:185][  0]LogD3D11RHI:       0/0/8161 MB DedicatedVideo/DedicatedSystem/SharedSystem, Outputs:0, VendorId:0x1414
[2018.02.06-02.41.27:185][  0]LogD3D11RHI: Chosen D3D11 Adapter: 0
[2018.02.06-02.41.27:194][  0]LogD3D11RHI: Creating new Direct3DDevice
[2018.02.06-02.41.27:195][  0]LogD3D11RHI:     GPU DeviceId: 0x1617 (for the marketing name, search the web for "GPU Device Id")
[2018.02.06-02.41.27:195][  0]LogWindows: EnumDisplayDevices:
[2018.02.06-02.41.27:195][  0]LogWindows:    0. 'NVIDIA GeForce GTX 980M' (P:1 D:1)
[2018.02.06-02.41.27:195][  0]LogWindows:    1. 'NVIDIA GeForce GTX 980M' (P:0 D:1)
[2018.02.06-02.41.27:195][  0]LogWindows:    2. 'NVIDIA GeForce GTX 980M' (P:0 D:1)
[2018.02.06-02.41.27:195][  0]LogWindows:    3. 'NVIDIA GeForce GTX 980M' (P:0 D:0)
[2018.02.06-02.41.27:196][  0]LogWindows: DebugString: GetVideoDriverDetailsInvalid PrimaryIsNotTheChoosenAdapter GetVideoDriverDetailsInvalid PrimaryIsNotTheChoosenAdapter GetVideoDriverDetailsInvalid PrimaryIsNotTheChoosenAdapter GetVideoDriverDetailsInvalid PrimaryIsNotTheChoosenAdapter FoundDriverCount:0 
[2018.02.06-02.41.27:196][  0]LogD3D11RHI:     Adapter Name: NVIDIA GeForce GTX 980M
[2018.02.06-02.41.27:196][  0]LogD3D11RHI:   Driver Version: Unknown (internal:Unknown, unified:Unknown)
[2018.02.06-02.41.27:196][  0]LogD3D11RHI:      Driver Date: Unknown
[2018.02.06-02.41.27:196][  0]LogRHI: Texture pool is 1361 MB (70% of 1945 MB)
[2018.02.06-02.41.27:230][  0]LogD3D11RHI: Async texture creation enabled
[2018.02.06-02.41.27:627][  0]LogD3D11RHI: GPU Timing Frequency: 1000.000000 (Debug: 2 2)
[2018.02.06-02.41.27:836][  0]LogShaderCompilers: Guid format shader working directory is 20 characters bigger than the processId version (../../../../../ProjectOrca/Intermediate/Shaders/WorkingDirectory/3376/).
[2018.02.06-02.41.27:836][  0]LogShaderCompilers: Cleaned the shader compiler working directory 'C:/Users/weret/AppData/Local/Temp/UnrealShaderWorkingDir/36C399B24E85A10E52A0C9867D3299FC/'.
[2018.02.06-02.41.27:858][  0]LogShaderCompilers: Display: Using Local Shader Compiler.
[2018.02.06-02.41.32:282][  0]LogTemp: Display: Loaded TP AllDesktopTargetPlatform
[2018.02.06-02.41.32:337][  0]LogTemp: Display: Loaded TP MacClientTargetPlatform
[2018.02.06-02.41.32:391][  0]LogTemp: Display: Loaded TP MacNoEditorTargetPlatform
[2018.02.06-02.41.32:462][  0]LogTemp: Display: Loaded TP MacServerTargetPlatform
[2018.02.06-02.41.32:552][  0]LogTemp: Display: Loaded TP MacTargetPlatform
[2018.02.06-02.41.32:607][  0]LogTemp: Display: Loaded TP WindowsClientTargetPlatform
[2018.02.06-02.41.32:666][  0]LogTemp: Display: Loaded TP WindowsNoEditorTargetPlatform
[2018.02.06-02.41.32:730][  0]LogTemp: Display: Loaded TP WindowsServerTargetPlatform
[2018.02.06-02.41.32:775][  0]LogTemp: Display: Loaded TP WindowsTargetPlatform
[2018.02.06-02.41.32:844][  0]LogTemp: Display: Loaded TP AndroidTargetPlatform
[2018.02.06-02.41.32:898][  0]LogTemp: Display: Loaded TP Android_ASTCTargetPlatform
[2018.02.06-02.41.32:951][  0]LogTemp: Display: Loaded TP Android_ATCTargetPlatform
[2018.02.06-02.41.33:006][  0]LogTemp: Display: Loaded TP Android_DXTTargetPlatform
[2018.02.06-02.41.33:062][  0]LogTemp: Display: Loaded TP Android_ETC1TargetPlatform
[2018.02.06-02.41.33:108][  0]LogTemp: Display: Loaded TP Android_ETC2TargetPlatform
[2018.02.06-02.41.33:205][  0]LogTemp: Display: Loaded TP Android_MultiTargetPlatform
[2018.02.06-02.41.33:205][  0]LogTemp: Display: Loaded TP Android_PVRTCTargetPlatform
[2018.02.06-02.41.33:242][  0]LogTemp: Display: Loaded TP HTML5TargetPlatform
[2018.02.06-02.41.33:412][  0]LogTemp: Display: Loaded TP IOSTargetPlatform
[2018.02.06-02.41.33:461][  0]LogTemp: Display: Loaded TP TVOSTargetPlatform
[2018.02.06-02.41.33:510][  0]LogTemp: Display: Loaded TP LinuxClientTargetPlatform
[2018.02.06-02.41.33:558][  0]LogTemp: Display: Loaded TP LinuxNoEditorTargetPlatform
[2018.02.06-02.41.33:610][  0]LogTemp: Display: Loaded TP LinuxServerTargetPlatform
[2018.02.06-02.41.33:675][  0]LogTemp: Display: Loaded TP LinuxTargetPlatform
[2018.02.06-02.41.33:675][  0]LogTargetPlatformManager: Display: Building Assets For Windows
[2018.02.06-02.41.35:209][  0]LogDerivedDataCache: Display: Max Cache Size: 512 MB
[2018.02.06-02.41.35:456][  0]LogDerivedDataCache: Loaded boot cache 0.25s 93MB C:/Users/weret/AppData/Local/UnrealEngine/4.17/DerivedDataCache/Boot.ddc.
[2018.02.06-02.41.35:456][  0]LogDerivedDataCache: Display: Loaded Boot cache: C:/Users/weret/AppData/Local/UnrealEngine/4.17/DerivedDataCache/Boot.ddc
[2018.02.06-02.41.35:456][  0]LogDerivedDataCache: FDerivedDataBackendGraph:  Pak pak cache file ../../../../../ProjectOrca/DerivedDataCache/DDC.ddp not found, will not use a pak cache.
[2018.02.06-02.41.35:456][  0]LogDerivedDataCache: Unable to find inner node Pak for hierarchical cache Hierarchy.
[2018.02.06-02.41.35:456][  0]LogDerivedDataCache: FDerivedDataBackendGraph:  CompressedPak pak cache file ../../../../../ProjectOrca/DerivedDataCache/Compressed.ddp not found, will not use a pak cache.
[2018.02.06-02.41.35:456][  0]LogDerivedDataCache: Unable to find inner node CompressedPak for hierarchical cache Hierarchy.
[2018.02.06-02.41.35:511][  0]LogDerivedDataCache: Display: Pak cache opened for reading ../../../Engine/DerivedDataCache/Compressed.ddp.
[2018.02.06-02.41.35:524][  0]LogDerivedDataCache: Using Local data cache path C:/Users/weret/AppData/Local/UnrealEngine/Common/DerivedDataCache: Writable
[2018.02.06-02.41.35:613][  0]LogMaterial: Verifying Global Shaders for PCD3D_SM5
[2018.02.06-02.41.35:706][  0]LogSlate: Using Freetype 2.6.0
[2018.02.06-02.41.35:759][  0]LogSlate: SlateFontCache - WITH_FREETYPE: 1, WITH_HARFBUZZ: 1
[2018.02.06-02.41.35:777][  0]LogSlate: SlateFontCache - WITH_FREETYPE: 1, WITH_HARFBUZZ: 1
[2018.02.06-02.41.46:101][  0]LogAssetRegistry: FAssetRegistry took 0.0336 seconds to start up
[2018.02.06-02.41.47:552][  0]LogInit: Selected Device Profile: [Windows]
[2018.02.06-02.41.49:429][  0]LogContentStreaming: Texture pool size is 0.00 MB
[2018.02.06-02.41.50:489][  0]LogSimplygon: Simplygon DLL not present - disabling.
[2018.02.06-02.41.50:554][  0]LogMeshReduction: Using SimplygonSwarm for distributed automatic mesh merging
[2018.02.06-02.41.50:582][  0]LogMeshReduction: Using QuadricMeshReduction for automatic static mesh reduction
[2018.02.06-02.41.50:582][  0]LogMeshReduction: No automatic skeletal mesh reduction module available
[2018.02.06-02.41.50:582][  0]LogMeshReduction: No automatic mesh merging module available
[2018.02.06-02.41.50:582][  0]LogMeshMerging: No automatic mesh merging module available
[2018.02.06-02.41.54:423][  0]LogNetVersion: ProjectOrca , NetCL: 3573198, EngineNetVer: 2, GameNetVer: 0 (Checksum: 811679591)
[2018.02.06-02.41.56:386][  0]LogPackageLocalizationCache: Processed 5 localized package path(s) for 2 prioritized culture(s) in 0.115494 seconds
[2018.02.06-02.41.56:402][  0]LogUObjectArray: 35825 objects as part of root set at end of initial load.
[2018.02.06-02.41.56:402][  0]LogUObjectAllocator: 7529112 out of 0 bytes used by permanent object pool.
[2018.02.06-02.41.56:402][  0]LogUObjectArray: CloseDisregardForGC: 0/0 objects in disregard for GC pool
[2018.02.06-02.41.56:491][  0]LogInit: WinSock: version 1.1 (2.2), MaxSocks=32767, MaxUdp=65467
[2018.02.06-02.42.17:831][  0]LogTcpMessaging: Initializing TcpMessaging bridge
[2018.02.06-02.42.17:893][  0]LogUdpMessaging: Initializing bridge on interface 0.0.0.0:0 to multicast group 230.0.0.1:6666.
[2018.02.06-02.42.19:540][  0]LogMaterial: Uniform references updated for custom material expression Custom.
[2018.02.06-02.42.20:535][  0]SourceControl: Source control is disabled
[2018.02.06-02.42.20:535][  0]SourceControl: Source control is disabled
[2018.02.06-02.42.20:641][  0]SourceControl: Source control is disabled
[2018.02.06-02.42.20:707][  0]SourceControl: Source control is disabled
[2018.02.06-02.42.21:989][  0]LogAndroidPermission: UAndroidPermissionCallbackProxy::GetInstance
[2018.02.06-02.42.22:272][  0]LogOcInput: OculusInput pre-init called
[2018.02.06-02.42.23:120][  0]LogEngine: Initializing Engine...
[2018.02.06-02.42.23:476][  0]LogHMD: Failed to initialize OpenVR with code 126
[2018.02.06-02.42.26:685][  0]LogStats: UGameplayTagsManager::ConstructGameplayTagTree: Construct from data asset -  0.000 s
[2018.02.06-02.42.26:697][  0]LogStats: UGameplayTagsManager::ConstructGameplayTagTree: GameplayTagTreeChangedEvent.Broadcast -  0.000 s
[2018.02.06-02.42.27:391][  0]LogAIModule: Creating AISystem for world Untitled
[2018.02.06-02.42.27:630][  0]LogInit: XAudio2 using 'Speakers (Realtek High Definition Audio)' : 6 channels at 48 kHz using 32 bits per sample (channel mask 0x3f)
[2018.02.06-02.42.27:700][  0]LogInit: FAudioDevice initialized.
[2018.02.06-02.42.27:822][  0]LogDerivedDataCache: Saved boot cache 0.12s 93MB C:/Users/weret/AppData/Local/UnrealEngine/4.17/DerivedDataCache/Boot.ddc.
[2018.02.06-02.42.27:831][  0]LogInit: Texture streaming: Enabled
[2018.02.06-02.42.28:090][  0]LogEngineSessionManager: EngineSessionManager initialized
[2018.02.06-02.42.28:090][  0]LogEngineSessionManager: EngineSessionManager sent abnormal shutdown report. Type=AbnormalShutdown, SessionId={323E9C2D-4583-7177-5B2C-739EA4E4CFC8}
[2018.02.06-02.42.29:159][  0]LogInit: Transaction tracking system initialized
[2018.02.06-02.42.30:361][  0]BlueprintLog: New page: Editor Load
[2018.02.06-02.42.33:771][  0]LocalizationService: Localization service is disabled
[2018.02.06-02.42.35:373][  0]LogConsoleResponse: Display: 
[2018.02.06-02.42.37:211][  0]LogFileCache: Scanning file cache for directory 'D:/weret/Project/ProjectOrca/Content/' took 0.04s
[2018.02.06-02.42.37:211][  0]LogCook: Display: Max memory allowance for cook 16384mb min free memory 0mb
[2018.02.06-02.42.37:211][  0]LogCook: Display: Mobile HDR setting 1
[2018.02.06-02.42.37:239][  0]LogGameplayTags: Display: UGameplayTagsManager::DoneAddingNativeTags. DelegateIsBound: 0
[2018.02.06-02.42.39:863][  0]SourceControl: Source control is disabled
[2018.02.06-02.42.39:938][  0]Cmd: MAP LOAD FILE="../../../../../ProjectOrca/Content/Maps/DevMap.umap" TEMPLATE=0 SHOWPROGRESS=1 FEATURELEVEL=3
[2018.02.06-02.42.40:048][  0]LightingResults: New page: Lighting Build
[2018.02.06-02.42.40:221][  0]MapCheck: New page: Map Check
[2018.02.06-02.42.40:221][  0]LightingResults: New page: Lighting Build
[2018.02.06-02.42.46:178][  0]LogAIModule: Creating AISystem for world DevMap
[2018.02.06-02.42.47:245][  0]LogEditorServer: Finished looking for orphan Actors (0.000 secs)
[2018.02.06-02.42.47:397][  0]Cmd: MAP CHECKDEP NOCLEARLOG
[2018.02.06-02.42.47:483][  0]MapCheck: Map check complete: 0 Error(s), 0 Warning(s), took 85.186ms to complete.
[2018.02.06-02.42.47:483][  0]LogFileHelpers: Loading map 'DevMap' took 7.570
[2018.02.06-02.42.49:260][  0]LogCollectionManager: Loaded 0 collections in 0.001723 seconds
[2018.02.06-02.42.49:617][  0]LogFileCache: Scanning file cache for directory 'D:/weret/Project/ProjectOrca/Saved/Collections/' took 0.01s
[2018.02.06-02.42.49:617][  0]LogFileCache: Scanning file cache for directory 'D:/weret/Project/ProjectOrca/Content/Developers/weret/Collections/' took 0.01s
[2018.02.06-02.42.49:617][  0]LogFileCache: Scanning file cache for directory 'D:/weret/Project/ProjectOrca/Content/Collections/' took 0.01s
[2018.02.06-02.42.49:617][  0]LogCollectionManager: Rebuilt the GUID cache for 0 collections in 0.000001 seconds
[2018.02.06-02.42.49:641][  0]LogContentBrowser: Native class hierarchy populated in 0.0146 seconds. Added 2386 classes and 500 folders.
[2018.02.06-02.42.49:832][  0]LogContentBrowser: Native class hierarchy updated for 'WidgetCarousel' in 0.0014 seconds. Added 0 classes and 0 folders.
[2018.02.06-02.42.51:306][  0]LogContentBrowser: Native class hierarchy updated for 'AddContentDialog' in 0.0008 seconds. Added 0 classes and 0 folders.
[2018.02.06-02.42.51:403][  0]LogContentBrowser: Native class hierarchy updated for 'SceneOutliner' in 0.0008 seconds. Added 1 classes and 2 folders.
[2018.02.06-02.42.53:054][  0]LogSlate: Took 0.026664 seconds to synchronously load lazily loaded font '../../../Engine/Content/Slate/Fonts/Roboto-Regular.ttf' (155K)
[2018.02.06-02.42.53:102][  0]LogSlate: Took 0.022160 seconds to synchronously load lazily loaded font '../../../Engine/Content/Slate/Fonts/Roboto-Bold.ttf' (160K)
[2018.02.06-02.42.53:187][  0]LogSlate: Took 0.018639 seconds to synchronously load lazily loaded font '../../../Engine/Content/Editor/Slate/Fonts/FontAwesome.ttf' (139K)
[2018.02.06-02.42.53:811][  0]LogContentBrowser: Native class hierarchy updated for 'HierarchicalLODOutliner' in 0.0009 seconds. Added 1 classes and 2 folders.
[2018.02.06-02.42.53:811][  0]LogLoad: (Engine Initialization) Total time: 110.29 seconds
[2018.02.06-02.42.53:811][  0]LogLoad: (Engine Initialization) Total Blueprint compile time: 0.00 seconds
[2018.02.06-02.42.53:811][  0]LogExternalProfiler: No external profilers were discovered.  External profiling features will not be available.
[2018.02.06-02.42.54:394][  0]LogContentStreaming: Texture pool size now 800 MB
[2018.02.06-02.42.55:279][  0]LogRenderer: Reallocating scene render targets to support 544x288 Format 10 NumSamples 1 (Frame:1).
[2018.02.06-02.42.55:918][  0]LogRenderer: Reallocating scene render targets to support 1084x572 Format 9 NumSamples 1 (Frame:1).
[2018.02.06-02.42.56:115][  0]LogSlate: Took 0.016956 seconds to synchronously load lazily loaded font '../../../Engine/Content/Slate/Fonts/Roboto-Light.ttf' (159K)
[2018.02.06-02.42.56:155][  1]LogFileCache: Retrieving MD5 hashes for directory 'D:/weret/Project/ProjectOrca/Content/' took 1.97s
[2018.02.06-02.42.56:506][  2]LogAssetRegistry: Asset discovery search completed in 70.4287 seconds
[2018.02.06-02.42.56:509][  2]LogCollectionManager: Rebuilt the object cache for 0 collections in 0.000000 seconds (found 0 objects)
[2018.02.06-02.42.56:509][  2]LogCollectionManager: Fixed up redirectors for 0 collections in 0.000069 seconds (updated 0 objects)
[2018.02.06-02.42.57:513][  5]LogSlate: Took 0.000387 seconds to synchronously load lazily loaded font '../../../Engine/Content/Slate/Fonts/Roboto-Light.ttf' (159K)
[2018.02.06-03.01.06:932][276]LogSlate: Took 0.000439 seconds to synchronously load lazily loaded font '../../../Engine/Content/Slate/Fonts/Roboto-Light.ttf' (159K)
[2018.02.06-03.01.07:536][276]LogAIModule: Creating AISystem for world James_LevelDemo
[2018.02.06-03.01.07:740][276]Cmd: MAP LOAD FILE="../../../../../ProjectOrca/Content/Maps/James_LevelDemo.umap" TEMPLATE=0 SHOWPROGRESS=1 FEATURELEVEL=3
[2018.02.06-03.01.07:740][276]LightingResults: New page: Lighting Build
[2018.02.06-03.01.07:741][276]LoadErrors: New page: Loading map: James_LevelDemo.umap
[2018.02.06-03.01.07:812][276]MapCheck: New page: Map Check
[2018.02.06-03.01.07:812][276]LightingResults: New page: Lighting Build
[2018.02.06-03.01.08:026][276]LogEditorServer: Finished looking for orphan Actors (0.000 secs)
[2018.02.06-03.01.08:092][276]Cmd: MAP CHECKDEP NOCLEARLOG
[2018.02.06-03.01.08:189][276]MapCheck: Map check complete: 0 Error(s), 0 Warning(s), took 96.546ms to complete.
[2018.02.06-03.01.08:189][276]LogFileHelpers: Loading map 'James_LevelDemo' took 0.454
[2018.02.06-03.13.46:743][ 75]LogEditorViewport: Clicking on Actor (LMB): BP_Sky_Sphere_C (Sky_Sphere)
[2018.02.06-03.13.56:258][254]Cmd: SELECT NONE
[2018.02.06-03.13.58:591][327]Cmd: TRANSACTION UNDO
[2018.02.06-03.13.58:591][327]LogEditorTransaction: Undo Select None
[2018.02.06-03.13.59:433][334]Cmd: SELECT NONE
[2018.02.06-03.14.01:510][353]Cmd: SELECT NONE
[2018.02.06-03.16.24:055][236]LogTemp: Repeating last play command: Selected Viewport
[2018.02.06-03.16.26:659][236]LogBlueprintUserMessages: Early PlayInEditor Detection: Level '/Game/Maps/James_LevelDemo.James_LevelDemo:PersistentLevel' has LevelScriptBlueprint '/Game/Maps/James_LevelDemo.James_LevelDemo:PersistentLevel.James_LevelDemo' with GeneratedClass '/Game/Maps/James_LevelDemo.James_LevelDemo_C' with ClassGeneratedBy '/Game/Maps/James_LevelDemo.James_LevelDemo:PersistentLevel.James_LevelDemo'
[2018.02.06-03.16.26:659][236]LogPlayLevel: PlayLevel: No blueprints needed recompiling
[2018.02.06-03.16.26:700][236]PIE: New page: PIE session: James_LevelDemo (Feb 6, 2018, 3:16:26 AM)
[2018.02.06-03.16.26:700][236]LogPlayLevel: Creating play world package: /Game/Maps/UEDPIE_0_James_LevelDemo
[2018.02.06-03.16.26:734][236]LogPlayLevel: PIE: StaticDuplicateObject took: (0.033727s)
[2018.02.06-03.16.26:736][236]LogAIModule: Creating AISystem for world James_LevelDemo
[2018.02.06-03.16.26:736][236]LogPlayLevel: PIE: World Init took: (0.002092s)
[2018.02.06-03.16.26:737][236]LogPlayLevel: PIE: Created PIE world by copying editor world from /Game/Maps/James_LevelDemo.James_LevelDemo to /Game/Maps/UEDPIE_0_James_LevelDemo.James_LevelDemo (0.036335s)
[2018.02.06-03.16.26:766][236]LogInit: XAudio2 using 'Speakers (Realtek High Definition Audio)' : 6 channels at 48 kHz using 32 bits per sample (channel mask 0x3f)
[2018.02.06-03.16.26:827][236]LogInit: FAudioDevice initialized.
[2018.02.06-03.16.26:896][236]LogLoad: Game class is 'ThirdPersonGameMode_C'
[2018.02.06-03.16.26:917][236]LogWorld: Bringing World /Game/Maps/UEDPIE_0_James_LevelDemo.James_LevelDemo up for play (max tick rate 60) at 2018.02.06-03.16.26
[2018.02.06-03.16.26:935][236]LogWorld: Bringing up level for play took: 0.023626
[2018.02.06-03.16.27:057][236]LogContentBrowser: Native class hierarchy updated for 'MovieSceneCapture' in 0.0012 seconds. Added 11 classes and 0 folders.
[2018.02.06-03.16.27:154][236]PIE: Play in editor start time for /Game/Maps/UEDPIE_0_James_LevelDemo -0.387
[2018.02.06-03.16.27:155][236]LogBlueprintUserMessages: Late PlayInEditor Detection: Level '/Game/Maps/James_LevelDemo.James_LevelDemo:PersistentLevel' has LevelScriptBlueprint '/Game/Maps/James_LevelDemo.James_LevelDemo:PersistentLevel.James_LevelDemo' with GeneratedClass '/Game/Maps/James_LevelDemo.James_LevelDemo_C' with ClassGeneratedBy '/Game/Maps/James_LevelDemo.James_LevelDemo:PersistentLevel.James_LevelDemo'
[2018.02.06-03.16.29:844][302]LogBlueprintUserMessages: Early EndPlayMap Detection: Level '/Game/Maps/James_LevelDemo.James_LevelDemo:PersistentLevel' has LevelScriptBlueprint '/Game/Maps/James_LevelDemo.James_LevelDemo:PersistentLevel.James_LevelDemo' with GeneratedClass '/Game/Maps/James_LevelDemo.James_LevelDemo_C' with ClassGeneratedBy '/Game/Maps/James_LevelDemo.James_LevelDemo:PersistentLevel.James_LevelDemo'
[2018.02.06-03.16.30:000][302]LogBlueprintUserMessages: Late EndPlayMap Detection: Level '/Game/Maps/James_LevelDemo.James_LevelDemo:PersistentLevel' has LevelScriptBlueprint '/Game/Maps/James_LevelDemo.James_LevelDemo:PersistentLevel.James_LevelDemo' with GeneratedClass '/Game/Maps/James_LevelDemo.James_LevelDemo_C' with ClassGeneratedBy '/Game/Maps/James_LevelDemo.James_LevelDemo:PersistentLevel.James_LevelDemo'
[2018.02.06-03.16.50:137][685]LogRenderer: Reallocating scene render targets to support 1084x660 Format 9 NumSamples 1 (Frame:1176).
[2018.02.06-03.16.56:805][793]LogEditorViewport: Clicking on Actor (LMB): StaticMeshActor (Cube2)
[2018.02.06-03.16.57:231][797]Cmd: CAMERA ALIGN ACTIVEVIEWPORTONLY
[2018.02.06-03.16.59:587][830]Cmd: SELECT NONE
[2018.02.06-03.18.41:493][484]LogRenderer: Reallocating scene render targets to support 1084x692 Format 9 NumSamples 1 (Frame:1903).
[2018.02.06-03.18.41:587][485]LogRenderer: Reallocating scene render targets to support 1084x776 Format 9 NumSamples 1 (Frame:1905).
[2018.02.06-03.18.41:664][486]LogRenderer: Reallocating scene render targets to support 1084x812 Format 9 NumSamples 1 (Frame:1907).
[2018.02.06-03.20.37:366][853]LogEditorViewport: Clicking on Actor (context menu): StaticMeshActor (James_Davies_Building_A_Exterior_Floor_28)
[2018.02.06-03.20.41:058][918]LogEditorViewport: Clicking on Actor (LMB): StaticMeshActor (Cube3)
[2018.02.06-03.24.15:156][938]Cmd: STAT FPS
[2018.02.06-13.36.29:404][364]LogD3D11RHI: Timed out while waiting for GPU to catch up. (500 ms)
[2018.02.06-13.37.46:958][595]LogHttp: Warning: 000002A0FCCE9780: request failed, libcurl error: 6 (Couldn't resolve host name)
[2018.02.06-13.37.46:958][595]LogHttp: Warning: 000002A0FCCE9780: libcurl info message cache 0 (Found bundle for host datarouter.ol.epicgames.com: 0x2a0aa8bbfe8 [can pipeline])
[2018.02.06-13.37.46:958][595]LogHttp: Warning: 000002A0FCCE9780: libcurl info message cache 1 (Hostname in DNS cache was stale, zapped)
[2018.02.06-13.37.46:958][595]LogHttp: Warning: 000002A0FCCE9780: libcurl info message cache 2 (Could not resolve host: datarouter.ol.epicgames.com)
[2018.02.06-13.37.46:958][595]LogHttp: Warning: 000002A0FCCE9780: libcurl info message cache 3 (Closing connection 219)
[2018.02.06-13.37.46:958][595]LogHttp: Warning: 000002A0FCCE8B80: request failed, libcurl error: 6 (Couldn't resolve host name)
[2018.02.06-13.37.46:958][595]LogHttp: Warning: 000002A0FCCE8B80: libcurl info message cache 0 (Found bundle for host datarouter.ol.epicgames.com: 0x2a0aa8bbfe8 [can pipeline])
[2018.02.06-13.37.46:958][595]LogHttp: Warning: 000002A0FCCE8B80: libcurl info message cache 1 (Re-using existing connection! (#218) with host datarouter.ol.epicgames.com)
[2018.02.06-13.37.46:958][595]LogHttp: Warning: 000002A0FCCE8B80: libcurl info message cache 2 (Connected to datarouter.ol.epicgames.com (52.7.0.117) port 443 (#218))
[2018.02.06-13.37.46:959][595]LogHttp: Warning: 000002A0FCCE8B80: libcurl info message cache 3 (upload completely sent off: 6548 out of 6548 bytes)
[2018.02.06-13.37.46:959][595]LogHttp: Warning: 000002A0FCCE8B80: libcurl info message cache 4 (SSL read: error:00000000:lib(0):func(0):reason(0), errno 10054)
[2018.02.06-13.37.46:959][595]LogHttp: Warning: 000002A0FCCE8B80: libcurl info message cache 5 (Connection died, retrying a fresh connect)
[2018.02.06-13.37.46:959][595]LogHttp: Warning: 000002A0FCCE8B80: libcurl info message cache 6 (Closing connection 218)
[2018.02.06-13.37.46:959][595]LogHttp: Warning: 000002A0FCCE8B80: libcurl info message cache 7 (Issue another request to this URL: 'https://datarouter.ol.epicgames.com/datarouter/api/v1/public/data?SessionID=%7BCAD03E7E-47D4-A43F-5C23-8D92F922CB6D%7D&AppID=UEEditor.Rocket.Release&AppVersion=4.17.2-3658906%2B%2B%2BUE4%2BRelease-4.17&UserID=01e94a2c4f636a563311e5b28bd16fa0%7C495f3335c5724314bcf7c78d424bc0ae%7C7e43c01f-2dfc-4db6-9423-a02c9184544b&AppEnvironment=datacollector-binary&UploadType=eteventstream')
[2018.02.06-13.37.46:959][595]LogHttp: Warning: 000002A0FCCE8B80: libcurl info message cache 8 (Could not resolve host: datarouter.ol.epicgames.com)
[2018.02.06-13.37.46:959][595]LogHttp: Warning: 000002A0FCCE8B80: libcurl info message cache 9 (Closing connection 220)
[2018.02.06-13.39.47:568][957]LogHttp: Warning: 000002A0FCCE9900: request failed, libcurl error: 6 (Couldn't resolve host name)
[2018.02.06-13.39.47:568][957]LogHttp: Warning: 000002A0FCCE9900: libcurl info message cache 0 (Could not resolve host: datarouter.ol.epicgames.com)
[2018.02.06-13.39.47:568][957]LogHttp: Warning: 000002A0FCCE9900: libcurl info message cache 1 (Closing connection 221)
[2018.02.06-13.41.47:901][318]LogHttp: Warning: 000002A0FCCEAB00: request failed, libcurl error: 6 (Couldn't resolve host name)
[2018.02.06-13.41.47:901][318]LogHttp: Warning: 000002A0FCCEAB00: libcurl info message cache 0 (Could not resolve host: datarouter.ol.epicgames.com)
[2018.02.06-13.41.47:901][318]LogHttp: Warning: 000002A0FCCEAB00: libcurl info message cache 1 (Closing connection 222)
[2018.02.06-13.43.48:235][679]LogHttp: Warning: 000002A0FCCE9600: request failed, libcurl error: 6 (Couldn't resolve host name)
[2018.02.06-13.43.48:235][679]LogHttp: Warning: 000002A0FCCE9600: libcurl info message cache 0 (Could not resolve host: datarouter.ol.epicgames.com)
[2018.02.06-13.43.48:235][679]LogHttp: Warning: 000002A0FCCE9600: libcurl info message cache 1 (Closing connection 223)
[2018.02.06-13.45.48:571][ 40]LogHttp: Warning: 000002A0FCCEB700: request failed, libcurl error: 6 (Couldn't resolve host name)
[2018.02.06-13.45.48:571][ 40]LogHttp: Warning: 000002A0FCCEB700: libcurl info message cache 0 (Could not resolve host: datarouter.ol.epicgames.com)
[2018.02.06-13.45.48:571][ 40]LogHttp: Warning: 000002A0FCCEB700: libcurl info message cache 1 (Closing connection 224)
[2018.02.06-13.47.48:905][401]LogHttp: Warning: 000002A0FCCEBE80: request failed, libcurl error: 6 (Couldn't resolve host name)
[2018.02.06-13.47.48:905][401]LogHttp: Warning: 000002A0FCCEBE80: libcurl info message cache 0 (Could not resolve host: datarouter.ol.epicgames.com)
[2018.02.06-13.47.48:905][401]LogHttp: Warning: 000002A0FCCEBE80: libcurl info message cache 1 (Closing connection 225)
[2018.02.06-13.49.49:239][762]LogHttp: Warning: 000002A0FCCE9000: request failed, libcurl error: 6 (Couldn't resolve host name)
[2018.02.06-13.49.49:239][762]LogHttp: Warning: 000002A0FCCE9000: libcurl info message cache 0 (Could not resolve host: datarouter.ol.epicgames.com)
[2018.02.06-13.49.49:239][762]LogHttp: Warning: 000002A0FCCE9000: libcurl info message cache 1 (Closing connection 226)
[2018.02.06-13.51.49:573][123]LogHttp: Warning: 000002A0FCCE9780: request failed, libcurl error: 6 (Couldn't resolve host name)
[2018.02.06-13.51.49:573][123]LogHttp: Warning: 000002A0FCCE9780: libcurl info message cache 0 (Could not resolve host: datarouter.ol.epicgames.com)
[2018.02.06-13.51.49:573][123]LogHttp: Warning: 000002A0FCCE9780: libcurl info message cache 1 (Closing connection 227)
[2018.02.06-13.53.49:908][484]LogHttp: Warning: 000002A0FCCEAB00: request failed, libcurl error: 6 (Couldn't resolve host name)
[2018.02.06-13.53.49:908][484]LogHttp: Warning: 000002A0FCCEAB00: libcurl info message cache 0 (Could not resolve host: datarouter.ol.epicgames.com)
[2018.02.06-13.53.49:908][484]LogHttp: Warning: 000002A0FCCEAB00: libcurl info message cache 1 (Closing connection 228)
[2018.02.06-13.55.50:249][845]LogHttp: Warning: 000002A0FCCE9000: request failed, libcurl error: 6 (Couldn't resolve host name)
[2018.02.06-13.55.50:249][845]LogHttp: Warning: 000002A0FCCE9000: libcurl info message cache 0 (Could not resolve host: datarouter.ol.epicgames.com)
[2018.02.06-13.55.50:249][845]LogHttp: Warning: 000002A0FCCE9000: libcurl info message cache 1 (Closing connection 229)
[2018.02.06-13.57.50:583][206]LogHttp: Warning: 000002A0FCCEB100: request failed, libcurl error: 6 (Couldn't resolve host name)
[2018.02.06-13.57.50:583][206]LogHttp: Warning: 000002A0FCCEB100: libcurl info message cache 0 (Could not resolve host: datarouter.ol.epicgames.com)
[2018.02.06-13.57.50:583][206]LogHttp: Warning: 000002A0FCCEB100: libcurl info message cache 1 (Closing connection 230)
[2018.02.06-13.59.50:917][567]LogHttp: Warning: 000002A0FCCEB280: request failed, libcurl error: 6 (Couldn't resolve host name)
[2018.02.06-13.59.50:917][567]LogHttp: Warning: 000002A0FCCEB280: libcurl info message cache 0 (Could not resolve host: datarouter.ol.epicgames.com)
[2018.02.06-13.59.50:917][567]LogHttp: Warning: 000002A0FCCEB280: libcurl info message cache 1 (Closing connection 231)
[2018.02.06-14.01.51:251][928]LogHttp: Warning: 000002A0FCCE9780: request failed, libcurl error: 6 (Couldn't resolve host name)
[2018.02.06-14.01.51:251][928]LogHttp: Warning: 000002A0FCCE9780: libcurl info message cache 0 (Could not resolve host: datarouter.ol.epicgames.com)
[2018.02.06-14.01.51:251][928]LogHttp: Warning: 000002A0FCCE9780: libcurl info message cache 1 (Closing connection 232)
[2018.02.06-14.03.12:086][643]LogAIModule: Creating AISystem for world DevMap
[2018.02.06-14.03.12:207][643]Cmd: MAP LOAD FILE="../../../../../ProjectOrca/Content/Maps/DevMap.umap" TEMPLATE=0 SHOWPROGRESS=1 FEATURELEVEL=3
[2018.02.06-14.03.12:207][643]LightingResults: New page: Lighting Build
[2018.02.06-14.03.12:208][643]LoadErrors: New page: Loading map: DevMap.umap
[2018.02.06-14.03.12:216][643]MapCheck: New page: Map Check
[2018.02.06-14.03.12:216][643]LightingResults: New page: Lighting Build
[2018.02.06-14.03.12:589][643]LogEditorServer: Finished looking for orphan Actors (0.000 secs)
[2018.02.06-14.03.12:654][643]Cmd: MAP CHECKDEP NOCLEARLOG
[2018.02.06-14.03.12:737][643]MapCheck: Map check complete: 0 Error(s), 0 Warning(s), took 82.665ms to complete.
[2018.02.06-14.03.12:763][643]LogFileHelpers: Loading map 'DevMap' took 0.568
[2018.02.06-14.03.12:830][643]LogSlate: Took 0.021302 seconds to synchronously load lazily loaded font '../../../Engine/Content/Slate/Fonts/Roboto-Regular.ttf' (155K)
[2018.02.06-14.03.14:196][668]LogTemp: Repeating last play command: Selected Viewport
[2018.02.06-14.03.14:228][668]LogBlueprintUserMessages: Early PlayInEditor Detection: Level '/Game/Maps/DevMap.DevMap:PersistentLevel' has LevelScriptBlueprint '/Game/Maps/DevMap.DevMap:PersistentLevel.DevMap' with GeneratedClass '/Game/Maps/DevMap.DevMap_C' with ClassGeneratedBy '/Game/Maps/DevMap.DevMap:PersistentLevel.DevMap'
[2018.02.06-14.03.14:228][668]LogPlayLevel: PlayLevel: No blueprints needed recompiling
[2018.02.06-14.03.14:229][668]PIE: New page: PIE session: DevMap (Feb 6, 2018, 2:03:14 PM)
[2018.02.06-14.03.14:229][668]LogPlayLevel: Creating play world package: /Game/Maps/UEDPIE_0_DevMap
[2018.02.06-14.03.14:261][668]LogPlayLevel: PIE: StaticDuplicateObject took: (0.032376s)
[2018.02.06-14.03.14:263][668]LogAIModule: Creating AISystem for world DevMap
[2018.02.06-14.03.14:264][668]LogPlayLevel: PIE: World Init took: (0.002253s)
[2018.02.06-14.03.14:264][668]LogPlayLevel: PIE: Created PIE world by copying editor world from /Game/Maps/DevMap.DevMap to /Game/Maps/UEDPIE_0_DevMap.DevMap (0.035087s)
[2018.02.06-14.03.14:294][668]LogInit: XAudio2 using 'Speakers (Realtek High Definition Audio)' : 6 channels at 48 kHz using 32 bits per sample (channel mask 0x3f)
[2018.02.06-14.03.14:353][668]LogInit: FAudioDevice initialized.
[2018.02.06-14.03.14:386][668]LogLoad: Game class is 'ThirdPersonGameMode_C'
[2018.02.06-14.03.14:391][668]LogWorld: Bringing World /Game/Maps/UEDPIE_0_DevMap.DevMap up for play (max tick rate 0) at 2018.02.06-14.03.14
[2018.02.06-14.03.14:588][668]LogWorld: Bringing up level for play took: 0.200685
[2018.02.06-14.03.14:615][668]PIE: Play in editor start time for /Game/Maps/UEDPIE_0_DevMap 0.574
[2018.02.06-14.03.14:615][668]LogBlueprintUserMessages: Late PlayInEditor Detection: Level '/Game/Maps/DevMap.DevMap:PersistentLevel' has LevelScriptBlueprint '/Game/Maps/DevMap.DevMap:PersistentLevel.DevMap' with GeneratedClass '/Game/Maps/DevMap.DevMap_C' with ClassGeneratedBy '/Game/Maps/DevMap.DevMap:PersistentLevel.DevMap'
[2018.02.06-14.03.51:780][556]LogHttp: Warning: 000002A0FC01EB00: request failed, libcurl error: 6 (Couldn't resolve host name)
[2018.02.06-14.03.51:780][556]LogHttp: Warning: 000002A0FC01EB00: libcurl info message cache 0 (Could not resolve host: datarouter.ol.epicgames.com)
[2018.02.06-14.03.51:780][556]LogHttp: Warning: 000002A0FC01EB00: libcurl info message cache 1 (Closing connection 233)
[2018.02.06-14.05.52:114][917]LogHttp: Warning: 000002A0927D9900: request failed, libcurl error: 6 (Couldn't resolve host name)
[2018.02.06-14.05.52:115][917]LogHttp: Warning: 000002A0927D9900: libcurl info message cache 0 (Could not resolve host: datarouter.ol.epicgames.com)
[2018.02.06-14.05.52:115][917]LogHttp: Warning: 000002A0927D9900: libcurl info message cache 1 (Closing connection 234)
[2018.02.06-16.18.59:804][ 16]LogHttp: Warning: 000002A080DE1900: request failed, libcurl error: 6 (Couldn't resolve host name)
[2018.02.06-16.18.59:805][ 16]LogHttp: Warning: 000002A080DE1900: libcurl info message cache 0 (Could not resolve host: datarouter.ol.epicgames.com)
[2018.02.06-16.18.59:805][ 16]LogHttp: Warning: 000002A080DE1900: libcurl info message cache 1 (Closing connection 235)
[2018.02.07-09.12.51:511][737]LogD3D11RHI: Timed out while waiting for GPU to catch up. (0.5 s)
[2018.02.07-09.12.52:477][739]LogHttp: Warning: 000002A0FC063A00: request failed, libcurl error: 6 (Couldn't resolve host name)
[2018.02.07-09.12.52:477][739]LogHttp: Warning: 000002A0FC063A00: libcurl info message cache 0 (Found bundle for host datarouter.ol.epicgames.com: 0x2a0aa8bbfe8 [can pipeline])
[2018.02.07-09.12.52:477][739]LogHttp: Warning: 000002A0FC063A00: libcurl info message cache 1 (Re-using existing connection! (#247) with host datarouter.ol.epicgames.com)
[2018.02.07-09.12.52:477][739]LogHttp: Warning: 000002A0FC063A00: libcurl info message cache 2 (Connected to datarouter.ol.epicgames.com (52.1.118.185) port 443 (#247))
[2018.02.07-09.12.52:477][739]LogHttp: Warning: 000002A0FC063A00: libcurl info message cache 3 (SSL_write() returned SYSCALL, errno = 10053)
[2018.02.07-09.12.52:477][739]LogHttp: Warning: 000002A0FC063A00: libcurl info message cache 4 (Failed sending HTTP POST request)
[2018.02.07-09.12.52:477][739]LogHttp: Warning: 000002A0FC063A00: libcurl info message cache 5 (Connection died, retrying a fresh connect)
[2018.02.07-09.12.52:477][739]LogHttp: Warning: 000002A0FC063A00: libcurl info message cache 6 (Closing connection 247)
[2018.02.07-09.12.52:477][739]LogHttp: Warning: 000002A0FC063A00: libcurl info message cache 7 (Issue another request to this URL: 'https://datarouter.ol.epicgames.com/datarouter/api/v1/public/data?SessionID=%7BCAD03E7E-47D4-A43F-5C23-8D92F922CB6D%7D&AppID=UEEditor.Rocket.Release&AppVersion=4.17.2-3658906%2B%2B%2BUE4%2BRelease-4.17&UserID=01e94a2c4f636a563311e5b28bd16fa0%7C495f3335c5724314bcf7c78d424bc0ae%7C7e43c01f-2dfc-4db6-9423-a02c9184544b&AppEnvironment=datacollector-binary&UploadType=eteventstream')
[2018.02.07-09.12.52:478][739]LogHttp: Warning: 000002A0FC063A00: libcurl info message cache 8 (Could not resolve host: datarouter.ol.epicgames.com)
[2018.02.07-09.12.52:478][739]LogHttp: Warning: 000002A0FC063A00: libcurl info message cache 9 (Closing connection 248)
[2018.02.07-09.13.20:097][815]LogWindowsTextInputMethodSystem: Display: IME system now deactivated.
[2018.02.07-09.13.20:099][815]LogWindowsTextInputMethodSystem: Display: IME system now deactivated.
[2018.02.07-09.13.20:236][815]LogBlueprintUserMessages: Early EndPlayMap Detection: Level '/Game/Maps/DevMap.DevMap:PersistentLevel' has LevelScriptBlueprint '/Game/Maps/DevMap.DevMap:PersistentLevel.DevMap' with GeneratedClass '/Game/Maps/DevMap.DevMap_C' with ClassGeneratedBy '/Game/Maps/DevMap.DevMap:PersistentLevel.DevMap'
[2018.02.07-09.13.20:315][815]LogBlueprintUserMessages: Late EndPlayMap Detection: Level '/Game/Maps/DevMap.DevMap:PersistentLevel' has LevelScriptBlueprint '/Game/Maps/DevMap.DevMap:PersistentLevel.DevMap' with GeneratedClass '/Game/Maps/DevMap.DevMap_C' with ClassGeneratedBy '/Game/Maps/DevMap.DevMap:PersistentLevel.DevMap'
[2018.02.07-09.13.21:054][816]Cmd: QUIT_EDITOR
[2018.02.07-09.13.22:345][816]LogExit: Preparing to exit.
[2018.02.07-09.13.24:140][816]LogDirectoryWatcher: A directory notification for 'D:/weret/Project/ProjectOrca/Content/' was aborted.
[2018.02.07-09.13.24:499][816]LogExit: Editor shut down
[2018.02.07-09.13.24:545][816]LogExit: Transaction tracking system shut down
[2018.02.07-09.13.24:943][816]LogDirectoryWatcher: A directory notification for '../../../Engine/Content/' was aborted.
[2018.02.07-09.13.24:943][816]LogDirectoryWatcher: A directory notification for '../../../../../ProjectOrca/Content/' was aborted.
[2018.02.07-09.13.24:943][816]LogDirectoryWatcher: A directory notification for '../../../Engine/Plugins/2D/Paper2D/Content/' was aborted.
[2018.02.07-09.13.24:943][816]LogDirectoryWatcher: A directory notification for '../../../Engine/Plugins/Runtime/Oculus/OculusVR/Content/' was aborted.
[2018.02.07-09.13.24:944][816]LogDirectoryWatcher: A directory notification for '../../../Engine/Plugins/Runtime/Steam/SteamVR/Content/' was aborted.
[2018.02.07-09.13.27:409][816]LogExit: Object subsystem successfully closed.
[2018.02.07-09.13.27:677][816]LogD3D11RHI: Shutdown
[2018.02.07-09.13.27:683][816]LogD3D11RHI: CleanupD3DDevice
[2018.02.07-09.13.27:728][816]LogD3D11RHI: ~FD3D11DynamicRHI
[2018.02.07-09.13.30:049][816]LogModuleManager: Shutting down and abandoning module MovieSceneCapture (532)
[2018.02.07-09.13.30:049][816]LogModuleManager: Shutting down and abandoning module HierarchicalLODOutliner (530)
[2018.02.07-09.13.30:049][816]LogModuleManager: Shutting down and abandoning module SceneOutliner (528)
[2018.02.07-09.13.30:056][816]LogModuleManager: Shutting down and abandoning module AddContentDialog (526)
[2018.02.07-09.13.30:084][816]LogDirectoryWatcher: A directory notification for 'D:/weret/Project/Unreal/UE_4.17/FeaturePacks/' was aborted.
[2018.02.07-09.13.30:101][816]LogModuleManager: Shutting down and abandoning module WidgetCarousel (525)
[2018.02.07-09.13.30:101][816]LogModuleManager: Shutting down and abandoning module EditorWidgets (522)
[2018.02.07-09.13.30:101][816]LogModuleManager: Shutting down and abandoning module CollectionManager (520)
[2018.02.07-09.13.30:115][816]LogDirectoryWatcher: A directory notification for 'D:/weret/Project/ProjectOrca/Content/Collections/' was aborted.
[2018.02.07-09.13.30:115][816]LogDirectoryWatcher: A directory notification for 'D:/weret/Project/ProjectOrca/Content/Developers/weret/Collections/' was aborted.
[2018.02.07-09.13.30:115][816]LogDirectoryWatcher: A directory notification for 'D:/weret/Project/ProjectOrca/Saved/Collections/' was aborted.
[2018.02.07-09.13.30:115][816]LogModuleManager: Shutting down and abandoning module StatsViewer (518)
[2018.02.07-09.13.30:129][816]LogModuleManager: Shutting down and abandoning module FoliageEdit (516)
[2018.02.07-09.13.30:129][816]LogModuleManager: Shutting down and abandoning module LandscapeEditor (514)
[2018.02.07-09.13.30:157][816]LogModuleManager: Shutting down and abandoning module MeshPaintMode (512)
[2018.02.07-09.13.30:157][816]LogModuleManager: Shutting down and abandoning module SceneDepthPickerMode (510)
[2018.02.07-09.13.30:157][816]LogModuleManager: Shutting down and abandoning module ActorPickerMode (508)
[2018.02.07-09.13.30:157][816]LogModuleManager: Shutting down and abandoning module GeometryMode (506)
[2018.02.07-09.13.30:157][816]LogModuleManager: Shutting down and abandoning module TextureAlignMode (504)
[2018.02.07-09.13.30:157][816]LogModuleManager: Shutting down and abandoning module BspMode (502)
[2018.02.07-09.13.30:161][816]LogModuleManager: Shutting down and abandoning module PIEPreviewDeviceProfileSelector (500)
[2018.02.07-09.13.30:161][816]LogModuleManager: Shutting down and abandoning module HardwareSurvey (498)
[2018.02.07-09.13.30:161][816]LogModuleManager: Shutting down and abandoning module SequenceRecorderSections (496)
[2018.02.07-09.13.30:169][816]LogModuleManager: Shutting down and abandoning module AutomationWorker (494)
[2018.02.07-09.13.30:189][816]LogModuleManager: Shutting down and abandoning module MatineeToLevelSequence (492)
[2018.02.07-09.13.30:189][816]LogModuleManager: Shutting down and abandoning module LevelSequenceEditor (490)
[2018.02.07-09.13.30:248][816]LogModuleManager: Shutting down and abandoning module PlacementMode (489)
[2018.02.07-09.13.30:248][816]LogModuleManager: Shutting down and abandoning module WmfMediaFactory (486)
[2018.02.07-09.13.30:248][816]LogModuleManager: Shutting down and abandoning module WmfMediaEditor (484)
[2018.02.07-09.13.30:248][816]LogModuleManager: Shutting down and abandoning module AvfMediaFactory (482)
[2018.02.07-09.13.30:248][816]LogModuleManager: Shutting down and abandoning module AvfMediaEditor (480)
[2018.02.07-09.13.30:248][816]LogModuleManager: Shutting down and abandoning module AndroidMediaFactory (478)
[2018.02.07-09.13.30:248][816]LogModuleManager: Shutting down and abandoning module Media (477)
[2018.02.07-09.13.30:248][816]LogModuleManager: Shutting down and abandoning module AndroidMediaEditor (474)
[2018.02.07-09.13.30:248][816]LogModuleManager: Shutting down and abandoning module CharacterAI (472)
[2018.02.07-09.13.30:248][816]LogModuleManager: Shutting down and abandoning module AudioCapture (470)
[2018.02.07-09.13.30:248][816]LogModuleManager: Shutting down and abandoning module SequenceRecorder (469)
[2018.02.07-09.13.30:264][816]LogModuleManager: Shutting down and abandoning module SmartSnapping (466)
[2018.02.07-09.13.30:264][816]LogModuleManager: Shutting down and abandoning module SessionServices (464)
[2018.02.07-09.13.30:264][816]LogModuleManager: Shutting down and abandoning module ViewportSnapping (462)
[2018.02.07-09.13.30:264][816]LogModuleManager: Shutting down and abandoning module ViewportInteraction (460)
[2018.02.07-09.13.30:264][816]LogModuleManager: Shutting down and abandoning module ClothPainter (458)
[2018.02.07-09.13.30:301][816]LogModuleManager: Shutting down and abandoning module LogVisualizer (456)
[2018.02.07-09.13.30:330][816]LogModuleManager: Shutting down and abandoning module IntroTutorials (454)
[2018.02.07-09.13.30:378][816]LogModuleManager: Shutting down and abandoning module GameProjectGeneration (453)
[2018.02.07-09.13.30:411][816]LogModuleManager: Shutting down and abandoning module IOSPlatformEditor (450)
[2018.02.07-09.13.30:427][816]LogModuleManager: Shutting down and abandoning module HTML5PlatformEditor (448)
[2018.02.07-09.13.30:427][816]LogModuleManager: Shutting down and abandoning module AndroidPlatformEditor (446)
[2018.02.07-09.13.30:427][816]LogModuleManager: Shutting down and abandoning module AndroidDeviceDetection (445)
[2018.02.07-09.13.31:253][816]LogModuleManager: Shutting down and abandoning module WindowsPlatformEditor (442)
[2018.02.07-09.13.31:253][816]LogModuleManager: Shutting down and abandoning module IOSRuntimeSettings (440)
[2018.02.07-09.13.31:253][816]LogModuleManager: Shutting down and abandoning module AndroidRuntimeSettings (438)
[2018.02.07-09.13.31:254][816]LogModuleManager: Shutting down and abandoning module InputBindingEditor (436)
[2018.02.07-09.13.31:254][816]LogModuleManager: Shutting down and abandoning module MergeActors (434)
[2018.02.07-09.13.31:301][816]LogModuleManager: Shutting down and abandoning module SizeMap (432)
[2018.02.07-09.13.31:301][816]LogModuleManager: Shutting down and abandoning module TreeMap (430)
[2018.02.07-09.13.31:315][816]LogModuleManager: Shutting down and abandoning module ReferenceViewer (428)
[2018.02.07-09.13.31:315][816]LogModuleManager: Shutting down and abandoning module LocalizationDashboard (426)
[2018.02.07-09.13.31:334][816]LogModuleManager: Shutting down and abandoning module LocalizationService (425)
[2018.02.07-09.13.31:349][816]LogModuleManager: Shutting down and abandoning module HardwareTargeting (422)
[2018.02.07-09.13.31:349][816]LogModuleManager: Shutting down and abandoning module DeviceProfileEditor (420)
[2018.02.07-09.13.31:361][816]LogModuleManager: Shutting down and abandoning module UndoHistory (418)
[2018.02.07-09.13.31:361][816]LogModuleManager: Shutting down and abandoning module XmlParser (416)
[2018.02.07-09.13.31:374][816]LogModuleManager: Shutting down and abandoning module Blutility (414)
[2018.02.07-09.13.31:374][816]LogModuleManager: Shutting down and abandoning module ProjectSettingsViewer (412)
[2018.02.07-09.13.31:374][816]LogModuleManager: Shutting down and abandoning module ProjectTargetPlatformEditor (411)
[2018.02.07-09.13.31:374][816]LogModuleManager: Shutting down and abandoning module EditorSettingsViewer (408)
[2018.02.07-09.13.31:375][816]LogModuleManager: Shutting down and abandoning module SettingsEditor (406)
[2018.02.07-09.13.31:398][816]LogModuleManager: Shutting down and abandoning module ProjectLauncher (404)
[2018.02.07-09.13.31:411][816]LogModuleManager: Shutting down and abandoning module SessionFrontend (402)
[2018.02.07-09.13.31:420][816]LogModuleManager: Shutting down and abandoning module ProfilerClient (400)
[2018.02.07-09.13.31:429][816]LogModuleManager: Shutting down and abandoning module DeviceManager (398)
[2018.02.07-09.13.31:448][816]LogModuleManager: Shutting down and abandoning module TargetDeviceServices (397)
[2018.02.07-09.13.31:504][816]LogModuleManager: Shutting down and abandoning module AutomationController (394)
[2018.02.07-09.13.31:519][816]LogModuleManager: Shutting down and abandoning module AutomationWindow (392)
[2018.02.07-09.13.31:542][816]LogModuleManager: Shutting down and abandoning module Layers (390)
[2018.02.07-09.13.31:563][816]LogModuleManager: Shutting down and abandoning module ComponentVisualizers (388)
[2018.02.07-09.13.31:563][816]LogModuleManager: Shutting down and abandoning module DetailCustomizations (386)
[2018.02.07-09.13.31:576][816]LogModuleManager: Shutting down and abandoning module PackagesDialog (384)
[2018.02.07-09.13.31:587][816]LogModuleManager: Shutting down and abandoning module Persona (382)
[2018.02.07-09.13.31:635][816]LogModuleManager: Shutting down and abandoning module AdvancedPreviewScene (381)
[2018.02.07-09.13.31:636][816]LogModuleManager: Shutting down and abandoning module AnimGraph (379)
[2018.02.07-09.13.31:650][816]LogModuleManager: Shutting down and abandoning module Kismet (376)
[2018.02.07-09.13.31:650][816]LogModuleManager: Shutting down and abandoning module ClassViewer (374)
[2018.02.07-09.13.31:651][816]LogModuleManager: Shutting down and abandoning module Toolbox (372)
[2018.02.07-09.13.31:651][816]LogModuleManager: Shutting down and abandoning module ModuleUI (370)
[2018.02.07-09.13.31:671][816]LogModuleManager: Shutting down and abandoning module MovieSceneTools (368)
[2018.02.07-09.13.31:707][816]LogModuleManager: Shutting down and abandoning module OutputLog (366)
[2018.02.07-09.13.31:719][816]LogModuleManager: Shutting down and abandoning module GammaUI (364)
[2018.02.07-09.13.31:730][816]LogModuleManager: Shutting down and abandoning module Documentation (362)
[2018.02.07-09.13.31:731][816]LogModuleManager: Shutting down and abandoning module MovieSceneTracks (360)
[2018.02.07-09.13.31:731][816]LogModuleManager: Shutting down and abandoning module MovieScene (358)
[2018.02.07-09.13.31:731][816]LogModuleManager: Shutting down and abandoning module Niagara (356)
[2018.02.07-09.13.31:731][816]LogModuleManager: Shutting down and abandoning module NiagaraEditor (355)
[2018.02.07-09.13.31:755][816]LogModuleManager: Shutting down and abandoning module StreamingPauseRendering (352)
[2018.02.07-09.13.31:755][816]LogModuleManager: Shutting down and abandoning module LauncherPlatform (350)
[2018.02.07-09.13.31:755][816]LogModuleManager: Shutting down and abandoning module AnalyticsET (348)
[2018.02.07-09.13.31:755][816]LogModuleManager: Shutting down and abandoning module PortalServices (346)
[2018.02.07-09.13.31:755][816]LogModuleManager: Shutting down and abandoning module PortalRpc (344)
[2018.02.07-09.13.31:755][816]LogModuleManager: Shutting down and abandoning module MessagingRpc (342)
[2018.02.07-09.13.31:755][816]LogModuleManager: Shutting down and abandoning module AIModule (340)
[2018.02.07-09.13.31:755][816]LogModuleManager: Shutting down and abandoning module GameplayDebugger (339)
[2018.02.07-09.13.31:756][816]LogModuleManager: Shutting down and abandoning module AITestSuite (337)
[2018.02.07-09.13.31:769][816]LogModuleManager: Shutting down and abandoning module ProfilerService (334)
[2018.02.07-09.13.31:916][816]LogModuleManager: Shutting down and abandoning module TaskGraph (332)
[2018.02.07-09.13.31:936][816]LogModuleManager: Shutting down and abandoning module SteamVRController (330)
[2018.02.07-09.13.31:936][816]LogModuleManager: Shutting down and abandoning module ProceduralMeshComponentEditor (328)
[2018.02.07-09.13.31:936][816]LogModuleManager: Shutting down and abandoning module ProceduralMeshComponent (326)
[2018.02.07-09.13.31:936][816]LogModuleManager: Shutting down and abandoning module OculusInput (324)
[2018.02.07-09.13.31:942][816]LogModuleManager: Shutting down and abandoning module MobilePatchingUtils (322)
[2018.02.07-09.13.31:942][816]LogModuleManager: Shutting down and abandoning module CustomMeshComponent (320)
[2018.02.07-09.13.31:942][816]LogModuleManager: Shutting down and abandoning module CableComponent (318)
[2018.02.07-09.13.31:942][816]LogModuleManager: Shutting down and abandoning module ArchVisCharacter (316)
[2018.02.07-09.13.31:942][816]LogModuleManager: Shutting down and abandoning module AndroidPermission (314)
[2018.02.07-09.13.31:942][816]LogModuleManager: Shutting down and abandoning module MediaPlayerEditor (310)
[2018.02.07-09.13.31:966][816]LogModuleManager: Shutting down and abandoning module HTML5Networking (308)
[2018.02.07-09.13.31:966][816]LogModuleManager: Shutting down and abandoning module AlembicImporter (306)
[2018.02.07-09.13.31:980][816]LogModuleManager: Shutting down and abandoning module AlembicLibrary (305)
[2018.02.07-09.13.31:980][816]LogModuleManager: Shutting down and abandoning module GeometryCache (304)
[2018.02.07-09.13.31:980][816]LogModuleManager: Shutting down and abandoning module GeometryCacheEd (303)
[2018.02.07-09.13.31:980][816]LogModuleManager: Shutting down and abandoning module SpeedTreeImporter (298)
[2018.02.07-09.13.31:980][816]LogModuleManager: Shutting down and abandoning module PluginBrowser (296)
[2018.02.07-09.13.32:012][816]LogModuleManager: Shutting down and abandoning module MobileLauncherProfileWizard (294)
[2018.02.07-09.13.32:031][816]LogModuleManager: Shutting down and abandoning module VisualStudioSourceCodeAccess (292)
[2018.02.07-09.13.32:032][816]LogModuleManager: Shutting down and abandoning module DesktopPlatform (291)
[2018.02.07-09.13.32:048][816]LogModuleManager: Shutting down and abandoning module UObjectPlugin (288)
[2018.02.07-09.13.32:048][816]LogModuleManager: Shutting down and abandoning module SubversionSourceControl (286)
[2018.02.07-09.13.32:096][816]LogModuleManager: Shutting down and abandoning module PerforceSourceControl (284)
[2018.02.07-09.13.32:109][816]LogModuleManager: Shutting down and abandoning module GitSourceControl (282)
[2018.02.07-09.13.32:120][816]LogModuleManager: Shutting down and abandoning module SourceControl (281)
[2018.02.07-09.13.32:141][816]LogModuleManager: Shutting down and abandoning module LightPropagationVolumeEditor (278)
[2018.02.07-09.13.32:141][816]LogModuleManager: Shutting down and abandoning module PaperTiledImporter (276)
[2018.02.07-09.13.32:141][816]LogModuleManager: Shutting down and abandoning module PaperSpriteSheetImporter (274)
[2018.02.07-09.13.32:142][816]LogModuleManager: Shutting down and abandoning module Paper2DEditor (272)
[2018.02.07-09.13.32:159][816]LogModuleManager: Shutting down and abandoning module MeshPaint (271)
[2018.02.07-09.13.32:170][816]LogModuleManager: Shutting down and abandoning module LevelEditor (269)
[2018.02.07-09.13.32:185][816]LogModuleManager: Shutting down and abandoning module PixelInspectorModule (268)
[2018.02.07-09.13.32:200][816]LogModuleManager: Shutting down and abandoning module MainFrame (266)
[2018.02.07-09.13.32:200][816]LogModuleManager: Shutting down and abandoning module HotReload (265)
[2018.02.07-09.13.32:268][816]LogModuleManager: Shutting down and abandoning module RuntimePhysXCooking (260)
[2018.02.07-09.13.32:268][816]LogModuleManager: Shutting down and abandoning module PhysXVehiclesEditor (258)
[2018.02.07-09.13.32:268][816]LogModuleManager: Shutting down and abandoning module PhysXVehicles (256)
[2018.02.07-09.13.32:268][816]LogModuleManager: Shutting down and abandoning module OculusEditor (254)
[2018.02.07-09.13.32:268][816]LogModuleManager: Shutting down and abandoning module LocationServicesBPLibrary (252)
[2018.02.07-09.13.32:268][816]LogModuleManager: Shutting down and abandoning module ImmediatePhysicsEditor (250)
[2018.02.07-09.13.32:268][816]LogModuleManager: Shutting down and abandoning module ImmediatePhysics (248)
[2018.02.07-09.13.32:291][816]LogModuleManager: Shutting down and abandoning module UdpMessaging (246)
[2018.02.07-09.13.32:393][816]LogModuleManager: Shutting down and abandoning module TcpMessaging (244)
[2018.02.07-09.13.32:527][816]LogModuleManager: Shutting down and abandoning module GameplayTagsEditor (242)
[2018.02.07-09.13.32:544][816]LogModuleManager: Shutting down and abandoning module FacialAnimationEditor (240)
[2018.02.07-09.13.32:544][816]LogModuleManager: Shutting down and abandoning module FacialAnimation (238)
[2018.02.07-09.13.32:544][816]LogModuleManager: Shutting down and abandoning module AssetManagerEditor (236)
[2018.02.07-09.13.32:585][816]LogModuleManager: Shutting down and abandoning module GraphEditor (235)
[2018.02.07-09.13.32:620][816]LogModuleManager: Shutting down and abandoning module ContentBrowser (233)
[2018.02.07-09.13.32:622][816]LogModuleManager: Shutting down and abandoning module LightPropagationVolumeRuntime (230)
[2018.02.07-09.13.32:622][816]LogModuleManager: Shutting down and abandoning module Paper2D (228)
[2018.02.07-09.13.32:638][816]LogModuleManager: Shutting down and abandoning module WindowsMoviePlayer (226)
[2018.02.07-09.13.32:652][816]LogModuleManager: Shutting down and abandoning module WmfMedia (224)
[2018.02.07-09.13.32:668][816]LogModuleManager: Shutting down and abandoning module PacketHandler (222)
[2018.02.07-09.13.32:668][816]LogModuleManager: Shutting down and abandoning module ClothingSystemEditor (220)
[2018.02.07-09.13.32:686][816]LogModuleManager: Shutting down and abandoning module ClothingSystemRuntime (218)
[2018.02.07-09.13.32:705][816]LogModuleManager: Shutting down and abandoning module Overlay (216)
[2018.02.07-09.13.32:705][816]LogModuleManager: Shutting down and abandoning module OverlayEditor (215)
[2018.02.07-09.13.32:705][816]LogModuleManager: Shutting down and abandoning module MediaAssets (212)
[2018.02.07-09.13.32:705][816]LogModuleManager: Shutting down and abandoning module VREditor (210)
[2018.02.07-09.13.32:728][816]LogModuleManager: Shutting down and abandoning module StringTableEditor (208)
[2018.02.07-09.13.32:735][816]LogModuleManager: Shutting down and abandoning module GameplayTasksEditor (206)
[2018.02.07-09.13.32:735][816]LogModuleManager: Shutting down and abandoning module BehaviorTreeEditor (204)
[2018.02.07-09.13.32:760][816]LogModuleManager: Shutting down and abandoning module FunctionalTesting (202)
[2018.02.07-09.13.32:760][816]LogModuleManager: Shutting down and abandoning module CollisionAnalyzer (200)
[2018.02.07-09.13.32:770][816]LogModuleManager: Shutting down and abandoning module WorkspaceMenuStructure (199)
[2018.02.07-09.13.32:770][816]LogModuleManager: Shutting down and abandoning module UMG (196)
[2018.02.07-09.13.32:798][816]LogModuleManager: Shutting down and abandoning module UMGEditor (195)
[2018.02.07-09.13.32:830][816]LogModuleManager: Shutting down and abandoning module Sequencer (194)
[2018.02.07-09.13.32:856][816]LogModuleManager: Shutting down and abandoning module MessageLog (191)
[2018.02.07-09.13.32:856][816]LogModuleManager: Shutting down and abandoning module SlateReflector (186)
[2018.02.07-09.13.32:893][816]LogModuleManager: Shutting down and abandoning module Slate (184)
[2018.02.07-09.13.32:893][816]LogModuleManager: Shutting down and abandoning module EditorStyle (182)
[2018.02.07-09.13.32:897][816]LogModuleManager: Shutting down and abandoning module MRMesh (180)
[2018.02.07-09.13.32:897][816]LogModuleManager: Shutting down and abandoning module SourceCodeAccess (178)
[2018.02.07-09.13.32:897][816]LogModuleManager: Shutting down and abandoning module HeadMountedDisplay (176)
[2018.02.07-09.13.32:897][816]LogModuleManager: Shutting down and abandoning module XAudio2 (174)
[2018.02.07-09.13.32:897][816]LogModuleManager: Shutting down and abandoning module Networking (172)
[2018.02.07-09.13.32:897][816]LogModuleManager: Shutting down and abandoning module Core (168)
[2018.02.07-09.13.32:897][816]LogModuleManager: Shutting down and abandoning module KismetCompiler (164)
[2018.02.07-09.13.32:897][816]LogModuleManager: Shutting down and abandoning module LevelSequence (162)
[2018.02.07-09.13.32:897][816]LogModuleManager: Shutting down and abandoning module MeshUtilities (160)
[2018.02.07-09.13.32:918][816]LogModuleManager: Shutting down and abandoning module MeshMergeUtilities (159)
[2018.02.07-09.13.32:940][816]LogModuleManager: Shutting down and abandoning module MeshReductionInterface (158)
[2018.02.07-09.13.32:940][816]LogModuleManager: Shutting down and abandoning module SimplygonSwarm (157)
[2018.02.07-09.13.32:954][816]LogModuleManager: Shutting down and abandoning module SimplygonMeshReduction (155)
[2018.02.07-09.13.32:954][816]LogModuleManager: Shutting down and abandoning module QuadricMeshReduction (153)
[2018.02.07-09.13.32:975][816]LogModuleManager: Shutting down and abandoning module MaterialBaking (149)
[2018.02.07-09.13.32:983][816]LogModuleManager: Shutting down and abandoning module DirectoryWatcher (146)
[2018.02.07-09.13.32:990][816]LogModuleManager: Shutting down and abandoning module DerivedDataCache (144)
[2018.02.07-09.13.33:025][816]LogDerivedDataCache: Shutdown
[2018.02.07-09.13.33:041][816]LogModuleManager: Shutting down and abandoning module TargetPlatform (142)
[2018.02.07-09.13.33:041][816]LogModuleManager: Shutting down and abandoning module VulkanShaderFormat (141)
[2018.02.07-09.13.33:052][816]LogModuleManager: Shutting down and abandoning module ShaderFormatVectorVM (139)
[2018.02.07-09.13.33:066][816]LogModuleManager: Shutting down and abandoning module ShaderFormatOpenGL (137)
[2018.02.07-09.13.33:078][816]LogModuleManager: Shutting down and abandoning module ShaderFormatD3D (135)
[2018.02.07-09.13.33:090][816]LogModuleManager: Shutting down and abandoning module MetalShaderFormat (133)
[2018.02.07-09.13.33:109][816]LogModuleManager: Shutting down and abandoning module TextureFormatUncompressed (131)
[2018.02.07-09.13.33:110][816]LogModuleManager: Shutting down and abandoning module TextureFormatPVR (129)
[2018.02.07-09.13.33:110][816]LogModuleManager: Shutting down and abandoning module TextureFormatDXT (127)
[2018.02.07-09.13.33:125][816]LogModuleManager: Shutting down and abandoning module TextureFormatIntelISPCTexComp (125)
[2018.02.07-09.13.33:134][816]LogModuleManager: Shutting down and abandoning module TextureFormatASTC (123)
[2018.02.07-09.13.33:134][816]LogModuleManager: Shutting down and abandoning module ImageWrapper (122)
[2018.02.07-09.13.33:134][816]LogModuleManager: Shutting down and abandoning module TextureFormatAndroid (119)
[2018.02.07-09.13.33:134][816]LogModuleManager: Shutting down and abandoning module AudioFormatOpus (117)
[2018.02.07-09.13.33:134][816]LogModuleManager: Shutting down and abandoning module AudioFormatOgg (115)
[2018.02.07-09.13.33:134][816]LogModuleManager: Shutting down and abandoning module AudioFormatADPCM (113)
[2018.02.07-09.13.33:134][816]LogModuleManager: Shutting down and abandoning module LinuxTargetPlatform (111)
[2018.02.07-09.13.33:135][816]LogModuleManager: Shutting down and abandoning module LinuxServerTargetPlatform (109)
[2018.02.07-09.13.33:135][816]LogModuleManager: Shutting down and abandoning module LinuxNoEditorTargetPlatform (107)
[2018.02.07-09.13.33:135][816]LogModuleManager: Shutting down and abandoning module LinuxClientTargetPlatform (105)
[2018.02.07-09.13.33:135][816]LogModuleManager: Shutting down and abandoning module TVOSTargetPlatform (103)
[2018.02.07-09.13.33:135][816]LogModuleManager: Shutting down and abandoning module Messaging (101)
[2018.02.07-09.13.33:135][816]LogModuleManager: Shutting down and abandoning module IOSTargetPlatform (99)
[2018.02.07-09.13.33:135][816]LogModuleManager: Shutting down and abandoning module HTML5TargetPlatform (97)
[2018.02.07-09.13.33:135][816]LogModuleManager: Shutting down and abandoning module Android_PVRTCTargetPlatform (95)
[2018.02.07-09.13.33:135][816]LogModuleManager: Shutting down and abandoning module Android_MultiTargetPlatform (93)
[2018.02.07-09.13.33:135][816]LogModuleManager: Shutting down and abandoning module Android_ETC2TargetPlatform (91)
[2018.02.07-09.13.33:135][816]LogModuleManager: Shutting down and abandoning module Android_ETC1TargetPlatform (89)
[2018.02.07-09.13.33:135][816]LogModuleManager: Shutting down and abandoning module Android_DXTTargetPlatform (87)
[2018.02.07-09.13.33:135][816]LogModuleManager: Shutting down and abandoning module Android_ATCTargetPlatform (85)
[2018.02.07-09.13.33:135][816]LogModuleManager: Shutting down and abandoning module Android_ASTCTargetPlatform (83)
[2018.02.07-09.13.33:135][816]LogModuleManager: Shutting down and abandoning module AndroidTargetPlatform (81)
[2018.02.07-09.13.33:135][816]LogModuleManager: Shutting down and abandoning module WindowsTargetPlatform (79)
[2018.02.07-09.13.33:135][816]LogModuleManager: Shutting down and abandoning module WindowsServerTargetPlatform (77)
[2018.02.07-09.13.33:135][816]LogModuleManager: Shutting down and abandoning module WindowsNoEditorTargetPlatform (75)
[2018.02.07-09.13.33:135][816]LogModuleManager: Shutting down and abandoning module WindowsClientTargetPlatform (73)
[2018.02.07-09.13.33:135][816]LogModuleManager: Shutting down and abandoning module MacTargetPlatform (71)
[2018.02.07-09.13.33:135][816]LogModuleManager: Shutting down and abandoning module MacServerTargetPlatform (69)
[2018.02.07-09.13.33:135][816]LogModuleManager: Shutting down and abandoning module MacNoEditorTargetPlatform (67)
[2018.02.07-09.13.33:135][816]LogModuleManager: Shutting down and abandoning module MacClientTargetPlatform (65)
[2018.02.07-09.13.33:135][816]LogModuleManager: Shutting down and abandoning module AllDesktopTargetPlatform (63)
[2018.02.07-09.13.33:135][816]LogModuleManager: Shutting down and abandoning module InputCore (60)
[2018.02.07-09.13.33:135][816]LogModuleManager: Shutting down and abandoning module Settings (58)
[2018.02.07-09.13.33:136][816]LogModuleManager: Shutting down and abandoning module PhysXCooking (56)
[2018.02.07-09.13.33:136][816]LogModuleManager: Shutting down and abandoning module SteamVR (54)
[2018.02.07-09.13.33:136][816]LogModuleManager: Shutting down and abandoning module OculusHMD (52)
[2018.02.07-09.13.33:148][816]LogModuleManager: Shutting down and abandoning module ExampleDeviceProfileSelector (50)
[2018.02.07-09.13.33:148][816]LogModuleManager: Shutting down and abandoning module OnlineBlueprintSupport (48)
[2018.02.07-09.13.33:149][816]LogModuleManager: Shutting down and abandoning module OnlineSubsystem (44)
[2018.02.07-09.13.33:149][816]LogOnline: Display: Unloading online subsystem: NULL
[2018.02.07-09.13.33:173][816]LogModuleManager: Shutting down and abandoning module XMPP (43)
[2018.02.07-09.13.33:197][816]LogModuleManager: Shutting down and abandoning module HTTP (41)
[2018.02.07-09.13.33:197][816]LogHttp: Display: Http module shutting down, but needs to wait on 1 outstanding Http requests:
[2018.02.07-09.13.33:213][816]LogHttp: Display: 	verb=[POST] url=[https://datarouter.ol.epicgames.com/datarouter/api/v1/public/data?SessionID=%7BCAD03E7E-47D4-A43F-5C23-8D92F922CB6D%7D&AppID=UEEditor.Rocket.Release&AppVersion=4.17.2-3658906%2B%2B%2BUE4%2BRelease-4.17&UserID=01e94a2c4f636a563311e5b28bd16fa0%7C495f3335c5724314bcf7c78d424bc0ae%7C7e43c01f-2dfc-4db6-9423-a02c9184544b&AppEnvironment=datacollector-binary&UploadType=eteventstream] status=Processing
[2018.02.07-09.13.33:213][816]LogHttp: Warning: 000002A0FC034700: request failed, libcurl error: 6 (Couldn't resolve host name)
[2018.02.07-09.13.33:213][816]LogHttp: Warning: 000002A0FC034700: libcurl info message cache 0 (Could not resolve host: datarouter.ol.epicgames.com)
[2018.02.07-09.13.33:213][816]LogHttp: Warning: 000002A0FC034700: libcurl info message cache 1 (Closing connection 249)
[2018.02.07-09.13.33:243][816]LogModuleManager: Shutting down and abandoning module SSL (40)
[2018.02.07-09.13.33:268][816]LogModuleManager: Shutting down and abandoning module AnimationModifiers (36)
[2018.02.07-09.13.33:277][816]LogModuleManager: Shutting down and abandoning module PropertyEditor (35)
[2018.02.07-09.13.33:277][816]LogModuleManager: Shutting down and abandoning module AudioEditor (32)
[2018.02.07-09.13.33:308][816]LogModuleManager: Shutting down and abandoning module TextureCompressor (30)
[2018.02.07-09.13.33:323][816]LogModuleManager: Shutting down and abandoning module ShaderCore (28)
[2018.02.07-09.13.33:323][816]LogModuleManager: Shutting down and abandoning module Landscape (26)
[2018.02.07-09.13.33:323][816]LogModuleManager: Shutting down and abandoning module SlateRHIRenderer (24)
[2018.02.07-09.13.33:378][816]LogModuleManager: Shutting down and abandoning module OpenGLDrv (22)
[2018.02.07-09.13.33:393][816]LogModuleManager: Shutting down and abandoning module D3D11RHI (20)
[2018.02.07-09.13.33:393][816]LogModuleManager: Shutting down and abandoning module AnimGraphRuntime (18)
[2018.02.07-09.13.33:412][816]LogModuleManager: Shutting down and abandoning module Renderer (16)
[2018.02.07-09.13.33:412][816]LogModuleManager: Shutting down and abandoning module Engine (14)
[2018.02.07-09.13.33:412][816]LogModuleManager: Shutting down and abandoning module CoreUObject (12)
[2018.02.07-09.13.33:412][816]LogModuleManager: Shutting down and abandoning module NetworkFile (10)
[2018.02.07-09.13.33:427][816]LogModuleManager: Shutting down and abandoning module CookedIterativeFile (8)
[2018.02.07-09.13.33:427][816]LogModuleManager: Shutting down and abandoning module StreamingFile (6)
[2018.02.07-09.13.33:438][816]LogModuleManager: Shutting down and abandoning module SandboxFile (4)
[2018.02.07-09.13.33:452][816]LogModuleManager: Shutting down and abandoning module PakFile (2)
[2018.02.07-09.13.33:455][816]LogExit: Exiting.
[2018.02.07-09.13.33:487][816]Log file closed, 02/07/18 09:13:33
