Log file open, 02/01/18 15:43:41
LogWindows: Failed to load 'aqProf.dll' (GetLastError=126)
LogWindows: File 'aqProf.dll' does not exist
LogWindows: Failed to load 'VtuneApi.dll' (GetLastError=126)
LogWindows: File 'VtuneApi.dll' does not exist
LogWindows: Failed to load 'VtuneApi32e.dll' (GetLastError=126)
LogWindows: File 'VtuneApi32e.dll' does not exist
LogInit: Display: Running engine for game: ProjectOrca
LogPlatformFile: Not using cached read wrapper
LogInit: Display: RandInit(801605854) SRandInit(801605854).
LogTaskGraph: Started task graph with 5 named threads and 14 total threads with 3 sets of task threads.
LogStats: Stats thread started at 2.743432
LogD3D11RHI: Aftermath initialized
LogPluginManager: Mounting plugin Paper2D
LogPluginManager: Mounting plugin LightPropagationVolume
LogPluginManager: Mounting plugin CodeLiteSourceCodeAccess
LogPluginManager: Mounting plugin GitSourceControl
LogPluginManager: Mounting plugin KDevelopSourceCodeAccess
LogPluginManager: Mounting plugin NullSourceCodeAccess
LogPluginManager: Mounting plugin PerforceSourceControl
LogPluginManager: Mounting plugin SubversionSourceControl
LogPluginManager: Mounting plugin UObjectPlugin
LogPluginManager: Mounting plugin VisualStudioSourceCodeAccess
LogPluginManager: Mounting plugin XCodeSourceCodeAccess
LogPluginManager: Mounting plugin AssetManagerEditor
LogPluginManager: Mounting plugin AudioCapture
LogPluginManager: Mounting plugin FacialAnimation
LogPluginManager: Mounting plugin GameplayTagsEditor
LogPluginManager: Mounting plugin MobileLauncherProfileWizard
LogPluginManager: Mounting plugin PluginBrowser
LogPluginManager: Mounting plugin SpeedTreeImporter
LogPluginManager: Mounting plugin AlembicImporter
LogPluginManager: Mounting plugin CharacterAI
LogPluginManager: Mounting plugin HTML5Networking
LogPluginManager: Mounting plugin AndroidMedia
LogPluginManager: Mounting plugin AvfMedia
LogPluginManager: Mounting plugin MediaPlayerEditor
LogPluginManager: Mounting plugin WmfMedia
LogPluginManager: Mounting plugin TcpMessaging
LogPluginManager: Mounting plugin UdpMessaging
LogPluginManager: Mounting plugin LevelSequenceEditor
LogPluginManager: Mounting plugin MatineeToLevelSequence
LogPluginManager: Mounting plugin OnlineSubsystemGooglePlay
LogPluginManager: Mounting plugin OnlineSubsystemIOS
LogPluginManager: Mounting plugin OnlineSubsystem
LogPluginManager: Mounting plugin OnlineSubsystemNull
LogPluginManager: Mounting plugin OnlineSubsystemUtils
LogPluginManager: Mounting plugin AndroidDeviceProfileSelector
LogPluginManager: Mounting plugin AndroidMoviePlayer
LogPluginManager: Mounting plugin AndroidPermission
LogPluginManager: Mounting plugin AppleMoviePlayer
LogPluginManager: Mounting plugin ArchVisCharacter
LogPluginManager: Mounting plugin CableComponent
LogPluginManager: Mounting plugin CustomMeshComponent
LogPluginManager: Mounting plugin ExampleDeviceProfileSelector
LogPluginManager: Mounting plugin GoogleCloudMessaging
LogPluginManager: Mounting plugin ImmediatePhysics
LogPluginManager: Mounting plugin IOSDeviceProfileSelector
LogPluginManager: Mounting plugin LinuxDeviceProfileSelector
LogPluginManager: Mounting plugin LocationServicesBPLibrary
LogPluginManager: Mounting plugin MobilePatchingUtils
LogPluginManager: Mounting plugin OculusVR
LogPluginManager: Mounting plugin PhysXVehicles
LogPluginManager: Mounting plugin ProceduralMeshComponent
LogPluginManager: Mounting plugin RuntimePhysXCooking
LogPluginManager: Mounting plugin SteamVR
LogPluginManager: Mounting plugin WindowsMoviePlayer
LogInit: Using libcurl 7.47.1
LogInit:  - built for x86_64-pc-win32
LogInit:  - supports SSL with OpenSSL/1.0.2g
LogInit:  - supports HTTP deflate (compression) using libz 1.2.8
LogInit:  - other features:
LogInit:      CURL_VERSION_SSL
LogInit:      CURL_VERSION_LIBZ
LogInit:      CURL_VERSION_IPV6
LogInit:      CURL_VERSION_ASYNCHDNS
LogInit:      CURL_VERSION_LARGEFILE
LogInit:      CURL_VERSION_IDN
LogInit:  CurlRequestOptions (configurable via config and command line):
LogInit:  - bVerifyPeer = false  - Libcurl will NOT verify peer certificate
LogInit:  - bUseHttpProxy = false  - Libcurl will NOT use HTTP proxy
LogInit:  - bDontReuseConnections = false  - Libcurl will reuse connections
LogInit:  - CertBundlePath = nullptr  - Libcurl will use whatever was configured at build time.
LogInit: Build: ++UE4+Release-4.17-CL-3658906
LogInit: Engine Version: 4.17.2-3658906+++UE4+Release-4.17
LogInit: Compatible Engine Version: 4.17.0-3573198+++UE4+Release-4.17
LogInit: Net CL: 3573198
LogDevObjectVersion: Number of dev versions registered: 16
LogDevObjectVersion:   Dev-Blueprints (B0D832E4-1F89-4F0D-ACCF-7EB736FD4AA2): 10
LogDevObjectVersion:   Dev-Build (E1C64328-A22C-4D53-A36C-8E866417BD8C): 0
LogDevObjectVersion:   Dev-Core (375EC13C-06E4-48FB-B500-84F0262A717E): 2
LogDevObjectVersion:   Dev-Editor (E4B068ED-F494-42E9-A231-DA0B2E46BB41): 20
LogDevObjectVersion:   Dev-Framework (CFFC743F-43B0-4480-9391-14DF171D2073): 28
LogDevObjectVersion:   Dev-Mobile (B02B49B5-BB20-44E9-A304-32B752E40360): 0
LogDevObjectVersion:   Dev-Networking (A4E4105C-59A1-49B5-A7C5-40C4547EDFEE): 0
LogDevObjectVersion:   Dev-Online (39C831C9-5AE6-47DC-9A44-9C173E1C8E7C): 0
LogDevObjectVersion:   Dev-Physics (78F01B33-EBEA-4F98-B9B4-84EACCB95AA2): 0
LogDevObjectVersion:   Dev-Platform (6631380F-2D4D-43E0-8009-CF276956A95A): 0
LogDevObjectVersion:   Dev-Rendering (12F88B9F-8875-4AFC-A67C-D90C383ABD29): 19
LogDevObjectVersion:   Dev-Sequencer (7B5AE74C-D270-4C10-A958-57980B212A5A): 4
LogDevObjectVersion:   Dev-VR (D7296918-1DD6-4BDD-9DE2-64A83CC13884): 0
LogDevObjectVersion:   Dev-LoadTimes (C2A15278-BFE7-4AFE-6C17-90FF531DF755): 1
LogDevObjectVersion:   Private-Geometry (6EACA3D4-40EC-4CC1-B786-8BED09428FC5): 1
LogDevObjectVersion:   Dev-AnimPhys (29E575DD-E0A3-4627-9D10-D276232CDCEA): 7
LogInit: Compiled (64-bit): Sep 22 2017 13:47:16
LogInit: Compiled with Visual C++: 19.00.24215.01
LogInit: Build Configuration: Development
LogInit: Branch Name: ++UE4+Release-4.17
LogInit: Command line:  
LogInit: Base directory: E:/Epic Games/UE_4.17/Engine/Binaries/Win64/
LogInit: Installed Engine Build: 1
LogInit: Presizing for max 8388607 objects, including 0 objects not considered by GC, pre-allocating 0 bytes for permanent pool.
LogInit: Object subsystem initialized
[2018.02.01-15.43.42:970][  0]LogInit: Selected Device Profile: [Windows]
[2018.02.01-15.43.42:970][  0]LogInit: Applying CVar settings loaded from the selected device profile: [Windows]
[2018.02.01-15.43.43:124][  0]LogInit: Computer: SEVASTOPOL
[2018.02.01-15.43.43:125][  0]LogInit: User: JamesDavies
[2018.02.01-15.43.43:125][  0]LogInit: CPU Page size=4096, Cores=4
[2018.02.01-15.43.43:125][  0]LogInit: High frequency timer resolution =3.417969 MHz
[2018.02.01-15.43.43:125][  0]LogMemory: Memory total: Physical=15.9GB (16GB approx)
[2018.02.01-15.43.43:125][  0]LogMemory: Platform Memory Stats for Windows
[2018.02.01-15.43.43:125][  0]LogMemory: Process Physical Memory: 280.27 MB used, 280.27 MB peak
[2018.02.01-15.43.43:125][  0]LogMemory: Process Virtual Memory: 274.15 MB used, 274.15 MB peak
[2018.02.01-15.43.43:125][  0]LogMemory: Physical Memory: 5113.67 MB used,  11173.22 MB free, 16286.89 MB total
[2018.02.01-15.43.43:125][  0]LogMemory: Virtual Memory: 702.05 MB used,  11173.22 MB free, 134217728.00 MB total
[2018.02.01-15.43.44:567][  0]LogInit: Using OS detected language (en-GB).
[2018.02.01-15.43.44:567][  0]LogInit: Using OS detected locale (en-GB).
[2018.02.01-15.43.44:896][  0]LogTextLocalizationManager: No specific localization for 'en-GB' exists, so the 'en' localization will be used.
[2018.02.01-15.43.53:245][  0]LogD3D11RHI: D3D11 adapters:
[2018.02.01-15.43.53:282][  0]LogD3D11RHI:    0. 'NVIDIA GeForce GTX 960' (Feature Level 11_0)
[2018.02.01-15.43.53:282][  0]LogD3D11RHI:       2007/0/8143 MB DedicatedVideo/DedicatedSystem/SharedSystem, Outputs:1, VendorId:0x10de
[2018.02.01-15.43.53:284][  0]LogD3D11RHI:    1. 'Microsoft Basic Render Driver' (Feature Level 11_0)
[2018.02.01-15.43.53:284][  0]LogD3D11RHI:       0/0/8143 MB DedicatedVideo/DedicatedSystem/SharedSystem, Outputs:0, VendorId:0x1414
[2018.02.01-15.43.53:284][  0]LogD3D11RHI: Chosen D3D11 Adapter: 0
[2018.02.01-15.43.53:292][  0]LogD3D11RHI: Creating new Direct3DDevice
[2018.02.01-15.43.53:293][  0]LogD3D11RHI:     GPU DeviceId: 0x1401 (for the marketing name, search the web for "GPU Device Id")
[2018.02.01-15.43.53:293][  0]LogWindows: EnumDisplayDevices:
[2018.02.01-15.43.53:293][  0]LogWindows:    0. 'NVIDIA GeForce GTX 960' (P:1 D:1)
[2018.02.01-15.43.53:293][  0]LogWindows:    1. 'NVIDIA GeForce GTX 960' (P:0 D:0)
[2018.02.01-15.43.53:293][  0]LogWindows:    2. 'NVIDIA GeForce GTX 960' (P:0 D:0)
[2018.02.01-15.43.53:293][  0]LogWindows:    3. 'NVIDIA GeForce GTX 960' (P:0 D:0)
[2018.02.01-15.43.53:293][  0]LogWindows: DebugString: GetVideoDriverDetailsInvalid PrimaryIsNotTheChoosenAdapter GetVideoDriverDetailsInvalid PrimaryIsNotTheChoosenAdapter GetVideoDriverDetailsInvalid PrimaryIsNotTheChoosenAdapter GetVideoDriverDetailsInvalid PrimaryIsNotTheChoosenAdapter FoundDriverCount:0 
[2018.02.01-15.43.53:293][  0]LogD3D11RHI:     Adapter Name: NVIDIA GeForce GTX 960
[2018.02.01-15.43.53:293][  0]LogD3D11RHI:   Driver Version: Unknown (internal:Unknown, unified:Unknown)
[2018.02.01-15.43.53:293][  0]LogD3D11RHI:      Driver Date: Unknown
[2018.02.01-15.43.53:293][  0]LogRHI: Texture pool is 1361 MB (70% of 1945 MB)
[2018.02.01-15.43.53:315][  0]LogD3D11RHI: Async texture creation enabled
[2018.02.01-15.43.53:592][  0]LogD3D11RHI: GPU Timing Frequency: 1000.000000 (Debug: 2 2)
[2018.02.01-15.43.53:707][  0]LogShaderCompilers: Guid format shader working directory is 26 characters bigger than the processId version (F:/Project Orca/projectorca/Intermediate/Shaders/WorkingDirectory/3240/).
[2018.02.01-15.43.53:707][  0]LogShaderCompilers: Cleaned the shader compiler working directory 'C:/Users/James Davies/AppData/Local/Temp/UnrealShaderWorkingDir/D31E8CDD4EB2C4EC34ED8D8B2F462F57/'.
[2018.02.01-15.43.53:730][  0]LogShaderCompilers: Display: Using Local Shader Compiler.
[2018.02.01-15.43.59:021][  0]LogTemp: Display: Loaded TP AllDesktopTargetPlatform
[2018.02.01-15.43.59:065][  0]LogTemp: Display: Loaded TP MacClientTargetPlatform
[2018.02.01-15.43.59:098][  0]LogTemp: Display: Loaded TP MacNoEditorTargetPlatform
[2018.02.01-15.43.59:131][  0]LogTemp: Display: Loaded TP MacServerTargetPlatform
[2018.02.01-15.43.59:186][  0]LogTemp: Display: Loaded TP MacTargetPlatform
[2018.02.01-15.43.59:220][  0]LogTemp: Display: Loaded TP WindowsClientTargetPlatform
[2018.02.01-15.43.59:252][  0]LogTemp: Display: Loaded TP WindowsNoEditorTargetPlatform
[2018.02.01-15.43.59:285][  0]LogTemp: Display: Loaded TP WindowsServerTargetPlatform
[2018.02.01-15.43.59:312][  0]LogTemp: Display: Loaded TP WindowsTargetPlatform
[2018.02.01-15.43.59:389][  0]LogTemp: Display: Loaded TP AndroidTargetPlatform
[2018.02.01-15.43.59:421][  0]LogTemp: Display: Loaded TP Android_ASTCTargetPlatform
[2018.02.01-15.43.59:453][  0]LogTemp: Display: Loaded TP Android_ATCTargetPlatform
[2018.02.01-15.43.59:484][  0]LogTemp: Display: Loaded TP Android_DXTTargetPlatform
[2018.02.01-15.43.59:516][  0]LogTemp: Display: Loaded TP Android_ETC1TargetPlatform
[2018.02.01-15.43.59:548][  0]LogTemp: Display: Loaded TP Android_ETC2TargetPlatform
[2018.02.01-15.43.59:616][  0]LogTemp: Display: Loaded TP Android_MultiTargetPlatform
[2018.02.01-15.43.59:616][  0]LogTemp: Display: Loaded TP Android_PVRTCTargetPlatform
[2018.02.01-15.43.59:639][  0]LogTemp: Display: Loaded TP HTML5TargetPlatform
[2018.02.01-15.43.59:825][  0]LogTemp: Display: Loaded TP IOSTargetPlatform
[2018.02.01-15.43.59:869][  0]LogTemp: Display: Loaded TP TVOSTargetPlatform
[2018.02.01-15.43.59:942][  0]LogTemp: Display: Loaded TP LinuxClientTargetPlatform
[2018.02.01-15.44.00:013][  0]LogTemp: Display: Loaded TP LinuxNoEditorTargetPlatform
[2018.02.01-15.44.00:051][  0]LogTemp: Display: Loaded TP LinuxServerTargetPlatform
[2018.02.01-15.44.00:086][  0]LogTemp: Display: Loaded TP LinuxTargetPlatform
[2018.02.01-15.44.00:086][  0]LogTargetPlatformManager: Display: Building Assets For Windows
[2018.02.01-15.44.01:901][  0]LogDerivedDataCache: Display: Max Cache Size: 512 MB
[2018.02.01-15.44.02:229][  0]LogDerivedDataCache: Loaded boot cache 0.33s 105MB C:/Users/James Davies/AppData/Local/UnrealEngine/4.17/DerivedDataCache/Boot.ddc.
[2018.02.01-15.44.02:229][  0]LogDerivedDataCache: Display: Loaded Boot cache: C:/Users/James Davies/AppData/Local/UnrealEngine/4.17/DerivedDataCache/Boot.ddc
[2018.02.01-15.44.02:229][  0]LogDerivedDataCache: FDerivedDataBackendGraph:  Pak pak cache file F:/Project Orca/projectorca/DerivedDataCache/DDC.ddp not found, will not use a pak cache.
[2018.02.01-15.44.02:229][  0]LogDerivedDataCache: Unable to find inner node Pak for hierarchical cache Hierarchy.
[2018.02.01-15.44.02:229][  0]LogDerivedDataCache: FDerivedDataBackendGraph:  CompressedPak pak cache file F:/Project Orca/projectorca/DerivedDataCache/Compressed.ddp not found, will not use a pak cache.
[2018.02.01-15.44.02:229][  0]LogDerivedDataCache: Unable to find inner node CompressedPak for hierarchical cache Hierarchy.
[2018.02.01-15.44.02:347][  0]LogDerivedDataCache: Display: Pak cache opened for reading ../../../Engine/DerivedDataCache/Compressed.ddp.
[2018.02.01-15.44.02:359][  0]LogDerivedDataCache: Using Local data cache path C:/Users/James Davies/AppData/Local/UnrealEngine/Common/DerivedDataCache: Writable
[2018.02.01-15.44.02:421][  0]LogMaterial: Verifying Global Shaders for PCD3D_SM5
[2018.02.01-15.44.02:541][  0]LogSlate: Using Freetype 2.6.0
[2018.02.01-15.44.02:689][  0]LogSlate: SlateFontCache - WITH_FREETYPE: 1, WITH_HARFBUZZ: 1
[2018.02.01-15.44.02:693][  0]LogSlate: SlateFontCache - WITH_FREETYPE: 1, WITH_HARFBUZZ: 1
[2018.02.01-15.45.08:558][  0]LogAssetRegistry: FAssetRegistry took 0.0255 seconds to start up
[2018.02.01-15.45.09:719][  0]LogInit: Selected Device Profile: [Windows]
[2018.02.01-15.45.15:686][  0]LogSimplygon: Simplygon DLL not present - disabling.
[2018.02.01-15.45.15:712][  0]LogMeshReduction: Using SimplygonSwarm for distributed automatic mesh merging
[2018.02.01-15.45.15:712][  0]LogMeshReduction: Using QuadricMeshReduction for automatic static mesh reduction
[2018.02.01-15.45.15:712][  0]LogMeshReduction: No automatic skeletal mesh reduction module available
[2018.02.01-15.45.15:712][  0]LogMeshReduction: No automatic mesh merging module available
[2018.02.01-15.45.15:712][  0]LogMeshMerging: No automatic mesh merging module available
[2018.02.01-15.45.16:166][  0]LogContentStreaming: Texture pool size is 0.00 MB
[2018.02.01-15.45.20:067][  0]LogNetVersion: ProjectOrca , NetCL: 3573198, EngineNetVer: 2, GameNetVer: 0 (Checksum: 811679591)
[2018.02.01-15.45.22:026][  0]LogPackageLocalizationCache: Processed 5 localized package path(s) for 2 prioritized culture(s) in 0.324017 seconds
[2018.02.01-15.45.22:097][  0]LogUObjectArray: 35825 objects as part of root set at end of initial load.
[2018.02.01-15.45.22:097][  0]LogUObjectAllocator: 7529112 out of 0 bytes used by permanent object pool.
[2018.02.01-15.45.22:097][  0]LogUObjectArray: CloseDisregardForGC: 0/0 objects in disregard for GC pool
[2018.02.01-15.45.22:154][  0]LogInit: WinSock: version 1.1 (2.2), MaxSocks=32767, MaxUdp=65467
