Log file open, 02/19/18 18:12:21
LogWindows: Failed to load 'aqProf.dll' (GetLastError=126)
LogWindows: File 'aqProf.dll' does not exist
LogWindows: Failed to load 'VSPerf140.dll' (GetLastError=126)
LogWindows: File 'VSPerf140.dll' does not exist
LogWindows: Failed to load 'VtuneApi.dll' (GetLastError=126)
LogWindows: File 'VtuneApi.dll' does not exist
LogWindows: Failed to load 'VtuneApi32e.dll' (GetLastError=126)
LogWindows: File 'VtuneApi32e.dll' does not exist
LogInit: Display: Running engine for game: ProjectOrca
LogPlatformFile: Not using cached read wrapper
LogInit: Display: RandInit(-2072510026) SRandInit(-2072510025).
LogTaskGraph: Started task graph with 5 named threads and 14 total threads with 3 sets of task threads.
LogStats: Stats thread started at 4.743278
LogD3D11RHI: Aftermath initialized
LogPluginManager: Mounting plugin Paper2D
LogPluginManager: Mounting plugin LightPropagationVolume
LogPluginManager: Mounting plugin CodeLiteSourceCodeAccess
LogPluginManager: Mounting plugin GitSourceControl
LogPluginManager: Mounting plugin KDevelopSourceCodeAccess
LogPluginManager: Mounting plugin NullSourceCodeAccess
LogPluginManager: Mounting plugin PerforceSourceControl
LogPluginManager: Mounting plugin SubversionSourceControl
LogPluginManager: Mounting plugin UObjectPlugin
LogPluginManager: Mounting plugin VisualStudioSourceCodeAccess
LogPluginManager: Mounting plugin XCodeSourceCodeAccess
LogPluginManager: Mounting plugin AssetManagerEditor
LogPluginManager: Mounting plugin AudioCapture
LogPluginManager: Mounting plugin FacialAnimation
LogPluginManager: Mounting plugin GameplayTagsEditor
LogPluginManager: Mounting plugin MobileLauncherProfileWizard
LogPluginManager: Mounting plugin PluginBrowser
LogPluginManager: Mounting plugin SpeedTreeImporter
LogPluginManager: Mounting plugin AlembicImporter
LogPluginManager: Mounting plugin CharacterAI
LogPluginManager: Mounting plugin HTML5Networking
LogPluginManager: Mounting plugin AndroidMedia
LogPluginManager: Mounting plugin AvfMedia
LogPluginManager: Mounting plugin MediaPlayerEditor
LogPluginManager: Mounting plugin WmfMedia
LogPluginManager: Mounting plugin TcpMessaging
LogPluginManager: Mounting plugin UdpMessaging
LogPluginManager: Mounting plugin LevelSequenceEditor
LogPluginManager: Mounting plugin MatineeToLevelSequence
LogPluginManager: Mounting plugin OnlineSubsystemGooglePlay
LogPluginManager: Mounting plugin OnlineSubsystemIOS
LogPluginManager: Mounting plugin OnlineSubsystem
LogPluginManager: Mounting plugin OnlineSubsystemNull
LogPluginManager: Mounting plugin OnlineSubsystemUtils
LogPluginManager: Mounting plugin AndroidDeviceProfileSelector
LogPluginManager: Mounting plugin AndroidMoviePlayer
LogPluginManager: Mounting plugin AndroidPermission
LogPluginManager: Mounting plugin AppleMoviePlayer
LogPluginManager: Mounting plugin ArchVisCharacter
LogPluginManager: Mounting plugin CableComponent
LogPluginManager: Mounting plugin CustomMeshComponent
LogPluginManager: Mounting plugin ExampleDeviceProfileSelector
LogPluginManager: Mounting plugin GoogleCloudMessaging
LogPluginManager: Mounting plugin ImmediatePhysics
LogPluginManager: Mounting plugin IOSDeviceProfileSelector
LogPluginManager: Mounting plugin LinuxDeviceProfileSelector
LogPluginManager: Mounting plugin LocationServicesBPLibrary
LogPluginManager: Mounting plugin MobilePatchingUtils
LogPluginManager: Mounting plugin OculusVR
LogPluginManager: Mounting plugin PhysXVehicles
LogPluginManager: Mounting plugin ProceduralMeshComponent
LogPluginManager: Mounting plugin RuntimePhysXCooking
LogPluginManager: Mounting plugin SteamVR
LogPluginManager: Mounting plugin WindowsMoviePlayer
LogInit: Using libcurl 7.47.1
LogInit:  - built for x86_64-pc-win32
LogInit:  - supports SSL with OpenSSL/1.0.2g
LogInit:  - supports HTTP deflate (compression) using libz 1.2.8
LogInit:  - other features:
LogInit:      CURL_VERSION_SSL
LogInit:      CURL_VERSION_LIBZ
LogInit:      CURL_VERSION_IPV6
LogInit:      CURL_VERSION_ASYNCHDNS
LogInit:      CURL_VERSION_LARGEFILE
LogInit:      CURL_VERSION_IDN
LogInit:  CurlRequestOptions (configurable via config and command line):
LogInit:  - bVerifyPeer = false  - Libcurl will NOT verify peer certificate
LogInit:  - bUseHttpProxy = false  - Libcurl will NOT use HTTP proxy
LogInit:  - bDontReuseConnections = false  - Libcurl will reuse connections
LogInit:  - CertBundlePath = nullptr  - Libcurl will use whatever was configured at build time.
LogInit: Build: ++UE4+Release-4.17-CL-3658906
LogInit: Engine Version: 4.17.2-3658906+++UE4+Release-4.17
LogInit: Compatible Engine Version: 4.17.0-3573198+++UE4+Release-4.17
LogInit: Net CL: 3573198
LogDevObjectVersion: Number of dev versions registered: 16
LogDevObjectVersion:   Dev-Blueprints (B0D832E4-1F89-4F0D-ACCF-7EB736FD4AA2): 10
LogDevObjectVersion:   Dev-Build (E1C64328-A22C-4D53-A36C-8E866417BD8C): 0
LogDevObjectVersion:   Dev-Core (375EC13C-06E4-48FB-B500-84F0262A717E): 2
LogDevObjectVersion:   Dev-Editor (E4B068ED-F494-42E9-A231-DA0B2E46BB41): 20
LogDevObjectVersion:   Dev-Framework (CFFC743F-43B0-4480-9391-14DF171D2073): 28
LogDevObjectVersion:   Dev-Mobile (B02B49B5-BB20-44E9-A304-32B752E40360): 0
LogDevObjectVersion:   Dev-Networking (A4E4105C-59A1-49B5-A7C5-40C4547EDFEE): 0
LogDevObjectVersion:   Dev-Online (39C831C9-5AE6-47DC-9A44-9C173E1C8E7C): 0
LogDevObjectVersion:   Dev-Physics (78F01B33-EBEA-4F98-B9B4-84EACCB95AA2): 0
LogDevObjectVersion:   Dev-Platform (6631380F-2D4D-43E0-8009-CF276956A95A): 0
LogDevObjectVersion:   Dev-Rendering (12F88B9F-8875-4AFC-A67C-D90C383ABD29): 19
LogDevObjectVersion:   Dev-Sequencer (7B5AE74C-D270-4C10-A958-57980B212A5A): 4
LogDevObjectVersion:   Dev-VR (D7296918-1DD6-4BDD-9DE2-64A83CC13884): 0
LogDevObjectVersion:   Dev-LoadTimes (C2A15278-BFE7-4AFE-6C17-90FF531DF755): 1
LogDevObjectVersion:   Private-Geometry (6EACA3D4-40EC-4CC1-B786-8BED09428FC5): 1
LogDevObjectVersion:   Dev-AnimPhys (29E575DD-E0A3-4627-9D10-D276232CDCEA): 7
LogInit: Compiled (64-bit): Sep 22 2017 13:47:16
LogInit: Compiled with Visual C++: 19.00.24215.01
LogInit: Build Configuration: Development
LogInit: Branch Name: ++UE4+Release-4.17
LogInit: Command line:  
LogInit: Base directory: D:/weret/Project/Unreal/UE_4.17/Engine/Binaries/Win64/
LogInit: Installed Engine Build: 1
LogInit: Presizing for max 8388607 objects, including 0 objects not considered by GC, pre-allocating 0 bytes for permanent pool.
LogInit: Object subsystem initialized
[2018.02.19-18.12.23:624][  0]LogInit: Selected Device Profile: [Windows]
[2018.02.19-18.12.23:624][  0]LogInit: Applying CVar settings loaded from the selected device profile: [Windows]
[2018.02.19-18.12.23:778][  0]LogInit: Computer: WERETHROPE
[2018.02.19-18.12.23:778][  0]LogInit: User: weret
[2018.02.19-18.12.23:778][  0]LogInit: CPU Page size=4096, Cores=4
[2018.02.19-18.12.23:778][  0]LogInit: High frequency timer resolution =2.531249 MHz
[2018.02.19-18.12.23:778][  0]LogMemory: Memory total: Physical=15.9GB (16GB approx)
[2018.02.19-18.12.23:778][  0]LogMemory: Platform Memory Stats for Windows
[2018.02.19-18.12.23:778][  0]LogMemory: Process Physical Memory: 279.21 MB used, 279.21 MB peak
[2018.02.19-18.12.23:779][  0]LogMemory: Process Virtual Memory: 286.41 MB used, 286.41 MB peak
[2018.02.19-18.12.23:779][  0]LogMemory: Physical Memory: 6079.85 MB used,  10242.71 MB free, 16322.56 MB total
[2018.02.19-18.12.23:779][  0]LogMemory: Virtual Memory: 714.11 MB used,  10242.71 MB free, 134217728.00 MB total
[2018.02.19-18.12.25:875][  0]LogInit: Using OS detected language (en-US).
[2018.02.19-18.12.25:875][  0]LogInit: Using OS detected locale (en-MY).
[2018.02.19-18.12.26:296][  0]LogTextLocalizationManager: No specific localization for 'en-US' exists, so the 'en' localization will be used.
[2018.02.19-18.12.36:326][  0]LogD3D11RHI: D3D11 adapters:
[2018.02.19-18.12.36:387][  0]LogD3D11RHI:    0. 'NVIDIA GeForce GTX 980M' (Feature Level 11_0)
[2018.02.19-18.12.36:387][  0]LogD3D11RHI:       4053/0/8161 MB DedicatedVideo/DedicatedSystem/SharedSystem, Outputs:1, VendorId:0x10de
[2018.02.19-18.12.36:389][  0]LogD3D11RHI:    1. 'Microsoft Basic Render Driver' (Feature Level 11_0)
[2018.02.19-18.12.36:389][  0]LogD3D11RHI:       0/0/8161 MB DedicatedVideo/DedicatedSystem/SharedSystem, Outputs:0, VendorId:0x1414
[2018.02.19-18.12.36:389][  0]LogD3D11RHI: Chosen D3D11 Adapter: 0
[2018.02.19-18.12.36:398][  0]LogD3D11RHI: Creating new Direct3DDevice
[2018.02.19-18.12.36:398][  0]LogD3D11RHI:     GPU DeviceId: 0x1617 (for the marketing name, search the web for "GPU Device Id")
[2018.02.19-18.12.36:398][  0]LogWindows: EnumDisplayDevices:
[2018.02.19-18.12.36:398][  0]LogWindows:    0. 'NVIDIA GeForce GTX 980M' (P:1 D:1)
[2018.02.19-18.12.36:399][  0]LogWindows:    1. 'NVIDIA GeForce GTX 980M' (P:0 D:0)
[2018.02.19-18.12.36:399][  0]LogWindows:    2. 'NVIDIA GeForce GTX 980M' (P:0 D:0)
[2018.02.19-18.12.36:399][  0]LogWindows:    3. 'NVIDIA GeForce GTX 980M' (P:0 D:0)
[2018.02.19-18.12.36:399][  0]LogWindows: DebugString: GetVideoDriverDetailsInvalid PrimaryIsNotTheChoosenAdapter GetVideoDriverDetailsInvalid PrimaryIsNotTheChoosenAdapter GetVideoDriverDetailsInvalid PrimaryIsNotTheChoosenAdapter GetVideoDriverDetailsInvalid PrimaryIsNotTheChoosenAdapter FoundDriverCount:0 
[2018.02.19-18.12.36:399][  0]LogD3D11RHI:     Adapter Name: NVIDIA GeForce GTX 980M
[2018.02.19-18.12.36:399][  0]LogD3D11RHI:   Driver Version: Unknown (internal:Unknown, unified:Unknown)
[2018.02.19-18.12.36:399][  0]LogD3D11RHI:      Driver Date: Unknown
[2018.02.19-18.12.36:399][  0]LogRHI: Texture pool is 1361 MB (70% of 1945 MB)
[2018.02.19-18.12.36:430][  0]LogD3D11RHI: Async texture creation enabled
[2018.02.19-18.12.36:838][  0]LogD3D11RHI: GPU Timing Frequency: 1000.000000 (Debug: 2 2)
[2018.02.19-18.12.37:004][  0]LogShaderCompilers: Guid format shader working directory is 19 characters bigger than the processId version (../../../../../ProjectOrca/Intermediate/Shaders/WorkingDirectory/14248/).
[2018.02.19-18.12.37:004][  0]LogShaderCompilers: Cleaned the shader compiler working directory 'C:/Users/weret/AppData/Local/Temp/UnrealShaderWorkingDir/ABFEABB74FEDB4BCD9FB5C8F8824B971/'.
[2018.02.19-18.12.37:026][  0]LogShaderCompilers: Display: Using Local Shader Compiler.
[2018.02.19-18.12.42:206][  0]LogTemp: Display: Loaded TP AllDesktopTargetPlatform
[2018.02.19-18.12.42:256][  0]LogTemp: Display: Loaded TP MacClientTargetPlatform
[2018.02.19-18.12.42:309][  0]LogTemp: Display: Loaded TP MacNoEditorTargetPlatform
[2018.02.19-18.12.42:361][  0]LogTemp: Display: Loaded TP MacServerTargetPlatform
[2018.02.19-18.12.42:472][  0]LogTemp: Display: Loaded TP MacTargetPlatform
[2018.02.19-18.12.42:533][  0]LogTemp: Display: Loaded TP WindowsClientTargetPlatform
[2018.02.19-18.12.42:596][  0]LogTemp: Display: Loaded TP WindowsNoEditorTargetPlatform
[2018.02.19-18.12.42:651][  0]LogTemp: Display: Loaded TP WindowsServerTargetPlatform
[2018.02.19-18.12.42:695][  0]LogTemp: Display: Loaded TP WindowsTargetPlatform
[2018.02.19-18.12.42:827][  0]LogTemp: Display: Loaded TP AndroidTargetPlatform
[2018.02.19-18.12.42:882][  0]LogTemp: Display: Loaded TP Android_ASTCTargetPlatform
[2018.02.19-18.12.42:938][  0]LogTemp: Display: Loaded TP Android_ATCTargetPlatform
[2018.02.19-18.12.42:989][  0]LogTemp: Display: Loaded TP Android_DXTTargetPlatform
[2018.02.19-18.12.43:043][  0]LogTemp: Display: Loaded TP Android_ETC1TargetPlatform
[2018.02.19-18.12.43:098][  0]LogTemp: Display: Loaded TP Android_ETC2TargetPlatform
[2018.02.19-18.12.43:207][  0]LogTemp: Display: Loaded TP Android_MultiTargetPlatform
[2018.02.19-18.12.43:207][  0]LogTemp: Display: Loaded TP Android_PVRTCTargetPlatform
[2018.02.19-18.12.43:250][  0]LogTemp: Display: Loaded TP HTML5TargetPlatform
[2018.02.19-18.12.43:494][  0]LogTemp: Display: Loaded TP IOSTargetPlatform
[2018.02.19-18.12.43:540][  0]LogTemp: Display: Loaded TP TVOSTargetPlatform
[2018.02.19-18.12.43:591][  0]LogTemp: Display: Loaded TP LinuxClientTargetPlatform
[2018.02.19-18.12.43:646][  0]LogTemp: Display: Loaded TP LinuxNoEditorTargetPlatform
[2018.02.19-18.12.43:698][  0]LogTemp: Display: Loaded TP LinuxServerTargetPlatform
[2018.02.19-18.12.43:793][  0]LogTemp: Display: Loaded TP LinuxTargetPlatform
[2018.02.19-18.12.43:793][  0]LogTargetPlatformManager: Display: Building Assets For Windows
[2018.02.19-18.12.45:469][  0]LogDerivedDataCache: Display: Max Cache Size: 512 MB
[2018.02.19-18.12.45:754][  0]LogDerivedDataCache: Loaded boot cache 0.28s 93MB C:/Users/weret/AppData/Local/UnrealEngine/4.17/DerivedDataCache/Boot.ddc.
[2018.02.19-18.12.45:754][  0]LogDerivedDataCache: Display: Loaded Boot cache: C:/Users/weret/AppData/Local/UnrealEngine/4.17/DerivedDataCache/Boot.ddc
[2018.02.19-18.12.45:755][  0]LogDerivedDataCache: FDerivedDataBackendGraph:  Pak pak cache file ../../../../../ProjectOrca/DerivedDataCache/DDC.ddp not found, will not use a pak cache.
[2018.02.19-18.12.45:755][  0]LogDerivedDataCache: Unable to find inner node Pak for hierarchical cache Hierarchy.
[2018.02.19-18.12.45:755][  0]LogDerivedDataCache: FDerivedDataBackendGraph:  CompressedPak pak cache file ../../../../../ProjectOrca/DerivedDataCache/Compressed.ddp not found, will not use a pak cache.
[2018.02.19-18.12.45:755][  0]LogDerivedDataCache: Unable to find inner node CompressedPak for hierarchical cache Hierarchy.
[2018.02.19-18.12.45:856][  0]LogDerivedDataCache: Display: Pak cache opened for reading ../../../Engine/DerivedDataCache/Compressed.ddp.
[2018.02.19-18.12.45:870][  0]LogDerivedDataCache: Using Local data cache path C:/Users/weret/AppData/Local/UnrealEngine/Common/DerivedDataCache: Writable
[2018.02.19-18.12.45:959][  0]LogMaterial: Verifying Global Shaders for PCD3D_SM5
[2018.02.19-18.12.46:051][  0]LogSlate: Using Freetype 2.6.0
[2018.02.19-18.12.46:184][  0]LogSlate: SlateFontCache - WITH_FREETYPE: 1, WITH_HARFBUZZ: 1
[2018.02.19-18.12.46:189][  0]LogSlate: SlateFontCache - WITH_FREETYPE: 1, WITH_HARFBUZZ: 1
[2018.02.19-18.12.56:990][  0]LogAssetRegistry: FAssetRegistry took 0.0320 seconds to start up
[2018.02.19-18.12.58:690][  0]LogInit: Selected Device Profile: [Windows]
[2018.02.19-18.13.02:897][  0]LogContentStreaming: Texture pool size is 0.00 MB
[2018.02.19-18.13.03:979][  0]LogSimplygon: Simplygon DLL not present - disabling.
[2018.02.19-18.13.04:044][  0]LogMeshReduction: Using SimplygonSwarm for distributed automatic mesh merging
[2018.02.19-18.13.04:079][  0]LogMeshReduction: Using QuadricMeshReduction for automatic static mesh reduction
[2018.02.19-18.13.04:079][  0]LogMeshReduction: No automatic skeletal mesh reduction module available
[2018.02.19-18.13.04:079][  0]LogMeshReduction: No automatic mesh merging module available
[2018.02.19-18.13.04:079][  0]LogMeshMerging: No automatic mesh merging module available
[2018.02.19-18.13.08:302][  0]LogNetVersion: ProjectOrca , NetCL: 3573198, EngineNetVer: 2, GameNetVer: 0 (Checksum: 811679591)
[2018.02.19-18.13.10:631][  0]LogPackageLocalizationCache: Processed 5 localized package path(s) for 2 prioritized culture(s) in 0.170381 seconds
[2018.02.19-18.13.10:659][  0]LogUObjectArray: 35825 objects as part of root set at end of initial load.
[2018.02.19-18.13.10:659][  0]LogUObjectAllocator: 7529112 out of 0 bytes used by permanent object pool.
[2018.02.19-18.13.10:659][  0]LogUObjectArray: CloseDisregardForGC: 0/0 objects in disregard for GC pool
[2018.02.19-18.13.10:724][  0]LogInit: WinSock: version 1.1 (2.2), MaxSocks=32767, MaxUdp=65467
[2018.02.19-18.13.39:588][  0]LogTcpMessaging: Initializing TcpMessaging bridge
[2018.02.19-18.13.39:644][  0]LogUdpMessaging: Initializing bridge on interface 0.0.0.0:0 to multicast group 230.0.0.1:6666.
[2018.02.19-18.13.41:445][  0]LogMaterial: Uniform references updated for custom material expression Custom.
[2018.02.19-18.13.42:582][  0]SourceControl: Source control is disabled
[2018.02.19-18.13.42:582][  0]SourceControl: Source control is disabled
[2018.02.19-18.13.42:676][  0]SourceControl: Source control is disabled
[2018.02.19-18.13.42:745][  0]SourceControl: Source control is disabled
[2018.02.19-18.13.44:068][  0]LogAndroidPermission: UAndroidPermissionCallbackProxy::GetInstance
[2018.02.19-18.13.44:358][  0]LogOcInput: OculusInput pre-init called
[2018.02.19-18.13.45:233][  0]LogEngine: Initializing Engine...
[2018.02.19-18.13.45:622][  0]LogHMD: Failed to initialize OpenVR with code 126
[2018.02.19-18.13.49:275][  0]LogStats: UGameplayTagsManager::ConstructGameplayTagTree: Construct from data asset -  0.000 s
[2018.02.19-18.13.49:275][  0]LogStats: UGameplayTagsManager::ConstructGameplayTagTree: GameplayTagTreeChangedEvent.Broadcast -  0.000 s
[2018.02.19-18.13.50:270][  0]LogAIModule: Creating AISystem for world Untitled
[2018.02.19-18.13.50:636][  0]LogInit: XAudio2 using 'Speakers (Realtek High Definition Audio)' : 6 channels at 48 kHz using 32 bits per sample (channel mask 0x3f)
[2018.02.19-18.13.50:713][  0]LogInit: FAudioDevice initialized.
[2018.02.19-18.13.50:817][  0]LogDerivedDataCache: Saved boot cache 0.10s 93MB C:/Users/weret/AppData/Local/UnrealEngine/4.17/DerivedDataCache/Boot.ddc.
[2018.02.19-18.13.50:826][  0]LogInit: Texture streaming: Enabled
[2018.02.19-18.13.51:154][  0]LogEngineSessionManager: EngineSessionManager initialized
[2018.02.19-18.13.53:471][  0]LogInit: Transaction tracking system initialized
[2018.02.19-18.13.54:529][  0]BlueprintLog: New page: Editor Load
[2018.02.19-18.13.56:944][  0]LocalizationService: Localization service is disabled
[2018.02.19-18.13.58:365][  0]LogConsoleResponse: Display: 
[2018.02.19-18.14.01:506][  0]LogCook: Display: Max memory allowance for cook 16384mb min free memory 0mb
[2018.02.19-18.14.01:507][  0]LogCook: Display: Mobile HDR setting 1
[2018.02.19-18.14.01:629][  0]LogGameplayTags: Display: UGameplayTagsManager::DoneAddingNativeTags. DelegateIsBound: 0
[2018.02.19-18.14.02:125][  0]LogFileCache: Scanning file cache for directory 'D:/weret/Project/ProjectOrca/Content/' took 0.45s
[2018.02.19-18.14.04:576][  0]SourceControl: Source control is disabled
[2018.02.19-18.14.04:662][  0]Cmd: MAP LOAD FILE="../../../../../ProjectOrca/Content/Maps/DevMap.umap" TEMPLATE=0 SHOWPROGRESS=1 FEATURELEVEL=3
[2018.02.19-18.14.04:761][  0]LightingResults: New page: Lighting Build
[2018.02.19-18.14.04:901][  0]MapCheck: New page: Map Check
[2018.02.19-18.14.04:901][  0]LightingResults: New page: Lighting Build
[2018.02.19-18.14.11:213][  0]LogAIModule: Creating AISystem for world DevMap
[2018.02.19-18.14.12:364][  0]LogEditorServer: Finished looking for orphan Actors (0.000 secs)
[2018.02.19-18.14.12:510][  0]Cmd: MAP CHECKDEP NOCLEARLOG
[2018.02.19-18.14.12:591][  0]MapCheck: Map check complete: 0 Error(s), 0 Warning(s), took 80.677ms to complete.
[2018.02.19-18.14.12:591][  0]LogFileHelpers: Loading map 'DevMap' took 7.965
[2018.02.19-18.14.14:654][  0]LogCollectionManager: Loaded 0 collections in 0.001621 seconds
[2018.02.19-18.14.15:008][  0]LogFileCache: Scanning file cache for directory 'D:/weret/Project/ProjectOrca/Saved/Collections/' took 0.01s
[2018.02.19-18.14.15:008][  0]LogFileCache: Scanning file cache for directory 'D:/weret/Project/ProjectOrca/Content/Developers/weret/Collections/' took 0.01s
[2018.02.19-18.14.15:008][  0]LogFileCache: Scanning file cache for directory 'D:/weret/Project/ProjectOrca/Content/Collections/' took 0.01s
[2018.02.19-18.14.15:008][  0]LogCollectionManager: Rebuilt the GUID cache for 0 collections in 0.000001 seconds
[2018.02.19-18.14.15:032][  0]LogContentBrowser: Native class hierarchy populated in 0.0148 seconds. Added 2386 classes and 500 folders.
[2018.02.19-18.14.15:273][  0]LogContentBrowser: Native class hierarchy updated for 'WidgetCarousel' in 0.0010 seconds. Added 0 classes and 0 folders.
[2018.02.19-18.14.17:464][  0]LogContentBrowser: Native class hierarchy updated for 'AddContentDialog' in 0.0008 seconds. Added 0 classes and 0 folders.
[2018.02.19-18.14.17:573][  0]LogContentBrowser: Native class hierarchy updated for 'SceneOutliner' in 0.0011 seconds. Added 1 classes and 2 folders.
[2018.02.19-18.14.19:556][  0]LogContentBrowser: Native class hierarchy updated for 'HierarchicalLODOutliner' in 0.0009 seconds. Added 1 classes and 2 folders.
[2018.02.19-18.14.19:557][  0]LogLoad: (Engine Initialization) Total time: 134.40 seconds
[2018.02.19-18.14.19:557][  0]LogLoad: (Engine Initialization) Total Blueprint compile time: 0.00 seconds
[2018.02.19-18.14.19:557][  0]LogExternalProfiler: No external profilers were discovered.  External profiling features will not be available.
[2018.02.19-18.14.20:169][  0]LogContentStreaming: Texture pool size now 800 MB
[2018.02.19-18.14.20:343][  0]LogSlate: Took 0.054730 seconds to synchronously load lazily loaded font '../../../Engine/Content/Slate/Fonts/Roboto-Regular.ttf' (155K)
[2018.02.19-18.14.20:404][  0]LogSlate: Took 0.059232 seconds to synchronously load lazily loaded font '../../../Engine/Content/Slate/Fonts/Roboto-Bold.ttf' (160K)
[2018.02.19-18.14.20:482][  0]LogSlate: Took 0.054995 seconds to synchronously load lazily loaded font '../../../Engine/Content/Editor/Slate/Fonts/FontAwesome.ttf' (139K)
[2018.02.19-18.14.21:082][  0]LogSlate: Took 0.021425 seconds to synchronously load lazily loaded font '../../../Engine/Content/Slate/Fonts/Roboto-Light.ttf' (159K)
[2018.02.19-18.14.22:166][  1]LogRenderer: Reallocating scene render targets to support 540x280 Format 10 NumSamples 1 (Frame:1).
[2018.02.19-18.14.22:931][  1]LogRenderer: Reallocating scene render targets to support 1080x556 Format 9 NumSamples 1 (Frame:1).
[2018.02.19-18.14.23:337][  3]LogAssetRegistry: Asset discovery search completed in 86.3701 seconds
[2018.02.19-18.14.23:339][  3]LogCollectionManager: Rebuilt the object cache for 0 collections in 0.000000 seconds (found 0 objects)
[2018.02.19-18.14.23:339][  3]LogCollectionManager: Fixed up redirectors for 0 collections in 0.000052 seconds (updated 0 objects)
[2018.02.19-18.14.23:421][  4]LogSlate: Took 0.000436 seconds to synchronously load lazily loaded font '../../../Engine/Content/Slate/Fonts/Roboto-Light.ttf' (159K)
[2018.02.19-18.14.26:563][108]LogFileCache: Retrieving MD5 hashes for directory 'D:/weret/Project/ProjectOrca/Content/' took 6.60s
[2018.02.19-18.14.29:919][208]AssetReimport: New page: Outstanding source content changes 6:14:29 PM
[2018.02.19-18.14.30:055][209]LogFactory: FactoryCreateFile: StaticMesh with FbxFactory (0 0 D:/weret/Project/ProjectOrca/Content/Assets_Characters/the test truth.fbx)
[2018.02.19-18.14.30:244][209]LogFbx: ItemName: GlobalSettings, ItemCount : 1
[2018.02.19-18.14.30:244][209]LogFbx: ItemName: AnimationStack, ItemCount : 1
[2018.02.19-18.14.30:244][209]LogFbx: ItemName: AnimationLayer, ItemCount : 1
[2018.02.19-18.14.30:244][209]LogFbx: ItemName: Geometry, ItemCount : 1
[2018.02.19-18.14.30:244][209]LogFbx: ItemName: Material, ItemCount : 1
[2018.02.19-18.14.30:244][209]LogFbx: ItemName: Texture, ItemCount : 1
[2018.02.19-18.14.30:244][209]LogFbx: ItemName: Model, ItemCount : 54
[2018.02.19-18.14.30:244][209]LogFbx: ItemName: NodeAttribute, ItemCount : 53
[2018.02.19-18.14.30:244][209]LogFbx: ItemName: AnimationCurveNode, ItemCount : 53
[2018.02.19-18.14.30:244][209]LogFbx: ItemName: Pose, ItemCount : 1
[2018.02.19-18.14.30:244][209]LogFbx: ItemName: Deformer, ItemCount : 47
[2018.02.19-18.14.30:244][209]LogFbx: ItemName: Video, ItemCount : 1
[2018.02.19-18.14.30:267][209]LogFbx: Loading FBX Scene from D:/weret/Project/ProjectOrca/Content/Assets_Characters/the test truth.fbx
[2018.02.19-18.14.30:472][209]LogFbx: FBX Scene Loaded Succesfully
[2018.02.19-18.14.37:404][303]AssetReimport: Importing new asset /Game/Assets_Characters/the_test_truth.
[2018.02.19-18.14.37:404][303]AssetReimport: Failed to import file D:/weret/Project/ProjectOrca/Content/Assets_Characters/the test truth.fbx.
[2018.02.19-18.14.40:410][363]LogAIModule: Creating AISystem for world James_LevelDemo
[2018.02.19-18.14.40:494][363]Cmd: MAP LOAD FILE="../../../../../ProjectOrca/Content/Maps/James_LevelDemo.umap" TEMPLATE=0 SHOWPROGRESS=1 FEATURELEVEL=3
[2018.02.19-18.14.40:494][363]LightingResults: New page: Lighting Build
[2018.02.19-18.14.40:495][363]LoadErrors: New page: Loading map: James_LevelDemo.umap
[2018.02.19-18.14.40:566][363]MapCheck: New page: Map Check
[2018.02.19-18.14.40:566][363]LightingResults: New page: Lighting Build
[2018.02.19-18.14.40:758][363]LogEditorServer: Finished looking for orphan Actors (0.000 secs)
[2018.02.19-18.14.40:810][363]Cmd: MAP CHECKDEP NOCLEARLOG
[2018.02.19-18.14.40:880][363]MapCheck: Map check complete: 0 Error(s), 0 Warning(s), took 70.36ms to complete.
[2018.02.19-18.14.40:880][363]LogFileHelpers: Loading map 'James_LevelDemo' took 0.391
[2018.02.19-18.39.54:827][209]LogTemp: Repeating last play command: Selected Viewport
[2018.02.19-18.39.55:846][209]LogBlueprintUserMessages: Early PlayInEditor Detection: Level '/Game/Maps/James_LevelDemo.James_LevelDemo:PersistentLevel' has LevelScriptBlueprint '/Game/Maps/James_LevelDemo.James_LevelDemo:PersistentLevel.James_LevelDemo' with GeneratedClass '/Game/Maps/James_LevelDemo.James_LevelDemo_C' with ClassGeneratedBy '/Game/Maps/James_LevelDemo.James_LevelDemo:PersistentLevel.James_LevelDemo'
[2018.02.19-18.39.55:846][209]LogPlayLevel: PlayLevel: No blueprints needed recompiling
[2018.02.19-18.39.55:886][209]PIE: New page: PIE session: James_LevelDemo (Feb 19, 2018, 6:39:55 PM)
[2018.02.19-18.39.55:887][209]LogPlayLevel: Creating play world package: /Game/Maps/UEDPIE_0_James_LevelDemo
[2018.02.19-18.39.55:928][209]LogPlayLevel: PIE: StaticDuplicateObject took: (0.041181s)
[2018.02.19-18.39.55:929][209]LogAIModule: Creating AISystem for world James_LevelDemo
[2018.02.19-18.39.55:929][209]LogPlayLevel: PIE: World Init took: (0.001351s)
[2018.02.19-18.39.55:929][209]LogPlayLevel: PIE: Created PIE world by copying editor world from /Game/Maps/James_LevelDemo.James_LevelDemo to /Game/Maps/UEDPIE_0_James_LevelDemo.James_LevelDemo (0.042952s)
[2018.02.19-18.39.55:959][209]LogInit: XAudio2 using 'Speakers (Realtek High Definition Audio)' : 6 channels at 48 kHz using 32 bits per sample (channel mask 0x3f)
[2018.02.19-18.39.56:009][209]LogInit: FAudioDevice initialized.
[2018.02.19-18.39.56:105][209]LogLoad: Game class is 'ThirdPersonGameMode_C'
[2018.02.19-18.39.56:158][209]LogWorld: Bringing World /Game/Maps/UEDPIE_0_James_LevelDemo.James_LevelDemo up for play (max tick rate 60) at 2018.02.19-18.39.56
[2018.02.19-18.39.56:200][209]LogWorld: Bringing up level for play took: 0.046168
[2018.02.19-18.39.56:352][209]LogContentBrowser: Native class hierarchy updated for 'MovieSceneCapture' in 0.0013 seconds. Added 11 classes and 0 folders.
[2018.02.19-18.39.56:496][209]PIE: Play in editor start time for /Game/Maps/UEDPIE_0_James_LevelDemo -0.24
[2018.02.19-18.39.56:497][209]LogBlueprintUserMessages: Late PlayInEditor Detection: Level '/Game/Maps/James_LevelDemo.James_LevelDemo:PersistentLevel' has LevelScriptBlueprint '/Game/Maps/James_LevelDemo.James_LevelDemo:PersistentLevel.James_LevelDemo' with GeneratedClass '/Game/Maps/James_LevelDemo.James_LevelDemo_C' with ClassGeneratedBy '/Game/Maps/James_LevelDemo.James_LevelDemo:PersistentLevel.James_LevelDemo'
[2018.02.19-18.40.04:138][647]LogBlueprintUserMessages: Early EndPlayMap Detection: Level '/Game/Maps/James_LevelDemo.James_LevelDemo:PersistentLevel' has LevelScriptBlueprint '/Game/Maps/James_LevelDemo.James_LevelDemo:PersistentLevel.James_LevelDemo' with GeneratedClass '/Game/Maps/James_LevelDemo.James_LevelDemo_C' with ClassGeneratedBy '/Game/Maps/James_LevelDemo.James_LevelDemo:PersistentLevel.James_LevelDemo'
[2018.02.19-18.40.04:222][647]LogBlueprintUserMessages: Late EndPlayMap Detection: Level '/Game/Maps/James_LevelDemo.James_LevelDemo:PersistentLevel' has LevelScriptBlueprint '/Game/Maps/James_LevelDemo.James_LevelDemo:PersistentLevel.James_LevelDemo' with GeneratedClass '/Game/Maps/James_LevelDemo.James_LevelDemo_C' with ClassGeneratedBy '/Game/Maps/James_LevelDemo.James_LevelDemo:PersistentLevel.James_LevelDemo'
[2018.02.19-18.43.39:418][192]LogEditorViewport: Clicking on Actor (LMB): StaticMeshActor (Cube12)
[2018.02.19-18.43.48:596][516]LogEditorViewport: Clicking on Actor (LMB): StaticMeshActor (Cube12)
[2018.02.19-18.44.21:663][858]LogEditorViewport: Clicking on Actor (LMB): StaticMeshActor (James_Davies_Building_A_Exterior_Floor_14)
[2018.02.19-18.44.24:493][977]Cmd: TRANSACTION UNDO
[2018.02.19-18.44.24:493][977]LogEditorTransaction: Undo Move Actors
[2018.02.19-18.44.59:666][170]LogEditorViewport: Clicking on Actor (context menu): StaticMeshActor (James_Davies_Building_A_Exterior_Floor_23)
[2018.02.19-18.45.01:353][205]LogEditorViewport: Clicking on Actor (LMB): BP_Sky_Sphere_C (Sky_Sphere)
[2018.02.19-18.45.59:280][346]LogEditorViewport: Clicking on Actor (LMB): BP_Sky_Sphere_C (Sky_Sphere)
[2018.02.19-18.45.59:985][387]LogEditorViewport: Clicking on Actor (LMB): BP_Sky_Sphere_C (Sky_Sphere)
[2018.02.19-18.46.00:559][420]LogEditorViewport: Clicking on Actor (LMB): BP_Sky_Sphere_C (Sky_Sphere)
[2018.02.19-18.47.58:953][976]LogEditorViewport: Clicking on Actor (LMB): PostProcessVolume (PostProcessVolume_Land)
[2018.02.19-18.48.06:374][250]Cmd: TRANSACTION UNDO
[2018.02.19-18.48.06:374][250]LogEditorTransaction: Undo Clicking on Actors
[2018.02.19-18.48.08:346][277]Cmd: TRANSACTION UNDO
[2018.02.19-18.48.08:346][277]LogEditorTransaction: Undo Clicking on Actors
[2018.02.19-18.48.16:259][466]Cmd: TRANSACTION UNDO
[2018.02.19-18.48.16:259][466]LogEditorTransaction: Undo Scale Actors
[2018.02.19-18.48.25:986][905]LogTemp: Repeating last play command: Selected Viewport
[2018.02.19-18.48.26:024][905]LogBlueprintUserMessages: Early PlayInEditor Detection: Level '/Game/Maps/James_LevelDemo.James_LevelDemo:PersistentLevel' has LevelScriptBlueprint '/Game/Maps/James_LevelDemo.James_LevelDemo:PersistentLevel.James_LevelDemo' with GeneratedClass '/Game/Maps/James_LevelDemo.James_LevelDemo_C' with ClassGeneratedBy '/Game/Maps/James_LevelDemo.James_LevelDemo:PersistentLevel.James_LevelDemo'
[2018.02.19-18.48.26:025][905]LogPlayLevel: PlayLevel: No blueprints needed recompiling
[2018.02.19-18.48.26:025][905]PIE: New page: PIE session: James_LevelDemo (Feb 19, 2018, 6:48:26 PM)
[2018.02.19-18.48.26:025][905]LogPlayLevel: Creating play world package: /Game/Maps/UEDPIE_0_James_LevelDemo
[2018.02.19-18.48.26:036][905]LogPlayLevel: PIE: StaticDuplicateObject took: (0.010874s)
[2018.02.19-18.48.26:037][905]LogAIModule: Creating AISystem for world James_LevelDemo
[2018.02.19-18.48.26:037][905]LogPlayLevel: PIE: World Init took: (0.001012s)
[2018.02.19-18.48.26:037][905]LogPlayLevel: PIE: Created PIE world by copying editor world from /Game/Maps/James_LevelDemo.James_LevelDemo to /Game/Maps/UEDPIE_0_James_LevelDemo.James_LevelDemo (0.012186s)
[2018.02.19-18.48.26:057][905]LogInit: XAudio2 using 'Speakers (Realtek High Definition Audio)' : 6 channels at 48 kHz using 32 bits per sample (channel mask 0x3f)
[2018.02.19-18.48.26:113][905]LogInit: FAudioDevice initialized.
[2018.02.19-18.48.26:146][905]LogLoad: Game class is 'ThirdPersonGameMode_C'
[2018.02.19-18.48.26:152][905]LogWorld: Bringing World /Game/Maps/UEDPIE_0_James_LevelDemo.James_LevelDemo up for play (max tick rate 60) at 2018.02.19-18.48.26
[2018.02.19-18.48.26:153][905]LogWorld: Bringing up level for play took: 0.005602
[2018.02.19-18.48.26:156][905]PIE: Play in editor start time for /Game/Maps/UEDPIE_0_James_LevelDemo -0.581
[2018.02.19-18.48.26:156][905]LogBlueprintUserMessages: Late PlayInEditor Detection: Level '/Game/Maps/James_LevelDemo.James_LevelDemo:PersistentLevel' has LevelScriptBlueprint '/Game/Maps/James_LevelDemo.James_LevelDemo:PersistentLevel.James_LevelDemo' with GeneratedClass '/Game/Maps/James_LevelDemo.James_LevelDemo_C' with ClassGeneratedBy '/Game/Maps/James_LevelDemo.James_LevelDemo:PersistentLevel.James_LevelDemo'
[2018.02.19-18.48.26:967][952]LogBlueprintUserMessages: Early EndPlayMap Detection: Level '/Game/Maps/James_LevelDemo.James_LevelDemo:PersistentLevel' has LevelScriptBlueprint '/Game/Maps/James_LevelDemo.James_LevelDemo:PersistentLevel.James_LevelDemo' with GeneratedClass '/Game/Maps/James_LevelDemo.James_LevelDemo_C' with ClassGeneratedBy '/Game/Maps/James_LevelDemo.James_LevelDemo:PersistentLevel.James_LevelDemo'
[2018.02.19-18.48.27:015][952]LogBlueprintUserMessages: Late EndPlayMap Detection: Level '/Game/Maps/James_LevelDemo.James_LevelDemo:PersistentLevel' has LevelScriptBlueprint '/Game/Maps/James_LevelDemo.James_LevelDemo:PersistentLevel.James_LevelDemo' with GeneratedClass '/Game/Maps/James_LevelDemo.James_LevelDemo_C' with ClassGeneratedBy '/Game/Maps/James_LevelDemo.James_LevelDemo:PersistentLevel.James_LevelDemo'
[2018.02.19-18.48.49:054][827]LogEditorViewport: Clicking on Actor (context menu): StaticMeshActor (James_Davies_Building_A_Exterior_Floor_12)
[2018.02.19-18.48.49:963][847]LogEditorViewport: Clicking on Actor (LMB): StaticMeshActor (James_Davies_Building_A_Exterior_Floor_12)
[2018.02.19-18.49.05:840][432]LogEditorViewport: Clicking on Actor (LMB): StaticMeshActor (James_Davies_Building_A_Exterior_Floor_11)
[2018.02.19-18.49.11:069][669]LogEditorViewport: Clicking on Actor (LMB): StaticMeshActor (Cube)
[2018.02.19-18.51.38:209][313]LogEditorViewport: Clicking on Actor (LMB): StaticMeshActor (James_Davies_Building_A_Exterior_Floor_6)
[2018.02.19-18.51.39:124][359]LogEditorViewport: Clicking on Actor (LMB): StaticMeshActor (James_Davies_Building_A_Exterior_Roof8)
[2018.02.19-18.51.40:204][412]LogEditorViewport: Clicking on Actor (LMB): StaticMeshActor (James_Davies_Building_A_Exterior_Floor_6)
[2018.02.19-18.51.48:208][774]LogEditorViewport: Clicking on Actor (LMB): StaticMeshActor (James_Davies_Building_A_Exterior_Floor_8)
[2018.02.19-18.51.49:253][827]LogEditorViewport: Clicking on Actor (LMB): StaticMeshActor (James_Davies_Building_A_Exterior_Roof7)
[2018.02.19-18.51.49:679][841]LogEditorViewport: Clicking on Actor (LMB): StaticMeshActor (James_Davies_Building_A_Exterior_Floor_8)
[2018.02.19-18.51.56:357][137]Cmd: TRANSACTION UNDO
[2018.02.19-18.51.56:357][137]LogEditorTransaction: Undo Move Actors
[2018.02.19-18.51.57:970][159]LogEditorViewport: Clicking on Actor (LMB): BP_Sky_Sphere_C (Sky_Sphere)
[2018.02.19-18.51.58:733][171]Cmd: TRANSACTION UNDO
[2018.02.19-18.51.58:733][171]LogEditorTransaction: Undo Clicking on Actors
[2018.02.19-18.52.02:376][248]LogEditorViewport: Clicking on Actor (LMB): BP_Sky_Sphere_C (Sky_Sphere)
[2018.02.19-18.53.20:769][983]LogEditorViewport: Clicking on Actor (LMB): StaticMeshActor (James_Davies_Building_A_Exterior_Floor_8)
[2018.02.19-19.02.08:494][ 17]LogWindowsTextInputMethodSystem: Display: IME system now deactivated.
[2018.02.19-19.02.08:496][ 17]LogWindowsTextInputMethodSystem: Display: IME system now deactivated.
[2018.02.19-19.02.08:893][ 18]Cmd: QUIT_EDITOR
[2018.02.19-19.02.09:294][ 18]LogExit: Preparing to exit.
[2018.02.19-19.02.10:007][ 18]LogDirectoryWatcher: A directory notification for 'D:/weret/Project/ProjectOrca/Content/' was aborted.
[2018.02.19-19.02.10:194][ 18]LogExit: Editor shut down
[2018.02.19-19.02.10:231][ 18]LogExit: Transaction tracking system shut down
[2018.02.19-19.02.10:450][ 18]LogDirectoryWatcher: A directory notification for '../../../Engine/Content/' was aborted.
[2018.02.19-19.02.10:450][ 18]LogDirectoryWatcher: A directory notification for '../../../../../ProjectOrca/Content/' was aborted.
[2018.02.19-19.02.10:450][ 18]LogDirectoryWatcher: A directory notification for '../../../Engine/Plugins/2D/Paper2D/Content/' was aborted.
[2018.02.19-19.02.10:450][ 18]LogDirectoryWatcher: A directory notification for '../../../Engine/Plugins/Runtime/Oculus/OculusVR/Content/' was aborted.
[2018.02.19-19.02.10:450][ 18]LogDirectoryWatcher: A directory notification for '../../../Engine/Plugins/Runtime/Steam/SteamVR/Content/' was aborted.
[2018.02.19-19.02.11:016][ 18]LogExit: Object subsystem successfully closed.
[2018.02.19-19.02.11:089][ 18]LogD3D11RHI: Shutdown
[2018.02.19-19.02.11:089][ 18]LogD3D11RHI: CleanupD3DDevice
[2018.02.19-19.02.11:094][ 18]LogD3D11RHI: ~FD3D11DynamicRHI
[2018.02.19-19.02.11:377][ 18]LogModuleManager: Shutting down and abandoning module MovieSceneCapture (532)
[2018.02.19-19.02.11:377][ 18]LogModuleManager: Shutting down and abandoning module HierarchicalLODOutliner (530)
[2018.02.19-19.02.11:377][ 18]LogModuleManager: Shutting down and abandoning module SceneOutliner (528)
[2018.02.19-19.02.11:377][ 18]LogModuleManager: Shutting down and abandoning module AddContentDialog (526)
[2018.02.19-19.02.11:377][ 18]LogDirectoryWatcher: A directory notification for 'D:/weret/Project/Unreal/UE_4.17/FeaturePacks/' was aborted.
[2018.02.19-19.02.11:384][ 18]LogModuleManager: Shutting down and abandoning module WidgetCarousel (525)
[2018.02.19-19.02.11:384][ 18]LogModuleManager: Shutting down and abandoning module EditorWidgets (522)
[2018.02.19-19.02.11:384][ 18]LogModuleManager: Shutting down and abandoning module CollectionManager (520)
[2018.02.19-19.02.11:385][ 18]LogDirectoryWatcher: A directory notification for 'D:/weret/Project/ProjectOrca/Content/Collections/' was aborted.
[2018.02.19-19.02.11:385][ 18]LogDirectoryWatcher: A directory notification for 'D:/weret/Project/ProjectOrca/Content/Developers/weret/Collections/' was aborted.
[2018.02.19-19.02.11:385][ 18]LogDirectoryWatcher: A directory notification for 'D:/weret/Project/ProjectOrca/Saved/Collections/' was aborted.
[2018.02.19-19.02.11:385][ 18]LogModuleManager: Shutting down and abandoning module StatsViewer (518)
[2018.02.19-19.02.11:385][ 18]LogModuleManager: Shutting down and abandoning module FoliageEdit (516)
[2018.02.19-19.02.11:385][ 18]LogModuleManager: Shutting down and abandoning module LandscapeEditor (514)
[2018.02.19-19.02.11:392][ 18]LogModuleManager: Shutting down and abandoning module MeshPaintMode (512)
[2018.02.19-19.02.11:392][ 18]LogModuleManager: Shutting down and abandoning module SceneDepthPickerMode (510)
[2018.02.19-19.02.11:392][ 18]LogModuleManager: Shutting down and abandoning module ActorPickerMode (508)
[2018.02.19-19.02.11:392][ 18]LogModuleManager: Shutting down and abandoning module GeometryMode (506)
[2018.02.19-19.02.11:392][ 18]LogModuleManager: Shutting down and abandoning module TextureAlignMode (504)
[2018.02.19-19.02.11:392][ 18]LogModuleManager: Shutting down and abandoning module BspMode (502)
[2018.02.19-19.02.11:392][ 18]LogModuleManager: Shutting down and abandoning module PIEPreviewDeviceProfileSelector (500)
[2018.02.19-19.02.11:392][ 18]LogModuleManager: Shutting down and abandoning module HardwareSurvey (498)
[2018.02.19-19.02.11:392][ 18]LogModuleManager: Shutting down and abandoning module SequenceRecorderSections (496)
[2018.02.19-19.02.11:392][ 18]LogModuleManager: Shutting down and abandoning module AutomationWorker (494)
[2018.02.19-19.02.11:392][ 18]LogModuleManager: Shutting down and abandoning module MatineeToLevelSequence (492)
[2018.02.19-19.02.11:392][ 18]LogModuleManager: Shutting down and abandoning module LevelSequenceEditor (490)
[2018.02.19-19.02.11:410][ 18]LogModuleManager: Shutting down and abandoning module PlacementMode (489)
[2018.02.19-19.02.11:410][ 18]LogModuleManager: Shutting down and abandoning module WmfMediaFactory (486)
[2018.02.19-19.02.11:410][ 18]LogModuleManager: Shutting down and abandoning module WmfMediaEditor (484)
[2018.02.19-19.02.11:410][ 18]LogModuleManager: Shutting down and abandoning module AvfMediaFactory (482)
[2018.02.19-19.02.11:410][ 18]LogModuleManager: Shutting down and abandoning module AvfMediaEditor (480)
[2018.02.19-19.02.11:410][ 18]LogModuleManager: Shutting down and abandoning module AndroidMediaFactory (478)
[2018.02.19-19.02.11:410][ 18]LogModuleManager: Shutting down and abandoning module Media (477)
[2018.02.19-19.02.11:410][ 18]LogModuleManager: Shutting down and abandoning module AndroidMediaEditor (474)
[2018.02.19-19.02.11:410][ 18]LogModuleManager: Shutting down and abandoning module CharacterAI (472)
[2018.02.19-19.02.11:410][ 18]LogModuleManager: Shutting down and abandoning module AudioCapture (470)
[2018.02.19-19.02.11:410][ 18]LogModuleManager: Shutting down and abandoning module SequenceRecorder (469)
[2018.02.19-19.02.11:410][ 18]LogModuleManager: Shutting down and abandoning module SmartSnapping (466)
[2018.02.19-19.02.11:411][ 18]LogModuleManager: Shutting down and abandoning module SessionServices (464)
[2018.02.19-19.02.11:411][ 18]LogModuleManager: Shutting down and abandoning module ViewportSnapping (462)
[2018.02.19-19.02.11:411][ 18]LogModuleManager: Shutting down and abandoning module ViewportInteraction (460)
[2018.02.19-19.02.11:411][ 18]LogModuleManager: Shutting down and abandoning module ClothPainter (458)
[2018.02.19-19.02.11:423][ 18]LogModuleManager: Shutting down and abandoning module LogVisualizer (456)
[2018.02.19-19.02.11:424][ 18]LogModuleManager: Shutting down and abandoning module IntroTutorials (454)
[2018.02.19-19.02.11:424][ 18]LogModuleManager: Shutting down and abandoning module GameProjectGeneration (453)
[2018.02.19-19.02.11:438][ 18]LogModuleManager: Shutting down and abandoning module IOSPlatformEditor (450)
[2018.02.19-19.02.11:438][ 18]LogModuleManager: Shutting down and abandoning module HTML5PlatformEditor (448)
[2018.02.19-19.02.11:438][ 18]LogModuleManager: Shutting down and abandoning module AndroidPlatformEditor (446)
[2018.02.19-19.02.11:438][ 18]LogModuleManager: Shutting down and abandoning module AndroidDeviceDetection (445)
[2018.02.19-19.02.11:717][ 18]LogModuleManager: Shutting down and abandoning module WindowsPlatformEditor (442)
[2018.02.19-19.02.11:717][ 18]LogModuleManager: Shutting down and abandoning module IOSRuntimeSettings (440)
[2018.02.19-19.02.11:717][ 18]LogModuleManager: Shutting down and abandoning module AndroidRuntimeSettings (438)
[2018.02.19-19.02.11:717][ 18]LogModuleManager: Shutting down and abandoning module InputBindingEditor (436)
[2018.02.19-19.02.11:717][ 18]LogModuleManager: Shutting down and abandoning module MergeActors (434)
[2018.02.19-19.02.11:760][ 18]LogModuleManager: Shutting down and abandoning module SizeMap (432)
[2018.02.19-19.02.11:760][ 18]LogModuleManager: Shutting down and abandoning module TreeMap (430)
[2018.02.19-19.02.11:760][ 18]LogModuleManager: Shutting down and abandoning module ReferenceViewer (428)
[2018.02.19-19.02.11:760][ 18]LogModuleManager: Shutting down and abandoning module LocalizationDashboard (426)
[2018.02.19-19.02.11:771][ 18]LogModuleManager: Shutting down and abandoning module LocalizationService (425)
[2018.02.19-19.02.11:771][ 18]LogModuleManager: Shutting down and abandoning module HardwareTargeting (422)
[2018.02.19-19.02.11:771][ 18]LogModuleManager: Shutting down and abandoning module DeviceProfileEditor (420)
[2018.02.19-19.02.11:771][ 18]LogModuleManager: Shutting down and abandoning module UndoHistory (418)
[2018.02.19-19.02.11:771][ 18]LogModuleManager: Shutting down and abandoning module XmlParser (416)
[2018.02.19-19.02.11:771][ 18]LogModuleManager: Shutting down and abandoning module Blutility (414)
[2018.02.19-19.02.11:771][ 18]LogModuleManager: Shutting down and abandoning module ProjectSettingsViewer (412)
[2018.02.19-19.02.11:771][ 18]LogModuleManager: Shutting down and abandoning module ProjectTargetPlatformEditor (411)
[2018.02.19-19.02.11:771][ 18]LogModuleManager: Shutting down and abandoning module EditorSettingsViewer (408)
[2018.02.19-19.02.11:771][ 18]LogModuleManager: Shutting down and abandoning module SettingsEditor (406)
[2018.02.19-19.02.11:789][ 18]LogModuleManager: Shutting down and abandoning module ProjectLauncher (404)
[2018.02.19-19.02.11:804][ 18]LogModuleManager: Shutting down and abandoning module SessionFrontend (402)
[2018.02.19-19.02.11:804][ 18]LogModuleManager: Shutting down and abandoning module ProfilerClient (400)
[2018.02.19-19.02.11:821][ 18]LogModuleManager: Shutting down and abandoning module DeviceManager (398)
[2018.02.19-19.02.11:822][ 18]LogModuleManager: Shutting down and abandoning module TargetDeviceServices (397)
[2018.02.19-19.02.11:875][ 18]LogModuleManager: Shutting down and abandoning module AutomationController (394)
[2018.02.19-19.02.11:875][ 18]LogModuleManager: Shutting down and abandoning module AutomationWindow (392)
[2018.02.19-19.02.11:897][ 18]LogModuleManager: Shutting down and abandoning module Layers (390)
[2018.02.19-19.02.11:919][ 18]LogModuleManager: Shutting down and abandoning module ComponentVisualizers (388)
[2018.02.19-19.02.11:919][ 18]LogModuleManager: Shutting down and abandoning module DetailCustomizations (386)
[2018.02.19-19.02.11:919][ 18]LogModuleManager: Shutting down and abandoning module PackagesDialog (384)
[2018.02.19-19.02.11:920][ 18]LogModuleManager: Shutting down and abandoning module Persona (382)
[2018.02.19-19.02.11:940][ 18]LogModuleManager: Shutting down and abandoning module AdvancedPreviewScene (381)
[2018.02.19-19.02.11:940][ 18]LogModuleManager: Shutting down and abandoning module AnimGraph (379)
[2018.02.19-19.02.11:940][ 18]LogModuleManager: Shutting down and abandoning module Kismet (376)
[2018.02.19-19.02.11:941][ 18]LogModuleManager: Shutting down and abandoning module ClassViewer (374)
[2018.02.19-19.02.11:941][ 18]LogModuleManager: Shutting down and abandoning module Toolbox (372)
[2018.02.19-19.02.11:941][ 18]LogModuleManager: Shutting down and abandoning module ModuleUI (370)
[2018.02.19-19.02.11:951][ 18]LogModuleManager: Shutting down and abandoning module MovieSceneTools (368)
[2018.02.19-19.02.11:972][ 18]LogModuleManager: Shutting down and abandoning module OutputLog (366)
[2018.02.19-19.02.11:972][ 18]LogModuleManager: Shutting down and abandoning module GammaUI (364)
[2018.02.19-19.02.11:972][ 18]LogModuleManager: Shutting down and abandoning module Documentation (362)
[2018.02.19-19.02.11:972][ 18]LogModuleManager: Shutting down and abandoning module MovieSceneTracks (360)
[2018.02.19-19.02.11:985][ 18]LogModuleManager: Shutting down and abandoning module MovieScene (358)
[2018.02.19-19.02.11:985][ 18]LogModuleManager: Shutting down and abandoning module Niagara (356)
[2018.02.19-19.02.11:985][ 18]LogModuleManager: Shutting down and abandoning module NiagaraEditor (355)
[2018.02.19-19.02.11:993][ 18]LogModuleManager: Shutting down and abandoning module StreamingPauseRendering (352)
[2018.02.19-19.02.11:993][ 18]LogModuleManager: Shutting down and abandoning module LauncherPlatform (350)
[2018.02.19-19.02.11:993][ 18]LogModuleManager: Shutting down and abandoning module AnalyticsET (348)
[2018.02.19-19.02.11:993][ 18]LogModuleManager: Shutting down and abandoning module PortalServices (346)
[2018.02.19-19.02.11:993][ 18]LogModuleManager: Shutting down and abandoning module PortalRpc (344)
[2018.02.19-19.02.11:993][ 18]LogModuleManager: Shutting down and abandoning module MessagingRpc (342)
[2018.02.19-19.02.11:993][ 18]LogModuleManager: Shutting down and abandoning module AIModule (340)
[2018.02.19-19.02.11:993][ 18]LogModuleManager: Shutting down and abandoning module GameplayDebugger (339)
[2018.02.19-19.02.11:993][ 18]LogModuleManager: Shutting down and abandoning module AITestSuite (337)
[2018.02.19-19.02.11:993][ 18]LogModuleManager: Shutting down and abandoning module ProfilerService (334)
[2018.02.19-19.02.12:067][ 18]LogModuleManager: Shutting down and abandoning module TaskGraph (332)
[2018.02.19-19.02.12:079][ 18]LogModuleManager: Shutting down and abandoning module SteamVRController (330)
[2018.02.19-19.02.12:079][ 18]LogModuleManager: Shutting down and abandoning module ProceduralMeshComponentEditor (328)
[2018.02.19-19.02.12:080][ 18]LogModuleManager: Shutting down and abandoning module ProceduralMeshComponent (326)
[2018.02.19-19.02.12:080][ 18]LogModuleManager: Shutting down and abandoning module OculusInput (324)
[2018.02.19-19.02.12:080][ 18]LogModuleManager: Shutting down and abandoning module MobilePatchingUtils (322)
[2018.02.19-19.02.12:080][ 18]LogModuleManager: Shutting down and abandoning module CustomMeshComponent (320)
[2018.02.19-19.02.12:080][ 18]LogModuleManager: Shutting down and abandoning module CableComponent (318)
[2018.02.19-19.02.12:080][ 18]LogModuleManager: Shutting down and abandoning module ArchVisCharacter (316)
[2018.02.19-19.02.12:080][ 18]LogModuleManager: Shutting down and abandoning module AndroidPermission (314)
[2018.02.19-19.02.12:080][ 18]LogModuleManager: Shutting down and abandoning module MediaPlayerEditor (310)
[2018.02.19-19.02.12:092][ 18]LogModuleManager: Shutting down and abandoning module HTML5Networking (308)
[2018.02.19-19.02.12:092][ 18]LogModuleManager: Shutting down and abandoning module AlembicImporter (306)
[2018.02.19-19.02.12:107][ 18]LogModuleManager: Shutting down and abandoning module AlembicLibrary (305)
[2018.02.19-19.02.12:107][ 18]LogModuleManager: Shutting down and abandoning module GeometryCache (304)
[2018.02.19-19.02.12:107][ 18]LogModuleManager: Shutting down and abandoning module GeometryCacheEd (303)
[2018.02.19-19.02.12:107][ 18]LogModuleManager: Shutting down and abandoning module SpeedTreeImporter (298)
[2018.02.19-19.02.12:107][ 18]LogModuleManager: Shutting down and abandoning module PluginBrowser (296)
[2018.02.19-19.02.12:129][ 18]LogModuleManager: Shutting down and abandoning module MobileLauncherProfileWizard (294)
[2018.02.19-19.02.12:147][ 18]LogModuleManager: Shutting down and abandoning module VisualStudioSourceCodeAccess (292)
[2018.02.19-19.02.12:147][ 18]LogModuleManager: Shutting down and abandoning module DesktopPlatform (291)
[2018.02.19-19.02.12:147][ 18]LogModuleManager: Shutting down and abandoning module UObjectPlugin (288)
[2018.02.19-19.02.12:147][ 18]LogModuleManager: Shutting down and abandoning module SubversionSourceControl (286)
[2018.02.19-19.02.12:147][ 18]LogModuleManager: Shutting down and abandoning module PerforceSourceControl (284)
[2018.02.19-19.02.12:147][ 18]LogModuleManager: Shutting down and abandoning module GitSourceControl (282)
[2018.02.19-19.02.12:147][ 18]LogModuleManager: Shutting down and abandoning module SourceControl (281)
[2018.02.19-19.02.12:147][ 18]LogModuleManager: Shutting down and abandoning module LightPropagationVolumeEditor (278)
[2018.02.19-19.02.12:147][ 18]LogModuleManager: Shutting down and abandoning module PaperTiledImporter (276)
[2018.02.19-19.02.12:147][ 18]LogModuleManager: Shutting down and abandoning module PaperSpriteSheetImporter (274)
[2018.02.19-19.02.12:147][ 18]LogModuleManager: Shutting down and abandoning module Paper2DEditor (272)
[2018.02.19-19.02.12:147][ 18]LogModuleManager: Shutting down and abandoning module MeshPaint (271)
[2018.02.19-19.02.12:147][ 18]LogModuleManager: Shutting down and abandoning module LevelEditor (269)
[2018.02.19-19.02.12:149][ 18]LogModuleManager: Shutting down and abandoning module PixelInspectorModule (268)
[2018.02.19-19.02.12:149][ 18]LogModuleManager: Shutting down and abandoning module MainFrame (266)
[2018.02.19-19.02.12:149][ 18]LogModuleManager: Shutting down and abandoning module HotReload (265)
[2018.02.19-19.02.12:149][ 18]LogModuleManager: Shutting down and abandoning module RuntimePhysXCooking (260)
[2018.02.19-19.02.12:149][ 18]LogModuleManager: Shutting down and abandoning module PhysXVehiclesEditor (258)
[2018.02.19-19.02.12:149][ 18]LogModuleManager: Shutting down and abandoning module PhysXVehicles (256)
[2018.02.19-19.02.12:149][ 18]LogModuleManager: Shutting down and abandoning module OculusEditor (254)
[2018.02.19-19.02.12:149][ 18]LogModuleManager: Shutting down and abandoning module LocationServicesBPLibrary (252)
[2018.02.19-19.02.12:149][ 18]LogModuleManager: Shutting down and abandoning module ImmediatePhysicsEditor (250)
[2018.02.19-19.02.12:149][ 18]LogModuleManager: Shutting down and abandoning module ImmediatePhysics (248)
[2018.02.19-19.02.12:149][ 18]LogModuleManager: Shutting down and abandoning module UdpMessaging (246)
[2018.02.19-19.02.12:250][ 18]LogModuleManager: Shutting down and abandoning module TcpMessaging (244)
[2018.02.19-19.02.12:350][ 18]LogModuleManager: Shutting down and abandoning module GameplayTagsEditor (242)
[2018.02.19-19.02.12:357][ 18]LogModuleManager: Shutting down and abandoning module FacialAnimationEditor (240)
[2018.02.19-19.02.12:357][ 18]LogModuleManager: Shutting down and abandoning module FacialAnimation (238)
[2018.02.19-19.02.12:357][ 18]LogModuleManager: Shutting down and abandoning module AssetManagerEditor (236)
[2018.02.19-19.02.12:357][ 18]LogModuleManager: Shutting down and abandoning module GraphEditor (235)
[2018.02.19-19.02.12:391][ 18]LogModuleManager: Shutting down and abandoning module ContentBrowser (233)
[2018.02.19-19.02.12:393][ 18]LogModuleManager: Shutting down and abandoning module LightPropagationVolumeRuntime (230)
[2018.02.19-19.02.12:393][ 18]LogModuleManager: Shutting down and abandoning module Paper2D (228)
[2018.02.19-19.02.12:393][ 18]LogModuleManager: Shutting down and abandoning module WindowsMoviePlayer (226)
[2018.02.19-19.02.12:393][ 18]LogModuleManager: Shutting down and abandoning module WmfMedia (224)
[2018.02.19-19.02.12:400][ 18]LogModuleManager: Shutting down and abandoning module PacketHandler (222)
[2018.02.19-19.02.12:400][ 18]LogModuleManager: Shutting down and abandoning module ClothingSystemEditor (220)
[2018.02.19-19.02.12:400][ 18]LogModuleManager: Shutting down and abandoning module ClothingSystemRuntime (218)
[2018.02.19-19.02.12:419][ 18]LogModuleManager: Shutting down and abandoning module Overlay (216)
[2018.02.19-19.02.12:419][ 18]LogModuleManager: Shutting down and abandoning module OverlayEditor (215)
[2018.02.19-19.02.12:419][ 18]LogModuleManager: Shutting down and abandoning module MediaAssets (212)
[2018.02.19-19.02.12:419][ 18]LogModuleManager: Shutting down and abandoning module VREditor (210)
[2018.02.19-19.02.12:433][ 18]LogModuleManager: Shutting down and abandoning module StringTableEditor (208)
[2018.02.19-19.02.12:439][ 18]LogModuleManager: Shutting down and abandoning module GameplayTasksEditor (206)
[2018.02.19-19.02.12:439][ 18]LogModuleManager: Shutting down and abandoning module BehaviorTreeEditor (204)
[2018.02.19-19.02.12:465][ 18]LogModuleManager: Shutting down and abandoning module FunctionalTesting (202)
[2018.02.19-19.02.12:465][ 18]LogModuleManager: Shutting down and abandoning module CollisionAnalyzer (200)
[2018.02.19-19.02.12:465][ 18]LogModuleManager: Shutting down and abandoning module WorkspaceMenuStructure (199)
[2018.02.19-19.02.12:465][ 18]LogModuleManager: Shutting down and abandoning module UMG (196)
[2018.02.19-19.02.12:479][ 18]LogModuleManager: Shutting down and abandoning module UMGEditor (195)
[2018.02.19-19.02.12:498][ 18]LogModuleManager: Shutting down and abandoning module Sequencer (194)
[2018.02.19-19.02.12:517][ 18]LogModuleManager: Shutting down and abandoning module MessageLog (191)
[2018.02.19-19.02.12:517][ 18]LogModuleManager: Shutting down and abandoning module SlateReflector (186)
[2018.02.19-19.02.12:539][ 18]LogModuleManager: Shutting down and abandoning module Slate (184)
[2018.02.19-19.02.12:539][ 18]LogModuleManager: Shutting down and abandoning module EditorStyle (182)
[2018.02.19-19.02.12:542][ 18]LogModuleManager: Shutting down and abandoning module MRMesh (180)
[2018.02.19-19.02.12:542][ 18]LogModuleManager: Shutting down and abandoning module SourceCodeAccess (178)
[2018.02.19-19.02.12:542][ 18]LogModuleManager: Shutting down and abandoning module HeadMountedDisplay (176)
[2018.02.19-19.02.12:542][ 18]LogModuleManager: Shutting down and abandoning module XAudio2 (174)
[2018.02.19-19.02.12:542][ 18]LogModuleManager: Shutting down and abandoning module Networking (172)
[2018.02.19-19.02.12:542][ 18]LogModuleManager: Shutting down and abandoning module Core (168)
[2018.02.19-19.02.12:542][ 18]LogModuleManager: Shutting down and abandoning module KismetCompiler (164)
[2018.02.19-19.02.12:542][ 18]LogModuleManager: Shutting down and abandoning module LevelSequence (162)
[2018.02.19-19.02.12:542][ 18]LogModuleManager: Shutting down and abandoning module MeshUtilities (160)
[2018.02.19-19.02.12:554][ 18]LogModuleManager: Shutting down and abandoning module MeshMergeUtilities (159)
[2018.02.19-19.02.12:566][ 18]LogModuleManager: Shutting down and abandoning module MeshReductionInterface (158)
[2018.02.19-19.02.12:566][ 18]LogModuleManager: Shutting down and abandoning module SimplygonSwarm (157)
[2018.02.19-19.02.12:580][ 18]LogModuleManager: Shutting down and abandoning module SimplygonMeshReduction (155)
[2018.02.19-19.02.12:580][ 18]LogModuleManager: Shutting down and abandoning module QuadricMeshReduction (153)
[2018.02.19-19.02.12:580][ 18]LogModuleManager: Shutting down and abandoning module MaterialBaking (149)
[2018.02.19-19.02.12:580][ 18]LogModuleManager: Shutting down and abandoning module DirectoryWatcher (146)
[2018.02.19-19.02.12:587][ 18]LogModuleManager: Shutting down and abandoning module DerivedDataCache (144)
[2018.02.19-19.02.12:681][ 18]LogDerivedDataCache: Shutdown
[2018.02.19-19.02.12:681][ 18]LogModuleManager: Shutting down and abandoning module TargetPlatform (142)
[2018.02.19-19.02.12:682][ 18]LogModuleManager: Shutting down and abandoning module VulkanShaderFormat (141)
[2018.02.19-19.02.12:682][ 18]LogModuleManager: Shutting down and abandoning module ShaderFormatVectorVM (139)
[2018.02.19-19.02.12:705][ 18]LogModuleManager: Shutting down and abandoning module ShaderFormatOpenGL (137)
[2018.02.19-19.02.12:727][ 18]LogModuleManager: Shutting down and abandoning module ShaderFormatD3D (135)
[2018.02.19-19.02.12:727][ 18]LogModuleManager: Shutting down and abandoning module MetalShaderFormat (133)
[2018.02.19-19.02.12:746][ 18]LogModuleManager: Shutting down and abandoning module TextureFormatUncompressed (131)
[2018.02.19-19.02.12:746][ 18]LogModuleManager: Shutting down and abandoning module TextureFormatPVR (129)
[2018.02.19-19.02.12:746][ 18]LogModuleManager: Shutting down and abandoning module TextureFormatDXT (127)
[2018.02.19-19.02.12:746][ 18]LogModuleManager: Shutting down and abandoning module TextureFormatIntelISPCTexComp (125)
[2018.02.19-19.02.12:746][ 18]LogModuleManager: Shutting down and abandoning module TextureFormatASTC (123)
[2018.02.19-19.02.12:746][ 18]LogModuleManager: Shutting down and abandoning module ImageWrapper (122)
[2018.02.19-19.02.12:746][ 18]LogModuleManager: Shutting down and abandoning module TextureFormatAndroid (119)
[2018.02.19-19.02.12:746][ 18]LogModuleManager: Shutting down and abandoning module AudioFormatOpus (117)
[2018.02.19-19.02.12:746][ 18]LogModuleManager: Shutting down and abandoning module AudioFormatOgg (115)
[2018.02.19-19.02.12:746][ 18]LogModuleManager: Shutting down and abandoning module AudioFormatADPCM (113)
[2018.02.19-19.02.12:746][ 18]LogModuleManager: Shutting down and abandoning module LinuxTargetPlatform (111)
[2018.02.19-19.02.12:746][ 18]LogModuleManager: Shutting down and abandoning module LinuxServerTargetPlatform (109)
[2018.02.19-19.02.12:746][ 18]LogModuleManager: Shutting down and abandoning module LinuxNoEditorTargetPlatform (107)
[2018.02.19-19.02.12:746][ 18]LogModuleManager: Shutting down and abandoning module LinuxClientTargetPlatform (105)
[2018.02.19-19.02.12:746][ 18]LogModuleManager: Shutting down and abandoning module TVOSTargetPlatform (103)
[2018.02.19-19.02.12:746][ 18]LogModuleManager: Shutting down and abandoning module Messaging (101)
[2018.02.19-19.02.12:747][ 18]LogModuleManager: Shutting down and abandoning module IOSTargetPlatform (99)
[2018.02.19-19.02.12:747][ 18]LogModuleManager: Shutting down and abandoning module HTML5TargetPlatform (97)
[2018.02.19-19.02.12:747][ 18]LogModuleManager: Shutting down and abandoning module Android_PVRTCTargetPlatform (95)
[2018.02.19-19.02.12:747][ 18]LogModuleManager: Shutting down and abandoning module Android_MultiTargetPlatform (93)
[2018.02.19-19.02.12:747][ 18]LogModuleManager: Shutting down and abandoning module Android_ETC2TargetPlatform (91)
[2018.02.19-19.02.12:747][ 18]LogModuleManager: Shutting down and abandoning module Android_ETC1TargetPlatform (89)
[2018.02.19-19.02.12:747][ 18]LogModuleManager: Shutting down and abandoning module Android_DXTTargetPlatform (87)
[2018.02.19-19.02.12:747][ 18]LogModuleManager: Shutting down and abandoning module Android_ATCTargetPlatform (85)
[2018.02.19-19.02.12:747][ 18]LogModuleManager: Shutting down and abandoning module Android_ASTCTargetPlatform (83)
[2018.02.19-19.02.12:747][ 18]LogModuleManager: Shutting down and abandoning module AndroidTargetPlatform (81)
[2018.02.19-19.02.12:747][ 18]LogModuleManager: Shutting down and abandoning module WindowsTargetPlatform (79)
[2018.02.19-19.02.12:747][ 18]LogModuleManager: Shutting down and abandoning module WindowsServerTargetPlatform (77)
[2018.02.19-19.02.12:747][ 18]LogModuleManager: Shutting down and abandoning module WindowsNoEditorTargetPlatform (75)
[2018.02.19-19.02.12:747][ 18]LogModuleManager: Shutting down and abandoning module WindowsClientTargetPlatform (73)
[2018.02.19-19.02.12:747][ 18]LogModuleManager: Shutting down and abandoning module MacTargetPlatform (71)
[2018.02.19-19.02.12:747][ 18]LogModuleManager: Shutting down and abandoning module MacServerTargetPlatform (69)
[2018.02.19-19.02.12:747][ 18]LogModuleManager: Shutting down and abandoning module MacNoEditorTargetPlatform (67)
[2018.02.19-19.02.12:747][ 18]LogModuleManager: Shutting down and abandoning module MacClientTargetPlatform (65)
[2018.02.19-19.02.12:747][ 18]LogModuleManager: Shutting down and abandoning module AllDesktopTargetPlatform (63)
[2018.02.19-19.02.12:747][ 18]LogModuleManager: Shutting down and abandoning module InputCore (60)
[2018.02.19-19.02.12:747][ 18]LogModuleManager: Shutting down and abandoning module Settings (58)
[2018.02.19-19.02.12:747][ 18]LogModuleManager: Shutting down and abandoning module PhysXCooking (56)
[2018.02.19-19.02.12:747][ 18]LogModuleManager: Shutting down and abandoning module SteamVR (54)
[2018.02.19-19.02.12:747][ 18]LogModuleManager: Shutting down and abandoning module OculusHMD (52)
[2018.02.19-19.02.12:747][ 18]LogModuleManager: Shutting down and abandoning module ExampleDeviceProfileSelector (50)
[2018.02.19-19.02.12:747][ 18]LogModuleManager: Shutting down and abandoning module OnlineBlueprintSupport (48)
[2018.02.19-19.02.12:747][ 18]LogModuleManager: Shutting down and abandoning module OnlineSubsystem (44)
[2018.02.19-19.02.12:747][ 18]LogOnline: Display: Unloading online subsystem: NULL
[2018.02.19-19.02.12:777][ 18]LogModuleManager: Shutting down and abandoning module XMPP (43)
[2018.02.19-19.02.12:791][ 18]LogModuleManager: Shutting down and abandoning module HTTP (41)
[2018.02.19-19.02.12:791][ 18]LogHttp: Display: Http module shutting down, but needs to wait on 1 outstanding Http requests:
[2018.02.19-19.02.12:791][ 18]LogHttp: Display: 	verb=[POST] url=[https://datarouter.ol.epicgames.com/datarouter/api/v1/public/data?SessionID=%7BA88B8F59-486B-2991-1E88-A5972CC8CADC%7D&AppID=UEEditor.Rocket.Release&AppVersion=4.17.2-3658906%2B%2B%2BUE4%2BRelease-4.17&UserID=01e94a2c4f636a563311e5b28bd16fa0%7C495f3335c5724314bcf7c78d424bc0ae%7C7e43c01f-2dfc-4db6-9423-a02c9184544b&AppEnvironment=datacollector-binary&UploadType=eteventstream] status=Processing
[2018.02.19-19.02.12:807][ 18]LogModuleManager: Shutting down and abandoning module SSL (40)
[2018.02.19-19.02.12:808][ 18]LogModuleManager: Shutting down and abandoning module AnimationModifiers (36)
[2018.02.19-19.02.12:809][ 18]LogModuleManager: Shutting down and abandoning module PropertyEditor (35)
[2018.02.19-19.02.12:809][ 18]LogModuleManager: Shutting down and abandoning module AudioEditor (32)
[2018.02.19-19.02.12:822][ 18]LogModuleManager: Shutting down and abandoning module TextureCompressor (30)
[2018.02.19-19.02.12:823][ 18]LogModuleManager: Shutting down and abandoning module ShaderCore (28)
[2018.02.19-19.02.12:823][ 18]LogModuleManager: Shutting down and abandoning module Landscape (26)
[2018.02.19-19.02.12:823][ 18]LogModuleManager: Shutting down and abandoning module SlateRHIRenderer (24)
[2018.02.19-19.02.12:842][ 18]LogModuleManager: Shutting down and abandoning module OpenGLDrv (22)
[2018.02.19-19.02.12:853][ 18]LogModuleManager: Shutting down and abandoning module D3D11RHI (20)
[2018.02.19-19.02.12:854][ 18]LogModuleManager: Shutting down and abandoning module AnimGraphRuntime (18)
[2018.02.19-19.02.12:854][ 18]LogModuleManager: Shutting down and abandoning module Renderer (16)
[2018.02.19-19.02.12:854][ 18]LogModuleManager: Shutting down and abandoning module Engine (14)
[2018.02.19-19.02.12:854][ 18]LogModuleManager: Shutting down and abandoning module CoreUObject (12)
[2018.02.19-19.02.12:854][ 18]LogModuleManager: Shutting down and abandoning module NetworkFile (10)
[2018.02.19-19.02.12:854][ 18]LogModuleManager: Shutting down and abandoning module CookedIterativeFile (8)
[2018.02.19-19.02.12:854][ 18]LogModuleManager: Shutting down and abandoning module StreamingFile (6)
[2018.02.19-19.02.12:854][ 18]LogModuleManager: Shutting down and abandoning module SandboxFile (4)
[2018.02.19-19.02.12:854][ 18]LogModuleManager: Shutting down and abandoning module PakFile (2)
[2018.02.19-19.02.12:859][ 18]LogExit: Exiting.
[2018.02.19-19.02.12:883][ 18]Log file closed, 02/19/18 19:02:12
