Log file open, 03/11/18 11:38:01
LogWindows: Failed to load 'aqProf.dll' (GetLastError=126)
LogWindows: File 'aqProf.dll' does not exist
LogWindows: Failed to load 'VSPerf140.dll' (GetLastError=126)
LogWindows: File 'VSPerf140.dll' does not exist
LogWindows: Failed to load 'VtuneApi.dll' (GetLastError=126)
LogWindows: File 'VtuneApi.dll' does not exist
LogWindows: Failed to load 'VtuneApi32e.dll' (GetLastError=126)
LogWindows: File 'VtuneApi32e.dll' does not exist
LogInit: Display: Running engine for game: ProjectOrca
LogPlatformFile: Not using cached read wrapper
LogInit: Display: RandInit(-1211210464) SRandInit(-1211210464).
LogTaskGraph: Started task graph with 5 named threads and 26 total threads with 3 sets of task threads.
LogStats: Stats thread started at 0.557962
LogD3D11RHI: Aftermath initialized
LogPluginManager: Mounting plugin Paper2D
LogPluginManager: Mounting plugin LightPropagationVolume
LogPluginManager: Mounting plugin CodeLiteSourceCodeAccess
LogPluginManager: Mounting plugin GitSourceControl
LogPluginManager: Mounting plugin KDevelopSourceCodeAccess
LogPluginManager: Mounting plugin NullSourceCodeAccess
LogPluginManager: Mounting plugin PerforceSourceControl
LogPluginManager: Mounting plugin SubversionSourceControl
LogPluginManager: Mounting plugin UObjectPlugin
LogPluginManager: Mounting plugin VisualStudioSourceCodeAccess
LogPluginManager: Mounting plugin XCodeSourceCodeAccess
LogPluginManager: Mounting plugin AssetManagerEditor
LogPluginManager: Mounting plugin AudioCapture
LogPluginManager: Mounting plugin FacialAnimation
LogPluginManager: Mounting plugin GameplayTagsEditor
LogPluginManager: Mounting plugin MobileLauncherProfileWizard
LogPluginManager: Mounting plugin PluginBrowser
LogPluginManager: Mounting plugin SpeedTreeImporter
LogPluginManager: Mounting plugin AlembicImporter
LogPluginManager: Mounting plugin CharacterAI
LogPluginManager: Mounting plugin HTML5Networking
LogPluginManager: Mounting plugin AndroidMedia
LogPluginManager: Mounting plugin AvfMedia
LogPluginManager: Mounting plugin MediaPlayerEditor
LogPluginManager: Mounting plugin WmfMedia
LogPluginManager: Mounting plugin TcpMessaging
LogPluginManager: Mounting plugin UdpMessaging
LogPluginManager: Mounting plugin LevelSequenceEditor
LogPluginManager: Mounting plugin MatineeToLevelSequence
LogPluginManager: Mounting plugin OnlineSubsystemGooglePlay
LogPluginManager: Mounting plugin OnlineSubsystemIOS
LogPluginManager: Mounting plugin OnlineSubsystem
LogPluginManager: Mounting plugin OnlineSubsystemNull
LogPluginManager: Mounting plugin OnlineSubsystemUtils
LogPluginManager: Mounting plugin AndroidDeviceProfileSelector
LogPluginManager: Mounting plugin AndroidMoviePlayer
LogPluginManager: Mounting plugin AndroidPermission
LogPluginManager: Mounting plugin AppleMoviePlayer
LogPluginManager: Mounting plugin ArchVisCharacter
LogPluginManager: Mounting plugin CableComponent
LogPluginManager: Mounting plugin CustomMeshComponent
LogPluginManager: Mounting plugin ExampleDeviceProfileSelector
LogPluginManager: Mounting plugin GoogleCloudMessaging
LogPluginManager: Mounting plugin ImmediatePhysics
LogPluginManager: Mounting plugin IOSDeviceProfileSelector
LogPluginManager: Mounting plugin LinuxDeviceProfileSelector
LogPluginManager: Mounting plugin LocationServicesBPLibrary
LogPluginManager: Mounting plugin MobilePatchingUtils
LogPluginManager: Mounting plugin OculusVR
LogPluginManager: Mounting plugin PhysXVehicles
LogPluginManager: Mounting plugin ProceduralMeshComponent
LogPluginManager: Mounting plugin RuntimePhysXCooking
LogPluginManager: Mounting plugin SteamVR
LogPluginManager: Mounting plugin WindowsMoviePlayer
LogInit: Using libcurl 7.47.1
LogInit:  - built for x86_64-pc-win32
LogInit:  - supports SSL with OpenSSL/1.0.2g
LogInit:  - supports HTTP deflate (compression) using libz 1.2.8
LogInit:  - other features:
LogInit:      CURL_VERSION_SSL
LogInit:      CURL_VERSION_LIBZ
LogInit:      CURL_VERSION_IPV6
LogInit:      CURL_VERSION_ASYNCHDNS
LogInit:      CURL_VERSION_LARGEFILE
LogInit:      CURL_VERSION_IDN
LogInit:  CurlRequestOptions (configurable via config and command line):
LogInit:  - bVerifyPeer = false  - Libcurl will NOT verify peer certificate
LogInit:  - bUseHttpProxy = false  - Libcurl will NOT use HTTP proxy
LogInit:  - bDontReuseConnections = false  - Libcurl will reuse connections
LogInit:  - CertBundlePath = nullptr  - Libcurl will use whatever was configured at build time.
LogInit: Build: ++UE4+Release-4.17-CL-3658906
LogInit: Engine Version: 4.17.2-3658906+++UE4+Release-4.17
LogInit: Compatible Engine Version: 4.17.0-3573198+++UE4+Release-4.17
LogInit: Net CL: 3573198
LogDevObjectVersion: Number of dev versions registered: 16
LogDevObjectVersion:   Dev-Blueprints (B0D832E4-1F89-4F0D-ACCF-7EB736FD4AA2): 10
LogDevObjectVersion:   Dev-Build (E1C64328-A22C-4D53-A36C-8E866417BD8C): 0
LogDevObjectVersion:   Dev-Core (375EC13C-06E4-48FB-B500-84F0262A717E): 2
LogDevObjectVersion:   Dev-Editor (E4B068ED-F494-42E9-A231-DA0B2E46BB41): 20
LogDevObjectVersion:   Dev-Framework (CFFC743F-43B0-4480-9391-14DF171D2073): 28
LogDevObjectVersion:   Dev-Mobile (B02B49B5-BB20-44E9-A304-32B752E40360): 0
LogDevObjectVersion:   Dev-Networking (A4E4105C-59A1-49B5-A7C5-40C4547EDFEE): 0
LogDevObjectVersion:   Dev-Online (39C831C9-5AE6-47DC-9A44-9C173E1C8E7C): 0
LogDevObjectVersion:   Dev-Physics (78F01B33-EBEA-4F98-B9B4-84EACCB95AA2): 0
LogDevObjectVersion:   Dev-Platform (6631380F-2D4D-43E0-8009-CF276956A95A): 0
LogDevObjectVersion:   Dev-Rendering (12F88B9F-8875-4AFC-A67C-D90C383ABD29): 19
LogDevObjectVersion:   Dev-Sequencer (7B5AE74C-D270-4C10-A958-57980B212A5A): 4
LogDevObjectVersion:   Dev-VR (D7296918-1DD6-4BDD-9DE2-64A83CC13884): 0
LogDevObjectVersion:   Dev-LoadTimes (C2A15278-BFE7-4AFE-6C17-90FF531DF755): 1
LogDevObjectVersion:   Private-Geometry (6EACA3D4-40EC-4CC1-B786-8BED09428FC5): 1
LogDevObjectVersion:   Dev-AnimPhys (29E575DD-E0A3-4627-9D10-D276232CDCEA): 7
LogInit: Compiled (64-bit): Sep 22 2017 13:47:16
LogInit: Compiled with Visual C++: 19.00.24215.01
LogInit: Build Configuration: Development
LogInit: Branch Name: ++UE4+Release-4.17
LogInit: Command line:  
LogInit: Base directory: D:/Programs(x86)/Epic Games/UE_4.17/Engine/Binaries/Win64/
LogInit: Installed Engine Build: 1
LogInit: Presizing for max 8388607 objects, including 0 objects not considered by GC, pre-allocating 0 bytes for permanent pool.
LogInit: Object subsystem initialized
[2018.03.11-16.38.03:321][  0]LogInit: Selected Device Profile: [Windows]
[2018.03.11-16.38.03:321][  0]LogInit: Applying CVar settings loaded from the selected device profile: [Windows]
[2018.03.11-16.38.03:467][  0]LogInit: Computer: VADAMKEEP
[2018.03.11-16.38.03:467][  0]LogInit: User: Dominic
[2018.03.11-16.38.03:467][  0]LogInit: CPU Page size=4096, Cores=8
[2018.03.11-16.38.03:467][  0]LogInit: High frequency timer resolution =3.320315 MHz
[2018.03.11-16.38.03:467][  0]LogMemory: Memory total: Physical=16.0GB (16GB approx)
[2018.03.11-16.38.03:469][  0]LogMemory: Platform Memory Stats for Windows
[2018.03.11-16.38.03:469][  0]LogMemory: Process Physical Memory: 281.64 MB used, 281.64 MB peak
[2018.03.11-16.38.03:469][  0]LogMemory: Process Virtual Memory: 285.24 MB used, 285.24 MB peak
[2018.03.11-16.38.03:469][  0]LogMemory: Physical Memory: 7323.26 MB used,  9013.02 MB free, 16336.27 MB total
[2018.03.11-16.38.03:469][  0]LogMemory: Virtual Memory: 722.35 MB used,  9013.02 MB free, 134217728.00 MB total
[2018.03.11-16.38.04:767][  0]LogInit: Using OS detected language (en-US).
[2018.03.11-16.38.04:767][  0]LogInit: Using OS detected locale (en-US).
[2018.03.11-16.38.05:149][  0]LogTextLocalizationManager: No specific localization for 'en-US' exists, so the 'en' localization will be used.
[2018.03.11-16.38.09:356][  0]LogD3D11RHI: D3D11 adapters:
[2018.03.11-16.38.09:406][  0]LogD3D11RHI:    0. 'NVIDIA GeForce GTX 780 Ti' (Feature Level 11_0)
[2018.03.11-16.38.09:406][  0]LogD3D11RHI:       3039/0/8168 MB DedicatedVideo/DedicatedSystem/SharedSystem, Outputs:2, VendorId:0x10de
[2018.03.11-16.38.09:408][  0]LogD3D11RHI:    1. 'Microsoft Basic Render Driver' (Feature Level 11_0)
[2018.03.11-16.38.09:408][  0]LogD3D11RHI:       0/0/8168 MB DedicatedVideo/DedicatedSystem/SharedSystem, Outputs:0, VendorId:0x1414
[2018.03.11-16.38.09:408][  0]LogD3D11RHI: Chosen D3D11 Adapter: 0
[2018.03.11-16.38.09:467][  0]LogD3D11RHI: Creating new Direct3DDevice
[2018.03.11-16.38.09:467][  0]LogD3D11RHI:     GPU DeviceId: 0x100a (for the marketing name, search the web for "GPU Device Id")
[2018.03.11-16.38.09:467][  0]LogWindows: EnumDisplayDevices:
[2018.03.11-16.38.09:468][  0]LogWindows:    0. 'NVIDIA GeForce GTX 780 Ti' (P:1 D:1)
[2018.03.11-16.38.09:468][  0]LogWindows:    1. 'NVIDIA GeForce GTX 780 Ti' (P:0 D:1)
[2018.03.11-16.38.09:468][  0]LogWindows:    2. 'NVIDIA GeForce GTX 780 Ti' (P:0 D:0)
[2018.03.11-16.38.09:468][  0]LogWindows:    3. 'NVIDIA GeForce GTX 780 Ti' (P:0 D:0)
[2018.03.11-16.38.09:468][  0]LogWindows: DebugString: GetVideoDriverDetailsInvalid PrimaryIsNotTheChoosenAdapter GetVideoDriverDetailsInvalid PrimaryIsNotTheChoosenAdapter GetVideoDriverDetailsInvalid PrimaryIsNotTheChoosenAdapter GetVideoDriverDetailsInvalid PrimaryIsNotTheChoosenAdapter FoundDriverCount:0 
[2018.03.11-16.38.09:468][  0]LogD3D11RHI:     Adapter Name: NVIDIA GeForce GTX 780 Ti
[2018.03.11-16.38.09:468][  0]LogD3D11RHI:   Driver Version: Unknown (internal:Unknown, unified:Unknown)
[2018.03.11-16.38.09:468][  0]LogD3D11RHI:      Driver Date: Unknown
[2018.03.11-16.38.09:468][  0]LogRHI: Texture pool is 1361 MB (70% of 1945 MB)
[2018.03.11-16.38.09:530][  0]LogD3D11RHI: Async texture creation enabled
[2018.03.11-16.38.10:466][  0]LogD3D11RHI: GPU Timing Frequency: 1000.000000 (Debug: 2 1)
[2018.03.11-16.38.10:654][  0]LogShaderCompilers: Guid format shader working directory is -9 characters bigger than the processId version (../../../../../../Files/Development/Git Repos/projectorca/Intermediate/Shaders/WorkingDirectory/5068/).
[2018.03.11-16.38.10:654][  0]LogShaderCompilers: Cleaned the shader compiler working directory 'C:/Users/Dominic/AppData/Local/Temp/UnrealShaderWorkingDir/FF083D9941800B4DFF888C8F43DD21C9/'.
[2018.03.11-16.38.10:685][  0]LogShaderCompilers: Display: Using Local Shader Compiler.
[2018.03.11-16.38.15:848][  0]LogTemp: Display: Loaded TP AllDesktopTargetPlatform
[2018.03.11-16.38.15:901][  0]LogTemp: Display: Loaded TP MacClientTargetPlatform
[2018.03.11-16.38.15:953][  0]LogTemp: Display: Loaded TP MacNoEditorTargetPlatform
[2018.03.11-16.38.16:004][  0]LogTemp: Display: Loaded TP MacServerTargetPlatform
[2018.03.11-16.38.16:078][  0]LogTemp: Display: Loaded TP MacTargetPlatform
[2018.03.11-16.38.16:130][  0]LogTemp: Display: Loaded TP WindowsClientTargetPlatform
[2018.03.11-16.38.16:185][  0]LogTemp: Display: Loaded TP WindowsNoEditorTargetPlatform
[2018.03.11-16.38.16:241][  0]LogTemp: Display: Loaded TP WindowsServerTargetPlatform
[2018.03.11-16.38.16:284][  0]LogTemp: Display: Loaded TP WindowsTargetPlatform
[2018.03.11-16.38.16:349][  0]LogTemp: Display: Loaded TP AndroidTargetPlatform
[2018.03.11-16.38.16:399][  0]LogTemp: Display: Loaded TP Android_ASTCTargetPlatform
[2018.03.11-16.38.16:449][  0]LogTemp: Display: Loaded TP Android_ATCTargetPlatform
[2018.03.11-16.38.16:500][  0]LogTemp: Display: Loaded TP Android_DXTTargetPlatform
[2018.03.11-16.38.16:550][  0]LogTemp: Display: Loaded TP Android_ETC1TargetPlatform
[2018.03.11-16.38.16:601][  0]LogTemp: Display: Loaded TP Android_ETC2TargetPlatform
[2018.03.11-16.38.16:702][  0]LogTemp: Display: Loaded TP Android_MultiTargetPlatform
[2018.03.11-16.38.16:702][  0]LogTemp: Display: Loaded TP Android_PVRTCTargetPlatform
[2018.03.11-16.38.16:739][  0]LogTemp: Display: Loaded TP HTML5TargetPlatform
[2018.03.11-16.38.17:034][  0]LogTemp: Display: Loaded TP IOSTargetPlatform
[2018.03.11-16.38.17:072][  0]LogTemp: Display: Loaded TP TVOSTargetPlatform
[2018.03.11-16.38.17:124][  0]LogTemp: Display: Loaded TP LinuxClientTargetPlatform
[2018.03.11-16.38.17:176][  0]LogTemp: Display: Loaded TP LinuxNoEditorTargetPlatform
[2018.03.11-16.38.17:228][  0]LogTemp: Display: Loaded TP LinuxServerTargetPlatform
[2018.03.11-16.38.17:297][  0]LogTemp: Display: Loaded TP LinuxTargetPlatform
[2018.03.11-16.38.17:297][  0]LogTargetPlatformManager: Display: Building Assets For Windows
[2018.03.11-16.38.19:553][  0]LogDerivedDataCache: Display: Max Cache Size: 512 MB
[2018.03.11-16.38.20:039][  0]LogDerivedDataCache: Loaded boot cache 0.49s 93MB C:/Users/Dominic/AppData/Local/UnrealEngine/4.17/DerivedDataCache/Boot.ddc.
[2018.03.11-16.38.20:039][  0]LogDerivedDataCache: Display: Loaded Boot cache: C:/Users/Dominic/AppData/Local/UnrealEngine/4.17/DerivedDataCache/Boot.ddc
[2018.03.11-16.38.20:039][  0]LogDerivedDataCache: FDerivedDataBackendGraph:  Pak pak cache file ../../../../../../Files/Development/Git Repos/projectorca/DerivedDataCache/DDC.ddp not found, will not use a pak cache.
[2018.03.11-16.38.20:039][  0]LogDerivedDataCache: Unable to find inner node Pak for hierarchical cache Hierarchy.
[2018.03.11-16.38.20:039][  0]LogDerivedDataCache: FDerivedDataBackendGraph:  CompressedPak pak cache file ../../../../../../Files/Development/Git Repos/projectorca/DerivedDataCache/Compressed.ddp not found, will not use a pak cache.
[2018.03.11-16.38.20:039][  0]LogDerivedDataCache: Unable to find inner node CompressedPak for hierarchical cache Hierarchy.
[2018.03.11-16.38.20:120][  0]LogDerivedDataCache: Display: Pak cache opened for reading ../../../Engine/DerivedDataCache/Compressed.ddp.
[2018.03.11-16.38.20:132][  0]LogDerivedDataCache: Using Local data cache path C:/Users/Dominic/AppData/Local/UnrealEngine/Common/DerivedDataCache: Writable
[2018.03.11-16.38.20:184][  0]LogMaterial: Verifying Global Shaders for PCD3D_SM5
[2018.03.11-16.38.20:224][  0]LogSlate: Using Freetype 2.6.0
[2018.03.11-16.38.20:383][  0]LogSlate: SlateFontCache - WITH_FREETYPE: 1, WITH_HARFBUZZ: 1
[2018.03.11-16.38.20:470][  0]LogSlate: SlateFontCache - WITH_FREETYPE: 1, WITH_HARFBUZZ: 1
[2018.03.11-16.38.28:257][  0]LogAssetRegistry: FAssetRegistry took 0.0379 seconds to start up
[2018.03.11-16.38.29:259][  0]LogInit: Selected Device Profile: [Windows]
[2018.03.11-16.38.33:220][  0]LogContentStreaming: Texture pool size is 0.00 MB
[2018.03.11-16.38.34:159][  0]LogSimplygon: Simplygon DLL not present - disabling.
[2018.03.11-16.38.34:201][  0]LogMeshReduction: Using SimplygonSwarm for distributed automatic mesh merging
[2018.03.11-16.38.34:203][  0]LogMeshReduction: Using QuadricMeshReduction for automatic static mesh reduction
[2018.03.11-16.38.34:211][  0]LogMeshReduction: No automatic skeletal mesh reduction module available
[2018.03.11-16.38.34:211][  0]LogMeshReduction: No automatic mesh merging module available
[2018.03.11-16.38.34:211][  0]LogMeshMerging: No automatic mesh merging module available
[2018.03.11-16.38.36:972][  0]LogNetVersion: ProjectOrca , NetCL: 3573198, EngineNetVer: 2, GameNetVer: 0 (Checksum: 811679591)
[2018.03.11-16.38.38:362][  0]LogPackageLocalizationCache: Processed 5 localized package path(s) for 2 prioritized culture(s) in 0.177543 seconds
[2018.03.11-16.38.38:375][  0]LogUObjectArray: 35825 objects as part of root set at end of initial load.
[2018.03.11-16.38.38:375][  0]LogUObjectAllocator: 7529112 out of 0 bytes used by permanent object pool.
[2018.03.11-16.38.38:375][  0]LogUObjectArray: CloseDisregardForGC: 0/0 objects in disregard for GC pool
[2018.03.11-16.38.38:491][  0]LogInit: WinSock: version 1.1 (2.2), MaxSocks=32767, MaxUdp=65467
[2018.03.11-16.38.54:361][  0]LogTcpMessaging: Initializing TcpMessaging bridge
[2018.03.11-16.38.54:425][  0]LogUdpMessaging: Initializing bridge on interface 0.0.0.0:0 to multicast group 230.0.0.1:6666.
[2018.03.11-16.38.55:931][  0]LogMaterial: Uniform references updated for custom material expression Custom.
[2018.03.11-16.38.56:668][  0]SourceControl: Source control is disabled
[2018.03.11-16.38.56:668][  0]SourceControl: Source control is disabled
[2018.03.11-16.38.56:808][  0]SourceControl: Source control is disabled
[2018.03.11-16.38.56:879][  0]SourceControl: Source control is disabled
[2018.03.11-16.38.58:232][  0]LogAndroidPermission: UAndroidPermissionCallbackProxy::GetInstance
[2018.03.11-16.38.58:508][  0]LogOcInput: OculusInput pre-init called
[2018.03.11-16.38.59:349][  0]LogEngine: Initializing Engine...
[2018.03.11-16.38.59:402][  0]LogHMD: Failed to initialize OpenVR with code 110
[2018.03.11-16.38.59:768][  0]LogStats: UGameplayTagsManager::ConstructGameplayTagTree: Construct from data asset -  0.000 s
[2018.03.11-16.38.59:769][  0]LogStats: UGameplayTagsManager::ConstructGameplayTagTree: GameplayTagTreeChangedEvent.Broadcast -  0.000 s
[2018.03.11-16.39.00:429][  0]LogAIModule: Creating AISystem for world Untitled
[2018.03.11-16.39.00:507][  0]LogInit: XAudio2 using 'Speakers (VB-Audio VoiceMeeter VAIO)' : 2 channels at 48 kHz using 24 bits per sample (channel mask 0x3)
[2018.03.11-16.39.00:519][  0]LogInit: FAudioDevice initialized.
[2018.03.11-16.39.00:747][  0]LogDerivedDataCache: Saved boot cache 0.23s 93MB C:/Users/Dominic/AppData/Local/UnrealEngine/4.17/DerivedDataCache/Boot.ddc.
[2018.03.11-16.39.00:768][  0]LogInit: Texture streaming: Enabled
[2018.03.11-16.39.00:921][  0]LogEngineSessionManager: EngineSessionManager initialized
[2018.03.11-16.39.01:845][  0]LogInit: Transaction tracking system initialized
[2018.03.11-16.39.02:408][  0]BlueprintLog: New page: Editor Load
[2018.03.11-16.39.04:710][  0]LocalizationService: Localization service is disabled
[2018.03.11-16.39.06:206][  0]LogConsoleResponse: Display: 
[2018.03.11-16.39.07:567][  0]LogCook: Display: Max memory allowance for cook 16384mb min free memory 0mb
[2018.03.11-16.39.07:567][  0]LogCook: Display: Mobile HDR setting 1
[2018.03.11-16.39.07:638][  0]LogGameplayTags: Display: UGameplayTagsManager::DoneAddingNativeTags. DelegateIsBound: 0
[2018.03.11-16.39.08:092][  0]LogFileCache: Scanning file cache for directory 'D:/Files/Development/Git Repos/projectorca/Content/' took 0.18s
[2018.03.11-16.39.11:423][  0]SourceControl: Source control is disabled
[2018.03.11-16.39.11:493][  0]Cmd: MAP LOAD FILE="../../../../../../Files/Development/Git Repos/projectorca/Content/Maps/DevMap.umap" TEMPLATE=0 SHOWPROGRESS=1 FEATURELEVEL=3
[2018.03.11-16.39.11:536][  0]LightingResults: New page: Lighting Build
[2018.03.11-16.39.11:950][  0]MapCheck: New page: Map Check
[2018.03.11-16.39.11:950][  0]LightingResults: New page: Lighting Build
[2018.03.11-16.39.20:140][  0]LogAIModule: Creating AISystem for world DevMap
[2018.03.11-16.39.21:502][  0]LogEditorServer: Finished looking for orphan Actors (0.000 secs)
[2018.03.11-16.39.21:805][  0]Cmd: MAP CHECKDEP NOCLEARLOG
[2018.03.11-16.39.21:883][  0]MapCheck: Map check complete: 0 Error(s), 0 Warning(s), took 78.303ms to complete.
[2018.03.11-16.39.21:883][  0]LogFileHelpers: Loading map 'DevMap' took 10.409
[2018.03.11-16.39.24:512][  0]LogCollectionManager: Loaded 0 collections in 0.001273 seconds
[2018.03.11-16.39.24:919][  0]LogFileCache: Scanning file cache for directory 'D:/Files/Development/Git Repos/projectorca/Saved/Collections/' took 0.01s
[2018.03.11-16.39.24:919][  0]LogFileCache: Scanning file cache for directory 'D:/Files/Development/Git Repos/projectorca/Content/Developers/Dominic/Collections/' took 0.01s
[2018.03.11-16.39.24:919][  0]LogFileCache: Scanning file cache for directory 'D:/Files/Development/Git Repos/projectorca/Content/Collections/' took 0.01s
[2018.03.11-16.39.24:919][  0]LogCollectionManager: Rebuilt the GUID cache for 0 collections in 0.000001 seconds
[2018.03.11-16.39.24:955][  0]LogContentBrowser: Native class hierarchy populated in 0.0201 seconds. Added 2386 classes and 500 folders.
[2018.03.11-16.39.25:131][  0]LogContentBrowser: Native class hierarchy updated for 'WidgetCarousel' in 0.0012 seconds. Added 0 classes and 0 folders.
[2018.03.11-16.39.27:093][  0]LogContentBrowser: Native class hierarchy updated for 'AddContentDialog' in 0.0011 seconds. Added 0 classes and 0 folders.
[2018.03.11-16.39.27:527][  0]LogContentBrowser: Native class hierarchy updated for 'SceneOutliner' in 0.0014 seconds. Added 1 classes and 2 folders.
[2018.03.11-16.39.29:063][  0]LogContentBrowser: Native class hierarchy updated for 'HierarchicalLODOutliner' in 0.0010 seconds. Added 1 classes and 2 folders.
[2018.03.11-16.39.29:063][  0]LogLoad: (Engine Initialization) Total time: 93.29 seconds
[2018.03.11-16.39.29:063][  0]LogLoad: (Engine Initialization) Total Blueprint compile time: 0.00 seconds
[2018.03.11-16.39.29:082][  0]LogExternalProfiler: No external profilers were discovered.  External profiling features will not be available.
[2018.03.11-16.39.29:269][  0]LogContentStreaming: Texture pool size now 1000 MB
[2018.03.11-16.39.29:434][  0]LogSlate: Took 0.061109 seconds to synchronously load lazily loaded font '../../../Engine/Content/Slate/Fonts/Roboto-Regular.ttf' (155K)
[2018.03.11-16.39.29:486][  0]LogSlate: Took 0.050761 seconds to synchronously load lazily loaded font '../../../Engine/Content/Slate/Fonts/Roboto-Bold.ttf' (160K)
[2018.03.11-16.39.29:609][  0]LogSlate: Took 0.062933 seconds to synchronously load lazily loaded font '../../../Engine/Content/Editor/Slate/Fonts/FontAwesome.ttf' (139K)
[2018.03.11-16.39.32:248][  2]LogRenderer: Reallocating scene render targets to support 600x236 Format 10 NumSamples 1 (Frame:1).
[2018.03.11-16.39.32:248][  2]LogSlate: Took 0.019433 seconds to synchronously load lazily loaded font '../../../Engine/Content/Slate/Fonts/Roboto-Light.ttf' (159K)
[2018.03.11-16.39.32:946][  3]LogRenderer: Reallocating scene render targets to support 1200x472 Format 10 NumSamples 1 (Frame:1).
[2018.03.11-16.39.37:515][431]LogAssetRegistry: Asset discovery search completed in 69.2884 seconds
[2018.03.11-16.39.37:520][431]LogCollectionManager: Rebuilt the object cache for 0 collections in 0.000000 seconds (found 0 objects)
[2018.03.11-16.39.37:520][431]LogCollectionManager: Fixed up redirectors for 0 collections in 0.000104 seconds (updated 0 objects)
[2018.03.11-16.39.47:731][217]LogTexture: Display: Building textures: Blank_Normal (BC5, 8X8)
[2018.03.11-16.39.47:731][217]LogTexture: Display: Building textures: AtlasCedar_Billboard_A (AutoDXT, 1024X1024)
[2018.03.11-16.39.47:731][217]LogTexture: Display: Building textures: Blank_Albedo (AutoDXT, 8X8)
[2018.03.11-16.39.47:731][217]LogTexture: Display: Building textures: AtlasCedar_Billboard_N (BC5, 1024X1024)
[2018.03.11-16.39.47:731][217]LogTexture: Display: Building textures: Blank_Compact (AutoDXT, 8X8)
[2018.03.11-16.39.47:731][217]LogTexture: Display: Building textures: AtlasCedar_n (BC5, 512X1024)
[2018.03.11-16.39.47:731][217]LogTexture: Display: Building textures: AtlasCedar_a (AutoDXT, 512X1024)
[2018.03.11-16.39.47:731][217]LogTexture: Display: Building textures: Branch_AtlasCedar_n (BC5, 2048X2048)
[2018.03.11-16.39.47:731][217]LogTexture: Display: Building textures: Branch_AtlasCedar_a (AutoDXT, 2048X2048)
[2018.03.11-16.39.47:735][217]LogMaterial: Missing cached shader map for material -Foliage, compiling. 
[2018.03.11-16.39.48:134][217]LogMaterial: Missing cached shader map for material -Foliage, compiling. 
[2018.03.11-16.39.48:232][217]LogMaterial: Missing cached shader map for material Bark_AtlasCedar_Mat, compiling. 
[2018.03.11-16.39.48:279][217]LogStaticMesh: Building static mesh AtlasCedar_B...
[2018.03.11-16.39.48:410][217]LogSlate: Took 0.000254 seconds to synchronously load lazily loaded font '../../../Engine/Content/Slate/Fonts/Roboto-Light.ttf' (159K)
[2018.03.11-16.39.48:411][217]LogSlate: Took 0.000248 seconds to synchronously load lazily loaded font '../../../Engine/Content/Slate/Fonts/Roboto-Regular.ttf' (155K)
[2018.03.11-16.39.49:211][217]LogStaticMesh: Built static mesh [0.93s] /Game/PostApoc/Models/AtlasCedar_B.AtlasCedar_B
[2018.03.11-16.39.49:299][217]LogMaterial: Missing cached shader map for material -Foliage, compiling. 
[2018.03.11-16.39.52:825][217]LogFileCache: Retrieving MD5 hashes for directory 'D:/Files/Development/Git Repos/projectorca/Content/' took 23.65s
[2018.03.11-16.39.53:208][217]LogRenderer: Reallocating scene render targets to support 1432x932 Format 10 NumSamples 1 (Frame:1).
[2018.03.11-16.46.53:509][272]Cmd: MAP LOAD FILE="../../../../../../Files/Development/Git Repos/projectorca/Content/Maps/DevMap.umap" TEMPLATE=0 SHOWPROGRESS=1 FEATURELEVEL=3
[2018.03.11-16.46.53:509][272]LightingResults: New page: Lighting Build
[2018.03.11-16.46.53:510][272]LoadErrors: New page: Loading map: DevMap.umap
[2018.03.11-16.46.53:612][272]MapCheck: New page: Map Check
[2018.03.11-16.46.53:612][272]LightingResults: New page: Lighting Build
[2018.03.11-16.46.53:905][272]LogAIModule: Creating AISystem for world DevMap
[2018.03.11-16.46.54:094][272]LogEditorServer: Finished looking for orphan Actors (0.000 secs)
[2018.03.11-16.46.54:202][272]Cmd: MAP CHECKDEP NOCLEARLOG
[2018.03.11-16.46.54:371][272]MapCheck: Map check complete: 0 Error(s), 0 Warning(s), took 168.774ms to complete.
[2018.03.11-16.46.54:372][272]LogFileHelpers: Loading map 'DevMap' took 0.900
[2018.03.11-16.47.02:703][119]LogAIModule: Creating AISystem for world AudioTestMap
[2018.03.11-16.47.07:582][405]Cmd: OBJ SAVEPACKAGE PACKAGE="/Game/Maps/AudioTestMap" FILE="../../../../../../Files/Development/Git Repos/projectorca/Content/Maps/AudioTestMap.umap" SILENT=true AUTOSAVING=false KEEPDIRTY=false
[2018.03.11-16.47.08:047][405]LogSavePackage: Save=404.46ms
[2018.03.11-16.47.08:047][405]LogSavePackage: Moving '../../../../../../Files/Development/Git Repos/projectorca/Saved/AudioTestMapCA2415FB49CC26293D568EBC4A6C923A.tmp' to '../../../../../../Files/Development/Git Repos/projectorca/Content/Maps/AudioTestMap.umap'
[2018.03.11-16.47.08:097][405]LogSavePackage: Display: Finished SavePackage ../../../../../../Files/Development/Git Repos/projectorca/Content/Maps/AudioTestMap.umap
[2018.03.11-16.47.08:102][405]LogFileHelpers: Saving map 'AudioTestMap' took 0.611
[2018.03.11-16.47.08:104][405]Cmd: MAP LOAD FILE="../../../../../../Files/Development/Git Repos/projectorca/Content/Maps/AudioTestMap.umap" TEMPLATE=0 SHOWPROGRESS=1 FEATURELEVEL=3
[2018.03.11-16.47.08:104][405]LightingResults: New page: Lighting Build
[2018.03.11-16.47.08:105][405]LoadErrors: New page: Loading map: AudioTestMap.umap
[2018.03.11-16.47.08:106][405]MapCheck: New page: Map Check
[2018.03.11-16.47.08:106][405]LightingResults: New page: Lighting Build
[2018.03.11-16.47.08:161][405]LogEditorServer: Finished looking for orphan Actors (0.000 secs)
[2018.03.11-16.47.08:243][405]Cmd: MAP CHECKDEP NOCLEARLOG
[2018.03.11-16.47.08:324][405]MapCheck: Map check complete: 0 Error(s), 0 Warning(s), took 80.63ms to complete.
[2018.03.11-16.47.08:325][405]LogFileHelpers: Loading map 'AudioTestMap' took 0.222
[2018.03.11-16.47.12:368][861]LogEditorViewport: Clicking on Actor (LMB): Landscape (Landscape)
[2018.03.11-16.47.17:015][232]Cmd: TRANSACTION UNDO
[2018.03.11-16.47.17:015][232]LogEditorTransaction: Undo Move Actors
[2018.03.11-16.47.17:197][232]LogSlate: Took 0.012079 seconds to synchronously load lazily loaded font '../../../Engine/Content/Slate/Fonts/Roboto-Light.ttf' (159K)
[2018.03.11-16.47.18:417][349]Cmd: EDIT COPY
[2018.03.11-16.47.24:855][406]LogEditorViewport: Clicking on Actor (context menu): StaticMeshActor (Plane)
[2018.03.11-16.47.28:155][671]LogEditorViewport: Clicking on Actor (LMB): StaticMeshActor (Cube2)
[2018.03.11-16.47.32:768][130]LogEditorViewport: Clicking on Actor (LMB): Landscape (Landscape)
[2018.03.11-16.47.36:297][475]LogEditorViewport: Clicking on Actor (LMB): StaticMeshActor (Cube4)
[2018.03.11-16.47.36:856][511]LogEditorViewport: Clicking on Actor (LMB): StaticMeshActor (Cube5)
[2018.03.11-16.47.37:586][587]Cmd: EDIT COPY
[2018.03.11-16.47.37:809][608]Cmd: EDIT PASTE
[2018.03.11-16.47.51:913][ 93]Cmd: MODE GRID=1
[2018.03.11-16.48.22:383][ 88]LogEditorViewport: Clicking on Actor (LMB): Landscape (Landscape)
[2018.03.11-16.48.24:363][275]LogEditorViewport: Clicking on Actor (LMB): StaticMeshActor (Cube7)
[2018.03.11-16.48.27:049][537]Cmd: EDIT COPY
[2018.03.11-16.48.27:236][558]Cmd: EDIT PASTE
[2018.03.11-16.48.33:806][236]LogEditorViewport: Clicking on Actor (LMB): StaticMeshActor (Plane)
[2018.03.11-16.50.54:607][804]LogStaticMesh: Building static mesh AtlasCedar_C...
[2018.03.11-16.50.54:756][804]LogStaticMesh: Built static mesh [0.15s] /Game/PostApoc/Models/AtlasCedar_C.AtlasCedar_C
[2018.03.11-16.50.55:003][816]LogActorFactory: Actor Factory created AtlasCedar_C
[2018.03.11-16.50.56:212][921]LogActorFactory: Actor Factory created AtlasCedar_C
[2018.03.11-16.50.57:349][ 11]LogActorFactory: Actor Factory created AtlasCedar_B
[2018.03.11-16.50.59:830][205]LogActorFactory: Actor Factory created AtlasCedar_B
[2018.03.11-16.51.00:891][284]LogStaticMesh: Building static mesh AtlasCedar_A...
[2018.03.11-16.51.01:107][284]LogStaticMesh: Built static mesh [0.22s] /Game/PostApoc/Models/AtlasCedar_A.AtlasCedar_A
[2018.03.11-16.51.01:153][284]LogActorFactory: Actor Factory created AtlasCedar_A
[2018.03.11-16.51.01:520][315]LogActorFactory: Actor Factory created AtlasCedar_A
[2018.03.11-16.51.05:523][643]LogActorFactory: Actor Factory created AtlasCedar_A
[2018.03.11-16.51.09:293][951]LogEditorViewport: Clicking on Actor (LMB): StaticMeshActor (AtlasCedar_B)
[2018.03.11-16.51.10:792][ 78]LogEditorViewport: Clicking on Actor (LMB): StaticMeshActor (AtlasCedar_C)
[2018.03.11-16.51.17:360][625]LogEditorViewport: Clicking on Actor (LMB): StaticMeshActor (Cube8)
[2018.03.11-16.51.18:904][729]Cmd: EDIT COPY
[2018.03.11-16.51.19:112][745]Cmd: EDIT PASTE
[2018.03.11-16.51.35:644][ 61]LogTexture: Display: Building textures: Birch_Billboard_A (AutoDXT, 1024X1024)
[2018.03.11-16.51.35:644][ 61]LogTexture: Display: Building textures: Birch_Billboard_N (BC5, 1024X1024)
[2018.03.11-16.51.35:644][ 61]LogTexture: Display: Building textures: Bark_Birch_n (BC5, 512X2048)
[2018.03.11-16.51.35:644][ 61]LogTexture: Display: Building textures: Bark_Birch_a (AutoDXT, 512X2048)
[2018.03.11-16.51.35:644][ 61]LogTexture: Display: Building textures: Branch_Birch_n (BC5, 2048X2048)
[2018.03.11-16.51.35:644][ 61]LogTexture: Display: Building textures: Branch_Birch_a (AutoDXT, 2048X2048)
[2018.03.11-16.51.35:644][ 61]LogMaterial: Missing cached shader map for material Bark_Birch_Mat, compiling. 
[2018.03.11-16.51.35:693][ 61]LogStaticMesh: Building static mesh Birch_C...
[2018.03.11-16.51.35:759][ 61]LogStaticMesh: Built static mesh [0.07s] /Game/PostApoc/Models/Birch_C.Birch_C
[2018.03.11-16.51.36:103][ 61]LogActorFactory: Actor Factory created Birch_C
[2018.03.11-16.51.36:835][121]LogActorFactory: Actor Factory created Birch_C
[2018.03.11-16.51.37:636][155]LogStaticMesh: Building static mesh Birch_B...
[2018.03.11-16.51.37:721][155]LogStaticMesh: Built static mesh [0.09s] /Game/PostApoc/Models/Birch_B.Birch_B
[2018.03.11-16.51.37:771][155]LogActorFactory: Actor Factory created Birch_B
[2018.03.11-16.51.39:191][230]LogActorFactory: Actor Factory created Birch_B
[2018.03.11-16.51.42:904][483]LogStaticMesh: Building static mesh Birch_A...
[2018.03.11-16.51.42:977][483]LogStaticMesh: Built static mesh [0.08s] /Game/PostApoc/Models/Birch_A.Birch_A
[2018.03.11-16.51.43:112][492]LogActorFactory: Actor Factory created Birch_A
[2018.03.11-16.51.45:877][719]LogActorFactory: Actor Factory created Birch_A
[2018.03.11-16.51.50:303][ 34]LogTexture: Display: Building textures: BushB_n (BC5, 1024X1024)
[2018.03.11-16.51.50:303][ 34]LogTexture: Display: Building textures: BushB_c (AutoDXT, 1024X1024)
[2018.03.11-16.51.50:303][ 34]LogTexture: Display: Building textures: BushB_a (AutoDXT, 1024X1024)
[2018.03.11-16.51.50:303][ 34]LogStaticMesh: Building static mesh Bush_B_small...
[2018.03.11-16.51.50:335][ 34]LogStaticMesh: Built static mesh [0.03s] /Game/PostApoc/Models/Bush_B_small.Bush_B_small
[2018.03.11-16.51.50:370][ 34]LogActorFactory: Actor Factory created Bush_B_small
[2018.03.11-16.51.51:243][103]LogActorFactory: Actor Factory created Bush_B_small
[2018.03.11-16.51.52:387][181]LogStaticMesh: Building static mesh Bush_B...
[2018.03.11-16.51.52:468][181]LogStaticMesh: Built static mesh [0.08s] /Game/PostApoc/Models/Bush_B.Bush_B
[2018.03.11-16.51.52:596][189]LogActorFactory: Actor Factory created Bush_B
[2018.03.11-16.51.53:370][245]LogActorFactory: Actor Factory created Bush_B
[2018.03.11-16.51.57:020][493]LogTexture: Display: Building textures: BushA_a (AutoDXT, 1024X1024)
[2018.03.11-16.51.57:020][493]LogTexture: Display: Building textures: BushA_c (AutoDXT, 1024X1024)
[2018.03.11-16.51.57:020][493]LogTexture: Display: Building textures: BushA_n (BC5, 1024X1024)
[2018.03.11-16.51.57:020][493]LogStaticMesh: Building static mesh Bush_A...
[2018.03.11-16.51.57:056][493]LogStaticMesh: Built static mesh [0.04s] /Game/PostApoc/Models/Bush_A.Bush_A
[2018.03.11-16.51.57:091][493]LogActorFactory: Actor Factory created Bush_A
[2018.03.11-16.51.58:863][638]LogActorFactory: Actor Factory created Bush_A
[2018.03.11-16.51.59:684][697]LogStaticMesh: Building static mesh Bush_A_small...
[2018.03.11-16.51.59:708][697]LogStaticMesh: Built static mesh [0.02s] /Game/PostApoc/Models/Bush_A_small.Bush_A_small
[2018.03.11-16.51.59:790][702]LogActorFactory: Actor Factory created Bush_A_small
[2018.03.11-16.52.01:941][865]LogActorFactory: Actor Factory created Bush_A_small
[2018.03.11-16.52.05:324][125]LogActorFactory: Actor Factory created Birch_A
[2018.03.11-16.52.07:356][284]LogActorFactory: Actor Factory created Birch_A
[2018.03.11-16.52.14:525][824]LogEditorViewport: Clicking on Actor (LMB): StaticMeshActor (Cube8)
[2018.03.11-16.52.19:179][205]LogEditorViewport: Clicking on Actor (LMB): StaticMeshActor (Birch_A2)
[2018.03.11-16.52.19:676][243]Cmd: DELETE
[2018.03.11-16.52.19:676][243]Cmd: ACTOR DELETE
[2018.03.11-16.52.19:695][243]LogEditorActor: Deleted Actor: StaticMeshActor
[2018.03.11-16.52.19:744][243]LogEditorActor: Deleted 1 Actors (0.066 secs)
[2018.03.11-16.52.21:174][372]LogActorFactory: Actor Factory created Birch_A
[2018.03.11-16.52.23:930][648]LogActorFactory: Actor Factory created Birch_A
[2018.03.11-16.52.26:072][809]LogActorFactory: Actor Factory created Bush_A
[2018.03.11-16.52.27:087][889]LogActorFactory: Actor Factory created Bush_A
[2018.03.11-16.52.31:117][222]LogEditorViewport: Clicking on Actor (LMB): StaticMeshActor (Plane)
[2018.03.11-16.52.35:252][555]LogEditorViewport: Clicking on Actor (LMB): StaticMeshActor (AtlasCedar_C)
[2018.03.11-16.52.44:463][275]LogActorFactory: Actor Factory created AtlasCedar_C
[2018.03.11-16.52.45:503][355]LogActorFactory: Actor Factory created AtlasCedar_C
[2018.03.11-16.52.51:920][870]LogActorFactory: Actor Factory created AtlasCedar_B
[2018.03.11-16.52.53:580][989]LogActorFactory: Actor Factory created AtlasCedar_B
[2018.03.11-16.52.59:709][446]LogEditorViewport: Clicking on Actor (LMB): StaticMeshActor (AtlasCedar_A)
[2018.03.11-16.53.07:103][973]Cmd: EDIT COPY
[2018.03.11-16.53.07:354][984]Cmd: EDIT PASTE
[2018.03.11-16.53.11:957][350]Cmd: EDIT COPY
[2018.03.11-16.53.12:145][364]Cmd: EDIT PASTE
[2018.03.11-16.53.15:291][642]Cmd: EDIT COPY
[2018.03.11-16.53.15:502][659]Cmd: EDIT PASTE
[2018.03.11-16.53.19:948][ 18]LogTemp: Repeating last play command: Selected Viewport
[2018.03.11-16.53.30:738][ 18]LogBlueprintUserMessages: Early PlayInEditor Detection: Level '/Game/Maps/AudioTestMap.AudioTestMap:PersistentLevel' has LevelScriptBlueprint '/Game/Maps/AudioTestMap.AudioTestMap:PersistentLevel.AudioTestMap' with GeneratedClass '/Game/Maps/AudioTestMap.AudioTestMap_C' with ClassGeneratedBy '/Game/Maps/AudioTestMap.AudioTestMap:PersistentLevel.AudioTestMap'
[2018.03.11-16.53.30:748][ 18]LogPlayLevel: PlayLevel: No blueprints needed recompiling
[2018.03.11-16.53.30:849][ 18]PIE: New page: PIE session: AudioTestMap (Mar 11, 2018, 6:53:30 AM)
[2018.03.11-16.53.30:861][ 18]LogPlayLevel: Creating play world package: /Game/Maps/UEDPIE_0_AudioTestMap
[2018.03.11-16.53.30:884][ 18]LogPlayLevel: PIE: StaticDuplicateObject took: (0.023620s)
[2018.03.11-16.53.30:885][ 18]LogAIModule: Creating AISystem for world AudioTestMap
[2018.03.11-16.53.30:885][ 18]LogPlayLevel: PIE: World Init took: (0.000984s)
[2018.03.11-16.53.30:907][ 18]LogPlayLevel: PIE: Created PIE world by copying editor world from /Game/Maps/AudioTestMap.AudioTestMap to /Game/Maps/UEDPIE_0_AudioTestMap.AudioTestMap (0.050450s)
[2018.03.11-16.53.30:999][ 18]LogInit: XAudio2 using 'Speakers (VB-Audio VoiceMeeter VAIO)' : 2 channels at 48 kHz using 24 bits per sample (channel mask 0x3)
[2018.03.11-16.53.31:005][ 18]LogInit: FAudioDevice initialized.
[2018.03.11-16.53.31:087][ 18]LogLoad: Game class is 'ThirdPersonGameMode_C'
[2018.03.11-16.53.31:207][ 18]LogWorld: Bringing World /Game/Maps/UEDPIE_0_AudioTestMap.AudioTestMap up for play (max tick rate 0) at 2018.03.11-11.53.31
[2018.03.11-16.53.31:438][ 18]LogWorld: Bringing up level for play took: 0.243741
[2018.03.11-16.53.32:919][ 18]LogContentBrowser: Native class hierarchy updated for 'MovieSceneCapture' in 0.0011 seconds. Added 11 classes and 0 folders.
[2018.03.11-16.53.32:972][ 18]PIE: Play in editor start time for /Game/Maps/UEDPIE_0_AudioTestMap 3.176
[2018.03.11-16.53.32:973][ 18]LogBlueprintUserMessages: Late PlayInEditor Detection: Level '/Game/Maps/AudioTestMap.AudioTestMap:PersistentLevel' has LevelScriptBlueprint '/Game/Maps/AudioTestMap.AudioTestMap:PersistentLevel.AudioTestMap' with GeneratedClass '/Game/Maps/AudioTestMap.AudioTestMap_C' with ClassGeneratedBy '/Game/Maps/AudioTestMap.AudioTestMap:PersistentLevel.AudioTestMap'
[2018.03.11-16.54.12:525][ 32]LogBlueprintUserMessages: Early EndPlayMap Detection: Level '/Game/Maps/AudioTestMap.AudioTestMap:PersistentLevel' has LevelScriptBlueprint '/Game/Maps/AudioTestMap.AudioTestMap:PersistentLevel.AudioTestMap' with GeneratedClass '/Game/Maps/AudioTestMap.AudioTestMap_C' with ClassGeneratedBy '/Game/Maps/AudioTestMap.AudioTestMap:PersistentLevel.AudioTestMap'
[2018.03.11-16.54.12:678][ 32]LogBlueprintUserMessages: Late EndPlayMap Detection: Level '/Game/Maps/AudioTestMap.AudioTestMap:PersistentLevel' has LevelScriptBlueprint '/Game/Maps/AudioTestMap.AudioTestMap:PersistentLevel.AudioTestMap' with GeneratedClass '/Game/Maps/AudioTestMap.AudioTestMap_C' with ClassGeneratedBy '/Game/Maps/AudioTestMap.AudioTestMap:PersistentLevel.AudioTestMap'
[2018.03.11-16.54.21:878][850]Cmd: OBJ SAVEPACKAGE PACKAGE="/Game/Maps/AudioTestMap" FILE="../../../../../../Files/Development/Git Repos/projectorca/Content/Maps/AudioTestMap.umap" SILENT=true AUTOSAVING=false KEEPDIRTY=false
[2018.03.11-16.54.22:411][850]LogSavePackage: Save=288.31ms
[2018.03.11-16.54.22:411][850]LogSavePackage: Moving '../../../../../../Files/Development/Git Repos/projectorca/Saved/AudioTestMap9B7FC96B421FF31418883A8161D96A52.tmp' to '../../../../../../Files/Development/Git Repos/projectorca/Content/Maps/AudioTestMap.umap'
[2018.03.11-16.54.22:415][850]LogSavePackage: Display: Finished SavePackage ../../../../../../Files/Development/Git Repos/projectorca/Content/Maps/AudioTestMap.umap
[2018.03.11-16.54.22:476][850]Cmd: OBJ SAVEPACKAGE PACKAGE="/Game/Maps/AudioTestMap_BuiltData" FILE="../../../../../../Files/Development/Git Repos/projectorca/Content/Maps/AudioTestMap_BuiltData.uasset" SILENT=true
[2018.03.11-16.54.22:500][850]LogSavePackage: Save=20.88ms
[2018.03.11-16.54.22:500][850]LogSavePackage: Moving '../../../../../../Files/Development/Git Repos/projectorca/Saved/AudioTestMap_BuiltData41DFD3C94744311D7D197B930D9F8FA7.tmp' to '../../../../../../Files/Development/Git Repos/projectorca/Content/Maps/AudioTestMap_BuiltData.uasset'
[2018.03.11-16.54.22:502][850]LogSavePackage: Display: Finished SavePackage ../../../../../../Files/Development/Git Repos/projectorca/Content/Maps/AudioTestMap_BuiltData.uasset
[2018.03.11-16.54.24:709][999]Cmd: QUIT_EDITOR
[2018.03.11-16.54.25:502][999]LogWindowsTextInputMethodSystem: Display: IME system now deactivated.
[2018.03.11-16.54.25:502][999]LogWindowsTextInputMethodSystem: Display: IME system now deactivated.
[2018.03.11-16.54.25:541][999]LogExit: Preparing to exit.
[2018.03.11-16.54.26:162][999]LogDirectoryWatcher: A directory notification for 'D:/Files/Development/Git Repos/projectorca/Content/' was aborted.
[2018.03.11-16.54.26:246][999]LogExit: Editor shut down
[2018.03.11-16.54.26:254][999]LogExit: Transaction tracking system shut down
[2018.03.11-16.54.26:472][999]LogDirectoryWatcher: A directory notification for '../../../Engine/Content/' was aborted.
[2018.03.11-16.54.26:472][999]LogDirectoryWatcher: A directory notification for '../../../../../../Files/Development/Git Repos/projectorca/Content/' was aborted.
[2018.03.11-16.54.26:472][999]LogDirectoryWatcher: A directory notification for '../../../Engine/Plugins/2D/Paper2D/Content/' was aborted.
[2018.03.11-16.54.26:472][999]LogDirectoryWatcher: A directory notification for '../../../Engine/Plugins/Runtime/Oculus/OculusVR/Content/' was aborted.
[2018.03.11-16.54.26:472][999]LogDirectoryWatcher: A directory notification for '../../../Engine/Plugins/Runtime/Steam/SteamVR/Content/' was aborted.
[2018.03.11-16.54.27:619][999]LogExit: Object subsystem successfully closed.
[2018.03.11-16.54.27:813][999]LogD3D11RHI: Shutdown
[2018.03.11-16.54.27:828][999]LogD3D11RHI: CleanupD3DDevice
[2018.03.11-16.54.27:958][999]LogD3D11RHI: ~FD3D11DynamicRHI
[2018.03.11-16.54.28:813][999]LogModuleManager: Shutting down and abandoning module MovieSceneCapture (534)
[2018.03.11-16.54.28:813][999]LogModuleManager: Shutting down and abandoning module StaticMeshEditor (532)
[2018.03.11-16.54.28:813][999]LogModuleManager: Shutting down and abandoning module HierarchicalLODOutliner (530)
[2018.03.11-16.54.28:813][999]LogModuleManager: Shutting down and abandoning module SceneOutliner (528)
[2018.03.11-16.54.28:837][999]LogModuleManager: Shutting down and abandoning module AddContentDialog (526)
[2018.03.11-16.54.28:845][999]LogDirectoryWatcher: A directory notification for 'D:/Programs(x86)/Epic Games/UE_4.17/FeaturePacks/' was aborted.
[2018.03.11-16.54.28:846][999]LogModuleManager: Shutting down and abandoning module WidgetCarousel (525)
[2018.03.11-16.54.28:846][999]LogModuleManager: Shutting down and abandoning module EditorWidgets (522)
[2018.03.11-16.54.28:846][999]LogModuleManager: Shutting down and abandoning module CollectionManager (520)
[2018.03.11-16.54.28:855][999]LogDirectoryWatcher: A directory notification for 'D:/Files/Development/Git Repos/projectorca/Content/Collections/' was aborted.
[2018.03.11-16.54.28:855][999]LogDirectoryWatcher: A directory notification for 'D:/Files/Development/Git Repos/projectorca/Content/Developers/Dominic/Collections/' was aborted.
[2018.03.11-16.54.28:855][999]LogDirectoryWatcher: A directory notification for 'D:/Files/Development/Git Repos/projectorca/Saved/Collections/' was aborted.
[2018.03.11-16.54.28:855][999]LogModuleManager: Shutting down and abandoning module StatsViewer (518)
[2018.03.11-16.54.28:856][999]LogModuleManager: Shutting down and abandoning module FoliageEdit (516)
[2018.03.11-16.54.28:856][999]LogModuleManager: Shutting down and abandoning module LandscapeEditor (514)
[2018.03.11-16.54.28:892][999]LogModuleManager: Shutting down and abandoning module MeshPaintMode (512)
[2018.03.11-16.54.28:892][999]LogModuleManager: Shutting down and abandoning module SceneDepthPickerMode (510)
[2018.03.11-16.54.28:892][999]LogModuleManager: Shutting down and abandoning module ActorPickerMode (508)
[2018.03.11-16.54.28:892][999]LogModuleManager: Shutting down and abandoning module GeometryMode (506)
[2018.03.11-16.54.28:892][999]LogModuleManager: Shutting down and abandoning module TextureAlignMode (504)
[2018.03.11-16.54.28:892][999]LogModuleManager: Shutting down and abandoning module BspMode (502)
[2018.03.11-16.54.28:899][999]LogModuleManager: Shutting down and abandoning module PIEPreviewDeviceProfileSelector (500)
[2018.03.11-16.54.28:899][999]LogModuleManager: Shutting down and abandoning module HardwareSurvey (498)
[2018.03.11-16.54.28:899][999]LogModuleManager: Shutting down and abandoning module SequenceRecorderSections (496)
[2018.03.11-16.54.28:906][999]LogModuleManager: Shutting down and abandoning module AutomationWorker (494)
[2018.03.11-16.54.28:918][999]LogModuleManager: Shutting down and abandoning module MatineeToLevelSequence (492)
[2018.03.11-16.54.28:918][999]LogModuleManager: Shutting down and abandoning module LevelSequenceEditor (490)
[2018.03.11-16.54.28:942][999]LogModuleManager: Shutting down and abandoning module PlacementMode (489)
[2018.03.11-16.54.28:942][999]LogModuleManager: Shutting down and abandoning module WmfMediaFactory (486)
[2018.03.11-16.54.28:942][999]LogModuleManager: Shutting down and abandoning module WmfMediaEditor (484)
[2018.03.11-16.54.28:942][999]LogModuleManager: Shutting down and abandoning module AvfMediaFactory (482)
[2018.03.11-16.54.28:942][999]LogModuleManager: Shutting down and abandoning module AvfMediaEditor (480)
[2018.03.11-16.54.28:942][999]LogModuleManager: Shutting down and abandoning module AndroidMediaFactory (478)
[2018.03.11-16.54.28:942][999]LogModuleManager: Shutting down and abandoning module Media (477)
[2018.03.11-16.54.28:942][999]LogModuleManager: Shutting down and abandoning module AndroidMediaEditor (474)
[2018.03.11-16.54.28:942][999]LogModuleManager: Shutting down and abandoning module CharacterAI (472)
[2018.03.11-16.54.28:942][999]LogModuleManager: Shutting down and abandoning module AudioCapture (470)
[2018.03.11-16.54.28:942][999]LogModuleManager: Shutting down and abandoning module SequenceRecorder (469)
[2018.03.11-16.54.28:942][999]LogModuleManager: Shutting down and abandoning module SmartSnapping (466)
[2018.03.11-16.54.28:942][999]LogModuleManager: Shutting down and abandoning module SessionServices (464)
[2018.03.11-16.54.28:942][999]LogModuleManager: Shutting down and abandoning module ViewportSnapping (462)
[2018.03.11-16.54.28:942][999]LogModuleManager: Shutting down and abandoning module ViewportInteraction (460)
[2018.03.11-16.54.28:942][999]LogModuleManager: Shutting down and abandoning module ClothPainter (458)
[2018.03.11-16.54.28:962][999]LogModuleManager: Shutting down and abandoning module LogVisualizer (456)
[2018.03.11-16.54.28:973][999]LogModuleManager: Shutting down and abandoning module IntroTutorials (454)
[2018.03.11-16.54.28:989][999]LogModuleManager: Shutting down and abandoning module GameProjectGeneration (453)
[2018.03.11-16.54.29:008][999]LogModuleManager: Shutting down and abandoning module IOSPlatformEditor (450)
[2018.03.11-16.54.29:008][999]LogModuleManager: Shutting down and abandoning module HTML5PlatformEditor (448)
[2018.03.11-16.54.29:008][999]LogModuleManager: Shutting down and abandoning module AndroidPlatformEditor (446)
[2018.03.11-16.54.29:008][999]LogModuleManager: Shutting down and abandoning module AndroidDeviceDetection (445)
[2018.03.11-16.54.29:881][999]LogModuleManager: Shutting down and abandoning module WindowsPlatformEditor (442)
[2018.03.11-16.54.29:881][999]LogModuleManager: Shutting down and abandoning module IOSRuntimeSettings (440)
[2018.03.11-16.54.29:881][999]LogModuleManager: Shutting down and abandoning module AndroidRuntimeSettings (438)
[2018.03.11-16.54.29:881][999]LogModuleManager: Shutting down and abandoning module InputBindingEditor (436)
[2018.03.11-16.54.29:892][999]LogModuleManager: Shutting down and abandoning module MergeActors (434)
[2018.03.11-16.54.29:900][999]LogModuleManager: Shutting down and abandoning module SizeMap (432)
[2018.03.11-16.54.29:900][999]LogModuleManager: Shutting down and abandoning module TreeMap (430)
[2018.03.11-16.54.29:909][999]LogModuleManager: Shutting down and abandoning module ReferenceViewer (428)
[2018.03.11-16.54.29:909][999]LogModuleManager: Shutting down and abandoning module LocalizationDashboard (426)
[2018.03.11-16.54.29:917][999]LogModuleManager: Shutting down and abandoning module LocalizationService (425)
[2018.03.11-16.54.29:926][999]LogModuleManager: Shutting down and abandoning module HardwareTargeting (422)
[2018.03.11-16.54.29:926][999]LogModuleManager: Shutting down and abandoning module DeviceProfileEditor (420)
[2018.03.11-16.54.29:931][999]LogModuleManager: Shutting down and abandoning module UndoHistory (418)
[2018.03.11-16.54.29:931][999]LogModuleManager: Shutting down and abandoning module XmlParser (416)
[2018.03.11-16.54.29:939][999]LogModuleManager: Shutting down and abandoning module Blutility (414)
[2018.03.11-16.54.29:939][999]LogModuleManager: Shutting down and abandoning module ProjectSettingsViewer (412)
[2018.03.11-16.54.29:939][999]LogModuleManager: Shutting down and abandoning module ProjectTargetPlatformEditor (411)
[2018.03.11-16.54.29:939][999]LogModuleManager: Shutting down and abandoning module EditorSettingsViewer (408)
[2018.03.11-16.54.29:939][999]LogModuleManager: Shutting down and abandoning module SettingsEditor (406)
[2018.03.11-16.54.29:945][999]LogModuleManager: Shutting down and abandoning module ProjectLauncher (404)
[2018.03.11-16.54.29:951][999]LogModuleManager: Shutting down and abandoning module SessionFrontend (402)
[2018.03.11-16.54.29:965][999]LogModuleManager: Shutting down and abandoning module ProfilerClient (400)
[2018.03.11-16.54.29:983][999]LogModuleManager: Shutting down and abandoning module DeviceManager (398)
[2018.03.11-16.54.30:003][999]LogModuleManager: Shutting down and abandoning module TargetDeviceServices (397)
[2018.03.11-16.54.30:056][999]LogModuleManager: Shutting down and abandoning module AutomationController (394)
[2018.03.11-16.54.30:073][999]LogModuleManager: Shutting down and abandoning module AutomationWindow (392)
[2018.03.11-16.54.30:085][999]LogModuleManager: Shutting down and abandoning module Layers (390)
[2018.03.11-16.54.30:097][999]LogModuleManager: Shutting down and abandoning module ComponentVisualizers (388)
[2018.03.11-16.54.30:097][999]LogModuleManager: Shutting down and abandoning module DetailCustomizations (386)
[2018.03.11-16.54.30:115][999]LogModuleManager: Shutting down and abandoning module PackagesDialog (384)
[2018.03.11-16.54.30:115][999]LogModuleManager: Shutting down and abandoning module Persona (382)
[2018.03.11-16.54.30:133][999]LogModuleManager: Shutting down and abandoning module AdvancedPreviewScene (381)
[2018.03.11-16.54.30:133][999]LogModuleManager: Shutting down and abandoning module AnimGraph (379)
[2018.03.11-16.54.30:143][999]LogModuleManager: Shutting down and abandoning module Kismet (376)
[2018.03.11-16.54.30:160][999]LogModuleManager: Shutting down and abandoning module ClassViewer (374)
[2018.03.11-16.54.30:160][999]LogModuleManager: Shutting down and abandoning module Toolbox (372)
[2018.03.11-16.54.30:160][999]LogModuleManager: Shutting down and abandoning module ModuleUI (370)
[2018.03.11-16.54.30:166][999]LogModuleManager: Shutting down and abandoning module MovieSceneTools (368)
[2018.03.11-16.54.30:189][999]LogModuleManager: Shutting down and abandoning module OutputLog (366)
[2018.03.11-16.54.30:189][999]LogModuleManager: Shutting down and abandoning module GammaUI (364)
[2018.03.11-16.54.30:195][999]LogModuleManager: Shutting down and abandoning module Documentation (362)
[2018.03.11-16.54.30:195][999]LogModuleManager: Shutting down and abandoning module MovieSceneTracks (360)
[2018.03.11-16.54.30:195][999]LogModuleManager: Shutting down and abandoning module MovieScene (358)
[2018.03.11-16.54.30:195][999]LogModuleManager: Shutting down and abandoning module Niagara (356)
[2018.03.11-16.54.30:195][999]LogModuleManager: Shutting down and abandoning module NiagaraEditor (355)
[2018.03.11-16.54.30:216][999]LogModuleManager: Shutting down and abandoning module StreamingPauseRendering (352)
[2018.03.11-16.54.30:216][999]LogModuleManager: Shutting down and abandoning module LauncherPlatform (350)
[2018.03.11-16.54.30:216][999]LogModuleManager: Shutting down and abandoning module AnalyticsET (348)
[2018.03.11-16.54.30:216][999]LogModuleManager: Shutting down and abandoning module PortalServices (346)
[2018.03.11-16.54.30:216][999]LogModuleManager: Shutting down and abandoning module PortalRpc (344)
[2018.03.11-16.54.30:216][999]LogModuleManager: Shutting down and abandoning module MessagingRpc (342)
[2018.03.11-16.54.30:216][999]LogModuleManager: Shutting down and abandoning module AIModule (340)
[2018.03.11-16.54.30:216][999]LogModuleManager: Shutting down and abandoning module GameplayDebugger (339)
[2018.03.11-16.54.30:216][999]LogModuleManager: Shutting down and abandoning module AITestSuite (337)
[2018.03.11-16.54.30:229][999]LogModuleManager: Shutting down and abandoning module ProfilerService (334)
[2018.03.11-16.54.30:444][999]LogModuleManager: Shutting down and abandoning module TaskGraph (332)
[2018.03.11-16.54.30:453][999]LogModuleManager: Shutting down and abandoning module SteamVRController (330)
[2018.03.11-16.54.30:453][999]LogModuleManager: Shutting down and abandoning module ProceduralMeshComponentEditor (328)
[2018.03.11-16.54.30:453][999]LogModuleManager: Shutting down and abandoning module ProceduralMeshComponent (326)
[2018.03.11-16.54.30:453][999]LogModuleManager: Shutting down and abandoning module OculusInput (324)
[2018.03.11-16.54.30:463][999]LogModuleManager: Shutting down and abandoning module MobilePatchingUtils (322)
[2018.03.11-16.54.30:463][999]LogModuleManager: Shutting down and abandoning module CustomMeshComponent (320)
[2018.03.11-16.54.30:463][999]LogModuleManager: Shutting down and abandoning module CableComponent (318)
[2018.03.11-16.54.30:463][999]LogModuleManager: Shutting down and abandoning module ArchVisCharacter (316)
[2018.03.11-16.54.30:463][999]LogModuleManager: Shutting down and abandoning module AndroidPermission (314)
[2018.03.11-16.54.30:463][999]LogModuleManager: Shutting down and abandoning module MediaPlayerEditor (310)
[2018.03.11-16.54.30:479][999]LogModuleManager: Shutting down and abandoning module HTML5Networking (308)
[2018.03.11-16.54.30:479][999]LogModuleManager: Shutting down and abandoning module AlembicImporter (306)
[2018.03.11-16.54.30:491][999]LogModuleManager: Shutting down and abandoning module AlembicLibrary (305)
[2018.03.11-16.54.30:491][999]LogModuleManager: Shutting down and abandoning module GeometryCache (304)
[2018.03.11-16.54.30:491][999]LogModuleManager: Shutting down and abandoning module GeometryCacheEd (303)
[2018.03.11-16.54.30:492][999]LogModuleManager: Shutting down and abandoning module SpeedTreeImporter (298)
[2018.03.11-16.54.30:492][999]LogModuleManager: Shutting down and abandoning module PluginBrowser (296)
[2018.03.11-16.54.30:500][999]LogModuleManager: Shutting down and abandoning module MobileLauncherProfileWizard (294)
[2018.03.11-16.54.30:513][999]LogModuleManager: Shutting down and abandoning module VisualStudioSourceCodeAccess (292)
[2018.03.11-16.54.30:513][999]LogModuleManager: Shutting down and abandoning module DesktopPlatform (291)
[2018.03.11-16.54.30:528][999]LogModuleManager: Shutting down and abandoning module UObjectPlugin (288)
[2018.03.11-16.54.30:528][999]LogModuleManager: Shutting down and abandoning module SubversionSourceControl (286)
[2018.03.11-16.54.30:540][999]LogModuleManager: Shutting down and abandoning module PerforceSourceControl (284)
[2018.03.11-16.54.30:556][999]LogModuleManager: Shutting down and abandoning module GitSourceControl (282)
[2018.03.11-16.54.30:565][999]LogModuleManager: Shutting down and abandoning module SourceControl (281)
[2018.03.11-16.54.30:577][999]LogModuleManager: Shutting down and abandoning module LightPropagationVolumeEditor (278)
[2018.03.11-16.54.30:577][999]LogModuleManager: Shutting down and abandoning module PaperTiledImporter (276)
[2018.03.11-16.54.30:577][999]LogModuleManager: Shutting down and abandoning module PaperSpriteSheetImporter (274)
[2018.03.11-16.54.30:578][999]LogModuleManager: Shutting down and abandoning module Paper2DEditor (272)
[2018.03.11-16.54.30:588][999]LogModuleManager: Shutting down and abandoning module MeshPaint (271)
[2018.03.11-16.54.30:597][999]LogModuleManager: Shutting down and abandoning module LevelEditor (269)
[2018.03.11-16.54.30:603][999]LogModuleManager: Shutting down and abandoning module PixelInspectorModule (268)
[2018.03.11-16.54.30:611][999]LogModuleManager: Shutting down and abandoning module MainFrame (266)
[2018.03.11-16.54.30:611][999]LogModuleManager: Shutting down and abandoning module HotReload (265)
[2018.03.11-16.54.30:629][999]LogModuleManager: Shutting down and abandoning module RuntimePhysXCooking (260)
[2018.03.11-16.54.30:629][999]LogModuleManager: Shutting down and abandoning module PhysXVehiclesEditor (258)
[2018.03.11-16.54.30:629][999]LogModuleManager: Shutting down and abandoning module PhysXVehicles (256)
[2018.03.11-16.54.30:629][999]LogModuleManager: Shutting down and abandoning module OculusEditor (254)
[2018.03.11-16.54.30:629][999]LogModuleManager: Shutting down and abandoning module LocationServicesBPLibrary (252)
[2018.03.11-16.54.30:629][999]LogModuleManager: Shutting down and abandoning module ImmediatePhysicsEditor (250)
[2018.03.11-16.54.30:629][999]LogModuleManager: Shutting down and abandoning module ImmediatePhysics (248)
[2018.03.11-16.54.30:644][999]LogModuleManager: Shutting down and abandoning module UdpMessaging (246)
[2018.03.11-16.54.30:745][999]LogModuleManager: Shutting down and abandoning module TcpMessaging (244)
[2018.03.11-16.54.30:854][999]LogModuleManager: Shutting down and abandoning module GameplayTagsEditor (242)
[2018.03.11-16.54.30:865][999]LogModuleManager: Shutting down and abandoning module FacialAnimationEditor (240)
[2018.03.11-16.54.30:865][999]LogModuleManager: Shutting down and abandoning module FacialAnimation (238)
[2018.03.11-16.54.30:865][999]LogModuleManager: Shutting down and abandoning module AssetManagerEditor (236)
[2018.03.11-16.54.30:884][999]LogModuleManager: Shutting down and abandoning module GraphEditor (235)
[2018.03.11-16.54.30:915][999]LogModuleManager: Shutting down and abandoning module ContentBrowser (233)
[2018.03.11-16.54.30:916][999]LogModuleManager: Shutting down and abandoning module LightPropagationVolumeRuntime (230)
[2018.03.11-16.54.30:916][999]LogModuleManager: Shutting down and abandoning module Paper2D (228)
[2018.03.11-16.54.30:986][999]LogModuleManager: Shutting down and abandoning module WindowsMoviePlayer (226)
[2018.03.11-16.54.30:998][999]LogModuleManager: Shutting down and abandoning module WmfMedia (224)
[2018.03.11-16.54.31:013][999]LogModuleManager: Shutting down and abandoning module PacketHandler (222)
[2018.03.11-16.54.31:013][999]LogModuleManager: Shutting down and abandoning module ClothingSystemEditor (220)
[2018.03.11-16.54.31:013][999]LogModuleManager: Shutting down and abandoning module ClothingSystemRuntime (218)
[2018.03.11-16.54.31:024][999]LogModuleManager: Shutting down and abandoning module Overlay (216)
[2018.03.11-16.54.31:024][999]LogModuleManager: Shutting down and abandoning module OverlayEditor (215)
[2018.03.11-16.54.31:024][999]LogModuleManager: Shutting down and abandoning module MediaAssets (212)
[2018.03.11-16.54.31:024][999]LogModuleManager: Shutting down and abandoning module VREditor (210)
[2018.03.11-16.54.31:039][999]LogModuleManager: Shutting down and abandoning module StringTableEditor (208)
[2018.03.11-16.54.31:051][999]LogModuleManager: Shutting down and abandoning module GameplayTasksEditor (206)
[2018.03.11-16.54.31:051][999]LogModuleManager: Shutting down and abandoning module BehaviorTreeEditor (204)
[2018.03.11-16.54.31:069][999]LogModuleManager: Shutting down and abandoning module FunctionalTesting (202)
[2018.03.11-16.54.31:069][999]LogModuleManager: Shutting down and abandoning module CollisionAnalyzer (200)
[2018.03.11-16.54.31:075][999]LogModuleManager: Shutting down and abandoning module WorkspaceMenuStructure (199)
[2018.03.11-16.54.31:076][999]LogModuleManager: Shutting down and abandoning module UMG (196)
[2018.03.11-16.54.31:092][999]LogModuleManager: Shutting down and abandoning module UMGEditor (195)
[2018.03.11-16.54.31:124][999]LogModuleManager: Shutting down and abandoning module Sequencer (194)
[2018.03.11-16.54.31:140][999]LogModuleManager: Shutting down and abandoning module MessageLog (191)
[2018.03.11-16.54.31:140][999]LogModuleManager: Shutting down and abandoning module SlateReflector (186)
[2018.03.11-16.54.31:159][999]LogModuleManager: Shutting down and abandoning module Slate (184)
[2018.03.11-16.54.31:159][999]LogModuleManager: Shutting down and abandoning module EditorStyle (182)
[2018.03.11-16.54.31:161][999]LogModuleManager: Shutting down and abandoning module MRMesh (180)
[2018.03.11-16.54.31:161][999]LogModuleManager: Shutting down and abandoning module SourceCodeAccess (178)
[2018.03.11-16.54.31:161][999]LogModuleManager: Shutting down and abandoning module HeadMountedDisplay (176)
[2018.03.11-16.54.31:161][999]LogModuleManager: Shutting down and abandoning module XAudio2 (174)
[2018.03.11-16.54.31:161][999]LogModuleManager: Shutting down and abandoning module Networking (172)
[2018.03.11-16.54.31:161][999]LogModuleManager: Shutting down and abandoning module Core (168)
[2018.03.11-16.54.31:162][999]LogModuleManager: Shutting down and abandoning module KismetCompiler (164)
[2018.03.11-16.54.31:162][999]LogModuleManager: Shutting down and abandoning module LevelSequence (162)
[2018.03.11-16.54.31:162][999]LogModuleManager: Shutting down and abandoning module MeshUtilities (160)
[2018.03.11-16.54.31:166][999]LogModuleManager: Shutting down and abandoning module MeshMergeUtilities (159)
[2018.03.11-16.54.31:177][999]LogModuleManager: Shutting down and abandoning module MeshReductionInterface (158)
[2018.03.11-16.54.31:177][999]LogModuleManager: Shutting down and abandoning module SimplygonSwarm (157)
[2018.03.11-16.54.31:181][999]LogModuleManager: Shutting down and abandoning module SimplygonMeshReduction (155)
[2018.03.11-16.54.31:181][999]LogModuleManager: Shutting down and abandoning module QuadricMeshReduction (153)
[2018.03.11-16.54.31:188][999]LogModuleManager: Shutting down and abandoning module MaterialBaking (149)
[2018.03.11-16.54.31:194][999]LogModuleManager: Shutting down and abandoning module DirectoryWatcher (146)
[2018.03.11-16.54.31:195][999]LogModuleManager: Shutting down and abandoning module DerivedDataCache (144)
[2018.03.11-16.54.31:255][999]LogDerivedDataCache: Shutdown
[2018.03.11-16.54.31:255][999]LogModuleManager: Shutting down and abandoning module TargetPlatform (142)
[2018.03.11-16.54.31:255][999]LogModuleManager: Shutting down and abandoning module VulkanShaderFormat (141)
[2018.03.11-16.54.31:263][999]LogModuleManager: Shutting down and abandoning module ShaderFormatVectorVM (139)
[2018.03.11-16.54.31:272][999]LogModuleManager: Shutting down and abandoning module ShaderFormatOpenGL (137)
[2018.03.11-16.54.31:278][999]LogModuleManager: Shutting down and abandoning module ShaderFormatD3D (135)
[2018.03.11-16.54.31:284][999]LogModuleManager: Shutting down and abandoning module MetalShaderFormat (133)
[2018.03.11-16.54.31:295][999]LogModuleManager: Shutting down and abandoning module TextureFormatUncompressed (131)
[2018.03.11-16.54.31:295][999]LogModuleManager: Shutting down and abandoning module TextureFormatPVR (129)
[2018.03.11-16.54.31:295][999]LogModuleManager: Shutting down and abandoning module TextureFormatDXT (127)
[2018.03.11-16.54.31:295][999]LogModuleManager: Shutting down and abandoning module TextureFormatIntelISPCTexComp (125)
[2018.03.11-16.54.31:312][999]LogModuleManager: Shutting down and abandoning module TextureFormatASTC (123)
[2018.03.11-16.54.31:312][999]LogModuleManager: Shutting down and abandoning module ImageWrapper (122)
[2018.03.11-16.54.31:312][999]LogModuleManager: Shutting down and abandoning module TextureFormatAndroid (119)
[2018.03.11-16.54.31:312][999]LogModuleManager: Shutting down and abandoning module AudioFormatOpus (117)
[2018.03.11-16.54.31:312][999]LogModuleManager: Shutting down and abandoning module AudioFormatOgg (115)
[2018.03.11-16.54.31:312][999]LogModuleManager: Shutting down and abandoning module AudioFormatADPCM (113)
[2018.03.11-16.54.31:312][999]LogModuleManager: Shutting down and abandoning module LinuxTargetPlatform (111)
[2018.03.11-16.54.31:312][999]LogModuleManager: Shutting down and abandoning module LinuxServerTargetPlatform (109)
[2018.03.11-16.54.31:312][999]LogModuleManager: Shutting down and abandoning module LinuxNoEditorTargetPlatform (107)
[2018.03.11-16.54.31:312][999]LogModuleManager: Shutting down and abandoning module LinuxClientTargetPlatform (105)
[2018.03.11-16.54.31:312][999]LogModuleManager: Shutting down and abandoning module TVOSTargetPlatform (103)
[2018.03.11-16.54.31:312][999]LogModuleManager: Shutting down and abandoning module Messaging (101)
[2018.03.11-16.54.31:312][999]LogModuleManager: Shutting down and abandoning module IOSTargetPlatform (99)
[2018.03.11-16.54.31:312][999]LogModuleManager: Shutting down and abandoning module HTML5TargetPlatform (97)
[2018.03.11-16.54.31:312][999]LogModuleManager: Shutting down and abandoning module Android_PVRTCTargetPlatform (95)
[2018.03.11-16.54.31:312][999]LogModuleManager: Shutting down and abandoning module Android_MultiTargetPlatform (93)
[2018.03.11-16.54.31:312][999]LogModuleManager: Shutting down and abandoning module Android_ETC2TargetPlatform (91)
[2018.03.11-16.54.31:312][999]LogModuleManager: Shutting down and abandoning module Android_ETC1TargetPlatform (89)
[2018.03.11-16.54.31:312][999]LogModuleManager: Shutting down and abandoning module Android_DXTTargetPlatform (87)
[2018.03.11-16.54.31:312][999]LogModuleManager: Shutting down and abandoning module Android_ATCTargetPlatform (85)
[2018.03.11-16.54.31:312][999]LogModuleManager: Shutting down and abandoning module Android_ASTCTargetPlatform (83)
[2018.03.11-16.54.31:312][999]LogModuleManager: Shutting down and abandoning module AndroidTargetPlatform (81)
[2018.03.11-16.54.31:312][999]LogModuleManager: Shutting down and abandoning module WindowsTargetPlatform (79)
[2018.03.11-16.54.31:312][999]LogModuleManager: Shutting down and abandoning module WindowsServerTargetPlatform (77)
[2018.03.11-16.54.31:312][999]LogModuleManager: Shutting down and abandoning module WindowsNoEditorTargetPlatform (75)
[2018.03.11-16.54.31:312][999]LogModuleManager: Shutting down and abandoning module WindowsClientTargetPlatform (73)
[2018.03.11-16.54.31:312][999]LogModuleManager: Shutting down and abandoning module MacTargetPlatform (71)
[2018.03.11-16.54.31:312][999]LogModuleManager: Shutting down and abandoning module MacServerTargetPlatform (69)
[2018.03.11-16.54.31:312][999]LogModuleManager: Shutting down and abandoning module MacNoEditorTargetPlatform (67)
[2018.03.11-16.54.31:312][999]LogModuleManager: Shutting down and abandoning module MacClientTargetPlatform (65)
[2018.03.11-16.54.31:312][999]LogModuleManager: Shutting down and abandoning module AllDesktopTargetPlatform (63)
[2018.03.11-16.54.31:312][999]LogModuleManager: Shutting down and abandoning module InputCore (60)
[2018.03.11-16.54.31:312][999]LogModuleManager: Shutting down and abandoning module Settings (58)
[2018.03.11-16.54.31:312][999]LogModuleManager: Shutting down and abandoning module PhysXCooking (56)
[2018.03.11-16.54.31:312][999]LogModuleManager: Shutting down and abandoning module SteamVR (54)
[2018.03.11-16.54.31:312][999]LogModuleManager: Shutting down and abandoning module OculusHMD (52)
[2018.03.11-16.54.31:327][999]LogModuleManager: Shutting down and abandoning module ExampleDeviceProfileSelector (50)
[2018.03.11-16.54.31:327][999]LogModuleManager: Shutting down and abandoning module OnlineBlueprintSupport (48)
[2018.03.11-16.54.31:327][999]LogModuleManager: Shutting down and abandoning module OnlineSubsystem (44)
[2018.03.11-16.54.31:327][999]LogOnline: Display: Unloading online subsystem: NULL
[2018.03.11-16.54.31:355][999]LogModuleManager: Shutting down and abandoning module XMPP (43)
[2018.03.11-16.54.31:369][999]LogModuleManager: Shutting down and abandoning module HTTP (41)
[2018.03.11-16.54.31:369][999]LogHttp: Display: Http module shutting down, but needs to wait on 1 outstanding Http requests:
[2018.03.11-16.54.31:377][999]LogHttp: Display: 	verb=[POST] url=[https://datarouter.ol.epicgames.com/datarouter/api/v1/public/data?SessionID=%7B9AAC8790-4672-5389-0F42-D3A24B6BA851%7D&AppID=UEEditor.Rocket.Release&AppVersion=4.17.2-3658906%2B%2B%2BUE4%2BRelease-4.17&UserID=b1c16196425f44d0f65212a057bde582%7C9a7113778c324a5ebfbe2ee726f02543%7C795df18a-42f4-4c54-986d-c813d88f47bf&AppEnvironment=datacollector-binary&UploadType=eteventstream] status=Processing
[2018.03.11-16.54.31:405][999]LogModuleManager: Shutting down and abandoning module SSL (40)
[2018.03.11-16.54.31:416][999]LogModuleManager: Shutting down and abandoning module AnimationModifiers (36)
[2018.03.11-16.54.31:427][999]LogModuleManager: Shutting down and abandoning module PropertyEditor (35)
[2018.03.11-16.54.31:427][999]LogModuleManager: Shutting down and abandoning module AudioEditor (32)
[2018.03.11-16.54.31:468][999]LogModuleManager: Shutting down and abandoning module TextureCompressor (30)
[2018.03.11-16.54.31:468][999]LogModuleManager: Shutting down and abandoning module ShaderCore (28)
[2018.03.11-16.54.31:468][999]LogModuleManager: Shutting down and abandoning module Landscape (26)
[2018.03.11-16.54.31:468][999]LogModuleManager: Shutting down and abandoning module SlateRHIRenderer (24)
[2018.03.11-16.54.31:485][999]LogModuleManager: Shutting down and abandoning module OpenGLDrv (22)
[2018.03.11-16.54.31:495][999]LogModuleManager: Shutting down and abandoning module D3D11RHI (20)
[2018.03.11-16.54.31:495][999]LogModuleManager: Shutting down and abandoning module AnimGraphRuntime (18)
[2018.03.11-16.54.31:500][999]LogModuleManager: Shutting down and abandoning module Renderer (16)
[2018.03.11-16.54.31:501][999]LogModuleManager: Shutting down and abandoning module Engine (14)
[2018.03.11-16.54.31:501][999]LogModuleManager: Shutting down and abandoning module CoreUObject (12)
[2018.03.11-16.54.31:501][999]LogModuleManager: Shutting down and abandoning module NetworkFile (10)
[2018.03.11-16.54.31:517][999]LogModuleManager: Shutting down and abandoning module CookedIterativeFile (8)
[2018.03.11-16.54.31:517][999]LogModuleManager: Shutting down and abandoning module StreamingFile (6)
[2018.03.11-16.54.31:520][999]LogModuleManager: Shutting down and abandoning module SandboxFile (4)
[2018.03.11-16.54.31:520][999]LogModuleManager: Shutting down and abandoning module PakFile (2)
[2018.03.11-16.54.31:540][999]LogExit: Exiting.
[2018.03.11-16.54.31:564][999]Log file closed, 03/11/18 11:54:31
