Log file open, 03/30/18 12:23:50
LogWindows: Failed to load 'aqProf.dll' (GetLastError=126)
LogWindows: File 'aqProf.dll' does not exist
LogWindows: Failed to load 'VtuneApi.dll' (GetLastError=126)
LogWindows: File 'VtuneApi.dll' does not exist
LogWindows: Failed to load 'VtuneApi32e.dll' (GetLastError=126)
LogWindows: File 'VtuneApi32e.dll' does not exist
LogInit: Display: Running engine for game: ProjectOrca
LogPlatformFile: Not using cached read wrapper
LogInit: Display: RandInit(1578049846) SRandInit(1578049846).
LogTaskGraph: Started task graph with 5 named threads and 14 total threads with 3 sets of task threads.
LogStats: Stats thread started at 0.217419
LogD3D11RHI: Aftermath initialized
LogPluginManager: Mounting plugin Paper2D
LogPluginManager: Mounting plugin LightPropagationVolume
LogPluginManager: Mounting plugin CodeLiteSourceCodeAccess
LogPluginManager: Mounting plugin GitSourceControl
LogPluginManager: Mounting plugin KDevelopSourceCodeAccess
LogPluginManager: Mounting plugin NullSourceCodeAccess
LogPluginManager: Mounting plugin PerforceSourceControl
LogPluginManager: Mounting plugin SubversionSourceControl
LogPluginManager: Mounting plugin UObjectPlugin
LogPluginManager: Mounting plugin VisualStudioSourceCodeAccess
LogPluginManager: Mounting plugin XCodeSourceCodeAccess
LogPluginManager: Mounting plugin AssetManagerEditor
LogPluginManager: Mounting plugin AudioCapture
LogPluginManager: Mounting plugin FacialAnimation
LogPluginManager: Mounting plugin GameplayTagsEditor
LogPluginManager: Mounting plugin MobileLauncherProfileWizard
LogPluginManager: Mounting plugin PluginBrowser
LogPluginManager: Mounting plugin SpeedTreeImporter
LogPluginManager: Mounting plugin AlembicImporter
LogPluginManager: Mounting plugin CharacterAI
LogPluginManager: Mounting plugin HTML5Networking
LogPluginManager: Mounting plugin AndroidMedia
LogPluginManager: Mounting plugin AvfMedia
LogPluginManager: Mounting plugin MediaPlayerEditor
LogPluginManager: Mounting plugin WmfMedia
LogPluginManager: Mounting plugin TcpMessaging
LogPluginManager: Mounting plugin UdpMessaging
LogPluginManager: Mounting plugin LevelSequenceEditor
LogPluginManager: Mounting plugin MatineeToLevelSequence
LogPluginManager: Mounting plugin OnlineSubsystemGooglePlay
LogPluginManager: Mounting plugin OnlineSubsystemIOS
LogPluginManager: Mounting plugin OnlineSubsystem
LogPluginManager: Mounting plugin OnlineSubsystemNull
LogPluginManager: Mounting plugin OnlineSubsystemUtils
LogPluginManager: Mounting plugin AndroidDeviceProfileSelector
LogPluginManager: Mounting plugin AndroidMoviePlayer
LogPluginManager: Mounting plugin AndroidPermission
LogPluginManager: Mounting plugin AppleMoviePlayer
LogPluginManager: Mounting plugin ArchVisCharacter
LogPluginManager: Mounting plugin CableComponent
LogPluginManager: Mounting plugin CustomMeshComponent
LogPluginManager: Mounting plugin ExampleDeviceProfileSelector
LogPluginManager: Mounting plugin GoogleCloudMessaging
LogPluginManager: Mounting plugin ImmediatePhysics
LogPluginManager: Mounting plugin IOSDeviceProfileSelector
LogPluginManager: Mounting plugin LinuxDeviceProfileSelector
LogPluginManager: Mounting plugin LocationServicesBPLibrary
LogPluginManager: Mounting plugin MobilePatchingUtils
LogPluginManager: Mounting plugin OculusVR
LogPluginManager: Mounting plugin PhysXVehicles
LogPluginManager: Mounting plugin ProceduralMeshComponent
LogPluginManager: Mounting plugin RuntimePhysXCooking
LogPluginManager: Mounting plugin SteamVR
LogPluginManager: Mounting plugin WindowsMoviePlayer
LogInit: Using libcurl 7.47.1
LogInit:  - built for x86_64-pc-win32
LogInit:  - supports SSL with OpenSSL/1.0.2g
LogInit:  - supports HTTP deflate (compression) using libz 1.2.8
LogInit:  - other features:
LogInit:      CURL_VERSION_SSL
LogInit:      CURL_VERSION_LIBZ
LogInit:      CURL_VERSION_IPV6
LogInit:      CURL_VERSION_ASYNCHDNS
LogInit:      CURL_VERSION_LARGEFILE
LogInit:      CURL_VERSION_IDN
LogInit:  CurlRequestOptions (configurable via config and command line):
LogInit:  - bVerifyPeer = false  - Libcurl will NOT verify peer certificate
LogInit:  - bUseHttpProxy = false  - Libcurl will NOT use HTTP proxy
LogInit:  - bDontReuseConnections = false  - Libcurl will reuse connections
LogInit:  - CertBundlePath = nullptr  - Libcurl will use whatever was configured at build time.
LogInit: Build: ++UE4+Release-4.17-CL-3658906
LogInit: Engine Version: 4.17.2-3658906+++UE4+Release-4.17
LogInit: Compatible Engine Version: 4.17.0-3573198+++UE4+Release-4.17
LogInit: Net CL: 3573198
LogDevObjectVersion: Number of dev versions registered: 16
LogDevObjectVersion:   Dev-Blueprints (B0D832E4-1F89-4F0D-ACCF-7EB736FD4AA2): 10
LogDevObjectVersion:   Dev-Build (E1C64328-A22C-4D53-A36C-8E866417BD8C): 0
LogDevObjectVersion:   Dev-Core (375EC13C-06E4-48FB-B500-84F0262A717E): 2
LogDevObjectVersion:   Dev-Editor (E4B068ED-F494-42E9-A231-DA0B2E46BB41): 20
LogDevObjectVersion:   Dev-Framework (CFFC743F-43B0-4480-9391-14DF171D2073): 28
LogDevObjectVersion:   Dev-Mobile (B02B49B5-BB20-44E9-A304-32B752E40360): 0
LogDevObjectVersion:   Dev-Networking (A4E4105C-59A1-49B5-A7C5-40C4547EDFEE): 0
LogDevObjectVersion:   Dev-Online (39C831C9-5AE6-47DC-9A44-9C173E1C8E7C): 0
LogDevObjectVersion:   Dev-Physics (78F01B33-EBEA-4F98-B9B4-84EACCB95AA2): 0
LogDevObjectVersion:   Dev-Platform (6631380F-2D4D-43E0-8009-CF276956A95A): 0
LogDevObjectVersion:   Dev-Rendering (12F88B9F-8875-4AFC-A67C-D90C383ABD29): 19
LogDevObjectVersion:   Dev-Sequencer (7B5AE74C-D270-4C10-A958-57980B212A5A): 4
LogDevObjectVersion:   Dev-VR (D7296918-1DD6-4BDD-9DE2-64A83CC13884): 0
LogDevObjectVersion:   Dev-LoadTimes (C2A15278-BFE7-4AFE-6C17-90FF531DF755): 1
LogDevObjectVersion:   Private-Geometry (6EACA3D4-40EC-4CC1-B786-8BED09428FC5): 1
LogDevObjectVersion:   Dev-AnimPhys (29E575DD-E0A3-4627-9D10-D276232CDCEA): 7
LogInit: Compiled (64-bit): Sep 22 2017 13:47:16
LogInit: Compiled with Visual C++: 19.00.24215.01
LogInit: Build Configuration: Development
LogInit: Branch Name: ++UE4+Release-4.17
LogInit: Command line:  
LogInit: Base directory: F:/Epic Games/UE_4.17/Engine/Binaries/Win64/
LogInit: Installed Engine Build: 1
LogInit: Presizing for max 8388607 objects, including 0 objects not considered by GC, pre-allocating 0 bytes for permanent pool.
LogInit: Object subsystem initialized
[2018.03.30-11.23.52:394][  0]LogInit: Selected Device Profile: [Windows]
[2018.03.30-11.23.52:394][  0]LogInit: Applying CVar settings loaded from the selected device profile: [Windows]
[2018.03.30-11.23.52:565][  0]LogInit: Computer: SEVASTOPOL
[2018.03.30-11.23.52:565][  0]LogInit: User: JamesDavies
[2018.03.30-11.23.52:565][  0]LogInit: CPU Page size=4096, Cores=4
[2018.03.30-11.23.52:565][  0]LogInit: High frequency timer resolution =3.417963 MHz
[2018.03.30-11.23.52:565][  0]LogMemory: Memory total: Physical=15.9GB (16GB approx)
[2018.03.30-11.23.52:572][  0]LogMemory: Platform Memory Stats for Windows
[2018.03.30-11.23.52:572][  0]LogMemory: Process Physical Memory: 281.66 MB used, 281.66 MB peak
[2018.03.30-11.23.52:572][  0]LogMemory: Process Virtual Memory: 286.25 MB used, 286.25 MB peak
[2018.03.30-11.23.52:572][  0]LogMemory: Physical Memory: 5588.45 MB used,  10698.45 MB free, 16286.89 MB total
[2018.03.30-11.23.52:572][  0]LogMemory: Virtual Memory: 718.92 MB used,  10698.45 MB free, 134217728.00 MB total
[2018.03.30-11.23.53:711][  0]LogInit: Using OS detected language (en-GB).
[2018.03.30-11.23.53:711][  0]LogInit: Using OS detected locale (en-GB).
[2018.03.30-11.23.53:901][  0]LogTextLocalizationManager: No specific localization for 'en-GB' exists, so the 'en' localization will be used.
[2018.03.30-11.23.56:571][  0]LogD3D11RHI: D3D11 adapters:
[2018.03.30-11.23.56:634][  0]LogD3D11RHI:    0. 'NVIDIA GeForce GTX 960' (Feature Level 11_0)
[2018.03.30-11.23.56:634][  0]LogD3D11RHI:       2007/0/8143 MB DedicatedVideo/DedicatedSystem/SharedSystem, Outputs:1, VendorId:0x10de
[2018.03.30-11.23.56:636][  0]LogD3D11RHI:    1. 'Microsoft Basic Render Driver' (Feature Level 11_0)
[2018.03.30-11.23.56:636][  0]LogD3D11RHI:       0/0/8143 MB DedicatedVideo/DedicatedSystem/SharedSystem, Outputs:0, VendorId:0x1414
[2018.03.30-11.23.56:636][  0]LogD3D11RHI: Chosen D3D11 Adapter: 0
[2018.03.30-11.23.56:642][  0]LogD3D11RHI: Creating new Direct3DDevice
[2018.03.30-11.23.56:642][  0]LogD3D11RHI:     GPU DeviceId: 0x1401 (for the marketing name, search the web for "GPU Device Id")
[2018.03.30-11.23.56:642][  0]LogWindows: EnumDisplayDevices:
[2018.03.30-11.23.56:642][  0]LogWindows:    0. 'NVIDIA GeForce GTX 960' (P:1 D:1)
[2018.03.30-11.23.56:642][  0]LogWindows:    1. 'NVIDIA GeForce GTX 960' (P:0 D:0)
[2018.03.30-11.23.56:642][  0]LogWindows:    2. 'NVIDIA GeForce GTX 960' (P:0 D:0)
[2018.03.30-11.23.56:642][  0]LogWindows:    3. 'NVIDIA GeForce GTX 960' (P:0 D:0)
[2018.03.30-11.23.56:642][  0]LogWindows: DebugString: GetVideoDriverDetailsInvalid PrimaryIsNotTheChoosenAdapter GetVideoDriverDetailsInvalid PrimaryIsNotTheChoosenAdapter GetVideoDriverDetailsInvalid PrimaryIsNotTheChoosenAdapter GetVideoDriverDetailsInvalid PrimaryIsNotTheChoosenAdapter FoundDriverCount:0 
[2018.03.30-11.23.56:642][  0]LogD3D11RHI:     Adapter Name: NVIDIA GeForce GTX 960
[2018.03.30-11.23.56:643][  0]LogD3D11RHI:   Driver Version: Unknown (internal:Unknown, unified:Unknown)
[2018.03.30-11.23.56:643][  0]LogD3D11RHI:      Driver Date: Unknown
[2018.03.30-11.23.56:643][  0]LogRHI: Texture pool is 1361 MB (70% of 1945 MB)
[2018.03.30-11.23.56:670][  0]LogD3D11RHI: Async texture creation enabled
[2018.03.30-11.23.56:872][  0]LogD3D11RHI: GPU Timing Frequency: 1000.000000 (Debug: 2 2)
[2018.03.30-11.23.57:002][  0]LogShaderCompilers: Guid format shader working directory is 18 characters bigger than the processId version (../../../../../Git Gud/projectorca/Intermediate/Shaders/WorkingDirectory/11636/).
[2018.03.30-11.23.57:002][  0]LogShaderCompilers: Cleaned the shader compiler working directory 'C:/Users/James Davies/AppData/Local/Temp/UnrealShaderWorkingDir/815C7F154699E2B360FC6780CF732CAE/'.
[2018.03.30-11.23.57:005][  0]LogShaderCompilers: Display: Using Local Shader Compiler.
[2018.03.30-11.24.00:353][  0]LogTemp: Display: Loaded TP AllDesktopTargetPlatform
[2018.03.30-11.24.00:385][  0]LogTemp: Display: Loaded TP MacClientTargetPlatform
[2018.03.30-11.24.00:416][  0]LogTemp: Display: Loaded TP MacNoEditorTargetPlatform
[2018.03.30-11.24.00:448][  0]LogTemp: Display: Loaded TP MacServerTargetPlatform
[2018.03.30-11.24.00:482][  0]LogTemp: Display: Loaded TP MacTargetPlatform
[2018.03.30-11.24.00:513][  0]LogTemp: Display: Loaded TP WindowsClientTargetPlatform
[2018.03.30-11.24.00:545][  0]LogTemp: Display: Loaded TP WindowsNoEditorTargetPlatform
[2018.03.30-11.24.00:576][  0]LogTemp: Display: Loaded TP WindowsServerTargetPlatform
[2018.03.30-11.24.00:602][  0]LogTemp: Display: Loaded TP WindowsTargetPlatform
[2018.03.30-11.24.00:668][  0]LogTemp: Display: Loaded TP AndroidTargetPlatform
[2018.03.30-11.24.00:698][  0]LogTemp: Display: Loaded TP Android_ASTCTargetPlatform
[2018.03.30-11.24.00:729][  0]LogTemp: Display: Loaded TP Android_ATCTargetPlatform
[2018.03.30-11.24.00:760][  0]LogTemp: Display: Loaded TP Android_DXTTargetPlatform
[2018.03.30-11.24.00:790][  0]LogTemp: Display: Loaded TP Android_ETC1TargetPlatform
[2018.03.30-11.24.00:821][  0]LogTemp: Display: Loaded TP Android_ETC2TargetPlatform
[2018.03.30-11.24.00:882][  0]LogTemp: Display: Loaded TP Android_MultiTargetPlatform
[2018.03.30-11.24.00:882][  0]LogTemp: Display: Loaded TP Android_PVRTCTargetPlatform
[2018.03.30-11.24.00:904][  0]LogTemp: Display: Loaded TP HTML5TargetPlatform
[2018.03.30-11.24.01:023][  0]LogTemp: Display: Loaded TP IOSTargetPlatform
[2018.03.30-11.24.01:054][  0]LogTemp: Display: Loaded TP TVOSTargetPlatform
[2018.03.30-11.24.01:091][  0]LogTemp: Display: Loaded TP LinuxClientTargetPlatform
[2018.03.30-11.24.01:122][  0]LogTemp: Display: Loaded TP LinuxNoEditorTargetPlatform
[2018.03.30-11.24.01:152][  0]LogTemp: Display: Loaded TP LinuxServerTargetPlatform
[2018.03.30-11.24.01:202][  0]LogTemp: Display: Loaded TP LinuxTargetPlatform
[2018.03.30-11.24.01:202][  0]LogTargetPlatformManager: Display: Building Assets For Windows
[2018.03.30-11.24.02:341][  0]LogDerivedDataCache: Display: Max Cache Size: 512 MB
[2018.03.30-11.24.02:716][  0]LogDerivedDataCache: Loaded boot cache 0.37s 93MB C:/Users/James Davies/AppData/Local/UnrealEngine/4.17/DerivedDataCache/Boot.ddc.
[2018.03.30-11.24.02:716][  0]LogDerivedDataCache: Display: Loaded Boot cache: C:/Users/James Davies/AppData/Local/UnrealEngine/4.17/DerivedDataCache/Boot.ddc
[2018.03.30-11.24.02:716][  0]LogDerivedDataCache: FDerivedDataBackendGraph:  Pak pak cache file ../../../../../Git Gud/projectorca/DerivedDataCache/DDC.ddp not found, will not use a pak cache.
[2018.03.30-11.24.02:717][  0]LogDerivedDataCache: Unable to find inner node Pak for hierarchical cache Hierarchy.
[2018.03.30-11.24.02:717][  0]LogDerivedDataCache: FDerivedDataBackendGraph:  CompressedPak pak cache file ../../../../../Git Gud/projectorca/DerivedDataCache/Compressed.ddp not found, will not use a pak cache.
[2018.03.30-11.24.02:717][  0]LogDerivedDataCache: Unable to find inner node CompressedPak for hierarchical cache Hierarchy.
[2018.03.30-11.24.02:841][  0]LogDerivedDataCache: Display: Pak cache opened for reading ../../../Engine/DerivedDataCache/Compressed.ddp.
[2018.03.30-11.24.02:854][  0]LogDerivedDataCache: Using Local data cache path C:/Users/James Davies/AppData/Local/UnrealEngine/Common/DerivedDataCache: Writable
[2018.03.30-11.24.02:950][  0]LogMaterial: Verifying Global Shaders for PCD3D_SM5
[2018.03.30-11.24.02:981][  0]LogSlate: Using Freetype 2.6.0
[2018.03.30-11.24.03:087][  0]LogSlate: SlateFontCache - WITH_FREETYPE: 1, WITH_HARFBUZZ: 1
[2018.03.30-11.24.03:094][  0]LogSlate: SlateFontCache - WITH_FREETYPE: 1, WITH_HARFBUZZ: 1
[2018.03.30-11.24.11:359][  0]LogAssetRegistry: FAssetRegistry took 0.0354 seconds to start up
[2018.03.30-11.24.12:850][  0]LogInit: Selected Device Profile: [Windows]
[2018.03.30-11.24.17:130][  0]LogContentStreaming: Texture pool size is 0.00 MB
[2018.03.30-11.24.18:616][  0]LogSimplygon: Simplygon DLL not present - disabling.
[2018.03.30-11.24.18:669][  0]LogMeshReduction: Using SimplygonSwarm for distributed automatic mesh merging
[2018.03.30-11.24.18:669][  0]LogMeshReduction: Using QuadricMeshReduction for automatic static mesh reduction
[2018.03.30-11.24.18:669][  0]LogMeshReduction: No automatic skeletal mesh reduction module available
[2018.03.30-11.24.18:669][  0]LogMeshReduction: No automatic mesh merging module available
[2018.03.30-11.24.18:669][  0]LogMeshMerging: No automatic mesh merging module available
[2018.03.30-11.24.21:578][  0]LogNetVersion: ProjectOrca , NetCL: 3573198, EngineNetVer: 2, GameNetVer: 0 (Checksum: 811679591)
[2018.03.30-11.24.23:120][  0]LogPackageLocalizationCache: Processed 5 localized package path(s) for 2 prioritized culture(s) in 0.172696 seconds
[2018.03.30-11.24.23:141][  0]LogUObjectArray: 35825 objects as part of root set at end of initial load.
[2018.03.30-11.24.23:141][  0]LogUObjectAllocator: 7529112 out of 0 bytes used by permanent object pool.
[2018.03.30-11.24.23:141][  0]LogUObjectArray: CloseDisregardForGC: 0/0 objects in disregard for GC pool
[2018.03.30-11.24.23:173][  0]LogInit: WinSock: version 1.1 (2.2), MaxSocks=32767, MaxUdp=65467
[2018.03.30-11.24.34:892][  0]LogTcpMessaging: Initializing TcpMessaging bridge
[2018.03.30-11.24.34:917][  0]LogUdpMessaging: Initializing bridge on interface 0.0.0.0:0 to multicast group 230.0.0.1:6666.
[2018.03.30-11.24.35:801][  0]LogMaterial: Uniform references updated for custom material expression Custom.
[2018.03.30-11.24.36:174][  0]SourceControl: Source control is disabled
[2018.03.30-11.24.36:183][  0]SourceControl: Source control is disabled
[2018.03.30-11.24.36:237][  0]SourceControl: Source control is disabled
[2018.03.30-11.24.36:263][  0]SourceControl: Source control is disabled
[2018.03.30-11.24.36:994][  0]LogAndroidPermission: UAndroidPermissionCallbackProxy::GetInstance
[2018.03.30-11.24.37:126][  0]LogOcInput: OculusInput pre-init called
[2018.03.30-11.24.37:515][  0]LogEngine: Initializing Engine...
[2018.03.30-11.24.37:520][  0]LogHMD: Failed to initialize OpenVR with code 100
[2018.03.30-11.24.38:137][  0]LogStats: UGameplayTagsManager::ConstructGameplayTagTree: Construct from data asset -  0.000 s
[2018.03.30-11.24.38:138][  0]LogStats: UGameplayTagsManager::ConstructGameplayTagTree: GameplayTagTreeChangedEvent.Broadcast -  0.000 s
[2018.03.30-11.24.38:584][  0]LogAIModule: Creating AISystem for world Untitled
[2018.03.30-11.24.38:624][  0]LogInit: XAudio2 using 'S271HL (NVIDIA High Definition Audio)' : 2 channels at 48 kHz using 16 bits per sample (channel mask 0x3)
[2018.03.30-11.24.38:648][  0]LogInit: FAudioDevice initialized.
[2018.03.30-11.24.38:783][  0]LogDerivedDataCache: Saved boot cache 0.13s 93MB C:/Users/James Davies/AppData/Local/UnrealEngine/4.17/DerivedDataCache/Boot.ddc.
[2018.03.30-11.24.38:807][  0]LogInit: Texture streaming: Enabled
[2018.03.30-11.24.38:910][  0]LogEngineSessionManager: EngineSessionManager initialized
[2018.03.30-11.24.39:339][  0]LogInit: Transaction tracking system initialized
[2018.03.30-11.24.39:816][  0]BlueprintLog: New page: Editor Load
[2018.03.30-11.24.40:869][  0]LocalizationService: Localization service is disabled
[2018.03.30-11.24.41:610][  0]LogConsoleResponse: Display: 
[2018.03.30-11.24.44:101][  0]LogCook: Display: Max memory allowance for cook 16384mb min free memory 0mb
[2018.03.30-11.24.44:102][  0]LogCook: Display: Mobile HDR setting 1
[2018.03.30-11.24.44:147][  0]LogGameplayTags: Display: UGameplayTagsManager::DoneAddingNativeTags. DelegateIsBound: 0
[2018.03.30-11.24.45:343][  0]LogFileCache: Scanning file cache for directory 'F:/Git Gud/projectorca/Content/' took 0.23s
[2018.03.30-11.24.46:852][  0]SourceControl: Source control is disabled
[2018.03.30-11.24.46:883][  0]Cmd: MAP LOAD FILE="../../../../../Git Gud/projectorca/Content/Maps/DevMap.umap" TEMPLATE=0 SHOWPROGRESS=1 FEATURELEVEL=3
[2018.03.30-11.24.46:944][  0]LightingResults: New page: Lighting Build
[2018.03.30-11.24.47:089][  0]MapCheck: New page: Map Check
[2018.03.30-11.24.47:089][  0]LightingResults: New page: Lighting Build
[2018.03.30-11.24.51:859][  0]LogAIModule: Creating AISystem for world DevMap
[2018.03.30-11.24.52:525][  0]LogEditorServer: Finished looking for orphan Actors (0.000 secs)
[2018.03.30-11.24.52:614][  0]Cmd: MAP CHECKDEP NOCLEARLOG
[2018.03.30-11.24.52:668][  0]MapCheck: Map check complete: 0 Error(s), 0 Warning(s), took 54.185ms to complete.
[2018.03.30-11.24.52:668][  0]LogFileHelpers: Loading map 'DevMap' took 5.799
[2018.03.30-11.24.53:596][  0]LogCollectionManager: Loaded 0 collections in 0.001706 seconds
[2018.03.30-11.24.53:768][  0]LogFileCache: Scanning file cache for directory 'F:/Git Gud/projectorca/Saved/Collections/' took 0.01s
[2018.03.30-11.24.53:768][  0]LogFileCache: Scanning file cache for directory 'F:/Git Gud/projectorca/Content/Developers/JamesDavies/Collections/' took 0.01s
[2018.03.30-11.24.53:768][  0]LogFileCache: Scanning file cache for directory 'F:/Git Gud/projectorca/Content/Collections/' took 0.01s
[2018.03.30-11.24.53:768][  0]LogCollectionManager: Rebuilt the GUID cache for 0 collections in 0.000001 seconds
[2018.03.30-11.24.53:806][  0]LogContentBrowser: Native class hierarchy populated in 0.0370 seconds. Added 2386 classes and 500 folders.
[2018.03.30-11.24.53:862][  0]LogContentBrowser: Native class hierarchy updated for 'WidgetCarousel' in 0.0006 seconds. Added 0 classes and 0 folders.
[2018.03.30-11.24.54:753][  0]LogContentBrowser: Native class hierarchy updated for 'AddContentDialog' in 0.0016 seconds. Added 0 classes and 0 folders.
[2018.03.30-11.24.54:837][  0]LogContentBrowser: Native class hierarchy updated for 'SceneOutliner' in 0.0005 seconds. Added 1 classes and 2 folders.
[2018.03.30-11.24.55:196][  0]LogSlate: Took 0.015813 seconds to synchronously load lazily loaded font '../../../Engine/Content/Slate/Fonts/Roboto-Regular.ttf' (155K)
[2018.03.30-11.24.55:228][  0]LogSlate: Took 0.017826 seconds to synchronously load lazily loaded font '../../../Engine/Content/Slate/Fonts/Roboto-Bold.ttf' (160K)
[2018.03.30-11.24.55:275][  0]LogSlate: Took 0.015462 seconds to synchronously load lazily loaded font '../../../Engine/Content/Editor/Slate/Fonts/FontAwesome.ttf' (139K)
[2018.03.30-11.24.55:646][  0]LogContentBrowser: Native class hierarchy updated for 'HierarchicalLODOutliner' in 0.0006 seconds. Added 1 classes and 2 folders.
[2018.03.30-11.24.55:646][  0]LogLoad: (Engine Initialization) Total time: 70.97 seconds
[2018.03.30-11.24.55:646][  0]LogLoad: (Engine Initialization) Total Blueprint compile time: 0.00 seconds
[2018.03.30-11.24.55:647][  0]LogExternalProfiler: Found external profiler: VSPerf
[2018.03.30-11.24.55:647][  0]LogExternalProfiler: Using external profiler: VSPerf
[2018.03.30-11.24.55:656][  0]LogWindowsTextInputMethodSystem: Display: IME system now deactivated.
[2018.03.30-11.24.55:810][  0]LogContentStreaming: Texture pool size now 1000 MB
[2018.03.30-11.24.56:718][  2]LogRenderer: Reallocating scene render targets to support 700x304 Format 10 NumSamples 1 (Frame:1).
[2018.03.30-11.24.57:471][  2]LogRenderer: Reallocating scene render targets to support 1400x604 Format 10 NumSamples 1 (Frame:1).
[2018.03.30-11.24.58:111][  3]LogSlate: Took 0.130286 seconds to synchronously load lazily loaded font '../../../Engine/Content/Slate/Fonts/Roboto-Light.ttf' (159K)
[2018.03.30-11.24.58:736][  8]LogAssetRegistry: Asset discovery search completed in 47.4084 seconds
[2018.03.30-11.24.58:741][  8]LogCollectionManager: Rebuilt the object cache for 0 collections in 0.000000 seconds (found 0 objects)
[2018.03.30-11.24.58:741][  8]LogCollectionManager: Fixed up redirectors for 0 collections in 0.000052 seconds (updated 0 objects)
[2018.03.30-11.25.06:578][747]LogFileCache: Retrieving MD5 hashes for directory 'F:/Git Gud/projectorca/Content/' took 10.91s
[2018.03.30-11.25.14:062][429]LogLinker: Warning: Can't find file '/Game/IndustrialCity/Textures/Grunge_A'
[2018.03.30-11.25.14:063][429]LogLinker: Warning: Can't find file for asset '/Game/IndustrialCity/Textures/Grunge_A' while loading ../../../../../Git Gud/projectorca/Content/IndustrialCity/Materials/-StandardShader.uasset.
[2018.03.30-11.25.14:063][429]LoadErrors: Error: /Game/IndustrialCity/Materials/-StandardShader : Can't find file for asset. /Game/IndustrialCity/Textures/Grunge_A
[2018.03.30-11.25.14:063][429]LogLinker: Warning: Can't find file '/Game/IndustrialCity/Textures/Grunge_A'
[2018.03.30-11.25.14:063][429]LogLinker: Warning: Can't find file for asset '/Game/IndustrialCity/Textures/Grunge_A' while loading ../../../../../Git Gud/projectorca/Content/IndustrialCity/Materials/-StandardShader.uasset.
[2018.03.30-11.25.14:356][429]LogLinker: Warning: Can't find file '/Game/IndustrialCity/Textures/Grunge_A'
[2018.03.30-11.25.14:356][429]LoadErrors: Failed to load /Game/IndustrialCity/Textures/Grunge_A.Grunge_A Referenced by MaterialExpressionTextureSample_1
[2018.03.30-11.25.14:356][429]LogLinker: Warning: Can't find file for asset '/Game/IndustrialCity/Textures/Grunge_A' while loading NULL.
[2018.03.30-11.25.14:368][429]LogMaterial: Missing cached shader map for material -StandardShader, compiling. 
[2018.03.30-11.25.14:392][429]LogMaterial: Warning: Failed to compile Material /Game/IndustrialCity/Materials/-StandardShader.-StandardShader for platform PCD3D_SM5, Default Material will be used in game.
[2018.03.30-11.25.14:392][429]LogMaterial: Warning: 	(Node TextureSample) Texture Sample> Missing input texture
[2018.03.30-11.25.14:504][429]LogActorFactory: Actor Factory created AirDuct_90_Down
[2018.03.30-11.25.15:058][485]LogActorFactory: Actor Factory created AirDuct_90_Down
[2018.03.30-11.25.27:841][758]LogSlate: Took 0.000139 seconds to synchronously load lazily loaded font '../../../Engine/Content/Slate/Fonts/Roboto-Light.ttf' (159K)
[2018.03.30-11.25.30:465][865]LogSlate: Took 0.000185 seconds to synchronously load lazily loaded font '../../../Engine/Content/Slate/Fonts/Roboto-Light.ttf' (159K)
[2018.03.30-11.25.48:967][749]LogStaticMesh: Building static mesh AirDuct_90_Down...
[2018.03.30-11.25.49:089][749]LogStaticMesh: Built static mesh [0.12s] /Game/IndustrialCity/Models/AirDuct_90_Down.AirDuct_90_Down
[2018.03.30-11.26.07:965][460]LogActorFactory: Actor Factory created Billboard_A
[2018.03.30-11.26.08:399][503]LogActorFactory: Actor Factory created Billboard_A
[2018.03.30-11.26.11:941][876]Cmd: DELETE
[2018.03.30-11.26.11:941][876]Cmd: ACTOR DELETE
[2018.03.30-11.26.11:961][876]LogEditorActor: Deleted Actor: StaticMeshActor
[2018.03.30-11.26.11:980][876]LogEditorActor: Deleted 1 Actors (0.020 secs)
[2018.03.30-11.26.15:112][124]LogLinker: Warning: Can't find file '/Game/IndustrialCity/Textures/Grunge_A'
[2018.03.30-11.26.15:112][124]LogLinker: Warning: Can't find file for asset '/Game/IndustrialCity/Textures/Grunge_A' while loading ../../../../../Git Gud/projectorca/Content/IndustrialCity/Materials/-MasterMaterial.uasset.
[2018.03.30-11.26.15:112][124]LoadErrors: Error: /Game/IndustrialCity/Materials/-MasterMaterial : Can't find file for asset. /Game/IndustrialCity/Textures/Grunge_A
[2018.03.30-11.26.15:270][124]LogLinker: Warning: Can't find file '/Game/IndustrialCity/Textures/Grunge_A'
[2018.03.30-11.26.15:270][124]LogLinker: Warning: Can't find file for asset '/Game/IndustrialCity/Textures/Grunge_A' while loading ../../../../../Git Gud/projectorca/Content/IndustrialCity/Materials/-MasterMaterial.uasset.
[2018.03.30-11.26.16:042][124]LogLinker: Warning: Can't find file '/Game/IndustrialCity/Textures/Grunge_A'
[2018.03.30-11.26.16:042][124]LoadErrors: Failed to load /Game/IndustrialCity/Textures/Grunge_A.Grunge_A Referenced by MaterialExpressionTextureSample_15
[2018.03.30-11.26.16:043][124]LogLinker: Warning: Can't find file for asset '/Game/IndustrialCity/Textures/Grunge_A' while loading NULL.
[2018.03.30-11.26.16:043][124]LogLinker: Warning: Can't find file '/Game/IndustrialCity/Textures/Grunge_A'
[2018.03.30-11.26.16:043][124]LoadErrors: Failed to load /Game/IndustrialCity/Textures/Grunge_A.Grunge_A Referenced by MaterialExpressionTextureSample_2
[2018.03.30-11.26.16:043][124]LogLinker: Warning: Can't find file for asset '/Game/IndustrialCity/Textures/Grunge_A' while loading NULL.
[2018.03.30-11.26.16:044][124]LogLinker: Warning: Can't find file '/Game/IndustrialCity/Textures/Grunge_A'
[2018.03.30-11.26.16:044][124]LoadErrors: Failed to load /Game/IndustrialCity/Textures/Grunge_A.Grunge_A Referenced by MaterialExpressionTextureSampleParameter2D_13
[2018.03.30-11.26.16:044][124]LogLinker: Warning: Can't find file for asset '/Game/IndustrialCity/Textures/Grunge_A' while loading NULL.
[2018.03.30-11.26.16:044][124]LogLinker: Warning: Can't find file '/Game/IndustrialCity/Textures/Grunge_A'
[2018.03.30-11.26.16:045][124]LoadErrors: Failed to load /Game/IndustrialCity/Textures/Grunge_A.Grunge_A Referenced by MaterialExpressionTextureSampleParameter2D_14
[2018.03.30-11.26.16:045][124]LogLinker: Warning: Can't find file for asset '/Game/IndustrialCity/Textures/Grunge_A' while loading NULL.
[2018.03.30-11.26.16:087][124]LogMaterial: Missing cached shader map for material -MasterMaterial, compiling. 
[2018.03.30-11.26.16:089][124]LogMaterial: Warning: Failed to compile Material /Game/IndustrialCity/Materials/-MasterMaterial.-MasterMaterial for platform PCD3D_SM5, Default Material will be used in game.
[2018.03.30-11.26.16:089][124]LogMaterial: Warning: 	(Node TextureSample) Texture Sample> Missing input texture
[2018.03.30-11.26.16:089][124]LogMaterial: Warning: 	(Node TextureSampleParameter2D) Param2D> Requires Texture2D
[2018.03.30-11.26.16:089][124]LogMaterial: Warning: 	Function Blend_Overlay: (Node If) If input A must be of type float.
[2018.03.30-11.26.16:091][124]LogStaticMesh: Building static mesh BuildingA_Bottom_Shell_VarA...
[2018.03.30-11.26.16:227][124]LogStaticMesh: Built static mesh [0.14s] /Game/IndustrialCity/Models/BuildingA_Bottom_Shell_VarA.BuildingA_Bottom_Shell_VarA
[2018.03.30-11.26.16:256][124]LogActorFactory: Actor Factory created BuildingA_Bottom_Shell_VarA
[2018.03.30-11.26.16:707][175]LogActorFactory: Actor Factory created BuildingA_Bottom_Shell_VarA
[2018.03.30-11.26.19:611][482]Cmd: DELETE
[2018.03.30-11.26.19:611][482]Cmd: ACTOR DELETE
[2018.03.30-11.26.19:612][482]LogEditorActor: Deleted Actor: StaticMeshActor
[2018.03.30-11.26.19:622][482]LogEditorActor: Deleted 1 Actors (0.011 secs)
[2018.03.30-11.26.31:671][392]Cmd: QUIT_EDITOR
[2018.03.30-11.26.31:758][392]LogWindowsTextInputMethodSystem: Display: IME system now deactivated.
[2018.03.30-11.26.31:791][392]LogExit: Preparing to exit.
[2018.03.30-11.26.32:150][392]LogDirectoryWatcher: A directory notification for 'F:/Git Gud/projectorca/Content/' was aborted.
[2018.03.30-11.26.32:232][392]LogExit: Editor shut down
[2018.03.30-11.26.32:241][392]LogExit: Transaction tracking system shut down
[2018.03.30-11.26.32:558][392]LogDirectoryWatcher: A directory notification for '../../../Engine/Content/' was aborted.
[2018.03.30-11.26.32:558][392]LogDirectoryWatcher: A directory notification for '../../../../../Git Gud/projectorca/Content/' was aborted.
[2018.03.30-11.26.32:558][392]LogDirectoryWatcher: A directory notification for '../../../Engine/Plugins/2D/Paper2D/Content/' was aborted.
[2018.03.30-11.26.32:558][392]LogDirectoryWatcher: A directory notification for '../../../Engine/Plugins/Runtime/Oculus/OculusVR/Content/' was aborted.
[2018.03.30-11.26.32:559][392]LogDirectoryWatcher: A directory notification for '../../../Engine/Plugins/Runtime/Steam/SteamVR/Content/' was aborted.
[2018.03.30-11.26.32:870][392]LogExit: Object subsystem successfully closed.
[2018.03.30-11.26.32:924][392]LogD3D11RHI: Shutdown
[2018.03.30-11.26.32:924][392]LogD3D11RHI: CleanupD3DDevice
[2018.03.30-11.26.33:009][392]LogD3D11RHI: ~FD3D11DynamicRHI
[2018.03.30-11.26.33:086][392]LogModuleManager: Shutting down and abandoning module StaticMeshEditor (532)
[2018.03.30-11.26.33:086][392]LogModuleManager: Shutting down and abandoning module HierarchicalLODOutliner (530)
[2018.03.30-11.26.33:086][392]LogModuleManager: Shutting down and abandoning module SceneOutliner (528)
[2018.03.30-11.26.33:086][392]LogModuleManager: Shutting down and abandoning module AddContentDialog (526)
[2018.03.30-11.26.33:086][392]LogDirectoryWatcher: A directory notification for 'F:/Epic Games/UE_4.17/FeaturePacks/' was aborted.
[2018.03.30-11.26.33:087][392]LogModuleManager: Shutting down and abandoning module WidgetCarousel (525)
[2018.03.30-11.26.33:087][392]LogModuleManager: Shutting down and abandoning module EditorWidgets (522)
[2018.03.30-11.26.33:087][392]LogModuleManager: Shutting down and abandoning module CollectionManager (520)
[2018.03.30-11.26.33:087][392]LogDirectoryWatcher: A directory notification for 'F:/Git Gud/projectorca/Content/Collections/' was aborted.
[2018.03.30-11.26.33:087][392]LogDirectoryWatcher: A directory notification for 'F:/Git Gud/projectorca/Content/Developers/JamesDavies/Collections/' was aborted.
[2018.03.30-11.26.33:087][392]LogDirectoryWatcher: A directory notification for 'F:/Git Gud/projectorca/Saved/Collections/' was aborted.
[2018.03.30-11.26.33:087][392]LogModuleManager: Shutting down and abandoning module StatsViewer (518)
[2018.03.30-11.26.33:087][392]LogModuleManager: Shutting down and abandoning module FoliageEdit (516)
[2018.03.30-11.26.33:087][392]LogModuleManager: Shutting down and abandoning module LandscapeEditor (514)
[2018.03.30-11.26.33:092][392]LogModuleManager: Shutting down and abandoning module MeshPaintMode (512)
[2018.03.30-11.26.33:092][392]LogModuleManager: Shutting down and abandoning module SceneDepthPickerMode (510)
[2018.03.30-11.26.33:092][392]LogModuleManager: Shutting down and abandoning module ActorPickerMode (508)
[2018.03.30-11.26.33:092][392]LogModuleManager: Shutting down and abandoning module GeometryMode (506)
[2018.03.30-11.26.33:092][392]LogModuleManager: Shutting down and abandoning module TextureAlignMode (504)
[2018.03.30-11.26.33:092][392]LogModuleManager: Shutting down and abandoning module BspMode (502)
[2018.03.30-11.26.33:092][392]LogModuleManager: Shutting down and abandoning module PIEPreviewDeviceProfileSelector (500)
[2018.03.30-11.26.33:092][392]LogModuleManager: Shutting down and abandoning module HardwareSurvey (498)
[2018.03.30-11.26.33:092][392]LogModuleManager: Shutting down and abandoning module SequenceRecorderSections (496)
[2018.03.30-11.26.33:092][392]LogModuleManager: Shutting down and abandoning module AutomationWorker (494)
[2018.03.30-11.26.33:092][392]LogModuleManager: Shutting down and abandoning module MatineeToLevelSequence (492)
[2018.03.30-11.26.33:092][392]LogModuleManager: Shutting down and abandoning module LevelSequenceEditor (490)
[2018.03.30-11.26.33:108][392]LogModuleManager: Shutting down and abandoning module PlacementMode (489)
[2018.03.30-11.26.33:108][392]LogModuleManager: Shutting down and abandoning module WmfMediaFactory (486)
[2018.03.30-11.26.33:108][392]LogModuleManager: Shutting down and abandoning module WmfMediaEditor (484)
[2018.03.30-11.26.33:108][392]LogModuleManager: Shutting down and abandoning module AvfMediaFactory (482)
[2018.03.30-11.26.33:108][392]LogModuleManager: Shutting down and abandoning module AvfMediaEditor (480)
[2018.03.30-11.26.33:108][392]LogModuleManager: Shutting down and abandoning module AndroidMediaFactory (478)
[2018.03.30-11.26.33:108][392]LogModuleManager: Shutting down and abandoning module Media (477)
[2018.03.30-11.26.33:108][392]LogModuleManager: Shutting down and abandoning module AndroidMediaEditor (474)
[2018.03.30-11.26.33:108][392]LogModuleManager: Shutting down and abandoning module CharacterAI (472)
[2018.03.30-11.26.33:108][392]LogModuleManager: Shutting down and abandoning module AudioCapture (470)
[2018.03.30-11.26.33:109][392]LogModuleManager: Shutting down and abandoning module SequenceRecorder (469)
[2018.03.30-11.26.33:109][392]LogModuleManager: Shutting down and abandoning module SmartSnapping (466)
[2018.03.30-11.26.33:109][392]LogModuleManager: Shutting down and abandoning module SessionServices (464)
[2018.03.30-11.26.33:109][392]LogModuleManager: Shutting down and abandoning module ViewportSnapping (462)
[2018.03.30-11.26.33:109][392]LogModuleManager: Shutting down and abandoning module ViewportInteraction (460)
[2018.03.30-11.26.33:109][392]LogModuleManager: Shutting down and abandoning module ClothPainter (458)
[2018.03.30-11.26.33:109][392]LogModuleManager: Shutting down and abandoning module LogVisualizer (456)
[2018.03.30-11.26.33:109][392]LogModuleManager: Shutting down and abandoning module IntroTutorials (454)
[2018.03.30-11.26.33:112][392]LogModuleManager: Shutting down and abandoning module GameProjectGeneration (453)
[2018.03.30-11.26.33:113][392]LogModuleManager: Shutting down and abandoning module IOSPlatformEditor (450)
[2018.03.30-11.26.33:113][392]LogModuleManager: Shutting down and abandoning module HTML5PlatformEditor (448)
[2018.03.30-11.26.33:114][392]LogModuleManager: Shutting down and abandoning module AndroidPlatformEditor (446)
[2018.03.30-11.26.33:114][392]LogModuleManager: Shutting down and abandoning module AndroidDeviceDetection (445)
[2018.03.30-11.26.33:231][392]LogModuleManager: Shutting down and abandoning module WindowsPlatformEditor (442)
[2018.03.30-11.26.33:231][392]LogModuleManager: Shutting down and abandoning module IOSRuntimeSettings (440)
[2018.03.30-11.26.33:231][392]LogModuleManager: Shutting down and abandoning module AndroidRuntimeSettings (438)
[2018.03.30-11.26.33:231][392]LogModuleManager: Shutting down and abandoning module InputBindingEditor (436)
[2018.03.30-11.26.33:231][392]LogModuleManager: Shutting down and abandoning module MergeActors (434)
[2018.03.30-11.26.33:231][392]LogModuleManager: Shutting down and abandoning module SizeMap (432)
[2018.03.30-11.26.33:231][392]LogModuleManager: Shutting down and abandoning module TreeMap (430)
[2018.03.30-11.26.33:231][392]LogModuleManager: Shutting down and abandoning module ReferenceViewer (428)
[2018.03.30-11.26.33:231][392]LogModuleManager: Shutting down and abandoning module LocalizationDashboard (426)
[2018.03.30-11.26.33:239][392]LogModuleManager: Shutting down and abandoning module LocalizationService (425)
[2018.03.30-11.26.33:239][392]LogModuleManager: Shutting down and abandoning module HardwareTargeting (422)
[2018.03.30-11.26.33:239][392]LogModuleManager: Shutting down and abandoning module DeviceProfileEditor (420)
[2018.03.30-11.26.33:240][392]LogModuleManager: Shutting down and abandoning module UndoHistory (418)
[2018.03.30-11.26.33:240][392]LogModuleManager: Shutting down and abandoning module XmlParser (416)
[2018.03.30-11.26.33:240][392]LogModuleManager: Shutting down and abandoning module Blutility (414)
[2018.03.30-11.26.33:240][392]LogModuleManager: Shutting down and abandoning module ProjectSettingsViewer (412)
[2018.03.30-11.26.33:240][392]LogModuleManager: Shutting down and abandoning module ProjectTargetPlatformEditor (411)
[2018.03.30-11.26.33:240][392]LogModuleManager: Shutting down and abandoning module EditorSettingsViewer (408)
[2018.03.30-11.26.33:240][392]LogModuleManager: Shutting down and abandoning module SettingsEditor (406)
[2018.03.30-11.26.33:240][392]LogModuleManager: Shutting down and abandoning module ProjectLauncher (404)
[2018.03.30-11.26.33:250][392]LogModuleManager: Shutting down and abandoning module SessionFrontend (402)
[2018.03.30-11.26.33:250][392]LogModuleManager: Shutting down and abandoning module ProfilerClient (400)
[2018.03.30-11.26.33:250][392]LogModuleManager: Shutting down and abandoning module DeviceManager (398)
[2018.03.30-11.26.33:250][392]LogModuleManager: Shutting down and abandoning module TargetDeviceServices (397)
[2018.03.30-11.26.33:351][392]LogModuleManager: Shutting down and abandoning module AutomationController (394)
[2018.03.30-11.26.33:351][392]LogModuleManager: Shutting down and abandoning module AutomationWindow (392)
[2018.03.30-11.26.33:390][392]LogModuleManager: Shutting down and abandoning module Layers (390)
[2018.03.30-11.26.33:390][392]LogModuleManager: Shutting down and abandoning module ComponentVisualizers (388)
[2018.03.30-11.26.33:390][392]LogModuleManager: Shutting down and abandoning module DetailCustomizations (386)
[2018.03.30-11.26.33:390][392]LogModuleManager: Shutting down and abandoning module PackagesDialog (384)
[2018.03.30-11.26.33:391][392]LogModuleManager: Shutting down and abandoning module Persona (382)
[2018.03.30-11.26.33:391][392]LogModuleManager: Shutting down and abandoning module AdvancedPreviewScene (381)
[2018.03.30-11.26.33:391][392]LogModuleManager: Shutting down and abandoning module AnimGraph (379)
[2018.03.30-11.26.33:391][392]LogModuleManager: Shutting down and abandoning module Kismet (376)
[2018.03.30-11.26.33:391][392]LogModuleManager: Shutting down and abandoning module ClassViewer (374)
[2018.03.30-11.26.33:391][392]LogModuleManager: Shutting down and abandoning module Toolbox (372)
[2018.03.30-11.26.33:391][392]LogModuleManager: Shutting down and abandoning module ModuleUI (370)
[2018.03.30-11.26.33:391][392]LogModuleManager: Shutting down and abandoning module MovieSceneTools (368)
[2018.03.30-11.26.33:391][392]LogModuleManager: Shutting down and abandoning module OutputLog (366)
[2018.03.30-11.26.33:391][392]LogModuleManager: Shutting down and abandoning module GammaUI (364)
[2018.03.30-11.26.33:392][392]LogModuleManager: Shutting down and abandoning module Documentation (362)
[2018.03.30-11.26.33:392][392]LogModuleManager: Shutting down and abandoning module MovieSceneTracks (360)
[2018.03.30-11.26.33:392][392]LogModuleManager: Shutting down and abandoning module MovieScene (358)
[2018.03.30-11.26.33:392][392]LogModuleManager: Shutting down and abandoning module Niagara (356)
[2018.03.30-11.26.33:392][392]LogModuleManager: Shutting down and abandoning module NiagaraEditor (355)
[2018.03.30-11.26.33:392][392]LogModuleManager: Shutting down and abandoning module StreamingPauseRendering (352)
[2018.03.30-11.26.33:392][392]LogModuleManager: Shutting down and abandoning module LauncherPlatform (350)
[2018.03.30-11.26.33:392][392]LogModuleManager: Shutting down and abandoning module AnalyticsET (348)
[2018.03.30-11.26.33:392][392]LogModuleManager: Shutting down and abandoning module PortalServices (346)
[2018.03.30-11.26.33:392][392]LogModuleManager: Shutting down and abandoning module PortalRpc (344)
[2018.03.30-11.26.33:392][392]LogModuleManager: Shutting down and abandoning module MessagingRpc (342)
[2018.03.30-11.26.33:392][392]LogModuleManager: Shutting down and abandoning module AIModule (340)
[2018.03.30-11.26.33:392][392]LogModuleManager: Shutting down and abandoning module GameplayDebugger (339)
[2018.03.30-11.26.33:392][392]LogModuleManager: Shutting down and abandoning module AITestSuite (337)
[2018.03.30-11.26.33:392][392]LogModuleManager: Shutting down and abandoning module ProfilerService (334)
[2018.03.30-11.26.33:435][392]LogModuleManager: Shutting down and abandoning module TaskGraph (332)
[2018.03.30-11.26.33:435][392]LogModuleManager: Shutting down and abandoning module SteamVRController (330)
[2018.03.30-11.26.33:435][392]LogModuleManager: Shutting down and abandoning module ProceduralMeshComponentEditor (328)
[2018.03.30-11.26.33:435][392]LogModuleManager: Shutting down and abandoning module ProceduralMeshComponent (326)
[2018.03.30-11.26.33:435][392]LogModuleManager: Shutting down and abandoning module OculusInput (324)
[2018.03.30-11.26.33:435][392]LogModuleManager: Shutting down and abandoning module MobilePatchingUtils (322)
[2018.03.30-11.26.33:435][392]LogModuleManager: Shutting down and abandoning module CustomMeshComponent (320)
[2018.03.30-11.26.33:435][392]LogModuleManager: Shutting down and abandoning module CableComponent (318)
[2018.03.30-11.26.33:435][392]LogModuleManager: Shutting down and abandoning module ArchVisCharacter (316)
[2018.03.30-11.26.33:435][392]LogModuleManager: Shutting down and abandoning module AndroidPermission (314)
[2018.03.30-11.26.33:435][392]LogModuleManager: Shutting down and abandoning module MediaPlayerEditor (310)
[2018.03.30-11.26.33:435][392]LogModuleManager: Shutting down and abandoning module HTML5Networking (308)
[2018.03.30-11.26.33:435][392]LogModuleManager: Shutting down and abandoning module AlembicImporter (306)
[2018.03.30-11.26.33:435][392]LogModuleManager: Shutting down and abandoning module AlembicLibrary (305)
[2018.03.30-11.26.33:435][392]LogModuleManager: Shutting down and abandoning module GeometryCache (304)
[2018.03.30-11.26.33:436][392]LogModuleManager: Shutting down and abandoning module GeometryCacheEd (303)
[2018.03.30-11.26.33:436][392]LogModuleManager: Shutting down and abandoning module SpeedTreeImporter (298)
[2018.03.30-11.26.33:436][392]LogModuleManager: Shutting down and abandoning module PluginBrowser (296)
[2018.03.30-11.26.33:436][392]LogModuleManager: Shutting down and abandoning module MobileLauncherProfileWizard (294)
[2018.03.30-11.26.33:436][392]LogModuleManager: Shutting down and abandoning module VisualStudioSourceCodeAccess (292)
[2018.03.30-11.26.33:436][392]LogModuleManager: Shutting down and abandoning module DesktopPlatform (291)
[2018.03.30-11.26.33:436][392]LogModuleManager: Shutting down and abandoning module UObjectPlugin (288)
[2018.03.30-11.26.33:436][392]LogModuleManager: Shutting down and abandoning module SubversionSourceControl (286)
[2018.03.30-11.26.33:436][392]LogModuleManager: Shutting down and abandoning module PerforceSourceControl (284)
[2018.03.30-11.26.33:436][392]LogModuleManager: Shutting down and abandoning module GitSourceControl (282)
[2018.03.30-11.26.33:436][392]LogModuleManager: Shutting down and abandoning module SourceControl (281)
[2018.03.30-11.26.33:436][392]LogModuleManager: Shutting down and abandoning module LightPropagationVolumeEditor (278)
[2018.03.30-11.26.33:436][392]LogModuleManager: Shutting down and abandoning module PaperTiledImporter (276)
[2018.03.30-11.26.33:436][392]LogModuleManager: Shutting down and abandoning module PaperSpriteSheetImporter (274)
[2018.03.30-11.26.33:436][392]LogModuleManager: Shutting down and abandoning module Paper2DEditor (272)
[2018.03.30-11.26.33:436][392]LogModuleManager: Shutting down and abandoning module MeshPaint (271)
[2018.03.30-11.26.33:436][392]LogModuleManager: Shutting down and abandoning module LevelEditor (269)
[2018.03.30-11.26.33:437][392]LogModuleManager: Shutting down and abandoning module PixelInspectorModule (268)
[2018.03.30-11.26.33:437][392]LogModuleManager: Shutting down and abandoning module MainFrame (266)
[2018.03.30-11.26.33:437][392]LogModuleManager: Shutting down and abandoning module HotReload (265)
[2018.03.30-11.26.33:437][392]LogModuleManager: Shutting down and abandoning module RuntimePhysXCooking (260)
[2018.03.30-11.26.33:437][392]LogModuleManager: Shutting down and abandoning module PhysXVehiclesEditor (258)
[2018.03.30-11.26.33:437][392]LogModuleManager: Shutting down and abandoning module PhysXVehicles (256)
[2018.03.30-11.26.33:437][392]LogModuleManager: Shutting down and abandoning module OculusEditor (254)
[2018.03.30-11.26.33:437][392]LogModuleManager: Shutting down and abandoning module LocationServicesBPLibrary (252)
[2018.03.30-11.26.33:437][392]LogModuleManager: Shutting down and abandoning module ImmediatePhysicsEditor (250)
[2018.03.30-11.26.33:437][392]LogModuleManager: Shutting down and abandoning module ImmediatePhysics (248)
[2018.03.30-11.26.33:437][392]LogModuleManager: Shutting down and abandoning module UdpMessaging (246)
[2018.03.30-11.26.33:538][392]LogModuleManager: Shutting down and abandoning module TcpMessaging (244)
[2018.03.30-11.26.33:639][392]LogModuleManager: Shutting down and abandoning module GameplayTagsEditor (242)
[2018.03.30-11.26.33:639][392]LogModuleManager: Shutting down and abandoning module FacialAnimationEditor (240)
[2018.03.30-11.26.33:639][392]LogModuleManager: Shutting down and abandoning module FacialAnimation (238)
[2018.03.30-11.26.33:639][392]LogModuleManager: Shutting down and abandoning module AssetManagerEditor (236)
[2018.03.30-11.26.33:639][392]LogModuleManager: Shutting down and abandoning module GraphEditor (235)
[2018.03.30-11.26.33:659][392]LogModuleManager: Shutting down and abandoning module ContentBrowser (233)
[2018.03.30-11.26.33:660][392]LogModuleManager: Shutting down and abandoning module LightPropagationVolumeRuntime (230)
[2018.03.30-11.26.33:660][392]LogModuleManager: Shutting down and abandoning module Paper2D (228)
[2018.03.30-11.26.33:660][392]LogModuleManager: Shutting down and abandoning module WindowsMoviePlayer (226)
[2018.03.30-11.26.33:660][392]LogModuleManager: Shutting down and abandoning module WmfMedia (224)
[2018.03.30-11.26.33:662][392]LogModuleManager: Shutting down and abandoning module PacketHandler (222)
[2018.03.30-11.26.33:662][392]LogModuleManager: Shutting down and abandoning module ClothingSystemEditor (220)
[2018.03.30-11.26.33:662][392]LogModuleManager: Shutting down and abandoning module ClothingSystemRuntime (218)
[2018.03.30-11.26.33:662][392]LogModuleManager: Shutting down and abandoning module Overlay (216)
[2018.03.30-11.26.33:662][392]LogModuleManager: Shutting down and abandoning module OverlayEditor (215)
[2018.03.30-11.26.33:662][392]LogModuleManager: Shutting down and abandoning module MediaAssets (212)
[2018.03.30-11.26.33:662][392]LogModuleManager: Shutting down and abandoning module VREditor (210)
[2018.03.30-11.26.33:673][392]LogModuleManager: Shutting down and abandoning module StringTableEditor (208)
[2018.03.30-11.26.33:673][392]LogModuleManager: Shutting down and abandoning module GameplayTasksEditor (206)
[2018.03.30-11.26.33:673][392]LogModuleManager: Shutting down and abandoning module BehaviorTreeEditor (204)
[2018.03.30-11.26.33:682][392]LogModuleManager: Shutting down and abandoning module FunctionalTesting (202)
[2018.03.30-11.26.33:682][392]LogModuleManager: Shutting down and abandoning module CollisionAnalyzer (200)
[2018.03.30-11.26.33:682][392]LogModuleManager: Shutting down and abandoning module WorkspaceMenuStructure (199)
[2018.03.30-11.26.33:682][392]LogModuleManager: Shutting down and abandoning module UMG (196)
[2018.03.30-11.26.33:697][392]LogModuleManager: Shutting down and abandoning module UMGEditor (195)
[2018.03.30-11.26.33:709][392]LogModuleManager: Shutting down and abandoning module Sequencer (194)
[2018.03.30-11.26.33:717][392]LogModuleManager: Shutting down and abandoning module MessageLog (191)
[2018.03.30-11.26.33:717][392]LogModuleManager: Shutting down and abandoning module SlateReflector (186)
[2018.03.30-11.26.33:724][392]LogModuleManager: Shutting down and abandoning module Slate (184)
[2018.03.30-11.26.33:724][392]LogModuleManager: Shutting down and abandoning module EditorStyle (182)
[2018.03.30-11.26.33:726][392]LogModuleManager: Shutting down and abandoning module MRMesh (180)
[2018.03.30-11.26.33:726][392]LogModuleManager: Shutting down and abandoning module SourceCodeAccess (178)
[2018.03.30-11.26.33:726][392]LogModuleManager: Shutting down and abandoning module HeadMountedDisplay (176)
[2018.03.30-11.26.33:726][392]LogModuleManager: Shutting down and abandoning module XAudio2 (174)
[2018.03.30-11.26.33:726][392]LogModuleManager: Shutting down and abandoning module Networking (172)
[2018.03.30-11.26.33:726][392]LogModuleManager: Shutting down and abandoning module Core (168)
[2018.03.30-11.26.33:726][392]LogModuleManager: Shutting down and abandoning module KismetCompiler (164)
[2018.03.30-11.26.33:726][392]LogModuleManager: Shutting down and abandoning module LevelSequence (162)
[2018.03.30-11.26.33:726][392]LogModuleManager: Shutting down and abandoning module MeshUtilities (160)
[2018.03.30-11.26.33:726][392]LogModuleManager: Shutting down and abandoning module MeshMergeUtilities (159)
[2018.03.30-11.26.33:726][392]LogModuleManager: Shutting down and abandoning module MeshReductionInterface (158)
[2018.03.30-11.26.33:726][392]LogModuleManager: Shutting down and abandoning module SimplygonSwarm (157)
[2018.03.30-11.26.33:726][392]LogModuleManager: Shutting down and abandoning module SimplygonMeshReduction (155)
[2018.03.30-11.26.33:726][392]LogModuleManager: Shutting down and abandoning module QuadricMeshReduction (153)
[2018.03.30-11.26.33:726][392]LogModuleManager: Shutting down and abandoning module MaterialBaking (149)
[2018.03.30-11.26.33:726][392]LogModuleManager: Shutting down and abandoning module DirectoryWatcher (146)
[2018.03.30-11.26.33:727][392]LogModuleManager: Shutting down and abandoning module DerivedDataCache (144)
[2018.03.30-11.26.33:736][392]LogDerivedDataCache: Shutdown
[2018.03.30-11.26.33:736][392]LogModuleManager: Shutting down and abandoning module TargetPlatform (142)
[2018.03.30-11.26.33:736][392]LogModuleManager: Shutting down and abandoning module VulkanShaderFormat (141)
[2018.03.30-11.26.33:736][392]LogModuleManager: Shutting down and abandoning module ShaderFormatVectorVM (139)
[2018.03.30-11.26.33:736][392]LogModuleManager: Shutting down and abandoning module ShaderFormatOpenGL (137)
[2018.03.30-11.26.33:736][392]LogModuleManager: Shutting down and abandoning module ShaderFormatD3D (135)
[2018.03.30-11.26.33:736][392]LogModuleManager: Shutting down and abandoning module MetalShaderFormat (133)
[2018.03.30-11.26.33:736][392]LogModuleManager: Shutting down and abandoning module TextureFormatUncompressed (131)
[2018.03.30-11.26.33:736][392]LogModuleManager: Shutting down and abandoning module TextureFormatPVR (129)
[2018.03.30-11.26.33:736][392]LogModuleManager: Shutting down and abandoning module TextureFormatDXT (127)
[2018.03.30-11.26.33:736][392]LogModuleManager: Shutting down and abandoning module TextureFormatIntelISPCTexComp (125)
[2018.03.30-11.26.33:736][392]LogModuleManager: Shutting down and abandoning module TextureFormatASTC (123)
[2018.03.30-11.26.33:736][392]LogModuleManager: Shutting down and abandoning module ImageWrapper (122)
[2018.03.30-11.26.33:736][392]LogModuleManager: Shutting down and abandoning module TextureFormatAndroid (119)
[2018.03.30-11.26.33:736][392]LogModuleManager: Shutting down and abandoning module AudioFormatOpus (117)
[2018.03.30-11.26.33:737][392]LogModuleManager: Shutting down and abandoning module AudioFormatOgg (115)
[2018.03.30-11.26.33:737][392]LogModuleManager: Shutting down and abandoning module AudioFormatADPCM (113)
[2018.03.30-11.26.33:737][392]LogModuleManager: Shutting down and abandoning module LinuxTargetPlatform (111)
[2018.03.30-11.26.33:737][392]LogModuleManager: Shutting down and abandoning module LinuxServerTargetPlatform (109)
[2018.03.30-11.26.33:737][392]LogModuleManager: Shutting down and abandoning module LinuxNoEditorTargetPlatform (107)
[2018.03.30-11.26.33:737][392]LogModuleManager: Shutting down and abandoning module LinuxClientTargetPlatform (105)
[2018.03.30-11.26.33:737][392]LogModuleManager: Shutting down and abandoning module TVOSTargetPlatform (103)
[2018.03.30-11.26.33:737][392]LogModuleManager: Shutting down and abandoning module Messaging (101)
[2018.03.30-11.26.33:737][392]LogModuleManager: Shutting down and abandoning module IOSTargetPlatform (99)
[2018.03.30-11.26.33:737][392]LogModuleManager: Shutting down and abandoning module HTML5TargetPlatform (97)
[2018.03.30-11.26.33:737][392]LogModuleManager: Shutting down and abandoning module Android_PVRTCTargetPlatform (95)
[2018.03.30-11.26.33:737][392]LogModuleManager: Shutting down and abandoning module Android_MultiTargetPlatform (93)
[2018.03.30-11.26.33:737][392]LogModuleManager: Shutting down and abandoning module Android_ETC2TargetPlatform (91)
[2018.03.30-11.26.33:737][392]LogModuleManager: Shutting down and abandoning module Android_ETC1TargetPlatform (89)
[2018.03.30-11.26.33:737][392]LogModuleManager: Shutting down and abandoning module Android_DXTTargetPlatform (87)
[2018.03.30-11.26.33:737][392]LogModuleManager: Shutting down and abandoning module Android_ATCTargetPlatform (85)
[2018.03.30-11.26.33:737][392]LogModuleManager: Shutting down and abandoning module Android_ASTCTargetPlatform (83)
[2018.03.30-11.26.33:737][392]LogModuleManager: Shutting down and abandoning module AndroidTargetPlatform (81)
[2018.03.30-11.26.33:737][392]LogModuleManager: Shutting down and abandoning module WindowsTargetPlatform (79)
[2018.03.30-11.26.33:737][392]LogModuleManager: Shutting down and abandoning module WindowsServerTargetPlatform (77)
[2018.03.30-11.26.33:737][392]LogModuleManager: Shutting down and abandoning module WindowsNoEditorTargetPlatform (75)
[2018.03.30-11.26.33:737][392]LogModuleManager: Shutting down and abandoning module WindowsClientTargetPlatform (73)
[2018.03.30-11.26.33:737][392]LogModuleManager: Shutting down and abandoning module MacTargetPlatform (71)
[2018.03.30-11.26.33:737][392]LogModuleManager: Shutting down and abandoning module MacServerTargetPlatform (69)
[2018.03.30-11.26.33:737][392]LogModuleManager: Shutting down and abandoning module MacNoEditorTargetPlatform (67)
[2018.03.30-11.26.33:738][392]LogModuleManager: Shutting down and abandoning module MacClientTargetPlatform (65)
[2018.03.30-11.26.33:738][392]LogModuleManager: Shutting down and abandoning module AllDesktopTargetPlatform (63)
[2018.03.30-11.26.33:738][392]LogModuleManager: Shutting down and abandoning module InputCore (60)
[2018.03.30-11.26.33:738][392]LogModuleManager: Shutting down and abandoning module Settings (58)
[2018.03.30-11.26.33:738][392]LogModuleManager: Shutting down and abandoning module PhysXCooking (56)
[2018.03.30-11.26.33:738][392]LogModuleManager: Shutting down and abandoning module SteamVR (54)
[2018.03.30-11.26.33:738][392]LogModuleManager: Shutting down and abandoning module OculusHMD (52)
[2018.03.30-11.26.33:738][392]LogModuleManager: Shutting down and abandoning module ExampleDeviceProfileSelector (50)
[2018.03.30-11.26.33:738][392]LogModuleManager: Shutting down and abandoning module OnlineBlueprintSupport (48)
[2018.03.30-11.26.33:738][392]LogModuleManager: Shutting down and abandoning module OnlineSubsystem (44)
[2018.03.30-11.26.33:738][392]LogOnline: Display: Unloading online subsystem: NULL
[2018.03.30-11.26.33:738][392]LogModuleManager: Shutting down and abandoning module XMPP (43)
[2018.03.30-11.26.33:739][392]LogModuleManager: Shutting down and abandoning module HTTP (41)
[2018.03.30-11.26.33:739][392]LogHttp: Display: Http module shutting down, but needs to wait on 1 outstanding Http requests:
[2018.03.30-11.26.33:739][392]LogHttp: Display: 	verb=[POST] url=[https://datarouter.ol.epicgames.com/datarouter/api/v1/public/data?SessionID=%7B882464FD-4FB4-C862-56BA-E8A3DE62C501%7D&AppID=UEEditor.Rocket.Release&AppVersion=4.17.2-3658906%2B%2B%2BUE4%2BRelease-4.17&UserID=fe9c448b460c524efccd2097e284137f%7Ca620598ecdee4cc98210cc9dc7591844%7C57f92a01-36b1-4e39-b2bd-aa1274c45cd8&AppEnvironment=datacollector-binary&UploadType=eteventstream] status=Processing
[2018.03.30-11.26.33:752][392]LogModuleManager: Shutting down and abandoning module SSL (40)
[2018.03.30-11.26.33:755][392]LogModuleManager: Shutting down and abandoning module AnimationModifiers (36)
[2018.03.30-11.26.33:755][392]LogModuleManager: Shutting down and abandoning module PropertyEditor (35)
[2018.03.30-11.26.33:755][392]LogModuleManager: Shutting down and abandoning module AudioEditor (32)
[2018.03.30-11.26.33:755][392]LogModuleManager: Shutting down and abandoning module TextureCompressor (30)
[2018.03.30-11.26.33:755][392]LogModuleManager: Shutting down and abandoning module ShaderCore (28)
[2018.03.30-11.26.33:755][392]LogModuleManager: Shutting down and abandoning module Landscape (26)
[2018.03.30-11.26.33:755][392]LogModuleManager: Shutting down and abandoning module SlateRHIRenderer (24)
[2018.03.30-11.26.33:767][392]LogModuleManager: Shutting down and abandoning module OpenGLDrv (22)
[2018.03.30-11.26.33:767][392]LogModuleManager: Shutting down and abandoning module D3D11RHI (20)
[2018.03.30-11.26.33:767][392]LogModuleManager: Shutting down and abandoning module AnimGraphRuntime (18)
[2018.03.30-11.26.33:767][392]LogModuleManager: Shutting down and abandoning module Renderer (16)
[2018.03.30-11.26.33:767][392]LogModuleManager: Shutting down and abandoning module Engine (14)
[2018.03.30-11.26.33:767][392]LogModuleManager: Shutting down and abandoning module CoreUObject (12)
[2018.03.30-11.26.33:767][392]LogModuleManager: Shutting down and abandoning module NetworkFile (10)
[2018.03.30-11.26.33:767][392]LogModuleManager: Shutting down and abandoning module CookedIterativeFile (8)
[2018.03.30-11.26.33:767][392]LogModuleManager: Shutting down and abandoning module StreamingFile (6)
[2018.03.30-11.26.33:767][392]LogModuleManager: Shutting down and abandoning module SandboxFile (4)
[2018.03.30-11.26.33:767][392]LogModuleManager: Shutting down and abandoning module PakFile (2)
[2018.03.30-11.26.33:772][392]LogExit: Exiting.
[2018.03.30-11.26.33:795][392]Log file closed, 03/30/18 12:26:33
