Log file open, 10/09/17 15:58:20
LogWindows: Failed to load 'aqProf.dll' (GetLastError=126)
LogWindows: File 'aqProf.dll' does not exist
LogWindows: Failed to load 'VSPerf140.dll' (GetLastError=126)
LogWindows: File 'VSPerf140.dll' does not exist
LogWindows: Failed to load 'VtuneApi.dll' (GetLastError=126)
LogWindows: File 'VtuneApi.dll' does not exist
LogWindows: Failed to load 'VtuneApi32e.dll' (GetLastError=126)
LogWindows: File 'VtuneApi32e.dll' does not exist
LogInit: Display: Running engine for game: ProjectOrca
LogPlatformFile: Not using cached read wrapper
LogInit: Display: RandInit(1055422997) SRandInit(1055422997).
LogTaskGraph: Started task graph with 5 named threads and 14 total threads with 3 sets of task threads.
LogStats: Stats thread started at 0.177149
LogD3D11RHI: Aftermath initialized
LogPluginManager: Mounting plugin Paper2D
LogPluginManager: Mounting plugin LightPropagationVolume
LogPluginManager: Mounting plugin CodeLiteSourceCodeAccess
LogPluginManager: Mounting plugin GitSourceControl
LogPluginManager: Mounting plugin KDevelopSourceCodeAccess
LogPluginManager: Mounting plugin NullSourceCodeAccess
LogPluginManager: Mounting plugin PerforceSourceControl
LogPluginManager: Mounting plugin SubversionSourceControl
LogPluginManager: Mounting plugin UObjectPlugin
LogPluginManager: Mounting plugin VisualStudioSourceCodeAccess
LogPluginManager: Mounting plugin XCodeSourceCodeAccess
LogPluginManager: Mounting plugin AssetManagerEditor
LogPluginManager: Mounting plugin AudioCapture
LogPluginManager: Mounting plugin FacialAnimation
LogPluginManager: Mounting plugin GameplayTagsEditor
LogPluginManager: Mounting plugin MobileLauncherProfileWizard
LogPluginManager: Mounting plugin PluginBrowser
LogPluginManager: Mounting plugin SpeedTreeImporter
LogPluginManager: Mounting plugin AlembicImporter
LogPluginManager: Mounting plugin CharacterAI
LogPluginManager: Mounting plugin HTML5Networking
LogPluginManager: Mounting plugin AndroidMedia
LogPluginManager: Mounting plugin AvfMedia
LogPluginManager: Mounting plugin MediaPlayerEditor
LogPluginManager: Mounting plugin WmfMedia
LogPluginManager: Mounting plugin TcpMessaging
LogPluginManager: Mounting plugin UdpMessaging
LogPluginManager: Mounting plugin LevelSequenceEditor
LogPluginManager: Mounting plugin MatineeToLevelSequence
LogPluginManager: Mounting plugin OnlineSubsystemGooglePlay
LogPluginManager: Mounting plugin OnlineSubsystemIOS
LogPluginManager: Mounting plugin OnlineSubsystem
LogPluginManager: Mounting plugin OnlineSubsystemNull
LogPluginManager: Mounting plugin OnlineSubsystemUtils
LogPluginManager: Mounting plugin AndroidDeviceProfileSelector
LogPluginManager: Mounting plugin AndroidMoviePlayer
LogPluginManager: Mounting plugin AndroidPermission
LogPluginManager: Mounting plugin AppleMoviePlayer
LogPluginManager: Mounting plugin ArchVisCharacter
LogPluginManager: Mounting plugin CableComponent
LogPluginManager: Mounting plugin CustomMeshComponent
LogPluginManager: Mounting plugin ExampleDeviceProfileSelector
LogPluginManager: Mounting plugin GoogleCloudMessaging
LogPluginManager: Mounting plugin ImmediatePhysics
LogPluginManager: Mounting plugin IOSDeviceProfileSelector
LogPluginManager: Mounting plugin LinuxDeviceProfileSelector
LogPluginManager: Mounting plugin LocationServicesBPLibrary
LogPluginManager: Mounting plugin MobilePatchingUtils
LogPluginManager: Mounting plugin OculusVR
LogPluginManager: Mounting plugin PhysXVehicles
LogPluginManager: Mounting plugin ProceduralMeshComponent
LogPluginManager: Mounting plugin RuntimePhysXCooking
LogPluginManager: Mounting plugin SteamVR
LogPluginManager: Mounting plugin WindowsMoviePlayer
LogInit: Using libcurl 7.47.1
LogInit:  - built for x86_64-pc-win32
LogInit:  - supports SSL with OpenSSL/1.0.2g
LogInit:  - supports HTTP deflate (compression) using libz 1.2.8
LogInit:  - other features:
LogInit:      CURL_VERSION_SSL
LogInit:      CURL_VERSION_LIBZ
LogInit:      CURL_VERSION_IPV6
LogInit:      CURL_VERSION_ASYNCHDNS
LogInit:      CURL_VERSION_LARGEFILE
LogInit:      CURL_VERSION_IDN
LogInit:  CurlRequestOptions (configurable via config and command line):
LogInit:  - bVerifyPeer = false  - Libcurl will NOT verify peer certificate
LogInit:  - bUseHttpProxy = false  - Libcurl will NOT use HTTP proxy
LogInit:  - bDontReuseConnections = false  - Libcurl will reuse connections
LogInit:  - CertBundlePath = nullptr  - Libcurl will use whatever was configured at build time.
LogInit: Build: ++UE4+Release-4.17-CL-3658906
LogInit: Engine Version: 4.17.2-3658906+++UE4+Release-4.17
LogInit: Compatible Engine Version: 4.17.0-3573198+++UE4+Release-4.17
LogInit: Net CL: 3573198
LogDevObjectVersion: Number of dev versions registered: 16
LogDevObjectVersion:   Dev-Blueprints (B0D832E4-1F89-4F0D-ACCF-7EB736FD4AA2): 10
LogDevObjectVersion:   Dev-Build (E1C64328-A22C-4D53-A36C-8E866417BD8C): 0
LogDevObjectVersion:   Dev-Core (375EC13C-06E4-48FB-B500-84F0262A717E): 2
LogDevObjectVersion:   Dev-Editor (E4B068ED-F494-42E9-A231-DA0B2E46BB41): 20
LogDevObjectVersion:   Dev-Framework (CFFC743F-43B0-4480-9391-14DF171D2073): 28
LogDevObjectVersion:   Dev-Mobile (B02B49B5-BB20-44E9-A304-32B752E40360): 0
LogDevObjectVersion:   Dev-Networking (A4E4105C-59A1-49B5-A7C5-40C4547EDFEE): 0
LogDevObjectVersion:   Dev-Online (39C831C9-5AE6-47DC-9A44-9C173E1C8E7C): 0
LogDevObjectVersion:   Dev-Physics (78F01B33-EBEA-4F98-B9B4-84EACCB95AA2): 0
LogDevObjectVersion:   Dev-Platform (6631380F-2D4D-43E0-8009-CF276956A95A): 0
LogDevObjectVersion:   Dev-Rendering (12F88B9F-8875-4AFC-A67C-D90C383ABD29): 19
LogDevObjectVersion:   Dev-Sequencer (7B5AE74C-D270-4C10-A958-57980B212A5A): 4
LogDevObjectVersion:   Dev-VR (D7296918-1DD6-4BDD-9DE2-64A83CC13884): 0
LogDevObjectVersion:   Dev-LoadTimes (C2A15278-BFE7-4AFE-6C17-90FF531DF755): 1
LogDevObjectVersion:   Private-Geometry (6EACA3D4-40EC-4CC1-B786-8BED09428FC5): 1
LogDevObjectVersion:   Dev-AnimPhys (29E575DD-E0A3-4627-9D10-D276232CDCEA): 7
LogInit: Compiled (64-bit): Sep 22 2017 13:47:16
LogInit: Compiled with Visual C++: 19.00.24215.01
LogInit: Build Configuration: Development
LogInit: Branch Name: ++UE4+Release-4.17
LogInit: Command line:  
LogInit: Base directory: D:/weret/Project/Unreal/UE_4.17/Engine/Binaries/Win64/
LogInit: Installed Engine Build: 1
LogInit: Presizing for max 8388607 objects, including 0 objects not considered by GC, pre-allocating 0 bytes for permanent pool.
LogInit: Object subsystem initialized
[2017.10.09-14.58.20:785][  0]LogInit: Selected Device Profile: [Windows]
[2017.10.09-14.58.20:785][  0]LogInit: Applying CVar settings loaded from the selected device profile: [Windows]
[2017.10.09-14.58.20:799][  0]LogInit: Computer: WERETHROPE
[2017.10.09-14.58.20:799][  0]LogInit: User: weret
[2017.10.09-14.58.20:799][  0]LogInit: CPU Page size=4096, Cores=4
[2017.10.09-14.58.20:799][  0]LogInit: High frequency timer resolution =2.531250 MHz
[2017.10.09-14.58.20:800][  0]LogMemory: Memory total: Physical=15.9GB (16GB approx)
[2017.10.09-14.58.20:800][  0]LogMemory: Platform Memory Stats for Windows
[2017.10.09-14.58.20:800][  0]LogMemory: Process Physical Memory: 278.06 MB used, 278.06 MB peak
[2017.10.09-14.58.20:800][  0]LogMemory: Process Virtual Memory: 274.24 MB used, 274.24 MB peak
[2017.10.09-14.58.20:800][  0]LogMemory: Physical Memory: 10706.81 MB used,  5615.77 MB free, 16322.59 MB total
[2017.10.09-14.58.20:800][  0]LogMemory: Virtual Memory: 668.78 MB used,  5615.77 MB free, 134217728.00 MB total
[2017.10.09-14.58.21:540][  0]LogInit: Using OS detected language (en-US).
[2017.10.09-14.58.21:540][  0]LogInit: Using OS detected locale (en-MY).
[2017.10.09-14.58.21:545][  0]LogTextLocalizationManager: No specific localization for 'en-US' exists, so the 'en' localization will be used.
[2017.10.09-14.58.22:487][  0]LogD3D11RHI: D3D11 adapters:
[2017.10.09-14.58.23:254][  0]LogD3D11RHI:    0. 'NVIDIA GeForce GTX 980M' (Feature Level 11_0)
[2017.10.09-14.58.23:254][  0]LogD3D11RHI:       4061/0/8161 MB DedicatedVideo/DedicatedSystem/SharedSystem, Outputs:2, VendorId:0x10de
[2017.10.09-14.58.23:256][  0]LogD3D11RHI:    1. 'Microsoft Basic Render Driver' (Feature Level 11_0)
[2017.10.09-14.58.23:256][  0]LogD3D11RHI:       0/0/8161 MB DedicatedVideo/DedicatedSystem/SharedSystem, Outputs:0, VendorId:0x1414
[2017.10.09-14.58.23:256][  0]LogD3D11RHI: Chosen D3D11 Adapter: 0
[2017.10.09-14.58.23:267][  0]LogD3D11RHI: Creating new Direct3DDevice
[2017.10.09-14.58.23:267][  0]LogD3D11RHI:     GPU DeviceId: 0x1617 (for the marketing name, search the web for "GPU Device Id")
[2017.10.09-14.58.23:267][  0]LogWindows: EnumDisplayDevices:
[2017.10.09-14.58.23:267][  0]LogWindows:    0. 'NVIDIA GeForce GTX 980M' (P:1 D:1)
[2017.10.09-14.58.23:267][  0]LogWindows:    1. 'NVIDIA GeForce GTX 980M' (P:0 D:1)
[2017.10.09-14.58.23:267][  0]LogWindows:    2. 'NVIDIA GeForce GTX 980M' (P:0 D:0)
[2017.10.09-14.58.23:267][  0]LogWindows:    3. 'NVIDIA GeForce GTX 980M' (P:0 D:0)
[2017.10.09-14.58.23:267][  0]LogWindows: DebugString: FoundDriverCount:4 
[2017.10.09-14.58.23:267][  0]LogD3D11RHI:     Adapter Name: NVIDIA GeForce GTX 980M
[2017.10.09-14.58.23:267][  0]LogD3D11RHI:   Driver Version: 385.69 (internal:22.21.13.8569, unified:385.69)
[2017.10.09-14.58.23:267][  0]LogD3D11RHI:      Driver Date: 9-16-2017
[2017.10.09-14.58.23:267][  0]LogRHI: Texture pool is 1361 MB (70% of 1945 MB)
[2017.10.09-14.58.23:979][  0]LogD3D11RHI: Async texture creation enabled
[2017.10.09-14.58.24:023][  0]LogD3D11RHI: GPU Timing Frequency: 1000.000000 (Debug: 2 1)
[2017.10.09-14.58.24:069][  0]LogShaderCompilers: Guid format shader working directory is 19 characters bigger than the processId version (../../../../../ProjectOrca/Intermediate/Shaders/WorkingDirectory/22684/).
[2017.10.09-14.58.24:069][  0]LogShaderCompilers: Cleaned the shader compiler working directory 'C:/Users/weret/AppData/Local/Temp/UnrealShaderWorkingDir/2298054743AC9E075A3BD2973B4DF890/'.
[2017.10.09-14.58.24:069][  0]LogShaderCompilers: Display: Using Local Shader Compiler.
[2017.10.09-14.58.25:151][  0]LogTemp: Display: Loaded TP AllDesktopTargetPlatform
[2017.10.09-14.58.25:202][  0]LogTemp: Display: Loaded TP MacClientTargetPlatform
[2017.10.09-14.58.25:253][  0]LogTemp: Display: Loaded TP MacNoEditorTargetPlatform
[2017.10.09-14.58.25:303][  0]LogTemp: Display: Loaded TP MacServerTargetPlatform
[2017.10.09-14.58.25:354][  0]LogTemp: Display: Loaded TP MacTargetPlatform
[2017.10.09-14.58.25:405][  0]LogTemp: Display: Loaded TP WindowsClientTargetPlatform
[2017.10.09-14.58.25:456][  0]LogTemp: Display: Loaded TP WindowsNoEditorTargetPlatform
[2017.10.09-14.58.25:507][  0]LogTemp: Display: Loaded TP WindowsServerTargetPlatform
[2017.10.09-14.58.25:548][  0]LogTemp: Display: Loaded TP WindowsTargetPlatform
[2017.10.09-14.58.25:597][  0]LogTemp: Display: Loaded TP AndroidTargetPlatform
[2017.10.09-14.58.25:647][  0]LogTemp: Display: Loaded TP Android_ASTCTargetPlatform
[2017.10.09-14.58.25:697][  0]LogTemp: Display: Loaded TP Android_ATCTargetPlatform
[2017.10.09-14.58.25:743][  0]LogTemp: Display: Loaded TP Android_DXTTargetPlatform
[2017.10.09-14.58.25:796][  0]LogTemp: Display: Loaded TP Android_ETC1TargetPlatform
[2017.10.09-14.58.25:845][  0]LogTemp: Display: Loaded TP Android_ETC2TargetPlatform
[2017.10.09-14.58.25:943][  0]LogTemp: Display: Loaded TP Android_MultiTargetPlatform
[2017.10.09-14.58.25:943][  0]LogTemp: Display: Loaded TP Android_PVRTCTargetPlatform
[2017.10.09-14.58.25:980][  0]LogTemp: Display: Loaded TP HTML5TargetPlatform
[2017.10.09-14.58.26:078][  0]LogTemp: Display: Loaded TP IOSTargetPlatform
[2017.10.09-14.58.26:108][  0]LogTemp: Display: Loaded TP TVOSTargetPlatform
[2017.10.09-14.58.26:163][  0]LogTemp: Display: Loaded TP LinuxClientTargetPlatform
[2017.10.09-14.58.26:214][  0]LogTemp: Display: Loaded TP LinuxNoEditorTargetPlatform
[2017.10.09-14.58.26:266][  0]LogTemp: Display: Loaded TP LinuxServerTargetPlatform
[2017.10.09-14.58.26:320][  0]LogTemp: Display: Loaded TP LinuxTargetPlatform
[2017.10.09-14.58.26:321][  0]LogTargetPlatformManager: Display: Building Assets For Windows
[2017.10.09-14.58.26:756][  0]LogDerivedDataCache: Display: Max Cache Size: 512 MB
[2017.10.09-14.58.26:867][  0]LogDerivedDataCache: Loaded boot cache 0.11s 93MB C:/Users/weret/AppData/Local/UnrealEngine/4.17/DerivedDataCache/Boot.ddc.
[2017.10.09-14.58.26:867][  0]LogDerivedDataCache: Display: Loaded Boot cache: C:/Users/weret/AppData/Local/UnrealEngine/4.17/DerivedDataCache/Boot.ddc
[2017.10.09-14.58.26:867][  0]LogDerivedDataCache: FDerivedDataBackendGraph:  Pak pak cache file ../../../../../ProjectOrca/DerivedDataCache/DDC.ddp not found, will not use a pak cache.
[2017.10.09-14.58.26:867][  0]LogDerivedDataCache: Unable to find inner node Pak for hierarchical cache Hierarchy.
[2017.10.09-14.58.26:867][  0]LogDerivedDataCache: FDerivedDataBackendGraph:  CompressedPak pak cache file ../../../../../ProjectOrca/DerivedDataCache/Compressed.ddp not found, will not use a pak cache.
[2017.10.09-14.58.26:867][  0]LogDerivedDataCache: Unable to find inner node CompressedPak for hierarchical cache Hierarchy.
[2017.10.09-14.58.26:886][  0]LogDerivedDataCache: Display: Pak cache opened for reading ../../../Engine/DerivedDataCache/Compressed.ddp.
[2017.10.09-14.58.26:899][  0]LogDerivedDataCache: Using Local data cache path C:/Users/weret/AppData/Local/UnrealEngine/Common/DerivedDataCache: Writable
[2017.10.09-14.58.26:911][  0]LogMaterial: Verifying Global Shaders for PCD3D_SM5
[2017.10.09-14.58.26:911][  0]LogSlate: Using Freetype 2.6.0
[2017.10.09-14.58.26:912][  0]LogSlate: SlateFontCache - WITH_FREETYPE: 1, WITH_HARFBUZZ: 1
[2017.10.09-14.58.26:912][  0]LogSlate: SlateFontCache - WITH_FREETYPE: 1, WITH_HARFBUZZ: 1
[2017.10.09-14.58.27:228][  0]LogAssetRegistry: FAssetRegistry took 0.0254 seconds to start up
[2017.10.09-14.58.27:364][  0]LogInit: Selected Device Profile: [Windows]
[2017.10.09-14.58.27:553][  0]LogContentStreaming: Texture pool size is 0.00 MB
[2017.10.09-14.58.27:871][  0]LogSimplygon: Simplygon DLL not present - disabling.
[2017.10.09-14.58.27:912][  0]LogMeshReduction: Using SimplygonSwarm for distributed automatic mesh merging
[2017.10.09-14.58.27:913][  0]LogMeshReduction: Using QuadricMeshReduction for automatic static mesh reduction
[2017.10.09-14.58.27:913][  0]LogMeshReduction: No automatic skeletal mesh reduction module available
[2017.10.09-14.58.27:913][  0]LogMeshReduction: No automatic mesh merging module available
[2017.10.09-14.58.27:913][  0]LogMeshMerging: No automatic mesh merging module available
[2017.10.09-14.58.28:341][  0]LogNetVersion: ProjectOrca , NetCL: 3573198, EngineNetVer: 2, GameNetVer: 0 (Checksum: 811679591)
[2017.10.09-14.58.28:579][  0]LogPackageLocalizationCache: Processed 5 localized package path(s) for 2 prioritized culture(s) in 0.052380 seconds
[2017.10.09-14.58.28:587][  0]LogUObjectArray: 35825 objects as part of root set at end of initial load.
[2017.10.09-14.58.28:587][  0]LogUObjectAllocator: 7529112 out of 0 bytes used by permanent object pool.
[2017.10.09-14.58.28:587][  0]LogUObjectArray: CloseDisregardForGC: 0/0 objects in disregard for GC pool
[2017.10.09-14.58.28:636][  0]LogInit: WinSock: version 1.1 (2.2), MaxSocks=32767, MaxUdp=65467
[2017.10.09-14.58.31:449][  0]LogTcpMessaging: Initializing TcpMessaging bridge
[2017.10.09-14.58.31:488][  0]LogUdpMessaging: Initializing bridge on interface 0.0.0.0:0 to multicast group 230.0.0.1:6666.
[2017.10.09-14.58.32:113][  0]LogMaterial: Uniform references updated for custom material expression Custom.
[2017.10.09-14.58.32:527][  0]SourceControl: Source control is disabled
[2017.10.09-14.58.32:527][  0]SourceControl: Source control is disabled
[2017.10.09-14.58.32:571][  0]SourceControl: Source control is disabled
[2017.10.09-14.58.32:619][  0]SourceControl: Source control is disabled
[2017.10.09-14.58.33:184][  0]LogAndroidPermission: UAndroidPermissionCallbackProxy::GetInstance
[2017.10.09-14.58.33:435][  0]LogOcInput: OculusInput pre-init called
[2017.10.09-14.58.33:698][  0]LogEngine: Initializing Engine...
[2017.10.09-14.58.33:751][  0]LogHMD: Failed to initialize OpenVR with code 126
[2017.10.09-14.58.34:022][  0]LogStats: UGameplayTagsManager::ConstructGameplayTagTree: Construct from data asset -  0.000 s
[2017.10.09-14.58.34:022][  0]LogStats: UGameplayTagsManager::ConstructGameplayTagTree: GameplayTagTreeChangedEvent.Broadcast -  0.000 s
[2017.10.09-14.58.34:153][  0]LogAIModule: Creating AISystem for world Untitled
[2017.10.09-14.58.34:164][  0]LogInit: XAudio2 using 'Speakers (Realtek High Definition Audio)' : 6 channels at 48 kHz using 32 bits per sample (channel mask 0x3f)
[2017.10.09-14.58.34:224][  0]LogInit: FAudioDevice initialized.
[2017.10.09-14.58.34:367][  0]LogDerivedDataCache: Saved boot cache 0.14s 93MB C:/Users/weret/AppData/Local/UnrealEngine/4.17/DerivedDataCache/Boot.ddc.
[2017.10.09-14.58.34:386][  0]LogInit: Texture streaming: Enabled
[2017.10.09-14.58.34:502][  0]LogEngineSessionManager: EngineSessionManager initialized
[2017.10.09-14.58.34:743][  0]LogInit: Transaction tracking system initialized
[2017.10.09-14.58.35:060][  0]BlueprintLog: New page: Editor Load
[2017.10.09-14.58.35:943][  0]LocalizationService: Localization service is disabled
[2017.10.09-14.58.36:618][  0]LogConsoleResponse: Display: 
[2017.10.09-14.58.36:827][  0]LogCook: Display: Max memory allowance for cook 16384mb min free memory 0mb
[2017.10.09-14.58.36:827][  0]LogCook: Display: Mobile HDR setting 1
[2017.10.09-14.58.36:827][  0]LogGameplayTags: Display: UGameplayTagsManager::DoneAddingNativeTags. DelegateIsBound: 0
[2017.10.09-14.58.36:854][  0]LogFileCache: Scanning file cache for directory 'D:/weret/Project/ProjectOrca/Content/' took 0.02s
[2017.10.09-14.58.37:867][  0]SourceControl: Source control is disabled
[2017.10.09-14.58.37:868][  0]Cmd: MAP LOAD FILE="../../../../../ProjectOrca/Content/ThirdPersonBP/Maps/ThirdPersonExampleMap.umap" TEMPLATE=0 SHOWPROGRESS=1 FEATURELEVEL=3
[2017.10.09-14.58.37:868][  0]LightingResults: New page: Lighting Build
[2017.10.09-14.58.37:906][  0]MapCheck: New page: Map Check
[2017.10.09-14.58.37:906][  0]LightingResults: New page: Lighting Build
[2017.10.09-14.58.38:836][  0]LogTexture: Display: Building textures: HQ_Lightmap1_3 (AutoDXT, 64X64)
[2017.10.09-14.58.38:836][  0]LogTexture: Display: Building textures: LQ_Lightmap_1_3 (DXT1, 64X64)
[2017.10.09-14.58.38:836][  0]LogTexture: Display: Building textures: HQ_Lightmap1_2 (AutoDXT, 512X512)
[2017.10.09-14.58.38:836][  0]LogTexture: Display: Building textures: LQ_Lightmap_1_2 (DXT1, 512X512)
[2017.10.09-14.58.38:836][  0]LogTexture: Display: Building textures: SkyOcclusion1_2 (AutoDXT, 512X256)
[2017.10.09-14.58.38:836][  0]LogTexture: Display: Building textures: SkyOcclusion1_1 (AutoDXT, 1024X512)
[2017.10.09-14.58.38:836][  0]LogTexture: Display: Building textures: LQ_Lightmap_1_1 (DXT1, 1024X1024)
[2017.10.09-14.58.38:836][  0]LogTexture: Display: Building textures: HQ_Lightmap1_1 (AutoDXT, 1024X1024)
[2017.10.09-14.58.38:836][  0]LogTexture: Display: Building textures: SkyOcclusion1_3 (AutoDXT, 64X32)
[2017.10.09-14.58.38:841][  0]LogAIModule: Creating AISystem for world ThirdPersonExampleMap
[2017.10.09-14.58.38:852][  0]LogEditorServer: Finished looking for orphan Actors (0.000 secs)
[2017.10.09-14.58.38:872][  0]Cmd: MAP CHECKDEP NOCLEARLOG
[2017.10.09-14.58.38:937][  0]MapCheck: Map check complete: 0 Error(s), 0 Warning(s), took 64.166ms to complete.
[2017.10.09-14.58.38:937][  0]LogFileHelpers: Loading map 'ThirdPersonExampleMap' took 1.069
[2017.10.09-14.58.39:009][  0]LogWindowsTextInputMethodSystem: Display: IME system now deactivated.
[2017.10.09-14.58.39:102][  0]LogCollectionManager: Loaded 0 collections in 0.001070 seconds
[2017.10.09-14.58.39:183][  0]LogFileCache: Scanning file cache for directory 'D:/weret/Project/ProjectOrca/Saved/Collections/' took 0.01s
[2017.10.09-14.58.39:183][  0]LogFileCache: Scanning file cache for directory 'D:/weret/Project/ProjectOrca/Content/Developers/weret/Collections/' took 0.01s
[2017.10.09-14.58.39:183][  0]LogFileCache: Scanning file cache for directory 'D:/weret/Project/ProjectOrca/Content/Collections/' took 0.01s
[2017.10.09-14.58.39:183][  0]LogCollectionManager: Rebuilt the GUID cache for 0 collections in 0.000001 seconds
[2017.10.09-14.58.39:194][  0]LogContentBrowser: Native class hierarchy populated in 0.0112 seconds. Added 2386 classes and 500 folders.
[2017.10.09-14.58.39:252][  0]LogContentBrowser: Native class hierarchy updated for 'WidgetCarousel' in 0.0010 seconds. Added 0 classes and 0 folders.
[2017.10.09-14.58.39:315][  0]LogContentBrowser: Native class hierarchy updated for 'AddContentDialog' in 0.0007 seconds. Added 0 classes and 0 folders.
[2017.10.09-14.58.39:357][  0]LogContentBrowser: Native class hierarchy updated for 'SceneOutliner' in 0.0008 seconds. Added 1 classes and 2 folders.
[2017.10.09-14.58.39:456][  0]LogSlate: Took 0.000431 seconds to synchronously load lazily loaded font '../../../Engine/Content/Slate/Fonts/Roboto-Regular.ttf' (155K)
[2017.10.09-14.58.39:458][  0]LogSlate: Took 0.000303 seconds to synchronously load lazily loaded font '../../../Engine/Content/Slate/Fonts/Roboto-Bold.ttf' (160K)
[2017.10.09-14.58.39:466][  0]LogSlate: Took 0.000464 seconds to synchronously load lazily loaded font '../../../Engine/Content/Editor/Slate/Fonts/FontAwesome.ttf' (139K)
[2017.10.09-14.58.39:590][  0]LogRenderer: Reallocating scene render targets to support 1208x576 Format 9 NumSamples 1 (Frame:1).
[2017.10.09-14.58.39:826][  0]LogContentBrowser: Native class hierarchy updated for 'HierarchicalLODOutliner' in 0.0012 seconds. Added 1 classes and 2 folders.
[2017.10.09-14.58.39:826][  0]LogLoad: (Engine Initialization) Total time: 20.76 seconds
[2017.10.09-14.58.39:826][  0]LogLoad: (Engine Initialization) Total Blueprint compile time: 0.00 seconds
[2017.10.09-14.58.39:827][  0]LogExternalProfiler: No external profilers were discovered.  External profiling features will not be available.
[2017.10.09-14.58.39:870][  0]LogContentStreaming: Texture pool size now 800 MB
[2017.10.09-14.58.39:913][  0]LogSlate: Took 0.000322 seconds to synchronously load lazily loaded font '../../../Engine/Content/Slate/Fonts/Roboto-Light.ttf' (159K)
[2017.10.09-14.58.39:931][  1]LogAssetRegistry: Asset discovery search completed in 12.7251 seconds
[2017.10.09-14.58.39:934][  1]LogCollectionManager: Rebuilt the object cache for 0 collections in 0.000000 seconds (found 0 objects)
[2017.10.09-14.58.39:935][  1]LogCollectionManager: Fixed up redirectors for 0 collections in 0.000066 seconds (updated 0 objects)
[2017.10.09-14.58.58:935][848]LogActorFactory: Actor Factory created Plane
[2017.10.09-14.58.59:527][876]LogActorFactory: Actor Factory created Plane
[2017.10.09-14.59.05:379][192]MapCheck: New page: Map Check
[2017.10.09-14.59.05:475][192]Cmd: MAP REBUILD ALLVISIBLE
[2017.10.09-14.59.05:475][192]LogEditorServer: Rebuildmap Clear paths rebuilt
[2017.10.09-14.59.05:677][192]LogMaterial: Missing cached shader map for material FDebugViewModeMaterialProxy WorldGridMaterial, compiling. Is special engine material.
[2017.10.09-14.59.05:687][192]LogMaterial: Missing cached shader map for material FDebugViewModeMaterialProxy MaterialInstanceDynamic_1, compiling. 
[2017.10.09-14.59.05:696][192]LogMaterial: Missing cached shader map for material FDebugViewModeMaterialProxy HelpActorMaterial, compiling. 
[2017.10.09-14.59.05:702][192]LogMaterial: Missing cached shader map for material FDebugViewModeMaterialProxy RampMaterial, compiling. 
[2017.10.09-14.59.05:710][192]LogMaterial: Missing cached shader map for material FDebugViewModeMaterialProxy CubeMaterial, compiling. 
[2017.10.09-14.59.05:719][192]LogMaterial: Missing cached shader map for material FDebugViewModeMaterialProxy DefaultTextMaterialOpaque, compiling. 
[2017.10.09-14.59.05:728][192]LogMaterial: Missing cached shader map for material FDebugViewModeMaterialProxy BasicShapeMaterial, compiling. 
[2017.10.09-14.59.05:737][192]LogMaterial: Missing cached shader map for material FDebugViewModeMaterialProxy M_UE4Man_Body, compiling. 
[2017.10.09-14.59.05:748][192]LogMaterial: Missing cached shader map for material FDebugViewModeMaterialProxy M_UE4Man_ChestLogo, compiling. 
[2017.10.09-14.59.05:759][192]LogMaterial: Missing cached shader map for material FDebugViewModeMaterialProxy MatineeCam_mat, compiling. 
[2017.10.09-14.59.06:543][192]TextureStreamingBuild: Display: Compiling optional shaders took 0.873 seconds.
[2017.10.09-14.59.06:552][192]LogLevel: Display: Export Material TexCoord Scales took 0.009 seconds.
[2017.10.09-14.59.06:558][192]TextureStreamingBuild: Display: Build Texture Streaming took 0.006 seconds.
[2017.10.09-14.59.06:569][192]LightingResults: New page: Lighting Build - Oct 9, 2017, 4:59:06 PM
[2017.10.09-14.59.06:609][192]LogSwarmInterface: [OpenConnection] Registering TCP channel ...
[2017.10.09-14.59.06:670][192]LogSwarmInterface: [OpenConnection] Connecting to agent ...
[2017.10.09-14.59.06:682][192]LogSwarmInterface: [TryOpenConnection] Testing the Agent
[2017.10.09-14.59.07:194][192]LogSwarmInterface: [TryOpenConnection] Opening Connection to Agent
[2017.10.09-14.59.07:194][192]LogSwarmInterface: [TryOpenConnection] Local Process ID is 22684
[2017.10.09-14.59.09:742][192]LogStaticLightingSystem: Running Lightmass w/ ImmediateImport mode ENABLED
[2017.10.09-14.59.09:742][192]LogStaticLightingSystem: Running Lightmass w/ ImmediateProcess mode ENABLED
[2017.10.09-14.59.09:742][192]LogStaticLightingSystem: Running Lightmass w/ Sorting mode ENABLED
[2017.10.09-14.59.09:742][192]LogStaticLightingSystem: Running Lightmass w/ Mapping paddings ENABLED
[2017.10.09-14.59.09:742][192]LogStaticLightingSystem: Running Lightmass w/ Mapping debug paddings DISABLED
[2017.10.09-14.59.09:989][192]Cmd: MAP CHECK DONTDISPLAYDIALOG
[2017.10.09-14.59.09:989][192]MapCheck: New page: ThirdPersonExampleMap - Oct 9, 2017, 4:59:09 PM
[2017.10.09-14.59.10:028][192]MapCheck: Error: WorldInfo_0 Maps need lighting rebuilt 
[2017.10.09-14.59.10:097][192]MapCheck: Map check complete: 1 Error(s), 0 Warning(s), took 107.524ms to complete.
[2017.10.09-14.59.10:119][192]LogEditorBuildUtils: Build time 0:04
[2017.10.09-14.59.18:378][380]Job is a success!
[2017.10.09-14.59.18:436][381]LogSlate: Took 0.000261 seconds to synchronously load lazily loaded font '../../../Engine/Content/Slate/Fonts/Roboto-Light.ttf' (159K)
[2017.10.09-14.59.19:191][381]LogTexture: Display: Building textures: SkyOcclusion0_1 (AutoDXT, 1024X512)
[2017.10.09-14.59.19:191][381]LogTexture: Display: Building textures: HQ_Lightmap0_1 (AutoDXT, 1024X1024)
[2017.10.09-14.59.19:191][381]LogTexture: Display: Building textures: LQ_Lightmap_0_1 (DXT1, 1024X1024)
[2017.10.09-14.59.19:191][381]LogTexture: Display: Building textures: SkyOcclusion0_2 (AutoDXT, 512X256)
[2017.10.09-14.59.19:192][381]LogTexture: Display: Building textures: HQ_Lightmap0_2 (AutoDXT, 512X512)
[2017.10.09-14.59.19:192][381]LogTexture: Display: Building textures: LQ_Lightmap_0_2 (DXT1, 512X512)
[2017.10.09-14.59.19:192][381]LogTexture: Display: Building textures: SkyOcclusion0_3 (AutoDXT, 64X32)
[2017.10.09-14.59.19:192][381]LogTexture: Display: Building textures: HQ_Lightmap0_3 (AutoDXT, 64X64)
[2017.10.09-14.59.19:192][381]LogTexture: Display: Building textures: LQ_Lightmap_0_3 (DXT1, 64X64)
[2017.10.09-14.59.19:391][381]LogTexture: Display: Building textures: ShadowMapTexture2D_1 (G8, 32X32)
[2017.10.09-14.59.19:499][381]LogTexture: Display: Building textures: ShadowMapTexture2D_0 (G8, 1024X1024)
[2017.10.09-14.59.19:531][381]Lightmass on WERETHROPE: 8.32 sec total, 153 ms importing, 42 ms setup, 1.93 sec photons, 6.16 sec processing, 0 ms extra exporting [14/14 mappings]. Threads: 42.9 sec total, 17.7 sec processing.
[2017.10.09-14.59.19:663][381]LogStaticLightingSystem: Illumination: 13.0 sec (622 ms encoding lightmaps, 292 ms encoding shadowmaps)
[2017.10.09-14.59.19:663][381]LogStaticLightingSystem: Lightmap texture memory:  3.3 MB (3.3 MB streaming, 0.0 MB non-streaming), 6 textures
[2017.10.09-14.59.19:663][381]LogStaticLightingSystem: Shadowmap texture memory: 1.3 MB (1.3 MB streaming, 0.0 MB non-streaming), 2 textures
[2017.10.09-14.59.19:755][381]DumpUnbuiltLightIteractions
[2017.10.09-14.59.19:755][381]Lights with unbuilt interactions: 0
[2017.10.09-14.59.19:755][381]
[2017.10.09-14.59.19:755][381]Primitives with unbuilt interactions: 0
[2017.10.09-14.59.19:766][382]Cmd: MAP CHECK NOTIFYRESULTS
[2017.10.09-14.59.19:766][382]MapCheck: New page: ThirdPersonExampleMap - Oct 9, 2017, 4:59:19 PM
[2017.10.09-14.59.19:849][382]MapCheck: Map check complete: 0 Error(s), 0 Warning(s), took 83.368ms to complete.
[2017.10.09-14.59.31:091][836]Cmd: QUIT_EDITOR
[2017.10.09-14.59.31:107][836]LogWindowsTextInputMethodSystem: Display: IME system now deactivated.
[2017.10.09-14.59.31:121][836]LogExit: Preparing to exit.
[2017.10.09-14.59.31:686][836]LogDirectoryWatcher: A directory notification for 'D:/weret/Project/ProjectOrca/Content/' was aborted.
[2017.10.09-14.59.31:736][836]LogExit: Editor shut down
[2017.10.09-14.59.31:746][836]LogExit: Transaction tracking system shut down
[2017.10.09-14.59.31:938][836]LogDirectoryWatcher: A directory notification for '../../../Engine/Content/' was aborted.
[2017.10.09-14.59.31:938][836]LogDirectoryWatcher: A directory notification for '../../../../../ProjectOrca/Content/' was aborted.
[2017.10.09-14.59.31:938][836]LogDirectoryWatcher: A directory notification for '../../../Engine/Plugins/2D/Paper2D/Content/' was aborted.
[2017.10.09-14.59.31:939][836]LogDirectoryWatcher: A directory notification for '../../../Engine/Plugins/Runtime/Oculus/OculusVR/Content/' was aborted.
[2017.10.09-14.59.31:939][836]LogDirectoryWatcher: A directory notification for '../../../Engine/Plugins/Runtime/Steam/SteamVR/Content/' was aborted.
[2017.10.09-14.59.31:996][836]LogExit: Object subsystem successfully closed.
[2017.10.09-14.59.32:184][836]LogD3D11RHI: Shutdown
[2017.10.09-14.59.32:184][836]LogD3D11RHI: CleanupD3DDevice
[2017.10.09-14.59.32:221][836]LogD3D11RHI: ~FD3D11DynamicRHI
[2017.10.09-14.59.32:230][836]LogModuleManager: Shutting down and abandoning module HierarchicalLODUtilities (532)
[2017.10.09-14.59.32:230][836]LogModuleManager: Shutting down and abandoning module HierarchicalLODOutliner (530)
[2017.10.09-14.59.32:230][836]LogModuleManager: Shutting down and abandoning module SceneOutliner (528)
[2017.10.09-14.59.32:230][836]LogModuleManager: Shutting down and abandoning module AddContentDialog (526)
[2017.10.09-14.59.32:230][836]LogDirectoryWatcher: A directory notification for 'D:/weret/Project/Unreal/UE_4.17/FeaturePacks/' was aborted.
[2017.10.09-14.59.32:233][836]LogModuleManager: Shutting down and abandoning module WidgetCarousel (525)
[2017.10.09-14.59.32:233][836]LogModuleManager: Shutting down and abandoning module EditorWidgets (522)
[2017.10.09-14.59.32:233][836]LogModuleManager: Shutting down and abandoning module CollectionManager (520)
[2017.10.09-14.59.32:233][836]LogDirectoryWatcher: A directory notification for 'D:/weret/Project/ProjectOrca/Content/Collections/' was aborted.
[2017.10.09-14.59.32:233][836]LogDirectoryWatcher: A directory notification for 'D:/weret/Project/ProjectOrca/Content/Developers/weret/Collections/' was aborted.
[2017.10.09-14.59.32:233][836]LogDirectoryWatcher: A directory notification for 'D:/weret/Project/ProjectOrca/Saved/Collections/' was aborted.
[2017.10.09-14.59.32:233][836]LogModuleManager: Shutting down and abandoning module StatsViewer (518)
[2017.10.09-14.59.32:233][836]LogModuleManager: Shutting down and abandoning module FoliageEdit (516)
[2017.10.09-14.59.32:233][836]LogModuleManager: Shutting down and abandoning module LandscapeEditor (514)
[2017.10.09-14.59.32:233][836]LogModuleManager: Shutting down and abandoning module MeshPaintMode (512)
[2017.10.09-14.59.32:233][836]LogModuleManager: Shutting down and abandoning module SceneDepthPickerMode (510)
[2017.10.09-14.59.32:233][836]LogModuleManager: Shutting down and abandoning module ActorPickerMode (508)
[2017.10.09-14.59.32:233][836]LogModuleManager: Shutting down and abandoning module GeometryMode (506)
[2017.10.09-14.59.32:233][836]LogModuleManager: Shutting down and abandoning module TextureAlignMode (504)
[2017.10.09-14.59.32:233][836]LogModuleManager: Shutting down and abandoning module BspMode (502)
[2017.10.09-14.59.32:233][836]LogModuleManager: Shutting down and abandoning module PIEPreviewDeviceProfileSelector (500)
[2017.10.09-14.59.32:233][836]LogModuleManager: Shutting down and abandoning module HardwareSurvey (498)
[2017.10.09-14.59.32:233][836]LogModuleManager: Shutting down and abandoning module SequenceRecorderSections (496)
[2017.10.09-14.59.32:233][836]LogModuleManager: Shutting down and abandoning module AutomationWorker (494)
[2017.10.09-14.59.32:233][836]LogModuleManager: Shutting down and abandoning module MatineeToLevelSequence (492)
[2017.10.09-14.59.32:233][836]LogModuleManager: Shutting down and abandoning module LevelSequenceEditor (490)
[2017.10.09-14.59.32:234][836]LogModuleManager: Shutting down and abandoning module PlacementMode (489)
[2017.10.09-14.59.32:234][836]LogModuleManager: Shutting down and abandoning module WmfMediaFactory (486)
[2017.10.09-14.59.32:234][836]LogModuleManager: Shutting down and abandoning module WmfMediaEditor (484)
[2017.10.09-14.59.32:234][836]LogModuleManager: Shutting down and abandoning module AvfMediaFactory (482)
[2017.10.09-14.59.32:234][836]LogModuleManager: Shutting down and abandoning module AvfMediaEditor (480)
[2017.10.09-14.59.32:234][836]LogModuleManager: Shutting down and abandoning module AndroidMediaFactory (478)
[2017.10.09-14.59.32:234][836]LogModuleManager: Shutting down and abandoning module Media (477)
[2017.10.09-14.59.32:234][836]LogModuleManager: Shutting down and abandoning module AndroidMediaEditor (474)
[2017.10.09-14.59.32:234][836]LogModuleManager: Shutting down and abandoning module CharacterAI (472)
[2017.10.09-14.59.32:234][836]LogModuleManager: Shutting down and abandoning module AudioCapture (470)
[2017.10.09-14.59.32:234][836]LogModuleManager: Shutting down and abandoning module SequenceRecorder (469)
[2017.10.09-14.59.32:234][836]LogModuleManager: Shutting down and abandoning module SmartSnapping (466)
[2017.10.09-14.59.32:234][836]LogModuleManager: Shutting down and abandoning module SessionServices (464)
[2017.10.09-14.59.32:234][836]LogModuleManager: Shutting down and abandoning module ViewportSnapping (462)
[2017.10.09-14.59.32:234][836]LogModuleManager: Shutting down and abandoning module ViewportInteraction (460)
[2017.10.09-14.59.32:234][836]LogModuleManager: Shutting down and abandoning module ClothPainter (458)
[2017.10.09-14.59.32:234][836]LogModuleManager: Shutting down and abandoning module LogVisualizer (456)
[2017.10.09-14.59.32:234][836]LogModuleManager: Shutting down and abandoning module IntroTutorials (454)
[2017.10.09-14.59.32:234][836]LogModuleManager: Shutting down and abandoning module GameProjectGeneration (453)
[2017.10.09-14.59.32:234][836]LogModuleManager: Shutting down and abandoning module IOSPlatformEditor (450)
[2017.10.09-14.59.32:234][836]LogModuleManager: Shutting down and abandoning module HTML5PlatformEditor (448)
[2017.10.09-14.59.32:234][836]LogModuleManager: Shutting down and abandoning module AndroidPlatformEditor (446)
[2017.10.09-14.59.32:234][836]LogModuleManager: Shutting down and abandoning module AndroidDeviceDetection (445)
[2017.10.09-14.59.32:334][836]LogModuleManager: Shutting down and abandoning module WindowsPlatformEditor (442)
[2017.10.09-14.59.32:334][836]LogModuleManager: Shutting down and abandoning module IOSRuntimeSettings (440)
[2017.10.09-14.59.32:334][836]LogModuleManager: Shutting down and abandoning module AndroidRuntimeSettings (438)
[2017.10.09-14.59.32:334][836]LogModuleManager: Shutting down and abandoning module InputBindingEditor (436)
[2017.10.09-14.59.32:334][836]LogModuleManager: Shutting down and abandoning module MergeActors (434)
[2017.10.09-14.59.32:334][836]LogModuleManager: Shutting down and abandoning module SizeMap (432)
[2017.10.09-14.59.32:334][836]LogModuleManager: Shutting down and abandoning module TreeMap (430)
[2017.10.09-14.59.32:334][836]LogModuleManager: Shutting down and abandoning module ReferenceViewer (428)
[2017.10.09-14.59.32:334][836]LogModuleManager: Shutting down and abandoning module LocalizationDashboard (426)
[2017.10.09-14.59.32:334][836]LogModuleManager: Shutting down and abandoning module LocalizationService (425)
[2017.10.09-14.59.32:334][836]LogModuleManager: Shutting down and abandoning module HardwareTargeting (422)
[2017.10.09-14.59.32:334][836]LogModuleManager: Shutting down and abandoning module DeviceProfileEditor (420)
[2017.10.09-14.59.32:335][836]LogModuleManager: Shutting down and abandoning module UndoHistory (418)
[2017.10.09-14.59.32:335][836]LogModuleManager: Shutting down and abandoning module XmlParser (416)
[2017.10.09-14.59.32:335][836]LogModuleManager: Shutting down and abandoning module Blutility (414)
[2017.10.09-14.59.32:335][836]LogModuleManager: Shutting down and abandoning module ProjectSettingsViewer (412)
[2017.10.09-14.59.32:335][836]LogModuleManager: Shutting down and abandoning module ProjectTargetPlatformEditor (411)
[2017.10.09-14.59.32:335][836]LogModuleManager: Shutting down and abandoning module EditorSettingsViewer (408)
[2017.10.09-14.59.32:335][836]LogModuleManager: Shutting down and abandoning module SettingsEditor (406)
[2017.10.09-14.59.32:335][836]LogModuleManager: Shutting down and abandoning module ProjectLauncher (404)
[2017.10.09-14.59.32:335][836]LogModuleManager: Shutting down and abandoning module SessionFrontend (402)
[2017.10.09-14.59.32:335][836]LogModuleManager: Shutting down and abandoning module ProfilerClient (400)
[2017.10.09-14.59.32:335][836]LogModuleManager: Shutting down and abandoning module DeviceManager (398)
[2017.10.09-14.59.32:335][836]LogModuleManager: Shutting down and abandoning module TargetDeviceServices (397)
[2017.10.09-14.59.32:387][836]LogModuleManager: Shutting down and abandoning module AutomationController (394)
[2017.10.09-14.59.32:387][836]LogModuleManager: Shutting down and abandoning module AutomationWindow (392)
[2017.10.09-14.59.32:387][836]LogModuleManager: Shutting down and abandoning module Layers (390)
[2017.10.09-14.59.32:387][836]LogModuleManager: Shutting down and abandoning module ComponentVisualizers (388)
[2017.10.09-14.59.32:387][836]LogModuleManager: Shutting down and abandoning module DetailCustomizations (386)
[2017.10.09-14.59.32:387][836]LogModuleManager: Shutting down and abandoning module PackagesDialog (384)
[2017.10.09-14.59.32:388][836]LogModuleManager: Shutting down and abandoning module Persona (382)
[2017.10.09-14.59.32:388][836]LogModuleManager: Shutting down and abandoning module AdvancedPreviewScene (381)
[2017.10.09-14.59.32:388][836]LogModuleManager: Shutting down and abandoning module AnimGraph (379)
[2017.10.09-14.59.32:388][836]LogModuleManager: Shutting down and abandoning module Kismet (376)
[2017.10.09-14.59.32:388][836]LogModuleManager: Shutting down and abandoning module ClassViewer (374)
[2017.10.09-14.59.32:388][836]LogModuleManager: Shutting down and abandoning module Toolbox (372)
[2017.10.09-14.59.32:388][836]LogModuleManager: Shutting down and abandoning module ModuleUI (370)
[2017.10.09-14.59.32:388][836]LogModuleManager: Shutting down and abandoning module MovieSceneTools (368)
[2017.10.09-14.59.32:388][836]LogModuleManager: Shutting down and abandoning module OutputLog (366)
[2017.10.09-14.59.32:388][836]LogModuleManager: Shutting down and abandoning module GammaUI (364)
[2017.10.09-14.59.32:388][836]LogModuleManager: Shutting down and abandoning module Documentation (362)
[2017.10.09-14.59.32:389][836]LogModuleManager: Shutting down and abandoning module MovieSceneTracks (360)
[2017.10.09-14.59.32:389][836]LogModuleManager: Shutting down and abandoning module MovieScene (358)
[2017.10.09-14.59.32:389][836]LogModuleManager: Shutting down and abandoning module Niagara (356)
[2017.10.09-14.59.32:389][836]LogModuleManager: Shutting down and abandoning module NiagaraEditor (355)
[2017.10.09-14.59.32:389][836]LogModuleManager: Shutting down and abandoning module StreamingPauseRendering (352)
[2017.10.09-14.59.32:389][836]LogModuleManager: Shutting down and abandoning module LauncherPlatform (350)
[2017.10.09-14.59.32:389][836]LogModuleManager: Shutting down and abandoning module AnalyticsET (348)
[2017.10.09-14.59.32:389][836]LogModuleManager: Shutting down and abandoning module PortalServices (346)
[2017.10.09-14.59.32:389][836]LogModuleManager: Shutting down and abandoning module PortalRpc (344)
[2017.10.09-14.59.32:389][836]LogModuleManager: Shutting down and abandoning module MessagingRpc (342)
[2017.10.09-14.59.32:389][836]LogModuleManager: Shutting down and abandoning module AIModule (340)
[2017.10.09-14.59.32:389][836]LogModuleManager: Shutting down and abandoning module GameplayDebugger (339)
[2017.10.09-14.59.32:389][836]LogModuleManager: Shutting down and abandoning module AITestSuite (337)
[2017.10.09-14.59.32:389][836]LogModuleManager: Shutting down and abandoning module ProfilerService (334)
[2017.10.09-14.59.32:476][836]LogModuleManager: Shutting down and abandoning module TaskGraph (332)
[2017.10.09-14.59.32:476][836]LogModuleManager: Shutting down and abandoning module SteamVRController (330)
[2017.10.09-14.59.32:476][836]LogModuleManager: Shutting down and abandoning module ProceduralMeshComponentEditor (328)
[2017.10.09-14.59.32:476][836]LogModuleManager: Shutting down and abandoning module ProceduralMeshComponent (326)
[2017.10.09-14.59.32:476][836]LogModuleManager: Shutting down and abandoning module OculusInput (324)
[2017.10.09-14.59.32:476][836]LogModuleManager: Shutting down and abandoning module MobilePatchingUtils (322)
[2017.10.09-14.59.32:476][836]LogModuleManager: Shutting down and abandoning module CustomMeshComponent (320)
[2017.10.09-14.59.32:476][836]LogModuleManager: Shutting down and abandoning module CableComponent (318)
[2017.10.09-14.59.32:477][836]LogModuleManager: Shutting down and abandoning module ArchVisCharacter (316)
[2017.10.09-14.59.32:477][836]LogModuleManager: Shutting down and abandoning module AndroidPermission (314)
[2017.10.09-14.59.32:477][836]LogModuleManager: Shutting down and abandoning module MediaPlayerEditor (310)
[2017.10.09-14.59.32:477][836]LogModuleManager: Shutting down and abandoning module HTML5Networking (308)
[2017.10.09-14.59.32:477][836]LogModuleManager: Shutting down and abandoning module AlembicImporter (306)
[2017.10.09-14.59.32:477][836]LogModuleManager: Shutting down and abandoning module AlembicLibrary (305)
[2017.10.09-14.59.32:477][836]LogModuleManager: Shutting down and abandoning module GeometryCache (304)
[2017.10.09-14.59.32:477][836]LogModuleManager: Shutting down and abandoning module GeometryCacheEd (303)
[2017.10.09-14.59.32:477][836]LogModuleManager: Shutting down and abandoning module SpeedTreeImporter (298)
[2017.10.09-14.59.32:477][836]LogModuleManager: Shutting down and abandoning module PluginBrowser (296)
[2017.10.09-14.59.32:477][836]LogModuleManager: Shutting down and abandoning module MobileLauncherProfileWizard (294)
[2017.10.09-14.59.32:477][836]LogModuleManager: Shutting down and abandoning module VisualStudioSourceCodeAccess (292)
[2017.10.09-14.59.32:477][836]LogModuleManager: Shutting down and abandoning module DesktopPlatform (291)
[2017.10.09-14.59.32:477][836]LogModuleManager: Shutting down and abandoning module UObjectPlugin (288)
[2017.10.09-14.59.32:477][836]LogModuleManager: Shutting down and abandoning module SubversionSourceControl (286)
[2017.10.09-14.59.32:477][836]LogModuleManager: Shutting down and abandoning module PerforceSourceControl (284)
[2017.10.09-14.59.32:477][836]LogModuleManager: Shutting down and abandoning module GitSourceControl (282)
[2017.10.09-14.59.32:477][836]LogModuleManager: Shutting down and abandoning module SourceControl (281)
[2017.10.09-14.59.32:477][836]LogModuleManager: Shutting down and abandoning module LightPropagationVolumeEditor (278)
[2017.10.09-14.59.32:477][836]LogModuleManager: Shutting down and abandoning module PaperTiledImporter (276)
[2017.10.09-14.59.32:477][836]LogModuleManager: Shutting down and abandoning module PaperSpriteSheetImporter (274)
[2017.10.09-14.59.32:477][836]LogModuleManager: Shutting down and abandoning module Paper2DEditor (272)
[2017.10.09-14.59.32:477][836]LogModuleManager: Shutting down and abandoning module MeshPaint (271)
[2017.10.09-14.59.32:477][836]LogModuleManager: Shutting down and abandoning module LevelEditor (269)
[2017.10.09-14.59.32:478][836]LogModuleManager: Shutting down and abandoning module PixelInspectorModule (268)
[2017.10.09-14.59.32:478][836]LogModuleManager: Shutting down and abandoning module MainFrame (266)
[2017.10.09-14.59.32:478][836]LogModuleManager: Shutting down and abandoning module HotReload (265)
[2017.10.09-14.59.32:478][836]LogModuleManager: Shutting down and abandoning module RuntimePhysXCooking (260)
[2017.10.09-14.59.32:478][836]LogModuleManager: Shutting down and abandoning module PhysXVehiclesEditor (258)
[2017.10.09-14.59.32:478][836]LogModuleManager: Shutting down and abandoning module PhysXVehicles (256)
[2017.10.09-14.59.32:478][836]LogModuleManager: Shutting down and abandoning module OculusEditor (254)
[2017.10.09-14.59.32:478][836]LogModuleManager: Shutting down and abandoning module LocationServicesBPLibrary (252)
[2017.10.09-14.59.32:478][836]LogModuleManager: Shutting down and abandoning module ImmediatePhysicsEditor (250)
[2017.10.09-14.59.32:478][836]LogModuleManager: Shutting down and abandoning module ImmediatePhysics (248)
[2017.10.09-14.59.32:478][836]LogModuleManager: Shutting down and abandoning module UdpMessaging (246)
[2017.10.09-14.59.32:579][836]LogModuleManager: Shutting down and abandoning module TcpMessaging (244)
[2017.10.09-14.59.32:679][836]LogModuleManager: Shutting down and abandoning module GameplayTagsEditor (242)
[2017.10.09-14.59.32:679][836]LogModuleManager: Shutting down and abandoning module FacialAnimationEditor (240)
[2017.10.09-14.59.32:679][836]LogModuleManager: Shutting down and abandoning module FacialAnimation (238)
[2017.10.09-14.59.32:679][836]LogModuleManager: Shutting down and abandoning module AssetManagerEditor (236)
[2017.10.09-14.59.32:679][836]LogModuleManager: Shutting down and abandoning module GraphEditor (235)
[2017.10.09-14.59.32:679][836]LogModuleManager: Shutting down and abandoning module ContentBrowser (233)
[2017.10.09-14.59.32:680][836]LogModuleManager: Shutting down and abandoning module LightPropagationVolumeRuntime (230)
[2017.10.09-14.59.32:680][836]LogModuleManager: Shutting down and abandoning module Paper2D (228)
[2017.10.09-14.59.32:680][836]LogModuleManager: Shutting down and abandoning module WindowsMoviePlayer (226)
[2017.10.09-14.59.32:680][836]LogModuleManager: Shutting down and abandoning module WmfMedia (224)
[2017.10.09-14.59.32:681][836]LogModuleManager: Shutting down and abandoning module PacketHandler (222)
[2017.10.09-14.59.32:681][836]LogModuleManager: Shutting down and abandoning module ClothingSystemEditor (220)
[2017.10.09-14.59.32:681][836]LogModuleManager: Shutting down and abandoning module ClothingSystemRuntime (218)
[2017.10.09-14.59.32:681][836]LogModuleManager: Shutting down and abandoning module Overlay (216)
[2017.10.09-14.59.32:681][836]LogModuleManager: Shutting down and abandoning module OverlayEditor (215)
[2017.10.09-14.59.32:681][836]LogModuleManager: Shutting down and abandoning module MediaAssets (212)
[2017.10.09-14.59.32:681][836]LogModuleManager: Shutting down and abandoning module VREditor (210)
[2017.10.09-14.59.32:681][836]LogModuleManager: Shutting down and abandoning module StringTableEditor (208)
[2017.10.09-14.59.32:681][836]LogModuleManager: Shutting down and abandoning module GameplayTasksEditor (206)
[2017.10.09-14.59.32:681][836]LogModuleManager: Shutting down and abandoning module BehaviorTreeEditor (204)
[2017.10.09-14.59.32:681][836]LogModuleManager: Shutting down and abandoning module FunctionalTesting (202)
[2017.10.09-14.59.32:681][836]LogModuleManager: Shutting down and abandoning module CollisionAnalyzer (200)
[2017.10.09-14.59.32:681][836]LogModuleManager: Shutting down and abandoning module WorkspaceMenuStructure (199)
[2017.10.09-14.59.32:681][836]LogModuleManager: Shutting down and abandoning module UMG (196)
[2017.10.09-14.59.32:681][836]LogModuleManager: Shutting down and abandoning module UMGEditor (195)
[2017.10.09-14.59.32:681][836]LogModuleManager: Shutting down and abandoning module Sequencer (194)
[2017.10.09-14.59.32:681][836]LogModuleManager: Shutting down and abandoning module MessageLog (191)
[2017.10.09-14.59.32:681][836]LogModuleManager: Shutting down and abandoning module SlateReflector (186)
[2017.10.09-14.59.32:681][836]LogModuleManager: Shutting down and abandoning module Slate (184)
[2017.10.09-14.59.32:681][836]LogModuleManager: Shutting down and abandoning module EditorStyle (182)
[2017.10.09-14.59.32:683][836]LogModuleManager: Shutting down and abandoning module MRMesh (180)
[2017.10.09-14.59.32:683][836]LogModuleManager: Shutting down and abandoning module SourceCodeAccess (178)
[2017.10.09-14.59.32:683][836]LogModuleManager: Shutting down and abandoning module HeadMountedDisplay (176)
[2017.10.09-14.59.32:683][836]LogModuleManager: Shutting down and abandoning module XAudio2 (174)
[2017.10.09-14.59.32:683][836]LogModuleManager: Shutting down and abandoning module Networking (172)
[2017.10.09-14.59.32:683][836]LogModuleManager: Shutting down and abandoning module Core (168)
[2017.10.09-14.59.32:683][836]LogModuleManager: Shutting down and abandoning module KismetCompiler (164)
[2017.10.09-14.59.32:683][836]LogModuleManager: Shutting down and abandoning module LevelSequence (162)
[2017.10.09-14.59.32:683][836]LogModuleManager: Shutting down and abandoning module MeshUtilities (160)
[2017.10.09-14.59.32:683][836]LogModuleManager: Shutting down and abandoning module MeshMergeUtilities (159)
[2017.10.09-14.59.32:683][836]LogModuleManager: Shutting down and abandoning module MeshReductionInterface (158)
[2017.10.09-14.59.32:683][836]LogModuleManager: Shutting down and abandoning module SimplygonSwarm (157)
[2017.10.09-14.59.32:683][836]LogModuleManager: Shutting down and abandoning module SimplygonMeshReduction (155)
[2017.10.09-14.59.32:683][836]LogModuleManager: Shutting down and abandoning module QuadricMeshReduction (153)
[2017.10.09-14.59.32:683][836]LogModuleManager: Shutting down and abandoning module MaterialBaking (149)
[2017.10.09-14.59.32:683][836]LogModuleManager: Shutting down and abandoning module DirectoryWatcher (146)
[2017.10.09-14.59.32:684][836]LogModuleManager: Shutting down and abandoning module DerivedDataCache (144)
[2017.10.09-14.59.32:940][836]LogDerivedDataCache: Shutdown
[2017.10.09-14.59.32:940][836]LogModuleManager: Shutting down and abandoning module TargetPlatform (142)
[2017.10.09-14.59.32:940][836]LogModuleManager: Shutting down and abandoning module VulkanShaderFormat (141)
[2017.10.09-14.59.32:940][836]LogModuleManager: Shutting down and abandoning module ShaderFormatVectorVM (139)
[2017.10.09-14.59.32:940][836]LogModuleManager: Shutting down and abandoning module ShaderFormatOpenGL (137)
[2017.10.09-14.59.32:940][836]LogModuleManager: Shutting down and abandoning module ShaderFormatD3D (135)
[2017.10.09-14.59.32:941][836]LogModuleManager: Shutting down and abandoning module MetalShaderFormat (133)
[2017.10.09-14.59.32:941][836]LogModuleManager: Shutting down and abandoning module TextureFormatUncompressed (131)
[2017.10.09-14.59.32:941][836]LogModuleManager: Shutting down and abandoning module TextureFormatPVR (129)
[2017.10.09-14.59.32:941][836]LogModuleManager: Shutting down and abandoning module TextureFormatDXT (127)
[2017.10.09-14.59.32:941][836]LogModuleManager: Shutting down and abandoning module TextureFormatIntelISPCTexComp (125)
[2017.10.09-14.59.32:941][836]LogModuleManager: Shutting down and abandoning module TextureFormatASTC (123)
[2017.10.09-14.59.32:941][836]LogModuleManager: Shutting down and abandoning module ImageWrapper (122)
[2017.10.09-14.59.32:941][836]LogModuleManager: Shutting down and abandoning module TextureFormatAndroid (119)
[2017.10.09-14.59.32:941][836]LogModuleManager: Shutting down and abandoning module AudioFormatOpus (117)
[2017.10.09-14.59.32:941][836]LogModuleManager: Shutting down and abandoning module AudioFormatOgg (115)
[2017.10.09-14.59.32:941][836]LogModuleManager: Shutting down and abandoning module AudioFormatADPCM (113)
[2017.10.09-14.59.32:941][836]LogModuleManager: Shutting down and abandoning module LinuxTargetPlatform (111)
[2017.10.09-14.59.32:941][836]LogModuleManager: Shutting down and abandoning module LinuxServerTargetPlatform (109)
[2017.10.09-14.59.32:941][836]LogModuleManager: Shutting down and abandoning module LinuxNoEditorTargetPlatform (107)
[2017.10.09-14.59.32:941][836]LogModuleManager: Shutting down and abandoning module LinuxClientTargetPlatform (105)
[2017.10.09-14.59.32:941][836]LogModuleManager: Shutting down and abandoning module TVOSTargetPlatform (103)
[2017.10.09-14.59.32:941][836]LogModuleManager: Shutting down and abandoning module Messaging (101)
[2017.10.09-14.59.32:941][836]LogModuleManager: Shutting down and abandoning module IOSTargetPlatform (99)
[2017.10.09-14.59.32:941][836]LogModuleManager: Shutting down and abandoning module HTML5TargetPlatform (97)
[2017.10.09-14.59.32:941][836]LogModuleManager: Shutting down and abandoning module Android_PVRTCTargetPlatform (95)
[2017.10.09-14.59.32:941][836]LogModuleManager: Shutting down and abandoning module Android_MultiTargetPlatform (93)
[2017.10.09-14.59.32:941][836]LogModuleManager: Shutting down and abandoning module Android_ETC2TargetPlatform (91)
[2017.10.09-14.59.32:941][836]LogModuleManager: Shutting down and abandoning module Android_ETC1TargetPlatform (89)
[2017.10.09-14.59.32:941][836]LogModuleManager: Shutting down and abandoning module Android_DXTTargetPlatform (87)
[2017.10.09-14.59.32:941][836]LogModuleManager: Shutting down and abandoning module Android_ATCTargetPlatform (85)
[2017.10.09-14.59.32:941][836]LogModuleManager: Shutting down and abandoning module Android_ASTCTargetPlatform (83)
[2017.10.09-14.59.32:941][836]LogModuleManager: Shutting down and abandoning module AndroidTargetPlatform (81)
[2017.10.09-14.59.32:941][836]LogModuleManager: Shutting down and abandoning module WindowsTargetPlatform (79)
[2017.10.09-14.59.32:941][836]LogModuleManager: Shutting down and abandoning module WindowsServerTargetPlatform (77)
[2017.10.09-14.59.32:941][836]LogModuleManager: Shutting down and abandoning module WindowsNoEditorTargetPlatform (75)
[2017.10.09-14.59.32:941][836]LogModuleManager: Shutting down and abandoning module WindowsClientTargetPlatform (73)
[2017.10.09-14.59.32:941][836]LogModuleManager: Shutting down and abandoning module MacTargetPlatform (71)
[2017.10.09-14.59.32:941][836]LogModuleManager: Shutting down and abandoning module MacServerTargetPlatform (69)
[2017.10.09-14.59.32:941][836]LogModuleManager: Shutting down and abandoning module MacNoEditorTargetPlatform (67)
[2017.10.09-14.59.32:941][836]LogModuleManager: Shutting down and abandoning module MacClientTargetPlatform (65)
[2017.10.09-14.59.32:941][836]LogModuleManager: Shutting down and abandoning module AllDesktopTargetPlatform (63)
[2017.10.09-14.59.32:941][836]LogModuleManager: Shutting down and abandoning module InputCore (60)
[2017.10.09-14.59.32:941][836]LogModuleManager: Shutting down and abandoning module Settings (58)
[2017.10.09-14.59.32:941][836]LogModuleManager: Shutting down and abandoning module PhysXCooking (56)
[2017.10.09-14.59.32:941][836]LogModuleManager: Shutting down and abandoning module SteamVR (54)
[2017.10.09-14.59.32:941][836]LogModuleManager: Shutting down and abandoning module OculusHMD (52)
[2017.10.09-14.59.32:941][836]LogModuleManager: Shutting down and abandoning module ExampleDeviceProfileSelector (50)
[2017.10.09-14.59.32:941][836]LogModuleManager: Shutting down and abandoning module OnlineBlueprintSupport (48)
[2017.10.09-14.59.32:941][836]LogModuleManager: Shutting down and abandoning module OnlineSubsystem (44)
[2017.10.09-14.59.32:941][836]LogOnline: Display: Unloading online subsystem: NULL
[2017.10.09-14.59.32:941][836]LogModuleManager: Shutting down and abandoning module XMPP (43)
[2017.10.09-14.59.32:942][836]LogModuleManager: Shutting down and abandoning module HTTP (41)
[2017.10.09-14.59.32:942][836]LogHttp: Display: Http module shutting down, but needs to wait on 1 outstanding Http requests:
[2017.10.09-14.59.32:942][836]LogHttp: Display: 	verb=[POST] url=[https://datarouter.ol.epicgames.com/datarouter/api/v1/public/data?SessionID=%7B82548C97-46E8-C54D-5348-F3BD3A70CA16%7D&AppID=UEEditor.Rocket.Release&AppVersion=4.17.2-3658906%2B%2B%2BUE4%2BRelease-4.17&UserID=01e94a2c4f636a563311e5b28bd16fa0%7C495f3335c5724314bcf7c78d424bc0ae%7C7e43c01f-2dfc-4db6-9423-a02c9184544b&AppEnvironment=datacollector-binary&UploadType=eteventstream] status=Processing
[2017.10.09-14.59.32:975][836]LogModuleManager: Shutting down and abandoning module SSL (40)
[2017.10.09-14.59.32:977][836]LogModuleManager: Shutting down and abandoning module AnimationModifiers (36)
[2017.10.09-14.59.32:977][836]LogModuleManager: Shutting down and abandoning module PropertyEditor (35)
[2017.10.09-14.59.32:977][836]LogModuleManager: Shutting down and abandoning module AudioEditor (32)
[2017.10.09-14.59.32:977][836]LogModuleManager: Shutting down and abandoning module TextureCompressor (30)
[2017.10.09-14.59.32:977][836]LogModuleManager: Shutting down and abandoning module ShaderCore (28)
[2017.10.09-14.59.32:977][836]LogModuleManager: Shutting down and abandoning module Landscape (26)
[2017.10.09-14.59.32:977][836]LogModuleManager: Shutting down and abandoning module SlateRHIRenderer (24)
[2017.10.09-14.59.32:978][836]LogModuleManager: Shutting down and abandoning module OpenGLDrv (22)
[2017.10.09-14.59.32:978][836]LogModuleManager: Shutting down and abandoning module D3D11RHI (20)
[2017.10.09-14.59.32:978][836]LogModuleManager: Shutting down and abandoning module AnimGraphRuntime (18)
[2017.10.09-14.59.32:978][836]LogModuleManager: Shutting down and abandoning module Renderer (16)
[2017.10.09-14.59.32:978][836]LogModuleManager: Shutting down and abandoning module Engine (14)
[2017.10.09-14.59.32:978][836]LogModuleManager: Shutting down and abandoning module CoreUObject (12)
[2017.10.09-14.59.32:978][836]LogModuleManager: Shutting down and abandoning module NetworkFile (10)
[2017.10.09-14.59.32:978][836]LogModuleManager: Shutting down and abandoning module CookedIterativeFile (8)
[2017.10.09-14.59.32:978][836]LogModuleManager: Shutting down and abandoning module StreamingFile (6)
[2017.10.09-14.59.32:978][836]LogModuleManager: Shutting down and abandoning module SandboxFile (4)
[2017.10.09-14.59.32:978][836]LogModuleManager: Shutting down and abandoning module PakFile (2)
[2017.10.09-14.59.32:982][836]LogExit: Exiting.
[2017.10.09-14.59.32:994][836]Log file closed, 10/09/17 15:59:32
