Log file open, 10/19/17 17:30:01
LogWindows: Failed to load 'aqProf.dll' (GetLastError=126)
LogWindows: File 'aqProf.dll' does not exist
LogWindows: Failed to load 'VtuneApi.dll' (GetLastError=126)
LogWindows: File 'VtuneApi.dll' does not exist
LogWindows: Failed to load 'VtuneApi32e.dll' (GetLastError=126)
LogWindows: File 'VtuneApi32e.dll' does not exist
LogInit: Display: Running engine for game: ProjectOrca
LogPlatformFile: Not using cached read wrapper
LogInit: Display: RandInit(301226645) SRandInit(301226645).
LogTaskGraph: Started task graph with 5 named threads and 14 total threads with 3 sets of task threads.
LogStats: Stats thread started at 0.192293
LogD3D11RHI: Aftermath initialized
LogPluginManager: Mounting plugin Paper2D
LogPluginManager: Mounting plugin LightPropagationVolume
LogPluginManager: Mounting plugin CodeLiteSourceCodeAccess
LogPluginManager: Mounting plugin GitSourceControl
LogPluginManager: Mounting plugin KDevelopSourceCodeAccess
LogPluginManager: Mounting plugin NullSourceCodeAccess
LogPluginManager: Mounting plugin PerforceSourceControl
LogPluginManager: Mounting plugin SubversionSourceControl
LogPluginManager: Mounting plugin UObjectPlugin
LogPluginManager: Mounting plugin VisualStudioSourceCodeAccess
LogPluginManager: Mounting plugin XCodeSourceCodeAccess
LogPluginManager: Mounting plugin AssetManagerEditor
LogPluginManager: Mounting plugin AudioCapture
LogPluginManager: Mounting plugin FacialAnimation
LogPluginManager: Mounting plugin GameplayTagsEditor
LogPluginManager: Mounting plugin MobileLauncherProfileWizard
LogPluginManager: Mounting plugin PluginBrowser
LogPluginManager: Mounting plugin SpeedTreeImporter
LogPluginManager: Mounting plugin AlembicImporter
LogPluginManager: Mounting plugin CharacterAI
LogPluginManager: Mounting plugin HTML5Networking
LogPluginManager: Mounting plugin AndroidMedia
LogPluginManager: Mounting plugin AvfMedia
LogPluginManager: Mounting plugin MediaPlayerEditor
LogPluginManager: Mounting plugin WmfMedia
LogPluginManager: Mounting plugin TcpMessaging
LogPluginManager: Mounting plugin UdpMessaging
LogPluginManager: Mounting plugin LevelSequenceEditor
LogPluginManager: Mounting plugin MatineeToLevelSequence
LogPluginManager: Mounting plugin OnlineSubsystemGooglePlay
LogPluginManager: Mounting plugin OnlineSubsystemIOS
LogPluginManager: Mounting plugin OnlineSubsystem
LogPluginManager: Mounting plugin OnlineSubsystemNull
LogPluginManager: Mounting plugin OnlineSubsystemUtils
LogPluginManager: Mounting plugin AndroidDeviceProfileSelector
LogPluginManager: Mounting plugin AndroidMoviePlayer
LogPluginManager: Mounting plugin AndroidPermission
LogPluginManager: Mounting plugin AppleMoviePlayer
LogPluginManager: Mounting plugin ArchVisCharacter
LogPluginManager: Mounting plugin CableComponent
LogPluginManager: Mounting plugin CustomMeshComponent
LogPluginManager: Mounting plugin ExampleDeviceProfileSelector
LogPluginManager: Mounting plugin GoogleCloudMessaging
LogPluginManager: Mounting plugin ImmediatePhysics
LogPluginManager: Mounting plugin IOSDeviceProfileSelector
LogPluginManager: Mounting plugin LinuxDeviceProfileSelector
LogPluginManager: Mounting plugin LocationServicesBPLibrary
LogPluginManager: Mounting plugin MobilePatchingUtils
LogPluginManager: Mounting plugin OculusVR
LogPluginManager: Mounting plugin PhysXVehicles
LogPluginManager: Mounting plugin ProceduralMeshComponent
LogPluginManager: Mounting plugin RuntimePhysXCooking
LogPluginManager: Mounting plugin SteamVR
LogPluginManager: Mounting plugin WindowsMoviePlayer
LogInit: Using libcurl 7.47.1
LogInit:  - built for x86_64-pc-win32
LogInit:  - supports SSL with OpenSSL/1.0.2g
LogInit:  - supports HTTP deflate (compression) using libz 1.2.8
LogInit:  - other features:
LogInit:      CURL_VERSION_SSL
LogInit:      CURL_VERSION_LIBZ
LogInit:      CURL_VERSION_IPV6
LogInit:      CURL_VERSION_ASYNCHDNS
LogInit:      CURL_VERSION_LARGEFILE
LogInit:      CURL_VERSION_IDN
LogInit:  CurlRequestOptions (configurable via config and command line):
LogInit:  - bVerifyPeer = false  - Libcurl will NOT verify peer certificate
LogInit:  - bUseHttpProxy = false  - Libcurl will NOT use HTTP proxy
LogInit:  - bDontReuseConnections = false  - Libcurl will reuse connections
LogInit:  - CertBundlePath = nullptr  - Libcurl will use whatever was configured at build time.
LogInit: Build: ++UE4+Release-4.17-CL-3658906
LogInit: Engine Version: 4.17.2-3658906+++UE4+Release-4.17
LogInit: Compatible Engine Version: 4.17.0-3573198+++UE4+Release-4.17
LogInit: Net CL: 3573198
LogDevObjectVersion: Number of dev versions registered: 16
LogDevObjectVersion:   Dev-Blueprints (B0D832E4-1F89-4F0D-ACCF-7EB736FD4AA2): 10
LogDevObjectVersion:   Dev-Build (E1C64328-A22C-4D53-A36C-8E866417BD8C): 0
LogDevObjectVersion:   Dev-Core (375EC13C-06E4-48FB-B500-84F0262A717E): 2
LogDevObjectVersion:   Dev-Editor (E4B068ED-F494-42E9-A231-DA0B2E46BB41): 20
LogDevObjectVersion:   Dev-Framework (CFFC743F-43B0-4480-9391-14DF171D2073): 28
LogDevObjectVersion:   Dev-Mobile (B02B49B5-BB20-44E9-A304-32B752E40360): 0
LogDevObjectVersion:   Dev-Networking (A4E4105C-59A1-49B5-A7C5-40C4547EDFEE): 0
LogDevObjectVersion:   Dev-Online (39C831C9-5AE6-47DC-9A44-9C173E1C8E7C): 0
LogDevObjectVersion:   Dev-Physics (78F01B33-EBEA-4F98-B9B4-84EACCB95AA2): 0
LogDevObjectVersion:   Dev-Platform (6631380F-2D4D-43E0-8009-CF276956A95A): 0
LogDevObjectVersion:   Dev-Rendering (12F88B9F-8875-4AFC-A67C-D90C383ABD29): 19
LogDevObjectVersion:   Dev-Sequencer (7B5AE74C-D270-4C10-A958-57980B212A5A): 4
LogDevObjectVersion:   Dev-VR (D7296918-1DD6-4BDD-9DE2-64A83CC13884): 0
LogDevObjectVersion:   Dev-LoadTimes (C2A15278-BFE7-4AFE-6C17-90FF531DF755): 1
LogDevObjectVersion:   Private-Geometry (6EACA3D4-40EC-4CC1-B786-8BED09428FC5): 1
LogDevObjectVersion:   Dev-AnimPhys (29E575DD-E0A3-4627-9D10-D276232CDCEA): 7
LogInit: Compiled (64-bit): Sep 22 2017 13:47:16
LogInit: Compiled with Visual C++: 19.00.24215.01
LogInit: Build Configuration: Development
LogInit: Branch Name: ++UE4+Release-4.17
LogInit: Command line: -EpicPortal 
LogInit: Base directory: E:/Epic Games/UE_4.17/Engine/Binaries/Win64/
LogInit: Installed Engine Build: 1
LogInit: Presizing for max 8388607 objects, including 0 objects not considered by GC, pre-allocating 0 bytes for permanent pool.
LogInit: Object subsystem initialized
[2017.10.19-16.30.02:025][  0]LogInit: Selected Device Profile: [Windows]
[2017.10.19-16.30.02:025][  0]LogInit: Applying CVar settings loaded from the selected device profile: [Windows]
[2017.10.19-16.30.02:044][  0]LogInit: Computer: SEVASTOPOL
[2017.10.19-16.30.02:044][  0]LogInit: User: JamesDavies
[2017.10.19-16.30.02:044][  0]LogInit: CPU Page size=4096, Cores=4
[2017.10.19-16.30.02:044][  0]LogInit: High frequency timer resolution =3.417967 MHz
[2017.10.19-16.30.02:044][  0]LogMemory: Memory total: Physical=15.9GB (16GB approx)
[2017.10.19-16.30.02:044][  0]LogMemory: Platform Memory Stats for Windows
[2017.10.19-16.30.02:044][  0]LogMemory: Process Physical Memory: 278.46 MB used, 278.46 MB peak
[2017.10.19-16.30.02:044][  0]LogMemory: Process Virtual Memory: 274.37 MB used, 274.37 MB peak
[2017.10.19-16.30.02:044][  0]LogMemory: Physical Memory: 7567.26 MB used,  8719.63 MB free, 16286.89 MB total
[2017.10.19-16.30.02:044][  0]LogMemory: Virtual Memory: 668.33 MB used,  8719.63 MB free, 134217728.00 MB total
[2017.10.19-16.30.02:171][  0]LogInit: Using OS detected language (en-GB).
[2017.10.19-16.30.02:171][  0]LogInit: Using OS detected locale (en-GB).
[2017.10.19-16.30.02:174][  0]LogTextLocalizationManager: No specific localization for 'en-GB' exists, so the 'en' localization will be used.
[2017.10.19-16.30.02:726][  0]LogD3D11RHI: D3D11 adapters:
[2017.10.19-16.30.02:774][  0]LogD3D11RHI:    0. 'NVIDIA GeForce GTX 960' (Feature Level 11_0)
[2017.10.19-16.30.02:774][  0]LogD3D11RHI:       2016/0/8143 MB DedicatedVideo/DedicatedSystem/SharedSystem, Outputs:1, VendorId:0x10de
[2017.10.19-16.30.02:775][  0]LogD3D11RHI:    1. 'Microsoft Basic Render Driver' (Feature Level 11_0)
[2017.10.19-16.30.02:775][  0]LogD3D11RHI:       0/0/8143 MB DedicatedVideo/DedicatedSystem/SharedSystem, Outputs:0, VendorId:0x1414
[2017.10.19-16.30.02:775][  0]LogD3D11RHI: Chosen D3D11 Adapter: 0
[2017.10.19-16.30.02:780][  0]LogD3D11RHI: Creating new Direct3DDevice
[2017.10.19-16.30.02:780][  0]LogD3D11RHI:     GPU DeviceId: 0x1401 (for the marketing name, search the web for "GPU Device Id")
[2017.10.19-16.30.02:780][  0]LogWindows: EnumDisplayDevices:
[2017.10.19-16.30.02:780][  0]LogWindows:    0. 'NVIDIA GeForce GTX 960' (P:1 D:1)
[2017.10.19-16.30.02:780][  0]LogWindows:    1. 'NVIDIA GeForce GTX 960' (P:0 D:0)
[2017.10.19-16.30.02:781][  0]LogWindows:    2. 'NVIDIA GeForce GTX 960' (P:0 D:0)
[2017.10.19-16.30.02:781][  0]LogWindows:    3. 'NVIDIA GeForce GTX 960' (P:0 D:0)
[2017.10.19-16.30.02:781][  0]LogWindows: DebugString: FoundDriverCount:4 
[2017.10.19-16.30.02:781][  0]LogD3D11RHI:     Adapter Name: NVIDIA GeForce GTX 960
[2017.10.19-16.30.02:781][  0]LogD3D11RHI:   Driver Version: 384.76 (internal:22.21.13.8476, unified:384.76)
[2017.10.19-16.30.02:781][  0]LogD3D11RHI:      Driver Date: 6-27-2017
[2017.10.19-16.30.02:781][  0]LogRHI: Texture pool is 1361 MB (70% of 1945 MB)
[2017.10.19-16.30.02:802][  0]LogD3D11RHI: Async texture creation enabled
[2017.10.19-16.30.02:811][  0]LogD3D11RHI: GPU Timing Frequency: 1000.000000 (Debug: 2 1)
[2017.10.19-16.30.02:859][  0]LogShaderCompilers: Guid format shader working directory is 26 characters bigger than the processId version (F:/Project Orca/projectorca/Intermediate/Shaders/WorkingDirectory/4144/).
[2017.10.19-16.30.02:859][  0]LogShaderCompilers: Cleaned the shader compiler working directory 'C:/Users/James Davies/AppData/Local/Temp/UnrealShaderWorkingDir/D2AAF43A44CB5797C117ABB6AFA486CC/'.
[2017.10.19-16.30.02:859][  0]LogShaderCompilers: Display: Using Local Shader Compiler.
[2017.10.19-16.30.03:667][  0]LogTemp: Display: Loaded TP AllDesktopTargetPlatform
[2017.10.19-16.30.03:740][  0]LogTemp: Display: Loaded TP MacClientTargetPlatform
[2017.10.19-16.30.03:780][  0]LogTemp: Display: Loaded TP MacNoEditorTargetPlatform
[2017.10.19-16.30.03:813][  0]LogTemp: Display: Loaded TP MacServerTargetPlatform
[2017.10.19-16.30.03:868][  0]LogTemp: Display: Loaded TP MacTargetPlatform
[2017.10.19-16.30.03:910][  0]LogTemp: Display: Loaded TP WindowsClientTargetPlatform
[2017.10.19-16.30.03:941][  0]LogTemp: Display: Loaded TP WindowsNoEditorTargetPlatform
[2017.10.19-16.30.03:972][  0]LogTemp: Display: Loaded TP WindowsServerTargetPlatform
[2017.10.19-16.30.03:998][  0]LogTemp: Display: Loaded TP WindowsTargetPlatform
[2017.10.19-16.30.04:028][  0]LogTemp: Display: Loaded TP AndroidTargetPlatform
[2017.10.19-16.30.04:059][  0]LogTemp: Display: Loaded TP Android_ASTCTargetPlatform
[2017.10.19-16.30.04:089][  0]LogTemp: Display: Loaded TP Android_ATCTargetPlatform
[2017.10.19-16.30.04:120][  0]LogTemp: Display: Loaded TP Android_DXTTargetPlatform
[2017.10.19-16.30.04:151][  0]LogTemp: Display: Loaded TP Android_ETC1TargetPlatform
[2017.10.19-16.30.04:181][  0]LogTemp: Display: Loaded TP Android_ETC2TargetPlatform
[2017.10.19-16.30.04:242][  0]LogTemp: Display: Loaded TP Android_MultiTargetPlatform
[2017.10.19-16.30.04:243][  0]LogTemp: Display: Loaded TP Android_PVRTCTargetPlatform
[2017.10.19-16.30.04:264][  0]LogTemp: Display: Loaded TP HTML5TargetPlatform
[2017.10.19-16.30.04:327][  0]LogTemp: Display: Loaded TP IOSTargetPlatform
[2017.10.19-16.30.04:345][  0]LogTemp: Display: Loaded TP TVOSTargetPlatform
[2017.10.19-16.30.04:376][  0]LogTemp: Display: Loaded TP LinuxClientTargetPlatform
[2017.10.19-16.30.04:406][  0]LogTemp: Display: Loaded TP LinuxNoEditorTargetPlatform
[2017.10.19-16.30.04:436][  0]LogTemp: Display: Loaded TP LinuxServerTargetPlatform
[2017.10.19-16.30.04:467][  0]LogTemp: Display: Loaded TP LinuxTargetPlatform
[2017.10.19-16.30.04:467][  0]LogTargetPlatformManager: Display: Building Assets For Windows
[2017.10.19-16.30.04:771][  0]LogDerivedDataCache: Display: Max Cache Size: 512 MB
[2017.10.19-16.30.04:835][  0]LogDerivedDataCache: Loaded boot cache 0.06s 93MB C:/Users/James Davies/AppData/Local/UnrealEngine/4.17/DerivedDataCache/Boot.ddc.
[2017.10.19-16.30.04:835][  0]LogDerivedDataCache: Display: Loaded Boot cache: C:/Users/James Davies/AppData/Local/UnrealEngine/4.17/DerivedDataCache/Boot.ddc
[2017.10.19-16.30.04:835][  0]LogDerivedDataCache: FDerivedDataBackendGraph:  Pak pak cache file F:/Project Orca/projectorca/DerivedDataCache/DDC.ddp not found, will not use a pak cache.
[2017.10.19-16.30.04:835][  0]LogDerivedDataCache: Unable to find inner node Pak for hierarchical cache Hierarchy.
[2017.10.19-16.30.04:835][  0]LogDerivedDataCache: FDerivedDataBackendGraph:  CompressedPak pak cache file F:/Project Orca/projectorca/DerivedDataCache/Compressed.ddp not found, will not use a pak cache.
[2017.10.19-16.30.04:835][  0]LogDerivedDataCache: Unable to find inner node CompressedPak for hierarchical cache Hierarchy.
[2017.10.19-16.30.04:849][  0]LogDerivedDataCache: Display: Pak cache opened for reading ../../../Engine/DerivedDataCache/Compressed.ddp.
[2017.10.19-16.30.04:860][  0]LogDerivedDataCache: Using Local data cache path C:/Users/James Davies/AppData/Local/UnrealEngine/Common/DerivedDataCache: Writable
[2017.10.19-16.30.04:862][  0]LogMaterial: Verifying Global Shaders for PCD3D_SM5
[2017.10.19-16.30.06:312][  0]LogSlate: Using Freetype 2.6.0
[2017.10.19-16.30.06:313][  0]LogSlate: SlateFontCache - WITH_FREETYPE: 1, WITH_HARFBUZZ: 1
[2017.10.19-16.30.06:313][  0]LogSlate: SlateFontCache - WITH_FREETYPE: 1, WITH_HARFBUZZ: 1
[2017.10.19-16.30.06:562][  0]LogAssetRegistry: FAssetRegistry took 0.0247 seconds to start up
[2017.10.19-16.30.06:650][  0]LogInit: Selected Device Profile: [Windows]
[2017.10.19-16.30.06:758][  0]LogContentStreaming: Texture pool size is 0.00 MB
[2017.10.19-16.30.06:799][  0]LogMaterial: Missing cached shader map for material DefaultDeferredDecalMaterial, compiling. 
[2017.10.19-16.32.41:312][  0]LogMaterial: Missing cached shader map for material DefaultLightFunctionMaterial, compiling. 
[2017.10.19-16.32.43:043][  0]LogMaterial: Missing cached shader map for material DefaultPostProcessMaterial, compiling. 
[2017.10.19-16.32.44:186][  0]LogMaterial: Missing cached shader map for material WorldGridMaterial, compiling. Is special engine material.
[2017.10.19-16.33.59:332][  0]LogMaterial: Missing cached shader map for material TransformGizmoMaterial, compiling. 
[2017.10.19-16.33.59:338][  0]LogMaterial: Missing cached shader map for material SnapGridMaterial, compiling. 
[2017.10.19-16.33.59:488][  0]LogSimplygon: Simplygon DLL not present - disabling.
[2017.10.19-16.33.59:514][  0]LogMeshReduction: Using SimplygonSwarm for distributed automatic mesh merging
[2017.10.19-16.33.59:514][  0]LogMeshReduction: Using QuadricMeshReduction for automatic static mesh reduction
[2017.10.19-16.33.59:514][  0]LogMeshReduction: No automatic skeletal mesh reduction module available
[2017.10.19-16.33.59:514][  0]LogMeshReduction: No automatic mesh merging module available
[2017.10.19-16.33.59:514][  0]LogMeshMerging: No automatic mesh merging module available
[2017.10.19-16.33.59:518][  0]LogMaterial: Missing cached shader map for material TranslucentTransformGizmoMaterial, compiling. 
[2017.10.19-16.33.59:554][  0]LogMaterial: Missing cached shader map for material Main, compiling. 
[2017.10.19-16.33.59:563][  0]LogMaterial: Missing cached shader map for material Xray, compiling. 
[2017.10.19-16.33.59:582][  0]LogMaterial: Missing cached shader map for material CineMat, compiling. 
[2017.10.19-16.33.59:617][  0]LogMaterial: Missing cached shader map for material MatineeCam_mat, compiling. 
[2017.10.19-16.33.59:639][  0]LogMaterial: Missing cached shader map for material M_SimpleOpaque, compiling. 
[2017.10.19-16.33.59:655][  0]LogMaterial: Missing cached shader map for material M_SimpleTranslucent, compiling. 
[2017.10.19-16.33.59:705][  0]LogMaterial: Missing cached shader map for material Widget3DPassThrough, compiling. 
[2017.10.19-16.33.59:714][  0]LogMaterial: Missing cached shader map for material Widget3DPassThrough, compiling. 
[2017.10.19-16.33.59:727][  0]LogMaterial: Missing cached shader map for material Widget3DPassThrough, compiling. 
[2017.10.19-16.33.59:736][  0]LogMaterial: Missing cached shader map for material Widget3DPassThrough, compiling. 
[2017.10.19-16.33.59:748][  0]LogMaterial: Missing cached shader map for material Widget3DPassThrough, compiling. 
[2017.10.19-16.33.59:761][  0]LogMaterial: Missing cached shader map for material Widget3DPassThrough, compiling. 
[2017.10.19-16.33.59:822][  0]LogMaterial: Missing cached shader map for material SkySphereMaterial, compiling. 
[2017.10.19-16.33.59:833][  0]LogMaterial: Missing cached shader map for material FloorPlaneMaterial, compiling. 
[2017.10.19-16.33.59:896][  0]LogMaterial: Missing cached shader map for material LandscapeGizmo_Mat, compiling. 
[2017.10.19-16.33.59:917][  0]LogMaterial: Missing cached shader map for material LandscapeGizmoHeight_Mat, compiling. 
[2017.10.19-16.33.59:954][  0]LogMaterial: Missing cached shader map for material SplineEditorMeshMat, compiling. 
[2017.10.19-16.33.59:975][  0]LogNetVersion: ProjectOrca , NetCL: 3573198, EngineNetVer: 2, GameNetVer: 0 (Checksum: 811679591)
[2017.10.19-16.33.59:992][  0]LogMaterial: Missing cached shader map for material HelpActorMaterial, compiling. 
[2017.10.19-16.34.00:060][  0]LogMaterial: Missing cached shader map for material DefaultTextMaterialOpaque, compiling. 
[2017.10.19-16.34.00:124][  0]LogMaterial: Missing cached shader map for material GearVRControllerMaterial, compiling. 
[2017.10.19-16.34.00:445][  0]LogPackageLocalizationCache: Processed 5 localized package path(s) for 2 prioritized culture(s) in 0.295596 seconds
[2017.10.19-16.34.00:451][  0]LogUObjectArray: 35825 objects as part of root set at end of initial load.
[2017.10.19-16.34.00:451][  0]LogUObjectAllocator: 7529112 out of 0 bytes used by permanent object pool.
[2017.10.19-16.34.00:451][  0]LogUObjectArray: CloseDisregardForGC: 0/0 objects in disregard for GC pool
[2017.10.19-16.34.00:486][  0]LogInit: WinSock: version 1.1 (2.2), MaxSocks=32767, MaxUdp=65467
[2017.10.19-16.34.01:527][  0]LogMaterial: Missing cached shader map for material GridMaterial, compiling. 
[2017.10.19-16.34.01:549][  0]LogMaterial: Missing cached shader map for material VRTextMaterial, compiling. 
[2017.10.19-16.34.01:569][  0]LogMaterial: Missing cached shader map for material LaserPointerMaterial, compiling. 
[2017.10.19-16.34.01:610][  0]LogMaterial: Missing cached shader map for material VivePreControllerMaterial, compiling. 
[2017.10.19-16.34.01:625][  0]LogMaterial: Missing cached shader map for material OculusControllerMaterial, compiling. 
[2017.10.19-16.34.01:642][  0]LogMaterial: Missing cached shader map for material TeleportDirectionMaterial, compiling. 
[2017.10.19-16.34.01:661][  0]LogMaterial: Missing cached shader map for material LaserPointerMaterial, compiling. 
[2017.10.19-16.34.01:689][  0]LogMaterial: Missing cached shader map for material GenericHMDMaterial, compiling. 
[2017.10.19-16.34.01:703][  0]LogMaterial: Missing cached shader map for material GridPostProcess, compiling. 
[2017.10.19-16.34.01:710][  0]LogMaterial: Missing cached shader map for material FlattenHeightMat, compiling. 
[2017.10.19-16.34.01:721][  0]LogMaterial: Missing cached shader map for material ArrowMaterial, compiling. 
[2017.10.19-16.34.01:737][  0]LogMaterial: Missing cached shader map for material KeyDiskMaterial, compiling. 
[2017.10.19-16.34.01:748][  0]LogMaterial: Missing cached shader map for material M_ContentWindow, compiling. 
[2017.10.19-16.34.01:773][  0]LogMaterial: Missing cached shader map for material LineMaterial, compiling. 
[2017.10.19-16.34.01:782][  0]LogMaterial: Missing cached shader map for material VRTextMaterial, compiling. 
[2017.10.19-16.34.02:380][  0]LogMaterial: Missing cached shader map for material DefaultSpriteMaterial, compiling. 
[2017.10.19-16.34.02:394][  0]LogMaterial: Missing cached shader map for material DefaultSpriteMaterial, compiling. 
[2017.10.19-16.34.02:640][  0]LogTcpMessaging: Initializing TcpMessaging bridge
[2017.10.19-16.34.02:669][  0]LogUdpMessaging: Initializing bridge on interface 0.0.0.0:0 to multicast group 230.0.0.1:6666.
[2017.10.19-16.34.02:893][  0]LogMaterial: Missing cached shader map for material DefaultMaterial, compiling. 
[2017.10.19-16.34.03:164][  0]LogMaterial: Missing cached shader map for material BaseColor, compiling. 
[2017.10.19-16.34.03:172][  0]LogMaterial: Missing cached shader map for material CustomDepth, compiling. 
[2017.10.19-16.34.03:189][  0]LogMaterial: Uniform references updated for custom material expression Custom.
[2017.10.19-16.34.03:193][  0]LogMaterial: Missing cached shader map for material CustomStencil, compiling. 
[2017.10.19-16.34.03:201][  0]LogMaterial: Missing cached shader map for material FinalImage, compiling. 
[2017.10.19-16.34.03:210][  0]LogMaterial: Missing cached shader map for material LightingModel, compiling. 
[2017.10.19-16.34.03:218][  0]LogMaterial: Missing cached shader map for material MaterialAO, compiling. 
[2017.10.19-16.34.03:226][  0]LogMaterial: Missing cached shader map for material Metallic, compiling. 
[2017.10.19-16.34.03:235][  0]LogMaterial: Missing cached shader map for material Opacity, compiling. 
[2017.10.19-16.34.03:244][  0]LogMaterial: Missing cached shader map for material Roughness, compiling. 
[2017.10.19-16.34.03:252][  0]LogMaterial: Missing cached shader map for material SceneColor, compiling. 
[2017.10.19-16.34.03:261][  0]LogMaterial: Missing cached shader map for material SceneDepth, compiling. 
[2017.10.19-16.34.03:269][  0]LogMaterial: Missing cached shader map for material SeparateTranslucencyRGB, compiling. 
[2017.10.19-16.34.03:278][  0]LogMaterial: Missing cached shader map for material SeparateTranslucencyA, compiling. 
[2017.10.19-16.34.03:286][  0]LogMaterial: Missing cached shader map for material Specular, compiling. 
[2017.10.19-16.34.03:295][  0]LogMaterial: Missing cached shader map for material SubsurfaceColor, compiling. 
[2017.10.19-16.34.03:304][  0]LogMaterial: Missing cached shader map for material WorldNormal, compiling. 
[2017.10.19-16.34.03:312][  0]LogMaterial: Missing cached shader map for material AmbientOcclusion, compiling. 
[2017.10.19-16.34.03:325][  0]LogMaterial: Missing cached shader map for material CustomDepthWorldUnits, compiling. 
[2017.10.19-16.34.03:334][  0]LogMaterial: Missing cached shader map for material SceneDepthWorldUnits, compiling. 
[2017.10.19-16.34.03:342][  0]LogMaterial: Missing cached shader map for material PreTonemapHDRColor, compiling. 
[2017.10.19-16.34.03:349][  0]LogMaterial: Missing cached shader map for material PostTonemapHDRColor, compiling. 
[2017.10.19-16.34.03:577][  0]SourceControl: Source control is disabled
[2017.10.19-16.34.03:577][  0]SourceControl: Source control is disabled
[2017.10.19-16.34.03:609][  0]SourceControl: Source control is disabled
[2017.10.19-16.34.03:640][  0]SourceControl: Source control is disabled
[2017.10.19-16.34.04:028][  0]LogAndroidPermission: UAndroidPermissionCallbackProxy::GetInstance
[2017.10.19-16.34.04:195][  0]LogOcInput: OculusInput pre-init called
[2017.10.19-16.34.04:346][  0]LogMaterial: Missing cached shader map for material HighResScreenshot, compiling. 
[2017.10.19-16.34.04:359][  0]LogMaterial: Missing cached shader map for material HighResScreenshotMask, compiling. 
[2017.10.19-16.34.04:373][  0]LogMaterial: Missing cached shader map for material HighResScreenshotCaptureRegion, compiling. 
[2017.10.19-16.34.04:392][  0]LogEngine: Initializing Engine...
[2017.10.19-16.34.04:417][  0]LogHMD: Failed to initialize OpenVR with code 126
[2017.10.19-16.34.04:421][  0]LogMaterial: Missing cached shader map for material WireframeMaterial, compiling. Is special engine material.
[2017.10.19-16.34.04:580][  0]LogMaterial: Missing cached shader map for material LevelColorationLitMaterial, compiling. Is special engine material.
[2017.10.19-16.34.05:005][  0]LogMaterial: Missing cached shader map for material LevelColorationUnlitMaterial, compiling. Is special engine material.
[2017.10.19-16.34.05:148][  0]LogMaterial: Missing cached shader map for material MAT_LevelColorationLitLightmapUV, compiling. Is special engine material.
[2017.10.19-16.34.05:584][  0]LogMaterial: Missing cached shader map for material ShadedLevelColorationLitMaterial, compiling. Is special engine material.
[2017.10.19-16.34.05:999][  0]LogMaterial: Missing cached shader map for material ShadedLevelColorationUnlitMateri, compiling. Is special engine material.
[2017.10.19-16.34.06:129][  0]LogMaterial: Missing cached shader map for material VertexColorMaterial, compiling. 
[2017.10.19-16.34.06:183][  0]LogMaterial: Missing cached shader map for material VertexColorViewMode_ColorOnly, compiling. 
[2017.10.19-16.34.06:197][  0]LogMaterial: Missing cached shader map for material VertexColorViewMode_AlphaAsColor, compiling. 
[2017.10.19-16.34.06:210][  0]LogMaterial: Missing cached shader map for material VertexColorViewMode_RedOnly, compiling. 
[2017.10.19-16.34.06:224][  0]LogMaterial: Missing cached shader map for material VertexColorViewMode_GreenOnly, compiling. 
[2017.10.19-16.34.06:238][  0]LogMaterial: Missing cached shader map for material VertexColorViewMode_BlueOnly, compiling. 
[2017.10.19-16.34.06:251][  0]LogMaterial: Missing cached shader map for material RemoveSurfaceMaterial, compiling. 
[2017.10.19-16.34.06:258][  0]LogMaterial: Missing cached shader map for material DebugMeshMaterial, compiling. 
[2017.10.19-16.34.06:270][  0]LogMaterial: Missing cached shader map for material M_InvalidLightmapSettings, compiling. 
[2017.10.19-16.34.06:295][  0]LogMaterial: Missing cached shader map for material GizmoMaterial, compiling. 
[2017.10.19-16.34.06:306][  0]LogMaterial: Missing cached shader map for material PhAT_JointLimitMaterial, compiling. 
[2017.10.19-16.34.06:317][  0]LogMaterial: Missing cached shader map for material GeomMaterial, compiling. 
[2017.10.19-16.34.06:327][  0]LogMaterial: Missing cached shader map for material EditorBrushMaterial, compiling. 
[2017.10.19-16.34.06:339][  0]LogMaterial: Missing cached shader map for material BoneWeightMaterial, compiling. 
[2017.10.19-16.34.06:395][  0]LogMaterial: Missing cached shader map for material ClothMaterial, compiling. 
[2017.10.19-16.34.06:407][  0]LogMaterial: Missing cached shader map for material ClothMaterial_WF, compiling. 
[2017.10.19-16.34.06:423][  0]LogMaterial: Missing cached shader map for material DebugEditorMaterial, compiling. 
[2017.10.19-16.34.06:434][  0]LogMaterial: Missing cached shader map for material PreviewShadowIndicatorMaterial, compiling. 
[2017.10.19-16.34.06:515][  0]LogStats: UGameplayTagsManager::ConstructGameplayTagTree: Construct from data asset -  0.000 s
[2017.10.19-16.34.06:515][  0]LogStats: UGameplayTagsManager::ConstructGameplayTagTree: GameplayTagTreeChangedEvent.Broadcast -  0.000 s
[2017.10.19-16.34.06:691][  0]LogAIModule: Creating AISystem for world Untitled
[2017.10.19-16.34.06:700][  0]LogInit: XAudio2 using 'Speakers (Sound Blaster Z)' : 6 channels at 48 kHz using 32 bits per sample (channel mask 0x3f)
[2017.10.19-16.34.06:709][  0]LogInit: FAudioDevice initialized.
[2017.10.19-16.34.06:898][  0]LogDerivedDataCache: Saved boot cache 0.19s 94MB C:/Users/James Davies/AppData/Local/UnrealEngine/4.17/DerivedDataCache/Boot.ddc.
[2017.10.19-16.34.06:911][  0]LogInit: Texture streaming: Enabled
[2017.10.19-16.34.06:983][  0]LogEngineSessionManager: EngineSessionManager initialized
[2017.10.19-16.34.07:227][  0]LogInit: Transaction tracking system initialized
[2017.10.19-16.34.07:438][  0]BlueprintLog: New page: Editor Load
[2017.10.19-16.34.08:034][  0]LocalizationService: Localization service is disabled
[2017.10.19-16.34.08:505][  0]LogConsoleResponse: Display: 
[2017.10.19-16.34.08:527][  0]LogMaterial: Missing cached shader map for material Cross_Mat, compiling. 
[2017.10.19-16.34.08:540][  0]LogMaterial: Missing cached shader map for material PhAT_BoneSelectedMaterial, compiling. 
[2017.10.19-16.34.08:552][  0]LogMaterial: Missing cached shader map for material PhAT_ElemSelectedMaterial, compiling. 
[2017.10.19-16.34.08:561][  0]LogMaterial: Missing cached shader map for material PhAT_NoCollisionMaterial, compiling. 
[2017.10.19-16.34.08:571][  0]LogMaterial: Missing cached shader map for material PhAT_UnselectedMaterial, compiling. 
[2017.10.19-16.34.08:582][  0]LogMaterial: Missing cached shader map for material Tick_Mat, compiling. 
[2017.10.19-16.34.08:596][  0]LogMaterial: Missing cached shader map for material WidgetGridVertexColorMaterial_Ma, compiling. 
[2017.10.19-16.34.08:606][  0]LogMaterial: Missing cached shader map for material WidgetMaterial, compiling. 
[2017.10.19-16.34.08:615][  0]LogMaterial: Missing cached shader map for material WidgetMaterial_Current, compiling. 
[2017.10.19-16.34.08:624][  0]LogMaterial: Missing cached shader map for material WidgetMaterial_X, compiling. 
[2017.10.19-16.34.08:634][  0]LogMaterial: Missing cached shader map for material WidgetMaterial_Y, compiling. 
[2017.10.19-16.34.08:644][  0]LogMaterial: Missing cached shader map for material WidgetMaterial_Z, compiling. 
[2017.10.19-16.34.08:653][  0]LogMaterial: Missing cached shader map for material WidgetVertexColorMaterial, compiling. 
[2017.10.19-16.34.08:682][  0]LogMaterial: Missing cached shader map for material LevelGridMaterial, compiling. 
[2017.10.19-16.34.08:710][  0]LogMaterial: Missing cached shader map for material BlinkingCaret, compiling. 
[2017.10.19-16.34.08:732][  0]LogMaterial: Missing cached shader map for material M_StreamingPause, compiling. 
[2017.10.19-16.34.08:915][  0]LogCook: Display: Max memory allowance for cook 16384mb min free memory 0mb
[2017.10.19-16.34.08:915][  0]LogCook: Display: Mobile HDR setting 1
[2017.10.19-16.34.08:915][  0]LogGameplayTags: Display: UGameplayTagsManager::DoneAddingNativeTags. DelegateIsBound: 0
[2017.10.19-16.34.09:584][  0]LogFileCache: Scanning file cache for directory 'F:/Project Orca/projectorca/Content/' took 0.13s
[2017.10.19-16.34.09:614][  0]SourceControl: Source control is disabled
[2017.10.19-16.34.09:614][  0]Cmd: MAP LOAD FILE="F:/Project Orca/projectorca/Content/Maps/DevMap.umap" TEMPLATE=0 SHOWPROGRESS=1 FEATURELEVEL=3
[2017.10.19-16.34.09:615][  0]LightingResults: New page: Lighting Build
[2017.10.19-16.34.09:644][  0]MapCheck: New page: Map Check
[2017.10.19-16.34.09:644][  0]LightingResults: New page: Lighting Build
[2017.10.19-16.34.11:313][  0]LogTexture: Display: Building textures: Stone_01LOD2_N (BC5, 512X512)
[2017.10.19-16.34.11:314][  0]LogTexture: Display: Building textures: Texture2D_63 (BGRA8, 64X64)
[2017.10.19-16.34.11:314][  0]LogTexture: Display: Building textures: Stone_01LOD2_D (AutoDXT, 512X512)
[2017.10.19-16.34.11:314][  0]LogMaterial: Missing cached shader map for material M_Sky_Panning_Clouds2, compiling. 
[2017.10.19-16.34.11:351][  0]LogMaterial: Missing cached shader map for material M_UE4Man_Body, compiling. 
[2017.10.19-16.34.11:480][  0]LogTexture: Display: Building textures: Stone_01LOD1_N (BC5, 512X512)
[2017.10.19-16.34.11:480][  0]LogTexture: Display: Building textures: Stone_01LOD1_D (AutoDXT, 512X512)
[2017.10.19-16.34.11:480][  0]LogMaterial: Missing cached shader map for material M_UE4Man_Body, compiling. 
[2017.10.19-16.34.11:735][  0]LogMaterial: Missing cached shader map for material CubeMaterial, compiling. 
[2017.10.19-16.34.11:759][  0]LogMaterial: Missing cached shader map for material CubeMaterial, compiling. 
[2017.10.19-16.34.11:918][  0]LogTexture: Display: Building textures: Cliffs0060_H (AutoDXT, 2048X2048)
[2017.10.19-16.34.11:918][  0]LogTexture: Display: Building textures: Bubbles (AutoDXT, 256X256)
[2017.10.19-16.34.11:968][  0]LogTexture: Display: Building textures: Stone_Default002a_N (BC5, 2048X2048)
[2017.10.19-16.34.11:968][  0]LogMaterial: Missing cached shader map for material Bubbles_M, compiling. 
[2017.10.19-16.34.12:018][  0]LogStaticMesh: Building static mesh Bush-03...
[2017.10.19-16.34.12:110][  0]LogStaticMesh: Built static mesh [0.09s] /Game/Assets_Environments/LandscapeAutoMaterial/Meshes/Trees/Bushes/Bush-03.Bush-03
[2017.10.19-16.34.12:111][  0]LogStaticMesh: Building static mesh Stone_02...
[2017.10.19-16.34.12:170][  0]LogStaticMesh: Built static mesh [0.06s] /Game/Assets_Environments/LandscapeAutoMaterial/Meshes/Stones/Stone_02.Stone_02
[2017.10.19-16.34.12:226][  0]LogTexture: Display: Building textures: Stone_01LOD3_D (AutoDXT, 256X256)
[2017.10.19-16.34.12:280][  0]LogMaterial: Missing cached shader map for material Stone_LOD3_2, compiling. 
[2017.10.19-16.34.12:318][  0]LogMaterial: Missing cached shader map for material Stone_LOD2, compiling. 
[2017.10.19-16.34.12:356][  0]LogMaterial: Missing cached shader map for material Stone_LOD1, compiling. 
[2017.10.19-16.34.13:530][  0]LogTexture: Display: Building textures: Stone_01_S (AutoDXT, 4096X4096)
[2017.10.19-16.34.24:682][  0]LogTexture: Display: Building textures: Stone_01_D (AutoDXT, 4096X4096)
[2017.10.19-16.34.38:175][  0]LogTexture: Display: Building textures: Caustics_Test (AutoDXT, 256X256)
[2017.10.19-16.34.38:175][  0]LogTexture: Display: Building textures: PerlinNoize_N (BC5, 128X128)
[2017.10.19-16.34.38:175][  0]LogTexture: Display: Building textures: NoizesBig_D (AutoDXT, 2048X2048)
[2017.10.19-16.34.38:175][  0]LogTexture: Display: Building textures: Foam_D (AutoDXT, 1024X1024)
[2017.10.19-16.34.38:175][  0]LogTexture: Display: Building textures: Caustics_D (AutoDXT, 256X256)
[2017.10.19-16.34.38:175][  0]LogTexture: Display: Building textures: Waves_N1 (BC5, 2048X2048)
[2017.10.19-16.34.38:175][  0]LogTexture: Display: Building textures: HQ_Lightmap1_1 (AutoDXT, 128X128)
[2017.10.19-16.34.38:175][  0]LogTexture: Display: Building textures: LQ_Lightmap_1_1 (DXT1, 128X128)
[2017.10.19-16.34.38:175][  0]LogTexture: Display: Building textures: DirtyLense_D (AutoDXT, 1920X1080)
[2017.10.19-16.34.38:175][  0]LogTexture: Display: Building textures: AberartionHexFlare (BGRA8, 128X128)
[2017.10.19-16.34.38:175][  0]LogTexture: Display: Building textures: Tree_Bush_Leaves_N (AutoDXT, 1024X1024)
[2017.10.19-16.34.38:175][  0]LogTexture: Display: Building textures: Tree_Bush_Leaves_D (AutoDXT, 1024X1024)
[2017.10.19-16.34.38:176][  0]LogTexture: Display: Building textures: FirBranch_N (AutoDXT, 2048X2048)
[2017.10.19-16.34.38:224][  0]LogMaterial: Missing cached shader map for material Stone_01_M, compiling. 
[2017.10.19-16.34.38:371][  0]LogTexture: Display: Building textures: FirBranch_D (AutoDXT, 2048X2048)
[2017.10.19-16.34.38:371][  0]LogMaterial: Missing cached shader map for material Caustics_M, compiling. 
[2017.10.19-16.34.38:400][  0]LogMaterial: Missing cached shader map for material Water_M, compiling. 
[2017.10.19-16.34.38:455][  0]LogMaterial: Missing cached shader map for material Water_M, compiling. 
[2017.10.19-16.34.38:513][  0]LogMaterial: Missing cached shader map for material ScreenDistortion_M, compiling. 
[2017.10.19-16.34.38:520][  0]LogMaterial: Missing cached shader map for material M_ChromeBall, compiling. 
[2017.10.19-16.34.38:539][  0]LogMaterial: Missing cached shader map for material BasicShapeMaterial, compiling. 
[2017.10.19-16.34.43:684][  0]LogMaterial: Missing cached shader map for material Branch_Fir-Tree_M, compiling. 
[2017.10.19-16.34.43:765][  0]LogAIModule: Creating AISystem for world DevMap
[2017.10.19-16.34.44:645][  0]LogEditorServer: Finished looking for orphan Actors (0.000 secs)
[2017.10.19-16.34.44:711][  0]Cmd: MAP CHECKDEP NOCLEARLOG
[2017.10.19-16.34.44:760][  0]MapCheck: Map check complete: 0 Error(s), 0 Warning(s), took 47.872ms to complete.
[2017.10.19-16.34.44:760][  0]LogFileHelpers: Loading map 'DevMap' took 35.145
[2017.10.19-16.34.44:829][  0]LogWindowsTextInputMethodSystem: Display: IME system now deactivated.
[2017.10.19-16.34.45:665][  0]LogCollectionManager: Loaded 0 collections in 0.000720 seconds
[2017.10.19-16.34.45:977][  0]LogFileCache: Scanning file cache for directory 'F:/Project Orca/projectorca/Saved/Collections/' took 0.01s
[2017.10.19-16.34.45:977][  0]LogFileCache: Scanning file cache for directory 'F:/Project Orca/projectorca/Content/Developers/JamesDavies/Collections/' took 0.01s
[2017.10.19-16.34.45:977][  0]LogFileCache: Scanning file cache for directory 'F:/Project Orca/projectorca/Content/Collections/' took 0.01s
[2017.10.19-16.34.45:977][  0]LogCollectionManager: Rebuilt the GUID cache for 0 collections in 0.000001 seconds
[2017.10.19-16.34.45:989][  0]LogContentBrowser: Native class hierarchy populated in 0.0086 seconds. Added 2386 classes and 500 folders.
[2017.10.19-16.34.46:125][  0]LogContentBrowser: Native class hierarchy updated for 'WidgetCarousel' in 0.0007 seconds. Added 0 classes and 0 folders.
[2017.10.19-16.34.46:303][  0]LogContentBrowser: Native class hierarchy updated for 'AddContentDialog' in 0.0006 seconds. Added 0 classes and 0 folders.
[2017.10.19-16.34.46:435][  0]LogContentBrowser: Native class hierarchy updated for 'SceneOutliner' in 0.0006 seconds. Added 1 classes and 2 folders.
[2017.10.19-16.34.46:997][  0]LogSlate: Took 0.000167 seconds to synchronously load lazily loaded font '../../../Engine/Content/Slate/Fonts/Roboto-Regular.ttf' (155K)
[2017.10.19-16.34.46:999][  0]LogSlate: Took 0.000153 seconds to synchronously load lazily loaded font '../../../Engine/Content/Slate/Fonts/Roboto-Bold.ttf' (160K)
[2017.10.19-16.34.47:105][  0]LogSlate: Took 0.081216 seconds to synchronously load lazily loaded font '../../../Engine/Content/Editor/Slate/Fonts/FontAwesome.ttf' (139K)
[2017.10.19-16.34.47:497][  0]LogMaterial: Missing cached shader map for material LevelGridMaterial2, compiling. 
[2017.10.19-16.34.47:634][  0]LogRenderer: Reallocating scene render targets to support 604x288 Format 10 NumSamples 1 (Frame:1).
[2017.10.19-16.34.48:043][  0]LogRenderer: Reallocating scene render targets to support 1208x576 Format 10 NumSamples 1 (Frame:1).
[2017.10.19-16.35.15:419][  0]LogContentBrowser: Native class hierarchy updated for 'HierarchicalLODOutliner' in 0.0007 seconds. Added 1 classes and 2 folders.
[2017.10.19-16.35.15:419][  0]LogLoad: (Engine Initialization) Total time: 314.79 seconds
[2017.10.19-16.35.15:419][  0]LogLoad: (Engine Initialization) Total Blueprint compile time: 0.00 seconds
[2017.10.19-16.35.15:419][  0]LogExternalProfiler: Found external profiler: VSPerf
[2017.10.19-16.35.15:419][  0]LogExternalProfiler: Using external profiler: VSPerf
[2017.10.19-16.35.15:638][  0]LogEditorViewport: Clicking on Actor (LMB): StaticMeshActor (Plane)
[2017.10.19-16.35.17:148][  0]LogEditorViewport: Clicking on Actor (LMB): StaticMeshActor (Plane)
[2017.10.19-16.35.17:216][  0]LogEditorViewport: Clicking on Actor (LMB): StaticMeshActor (Plane)
[2017.10.19-16.35.17:343][  0]LogContentStreaming: Texture pool size now 1000 MB
[2017.10.19-16.35.17:474][  0]LogSlate: Took 0.027742 seconds to synchronously load lazily loaded font '../../../Engine/Content/Slate/Fonts/Roboto-Light.ttf' (159K)
[2017.10.19-16.35.17:743][  1]LogFileCache: Retrieving MD5 hashes for directory 'F:/Project Orca/projectorca/Content/' took 0.42s
[2017.10.19-16.35.19:509][  2]LogAssetRegistry: Asset discovery search completed in 312.9684 seconds
[2017.10.19-16.35.19:513][  2]LogCollectionManager: Rebuilt the object cache for 0 collections in 0.000001 seconds (found 0 objects)
[2017.10.19-16.35.19:513][  2]LogCollectionManager: Fixed up redirectors for 0 collections in 0.000076 seconds (updated 0 objects)
[2017.10.19-16.35.19:548][  2]LogSlate: Took 0.000190 seconds to synchronously load lazily loaded font '../../../Engine/Content/Slate/Fonts/Roboto-Light.ttf' (159K)
[2017.10.19-16.44.18:157][658]LogWindowsTextInputMethodSystem: Display: IME system now deactivated.
[2017.10.19-16.44.29:490][692]LogWindowsTextInputMethodSystem: Display: IME system now deactivated.
[2017.10.19-16.44.30:879][696]LogWindowsTextInputMethodSystem: Display: IME system now deactivated.
[2017.10.19-16.50.25:787][ 69]LogSlate: Took 0.000166 seconds to synchronously load lazily loaded font '../../../Engine/Content/Slate/Fonts/Roboto-Light.ttf' (159K)
[2017.10.19-16.50.29:317][290]LogTexture: Display: Building textures: BillboardAtlass_D (AutoDXT, 1024X1024)
[2017.10.19-16.50.29:317][290]LogTexture: Display: Building textures: HQ_Lightmap1_1 (AutoDXT, 1024X1024)
[2017.10.19-16.50.29:318][290]LogStaticMesh: Building static mesh Wire_Hanging_001...
[2017.10.19-16.50.29:324][290]LogTexture: Display: Building textures: HQ_Lightmap1_2 (AutoDXT, 128X128)
[2017.10.19-16.50.29:324][290]LogStaticMesh: Built static mesh [0.01s] /Game/Assets_Environments/Buildings/Wire_Hanging_001.Wire_Hanging_001
[2017.10.19-16.50.29:326][290]LogStaticMesh: Building static mesh No_Side_Balcony_002...
[2017.10.19-16.50.30:308][290]LogTexture: Display: Building textures: HQ_Lightmap1_3 (AutoDXT, 1024X1024)
[2017.10.19-16.50.30:308][290]LogTexture: Display: Building textures: HQ_Lightmap1_4 (AutoDXT, 128X128)
[2017.10.19-16.50.30:308][290]LogTexture: Display: Building textures: HQ_Lightmap1_5 (AutoDXT, 128X128)
[2017.10.19-16.50.30:308][290]LogTexture: Display: Building textures: HQ_Lightmap1_6 (AutoDXT, 64X64)
[2017.10.19-16.50.30:308][290]LogTexture: Display: Building textures: LQ_Lightmap_1_1 (DXT1, 1024X1024)
[2017.10.19-16.50.30:308][290]LogTexture: Display: Building textures: LQ_Lightmap_1_2 (DXT1, 128X128)
[2017.10.19-16.50.30:308][290]LogTexture: Display: Building textures: LQ_Lightmap_1_3 (DXT1, 1024X1024)
[2017.10.19-16.50.30:308][290]LogTexture: Display: Building textures: LQ_Lightmap_1_4 (DXT1, 128X128)
[2017.10.19-16.50.30:308][290]LogTexture: Display: Building textures: LQ_Lightmap_1_5 (DXT1, 128X128)
[2017.10.19-16.50.30:308][290]LogTexture: Display: Building textures: LQ_Lightmap_1_6 (DXT1, 64X64)
[2017.10.19-16.50.30:308][290]LogTexture: Display: Building textures: ShadowMapTexture2D_1 (G8, 1024X128)
[2017.10.19-16.50.30:308][290]LogStaticMesh: Built static mesh [0.98s] /Game/Assets_Environments/Buildings/No_Side_Balcony_002.No_Side_Balcony_002
[2017.10.19-16.50.30:353][290]LogStaticMesh: Building static mesh With_Balcony_001...
[2017.10.19-16.50.31:634][290]LogStaticMesh: Built static mesh [1.28s] /Game/Assets_Environments/Buildings/With_Balcony_001.With_Balcony_001
[2017.10.19-16.50.31:686][290]LogStaticMesh: Building static mesh With_Balcony_002...
[2017.10.19-16.50.32:869][290]LogStaticMesh: Built static mesh [1.18s] /Game/Assets_Environments/Buildings/With_Balcony_002.With_Balcony_002
[2017.10.19-16.50.32:922][290]LogStaticMesh: Building static mesh No_Balcony_002...
[2017.10.19-16.50.33:487][290]LogStaticMesh: Built static mesh [0.57s] /Game/Assets_Environments/Buildings/No_Balcony_002.No_Balcony_002
[2017.10.19-16.50.33:519][290]LogStaticMesh: Building static mesh No_Balcony_001...
[2017.10.19-16.50.34:088][290]LogStaticMesh: Built static mesh [0.57s] /Game/Assets_Environments/Buildings/No_Balcony_001.No_Balcony_001
[2017.10.19-16.50.34:123][290]LogMaterial: Missing cached shader map for material lambert1, compiling. 
[2017.10.19-16.50.34:152][290]LogStaticMesh: Building static mesh Bush-02...
[2017.10.19-16.50.34:166][290]LogStaticMesh: Built static mesh [0.01s] /Game/Assets_Environments/LandscapeAutoMaterial/Meshes/Trees/Bushes/Bush-02.Bush-02
[2017.10.19-16.50.34:171][290]LogMaterial: Missing cached shader map for material Billboard_Atlass, compiling. 
[2017.10.19-16.50.34:228][290]LogAIModule: Creating AISystem for world LevelDemo_01
[2017.10.19-16.50.34:277][290]Cmd: MAP LOAD FILE="F:/Project Orca/projectorca/Content/Maps/LevelDemo_01.umap" TEMPLATE=0 SHOWPROGRESS=1 FEATURELEVEL=3
[2017.10.19-16.50.34:277][290]LightingResults: New page: Lighting Build
[2017.10.19-16.50.34:278][290]LoadErrors: New page: Loading map: LevelDemo_01.umap
[2017.10.19-16.50.34:301][290]MapCheck: New page: Map Check
[2017.10.19-16.50.34:301][290]LightingResults: New page: Lighting Build
[2017.10.19-16.50.34:397][290]LogEditorServer: Finished looking for orphan Actors (0.000 secs)
[2017.10.19-16.50.34:453][290]Cmd: MAP CHECKDEP NOCLEARLOG
[2017.10.19-16.50.34:504][290]MapCheck: Map check complete: 0 Error(s), 0 Warning(s), took 51.498ms to complete.
[2017.10.19-16.50.34:504][290]LogFileHelpers: Loading map 'LevelDemo_01' took 0.228
[2017.10.19-16.50.40:612][691]LogTemp: Repeating last play command: Selected Viewport
[2017.10.19-16.50.40:895][691]LogBlueprintUserMessages: Early PlayInEditor Detection: Level '/Game/Maps/LevelDemo_01.LevelDemo_01:PersistentLevel' has LevelScriptBlueprint '/Game/Maps/LevelDemo_01.LevelDemo_01:PersistentLevel.LevelDemo_01' with GeneratedClass '/Game/Maps/LevelDemo_01.LevelDemo_01_C' with ClassGeneratedBy '/Game/Maps/LevelDemo_01.LevelDemo_01:PersistentLevel.LevelDemo_01'
[2017.10.19-16.50.40:927][691]LogPlayLevel: PlayLevel: No blueprints needed recompiling
[2017.10.19-16.50.41:006][691]PIE: New page: PIE session: LevelDemo_01 (19 Oct 2017 18:50:40)
[2017.10.19-16.50.41:023][691]LogPlayLevel: Creating play world package: /Game/Maps/UEDPIE_0_LevelDemo_01
[2017.10.19-16.50.41:054][691]LogPlayLevel: PIE: StaticDuplicateObject took: (0.030807s)
[2017.10.19-16.50.41:054][691]LogAIModule: Creating AISystem for world LevelDemo_01
[2017.10.19-16.50.41:054][691]LogPlayLevel: PIE: World Init took: (0.000652s)
[2017.10.19-16.50.41:058][691]LogPlayLevel: PIE: Created PIE world by copying editor world from /Game/Maps/LevelDemo_01.LevelDemo_01 to /Game/Maps/UEDPIE_0_LevelDemo_01.LevelDemo_01 (0.051709s)
[2017.10.19-16.50.41:073][691]LogInit: XAudio2 using 'Speakers (Sound Blaster Z)' : 6 channels at 48 kHz using 32 bits per sample (channel mask 0x3f)
[2017.10.19-16.50.41:078][691]LogInit: FAudioDevice initialized.
[2017.10.19-16.50.41:151][691]LogLoad: Game class is 'ThirdPersonGameMode_C'
[2017.10.19-16.50.41:281][691]LogWorld: Bringing World /Game/Maps/UEDPIE_0_LevelDemo_01.LevelDemo_01 up for play (max tick rate 0) at 2017.10.19-17.50.41
[2017.10.19-16.50.41:416][691]LogWorld: Bringing up level for play took: 0.159188
[2017.10.19-16.50.41:554][691]LogContentBrowser: Native class hierarchy updated for 'MovieSceneCapture' in 0.0007 seconds. Added 11 classes and 0 folders.
[2017.10.19-16.50.41:564][691]PIE: Play in editor start time for /Game/Maps/UEDPIE_0_LevelDemo_01 1.362
[2017.10.19-16.50.41:565][691]LogBlueprintUserMessages: Late PlayInEditor Detection: Level '/Game/Maps/LevelDemo_01.LevelDemo_01:PersistentLevel' has LevelScriptBlueprint '/Game/Maps/LevelDemo_01.LevelDemo_01:PersistentLevel.LevelDemo_01' with GeneratedClass '/Game/Maps/LevelDemo_01.LevelDemo_01_C' with ClassGeneratedBy '/Game/Maps/LevelDemo_01.LevelDemo_01:PersistentLevel.LevelDemo_01'
[2017.10.19-16.51.07:087][985]LogBlueprintUserMessages: Early EndPlayMap Detection: Level '/Game/Maps/LevelDemo_01.LevelDemo_01:PersistentLevel' has LevelScriptBlueprint '/Game/Maps/LevelDemo_01.LevelDemo_01:PersistentLevel.LevelDemo_01' with GeneratedClass '/Game/Maps/LevelDemo_01.LevelDemo_01_C' with ClassGeneratedBy '/Game/Maps/LevelDemo_01.LevelDemo_01:PersistentLevel.LevelDemo_01'
[2017.10.19-16.51.07:130][985]LogBlueprintUserMessages: Late EndPlayMap Detection: Level '/Game/Maps/LevelDemo_01.LevelDemo_01:PersistentLevel' has LevelScriptBlueprint '/Game/Maps/LevelDemo_01.LevelDemo_01:PersistentLevel.LevelDemo_01' with GeneratedClass '/Game/Maps/LevelDemo_01.LevelDemo_01_C' with ClassGeneratedBy '/Game/Maps/LevelDemo_01.LevelDemo_01:PersistentLevel.LevelDemo_01'
[2017.10.19-16.51.13:563][553]LogTemp: Repeating last play command: Selected Viewport
[2017.10.19-16.51.13:579][553]LogBlueprintUserMessages: Early PlayInEditor Detection: Level '/Game/Maps/LevelDemo_01.LevelDemo_01:PersistentLevel' has LevelScriptBlueprint '/Game/Maps/LevelDemo_01.LevelDemo_01:PersistentLevel.LevelDemo_01' with GeneratedClass '/Game/Maps/LevelDemo_01.LevelDemo_01_C' with ClassGeneratedBy '/Game/Maps/LevelDemo_01.LevelDemo_01:PersistentLevel.LevelDemo_01'
[2017.10.19-16.51.13:579][553]LogPlayLevel: PlayLevel: No blueprints needed recompiling
[2017.10.19-16.51.13:579][553]PIE: New page: PIE session: LevelDemo_01 (19 Oct 2017 18:51:13)
[2017.10.19-16.51.13:579][553]LogPlayLevel: Creating play world package: /Game/Maps/UEDPIE_0_LevelDemo_01
[2017.10.19-16.51.13:591][553]LogPlayLevel: PIE: StaticDuplicateObject took: (0.011880s)
[2017.10.19-16.51.13:592][553]LogAIModule: Creating AISystem for world LevelDemo_01
[2017.10.19-16.51.13:592][553]LogPlayLevel: PIE: World Init took: (0.000654s)
[2017.10.19-16.51.13:592][553]LogPlayLevel: PIE: Created PIE world by copying editor world from /Game/Maps/LevelDemo_01.LevelDemo_01 to /Game/Maps/UEDPIE_0_LevelDemo_01.LevelDemo_01 (0.012801s)
[2017.10.19-16.51.13:603][553]LogInit: XAudio2 using 'Speakers (Sound Blaster Z)' : 6 channels at 48 kHz using 32 bits per sample (channel mask 0x3f)
[2017.10.19-16.51.13:607][553]LogInit: FAudioDevice initialized.
[2017.10.19-16.51.13:641][553]LogLoad: Game class is 'ThirdPersonGameMode_C'
[2017.10.19-16.51.13:646][553]LogWorld: Bringing World /Game/Maps/UEDPIE_0_LevelDemo_01.LevelDemo_01 up for play (max tick rate 0) at 2017.10.19-17.51.13
[2017.10.19-16.51.13:647][553]LogWorld: Bringing up level for play took: 0.005430
[2017.10.19-16.51.13:648][553]PIE: Play in editor start time for /Game/Maps/UEDPIE_0_LevelDemo_01 -0.554
[2017.10.19-16.51.13:649][553]LogBlueprintUserMessages: Late PlayInEditor Detection: Level '/Game/Maps/LevelDemo_01.LevelDemo_01:PersistentLevel' has LevelScriptBlueprint '/Game/Maps/LevelDemo_01.LevelDemo_01:PersistentLevel.LevelDemo_01' with GeneratedClass '/Game/Maps/LevelDemo_01.LevelDemo_01_C' with ClassGeneratedBy '/Game/Maps/LevelDemo_01.LevelDemo_01:PersistentLevel.LevelDemo_01'
[2017.10.19-16.51.34:628][517]LogBlueprintUserMessages: Early EndPlayMap Detection: Level '/Game/Maps/LevelDemo_01.LevelDemo_01:PersistentLevel' has LevelScriptBlueprint '/Game/Maps/LevelDemo_01.LevelDemo_01:PersistentLevel.LevelDemo_01' with GeneratedClass '/Game/Maps/LevelDemo_01.LevelDemo_01_C' with ClassGeneratedBy '/Game/Maps/LevelDemo_01.LevelDemo_01:PersistentLevel.LevelDemo_01'
[2017.10.19-16.51.34:671][517]LogBlueprintUserMessages: Late EndPlayMap Detection: Level '/Game/Maps/LevelDemo_01.LevelDemo_01:PersistentLevel' has LevelScriptBlueprint '/Game/Maps/LevelDemo_01.LevelDemo_01:PersistentLevel.LevelDemo_01' with GeneratedClass '/Game/Maps/LevelDemo_01.LevelDemo_01_C' with ClassGeneratedBy '/Game/Maps/LevelDemo_01.LevelDemo_01:PersistentLevel.LevelDemo_01'
[2017.10.19-16.51.59:769][769]LogTemp: Repeating last play command: Selected Viewport
[2017.10.19-16.51.59:786][769]LogBlueprintUserMessages: Early PlayInEditor Detection: Level '/Game/Maps/LevelDemo_01.LevelDemo_01:PersistentLevel' has LevelScriptBlueprint '/Game/Maps/LevelDemo_01.LevelDemo_01:PersistentLevel.LevelDemo_01' with GeneratedClass '/Game/Maps/LevelDemo_01.LevelDemo_01_C' with ClassGeneratedBy '/Game/Maps/LevelDemo_01.LevelDemo_01:PersistentLevel.LevelDemo_01'
[2017.10.19-16.51.59:786][769]LogPlayLevel: PlayLevel: No blueprints needed recompiling
[2017.10.19-16.51.59:786][769]PIE: New page: PIE session: LevelDemo_01 (19 Oct 2017 18:51:59)
[2017.10.19-16.51.59:786][769]LogPlayLevel: Creating play world package: /Game/Maps/UEDPIE_0_LevelDemo_01
[2017.10.19-16.51.59:798][769]LogPlayLevel: PIE: StaticDuplicateObject took: (0.012010s)
[2017.10.19-16.51.59:799][769]LogAIModule: Creating AISystem for world LevelDemo_01
[2017.10.19-16.51.59:799][769]LogPlayLevel: PIE: World Init took: (0.000791s)
[2017.10.19-16.51.59:799][769]LogPlayLevel: PIE: Created PIE world by copying editor world from /Game/Maps/LevelDemo_01.LevelDemo_01 to /Game/Maps/UEDPIE_0_LevelDemo_01.LevelDemo_01 (0.013191s)
[2017.10.19-16.51.59:810][769]LogInit: XAudio2 using 'Speakers (Sound Blaster Z)' : 6 channels at 48 kHz using 32 bits per sample (channel mask 0x3f)
[2017.10.19-16.51.59:814][769]LogInit: FAudioDevice initialized.
[2017.10.19-16.51.59:844][769]LogLoad: Game class is 'ThirdPersonGameMode_C'
[2017.10.19-16.51.59:849][769]LogWorld: Bringing World /Game/Maps/UEDPIE_0_LevelDemo_01.LevelDemo_01 up for play (max tick rate 0) at 2017.10.19-17.51.59
[2017.10.19-16.51.59:850][769]LogWorld: Bringing up level for play took: 0.005260
[2017.10.19-16.51.59:851][769]PIE: Play in editor start time for /Game/Maps/UEDPIE_0_LevelDemo_01 -0.351
[2017.10.19-16.51.59:852][769]LogBlueprintUserMessages: Late PlayInEditor Detection: Level '/Game/Maps/LevelDemo_01.LevelDemo_01:PersistentLevel' has LevelScriptBlueprint '/Game/Maps/LevelDemo_01.LevelDemo_01:PersistentLevel.LevelDemo_01' with GeneratedClass '/Game/Maps/LevelDemo_01.LevelDemo_01_C' with ClassGeneratedBy '/Game/Maps/LevelDemo_01.LevelDemo_01:PersistentLevel.LevelDemo_01'
[2017.10.19-16.52.48:076][414]LogBlueprintUserMessages: Early EndPlayMap Detection: Level '/Game/Maps/LevelDemo_01.LevelDemo_01:PersistentLevel' has LevelScriptBlueprint '/Game/Maps/LevelDemo_01.LevelDemo_01:PersistentLevel.LevelDemo_01' with GeneratedClass '/Game/Maps/LevelDemo_01.LevelDemo_01_C' with ClassGeneratedBy '/Game/Maps/LevelDemo_01.LevelDemo_01:PersistentLevel.LevelDemo_01'
[2017.10.19-16.52.48:124][414]LogBlueprintUserMessages: Late EndPlayMap Detection: Level '/Game/Maps/LevelDemo_01.LevelDemo_01:PersistentLevel' has LevelScriptBlueprint '/Game/Maps/LevelDemo_01.LevelDemo_01:PersistentLevel.LevelDemo_01' with GeneratedClass '/Game/Maps/LevelDemo_01.LevelDemo_01_C' with ClassGeneratedBy '/Game/Maps/LevelDemo_01.LevelDemo_01:PersistentLevel.LevelDemo_01'
[2017.10.19-16.55.21:629][219]LogEditorViewport: Clicking on Actor (LMB): StaticMeshActor (Bush-11)
[2017.10.19-16.55.23:743][340]LogEditorViewport: Clicking on Actor (LMB): StaticMeshActor (Bush-39)
[2017.10.19-16.55.25:360][450]LogEditorViewport: Clicking on Actor (LMB): StaticMeshActor (Bush-6)
[2017.10.19-16.55.26:824][538]LogEditorViewport: Clicking on Actor (LMB): BP_Sky_Sphere_C (Sky_Sphere)
[2017.10.19-16.55.31:177][880]LogEditorViewport: Clicking on Actor (LMB): StaticMeshActor (Cube18)
[2017.10.19-16.55.33:282][ 69]LogEditorViewport: Clicking on Actor (LMB): BP_Sky_Sphere_C (Sky_Sphere)
[2017.10.19-16.56.56:753][187]LogEditorViewport: Clicking on Actor (LMB): StaticMeshActor (Cube79)
[2017.10.19-17.48.54:658][619]LogTemp: Repeating last play command: Selected Viewport
[2017.10.19-17.48.54:693][619]LogBlueprintUserMessages: Early PlayInEditor Detection: Level '/Game/Maps/LevelDemo_01.LevelDemo_01:PersistentLevel' has LevelScriptBlueprint '/Game/Maps/LevelDemo_01.LevelDemo_01:PersistentLevel.LevelDemo_01' with GeneratedClass '/Game/Maps/LevelDemo_01.LevelDemo_01_C' with ClassGeneratedBy '/Game/Maps/LevelDemo_01.LevelDemo_01:PersistentLevel.LevelDemo_01'
[2017.10.19-17.48.54:694][619]LogPlayLevel: PlayLevel: No blueprints needed recompiling
[2017.10.19-17.48.54:694][619]PIE: New page: PIE session: LevelDemo_01 (19 Oct 2017 19:48:54)
[2017.10.19-17.48.54:695][619]LogPlayLevel: Creating play world package: /Game/Maps/UEDPIE_0_LevelDemo_01
[2017.10.19-17.48.54:727][619]LogPlayLevel: PIE: StaticDuplicateObject took: (0.031712s)
[2017.10.19-17.48.54:729][619]LogAIModule: Creating AISystem for world LevelDemo_01
[2017.10.19-17.48.54:730][619]LogPlayLevel: PIE: World Init took: (0.003162s)
[2017.10.19-17.48.54:731][619]LogPlayLevel: PIE: Created PIE world by copying editor world from /Game/Maps/LevelDemo_01.LevelDemo_01 to /Game/Maps/UEDPIE_0_LevelDemo_01.LevelDemo_01 (0.036333s)
[2017.10.19-17.48.54:761][619]LogInit: XAudio2 using 'Speakers (Sound Blaster Z)' : 6 channels at 48 kHz using 32 bits per sample (channel mask 0x3f)
[2017.10.19-17.48.54:767][619]LogInit: FAudioDevice initialized.
[2017.10.19-17.48.54:801][619]LogLoad: Game class is 'ThirdPersonGameMode_C'
[2017.10.19-17.48.54:809][619]LogWorld: Bringing World /Game/Maps/UEDPIE_0_LevelDemo_01.LevelDemo_01 up for play (max tick rate 0) at 2017.10.19-18.48.54
[2017.10.19-17.48.54:810][619]LogWorld: Bringing up level for play took: 0.008899
[2017.10.19-17.48.54:813][619]PIE: Play in editor start time for /Game/Maps/UEDPIE_0_LevelDemo_01 0.611
[2017.10.19-17.48.54:814][619]LogBlueprintUserMessages: Late PlayInEditor Detection: Level '/Game/Maps/LevelDemo_01.LevelDemo_01:PersistentLevel' has LevelScriptBlueprint '/Game/Maps/LevelDemo_01.LevelDemo_01:PersistentLevel.LevelDemo_01' with GeneratedClass '/Game/Maps/LevelDemo_01.LevelDemo_01_C' with ClassGeneratedBy '/Game/Maps/LevelDemo_01.LevelDemo_01:PersistentLevel.LevelDemo_01'
[2017.10.19-17.49.43:218][502]LogBlueprintUserMessages: Early EndPlayMap Detection: Level '/Game/Maps/LevelDemo_01.LevelDemo_01:PersistentLevel' has LevelScriptBlueprint '/Game/Maps/LevelDemo_01.LevelDemo_01:PersistentLevel.LevelDemo_01' with GeneratedClass '/Game/Maps/LevelDemo_01.LevelDemo_01_C' with ClassGeneratedBy '/Game/Maps/LevelDemo_01.LevelDemo_01:PersistentLevel.LevelDemo_01'
[2017.10.19-17.49.43:286][502]LogBlueprintUserMessages: Late EndPlayMap Detection: Level '/Game/Maps/LevelDemo_01.LevelDemo_01:PersistentLevel' has LevelScriptBlueprint '/Game/Maps/LevelDemo_01.LevelDemo_01:PersistentLevel.LevelDemo_01' with GeneratedClass '/Game/Maps/LevelDemo_01.LevelDemo_01_C' with ClassGeneratedBy '/Game/Maps/LevelDemo_01.LevelDemo_01:PersistentLevel.LevelDemo_01'
[2017.10.19-17.49.51:852][247]MapCheck: New page: Map Check
[2017.10.19-17.49.52:187][247]Cmd: MAP REBUILD ALLVISIBLE
[2017.10.19-17.49.52:188][247]LogEditorServer: Rebuildmap Clear paths rebuilt
[2017.10.19-17.49.52:501][247]LogMaterial: Missing cached shader map for material FDebugViewModeMaterialProxy WorldGridMaterial, compiling. Is special engine material.
[2017.10.19-17.49.52:508][247]LogMaterial: Missing cached shader map for material FDebugViewModeMaterialProxy LandscapeGizmo_Mat, compiling. 
[2017.10.19-17.49.52:514][247]LogMaterial: Missing cached shader map for material FDebugViewModeMaterialProxy M_ChromeBall, compiling. 
[2017.10.19-17.49.52:519][247]LogMaterial: Missing cached shader map for material FDebugViewModeMaterialProxy MaterialInstanceDynamic_2, compiling. 
[2017.10.19-17.49.52:538][247]LogMaterial: Missing cached shader map for material FDebugViewModeMaterialProxy OceanWater_Inst, compiling. 
[2017.10.19-17.49.52:558][247]LogMaterial: Missing cached shader map for material FDebugViewModeMaterialProxy Bubbles_M, compiling. 
[2017.10.19-17.49.52:564][247]LogMaterial: Missing cached shader map for material FDebugViewModeMaterialProxy BasicShapeMaterial, compiling. 
[2017.10.19-17.49.52:570][247]LogMaterial: Missing cached shader map for material FDebugViewModeMaterialProxy Branch_Fir-Tree_Inst, compiling. 
[2017.10.19-17.49.52:578][247]LogMaterial: Missing cached shader map for material FDebugViewModeMaterialProxy Billboard_Atlass, compiling. 
[2017.10.19-17.49.52:586][247]LogMaterial: Missing cached shader map for material FDebugViewModeMaterialProxy lambert1, compiling. 
[2017.10.19-17.49.52:592][247]LogMaterial: Missing cached shader map for material FDebugViewModeMaterialProxy M_UE4Man_Body, compiling. 
[2017.10.19-17.49.52:601][247]LogMaterial: Missing cached shader map for material FDebugViewModeMaterialProxy M_UE4Man_ChestLogo, compiling. 
[2017.10.19-17.49.52:607][247]LogMaterial: Missing cached shader map for material FDebugViewModeMaterialProxy MatineeCam_mat, compiling. 
[2017.10.19-17.49.53:905][247]TextureStreamingBuild: Display: Compiling optional shaders took 1.432 seconds.
[2017.10.19-17.49.53:948][247]LogLevel: Display: Export Material TexCoord Scales took 0.042 seconds.
[2017.10.19-17.49.53:982][247]TextureStreamingBuild: Display: Build Texture Streaming took 0.033 seconds.
[2017.10.19-17.49.54:015][247]LogEditorBuildUtils: Build time 0:02
[2017.10.19-17.49.55:042][312]LogTemp: Repeating last play command: Selected Viewport
[2017.10.19-17.49.55:058][312]LogBlueprintUserMessages: Early PlayInEditor Detection: Level '/Game/Maps/LevelDemo_01.LevelDemo_01:PersistentLevel' has LevelScriptBlueprint '/Game/Maps/LevelDemo_01.LevelDemo_01:PersistentLevel.LevelDemo_01' with GeneratedClass '/Game/Maps/LevelDemo_01.LevelDemo_01_C' with ClassGeneratedBy '/Game/Maps/LevelDemo_01.LevelDemo_01:PersistentLevel.LevelDemo_01'
[2017.10.19-17.49.55:058][312]LogPlayLevel: PlayLevel: No blueprints needed recompiling
[2017.10.19-17.49.55:058][312]PIE: New page: PIE session: LevelDemo_01 (19 Oct 2017 19:49:55)
[2017.10.19-17.49.55:058][312]LogPlayLevel: Creating play world package: /Game/Maps/UEDPIE_0_LevelDemo_01
[2017.10.19-17.49.55:072][312]LogPlayLevel: PIE: StaticDuplicateObject took: (0.013564s)
[2017.10.19-17.49.55:072][312]LogAIModule: Creating AISystem for world LevelDemo_01
[2017.10.19-17.49.55:072][312]LogPlayLevel: PIE: World Init took: (0.000649s)
[2017.10.19-17.49.55:072][312]LogPlayLevel: PIE: Created PIE world by copying editor world from /Game/Maps/LevelDemo_01.LevelDemo_01 to /Game/Maps/UEDPIE_0_LevelDemo_01.LevelDemo_01 (0.014474s)
[2017.10.19-17.49.55:086][312]LogInit: XAudio2 using 'Speakers (Sound Blaster Z)' : 6 channels at 48 kHz using 32 bits per sample (channel mask 0x3f)
[2017.10.19-17.49.55:091][312]LogInit: FAudioDevice initialized.
[2017.10.19-17.49.55:121][312]LogLoad: Game class is 'ThirdPersonGameMode_C'
[2017.10.19-17.49.55:126][312]LogWorld: Bringing World /Game/Maps/UEDPIE_0_LevelDemo_01.LevelDemo_01 up for play (max tick rate 0) at 2017.10.19-18.49.55
[2017.10.19-17.49.55:127][312]LogWorld: Bringing up level for play took: 0.005423
[2017.10.19-17.49.55:129][312]PIE: Play in editor start time for /Game/Maps/UEDPIE_0_LevelDemo_01 0.927
[2017.10.19-17.49.55:129][312]LogBlueprintUserMessages: Late PlayInEditor Detection: Level '/Game/Maps/LevelDemo_01.LevelDemo_01:PersistentLevel' has LevelScriptBlueprint '/Game/Maps/LevelDemo_01.LevelDemo_01:PersistentLevel.LevelDemo_01' with GeneratedClass '/Game/Maps/LevelDemo_01.LevelDemo_01_C' with ClassGeneratedBy '/Game/Maps/LevelDemo_01.LevelDemo_01:PersistentLevel.LevelDemo_01'
[2017.10.19-17.50.38:558][446]LogBlueprintUserMessages: Early EndPlayMap Detection: Level '/Game/Maps/LevelDemo_01.LevelDemo_01:PersistentLevel' has LevelScriptBlueprint '/Game/Maps/LevelDemo_01.LevelDemo_01:PersistentLevel.LevelDemo_01' with GeneratedClass '/Game/Maps/LevelDemo_01.LevelDemo_01_C' with ClassGeneratedBy '/Game/Maps/LevelDemo_01.LevelDemo_01:PersistentLevel.LevelDemo_01'
[2017.10.19-17.50.38:619][446]LogBlueprintUserMessages: Late EndPlayMap Detection: Level '/Game/Maps/LevelDemo_01.LevelDemo_01:PersistentLevel' has LevelScriptBlueprint '/Game/Maps/LevelDemo_01.LevelDemo_01:PersistentLevel.LevelDemo_01' with GeneratedClass '/Game/Maps/LevelDemo_01.LevelDemo_01_C' with ClassGeneratedBy '/Game/Maps/LevelDemo_01.LevelDemo_01:PersistentLevel.LevelDemo_01'
[2017.10.19-17.51.09:618][ 98]LogEditorViewport: Clicking on Actor (LMB): StaticMeshActor (With_Balcony_4)
[2017.10.19-17.51.10:169][132]LogEditorViewport: Clicking on Actor (LMB): StaticMeshActor (With_Balcony_4)
[2017.10.19-17.51.14:203][431]LogEditorViewport: Clicking on Actor (LMB): StaticMeshActor (Plane)
[2017.10.19-17.51.54:728][511]Cmd: OBJ SAVEPACKAGE PACKAGE="/Game/Maps/LevelDemo_01" FILE="F:/Project Orca/projectorca/Saved/Autosaves/Game/Maps/LevelDemo_01_Auto1.umap" SILENT=true AUTOSAVING=true KEEPDIRTY=false
[2017.10.19-17.51.55:228][511]LogSavePackage: Save=431.66ms
[2017.10.19-17.51.55:228][511]LogSavePackage: Moving 'F:/Project Orca/projectorca/Saved/LevelDemo_01_Auto1E8E5E9244A9F3ADD0761CD9FC95F4CED.tmp' to 'F:/Project Orca/projectorca/Saved/Autosaves/Game/Maps/LevelDemo_01_Auto1.umap'
[2017.10.19-17.51.55:229][511]LogSavePackage: Display: Finished SavePackage F:/Project Orca/projectorca/Saved/Autosaves/Game/Maps/LevelDemo_01_Auto1.umap
[2017.10.19-17.51.55:249][511]LogFileHelpers: Editor autosave (incl. sublevels) for '/Game/Maps/LevelDemo_01' took 0.758
[2017.10.19-17.51.55:249][511]LogFileHelpers: Editor autosave (incl. sublevels) for all levels took 0.758
[2017.10.19-18.57.58:437][784]LogRenderer: Reallocating scene render targets to support 1208x584 Format 10 NumSamples 1 (Frame:75706).
[2017.10.19-18.57.58:483][785]LogRenderer: Reallocating scene render targets to support 1208x600 Format 10 NumSamples 1 (Frame:75708).
[2017.10.19-18.57.58:530][786]LogRenderer: Reallocating scene render targets to support 1208x608 Format 10 NumSamples 1 (Frame:75710).
[2017.10.19-18.57.58:576][787]LogRenderer: Reallocating scene render targets to support 1208x612 Format 10 NumSamples 1 (Frame:75712).
[2017.10.19-18.57.58:638][788]LogRenderer: Reallocating scene render targets to support 1208x620 Format 10 NumSamples 1 (Frame:75714).
[2017.10.19-18.57.58:686][789]LogRenderer: Reallocating scene render targets to support 1208x624 Format 10 NumSamples 1 (Frame:75716).
[2017.10.19-18.57.58:817][793]LogRenderer: Reallocating scene render targets to support 1208x628 Format 10 NumSamples 1 (Frame:75722).
[2017.10.19-18.57.58:879][795]LogRenderer: Reallocating scene render targets to support 1208x632 Format 10 NumSamples 1 (Frame:75725).
[2017.10.19-18.59.07:099][516]LogTemp: Repeating last play command: Selected Viewport
[2017.10.19-18.59.07:116][516]LogBlueprintUserMessages: Early PlayInEditor Detection: Level '/Game/Maps/LevelDemo_01.LevelDemo_01:PersistentLevel' has LevelScriptBlueprint '/Game/Maps/LevelDemo_01.LevelDemo_01:PersistentLevel.LevelDemo_01' with GeneratedClass '/Game/Maps/LevelDemo_01.LevelDemo_01_C' with ClassGeneratedBy '/Game/Maps/LevelDemo_01.LevelDemo_01:PersistentLevel.LevelDemo_01'
[2017.10.19-18.59.07:116][516]LogPlayLevel: PlayLevel: No blueprints needed recompiling
[2017.10.19-18.59.07:116][516]PIE: New page: PIE session: LevelDemo_01 (19 Oct 2017 20:59:07)
[2017.10.19-18.59.07:116][516]LogPlayLevel: Creating play world package: /Game/Maps/UEDPIE_0_LevelDemo_01
[2017.10.19-18.59.07:131][516]LogPlayLevel: PIE: StaticDuplicateObject took: (0.014550s)
[2017.10.19-18.59.07:132][516]LogAIModule: Creating AISystem for world LevelDemo_01
[2017.10.19-18.59.07:132][516]LogPlayLevel: PIE: World Init took: (0.001225s)
[2017.10.19-18.59.07:132][516]LogPlayLevel: PIE: Created PIE world by copying editor world from /Game/Maps/LevelDemo_01.LevelDemo_01 to /Game/Maps/UEDPIE_0_LevelDemo_01.LevelDemo_01 (0.016104s)
[2017.10.19-18.59.07:145][516]LogInit: XAudio2 using 'Speakers (Sound Blaster Z)' : 6 channels at 48 kHz using 32 bits per sample (channel mask 0x3f)
[2017.10.19-18.59.07:150][516]LogInit: FAudioDevice initialized.
[2017.10.19-18.59.07:183][516]LogLoad: Game class is 'ThirdPersonGameMode_C'
[2017.10.19-18.59.07:190][516]LogWorld: Bringing World /Game/Maps/UEDPIE_0_LevelDemo_01.LevelDemo_01 up for play (max tick rate 0) at 2017.10.19-19.59.07
[2017.10.19-18.59.07:191][516]LogWorld: Bringing up level for play took: 0.006354
[2017.10.19-18.59.07:193][516]PIE: Play in editor start time for /Game/Maps/UEDPIE_0_LevelDemo_01 0.991
[2017.10.19-18.59.07:193][516]LogBlueprintUserMessages: Late PlayInEditor Detection: Level '/Game/Maps/LevelDemo_01.LevelDemo_01:PersistentLevel' has LevelScriptBlueprint '/Game/Maps/LevelDemo_01.LevelDemo_01:PersistentLevel.LevelDemo_01' with GeneratedClass '/Game/Maps/LevelDemo_01.LevelDemo_01_C' with ClassGeneratedBy '/Game/Maps/LevelDemo_01.LevelDemo_01:PersistentLevel.LevelDemo_01'
[2017.10.19-19.01.32:316][794]LogBlueprintUserMessages: Early EndPlayMap Detection: Level '/Game/Maps/LevelDemo_01.LevelDemo_01:PersistentLevel' has LevelScriptBlueprint '/Game/Maps/LevelDemo_01.LevelDemo_01:PersistentLevel.LevelDemo_01' with GeneratedClass '/Game/Maps/LevelDemo_01.LevelDemo_01_C' with ClassGeneratedBy '/Game/Maps/LevelDemo_01.LevelDemo_01:PersistentLevel.LevelDemo_01'
[2017.10.19-19.01.32:384][794]LogBlueprintUserMessages: Late EndPlayMap Detection: Level '/Game/Maps/LevelDemo_01.LevelDemo_01:PersistentLevel' has LevelScriptBlueprint '/Game/Maps/LevelDemo_01.LevelDemo_01:PersistentLevel.LevelDemo_01' with GeneratedClass '/Game/Maps/LevelDemo_01.LevelDemo_01_C' with ClassGeneratedBy '/Game/Maps/LevelDemo_01.LevelDemo_01:PersistentLevel.LevelDemo_01'
[2017.10.19-19.03.00:725][294]LogEditorViewport: Clicking on Actor (LMB): StaticMeshActor (No_Balcony_4)
[2017.10.19-19.03.23:084][608]LogEditorViewport: Clicking on Actor (LMB): StaticMeshActor (No_Balcony_4)
[2017.10.19-19.10.28:317][245]LogEditorViewport: Clicking on Actor (LMB): StaticMeshActor (Plane)
