Log file open, 04/27/18 14:38:15
LogWindows: Failed to load 'aqProf.dll' (GetLastError=126)
LogWindows: File 'aqProf.dll' does not exist
LogWindows: Failed to load 'VSPerf140.dll' (GetLastError=126)
LogWindows: File 'VSPerf140.dll' does not exist
LogWindows: Failed to load 'VtuneApi.dll' (GetLastError=126)
LogWindows: File 'VtuneApi.dll' does not exist
LogWindows: Failed to load 'VtuneApi32e.dll' (GetLastError=126)
LogWindows: File 'VtuneApi32e.dll' does not exist
LogInit: Display: Running engine for game: ProjectOrca
LogPlatformFile: Not using cached read wrapper
LogInit: Display: RandInit(-25452155) SRandInit(-25452155).
LogTaskGraph: Started task graph with 5 named threads and 26 total threads with 3 sets of task threads.
LogStats: Stats thread started at 0.334733
LogD3D11RHI: Aftermath initialized
LogPluginManager: Mounting plugin Paper2D
LogPluginManager: Mounting plugin LightPropagationVolume
LogPluginManager: Mounting plugin CodeLiteSourceCodeAccess
LogPluginManager: Mounting plugin GitSourceControl
LogPluginManager: Mounting plugin KDevelopSourceCodeAccess
LogPluginManager: Mounting plugin NullSourceCodeAccess
LogPluginManager: Mounting plugin PerforceSourceControl
LogPluginManager: Mounting plugin SubversionSourceControl
LogPluginManager: Mounting plugin UObjectPlugin
LogPluginManager: Mounting plugin VisualStudioSourceCodeAccess
LogPluginManager: Mounting plugin XCodeSourceCodeAccess
LogPluginManager: Mounting plugin AssetManagerEditor
LogPluginManager: Mounting plugin AudioCapture
LogPluginManager: Mounting plugin FacialAnimation
LogPluginManager: Mounting plugin GameplayTagsEditor
LogPluginManager: Mounting plugin MobileLauncherProfileWizard
LogPluginManager: Mounting plugin PluginBrowser
LogPluginManager: Mounting plugin SpeedTreeImporter
LogPluginManager: Mounting plugin AlembicImporter
LogPluginManager: Mounting plugin CharacterAI
LogPluginManager: Mounting plugin HTML5Networking
LogPluginManager: Mounting plugin AndroidMedia
LogPluginManager: Mounting plugin AvfMedia
LogPluginManager: Mounting plugin MediaPlayerEditor
LogPluginManager: Mounting plugin WmfMedia
LogPluginManager: Mounting plugin TcpMessaging
LogPluginManager: Mounting plugin UdpMessaging
LogPluginManager: Mounting plugin LevelSequenceEditor
LogPluginManager: Mounting plugin MatineeToLevelSequence
LogPluginManager: Mounting plugin OnlineSubsystemGooglePlay
LogPluginManager: Mounting plugin OnlineSubsystemIOS
LogPluginManager: Mounting plugin OnlineSubsystem
LogPluginManager: Mounting plugin OnlineSubsystemNull
LogPluginManager: Mounting plugin OnlineSubsystemUtils
LogPluginManager: Mounting plugin AndroidDeviceProfileSelector
LogPluginManager: Mounting plugin AndroidMoviePlayer
LogPluginManager: Mounting plugin AndroidPermission
LogPluginManager: Mounting plugin AppleMoviePlayer
LogPluginManager: Mounting plugin ArchVisCharacter
LogPluginManager: Mounting plugin CableComponent
LogPluginManager: Mounting plugin CustomMeshComponent
LogPluginManager: Mounting plugin ExampleDeviceProfileSelector
LogPluginManager: Mounting plugin GoogleCloudMessaging
LogPluginManager: Mounting plugin ImmediatePhysics
LogPluginManager: Mounting plugin IOSDeviceProfileSelector
LogPluginManager: Mounting plugin LinuxDeviceProfileSelector
LogPluginManager: Mounting plugin LocationServicesBPLibrary
LogPluginManager: Mounting plugin MobilePatchingUtils
LogPluginManager: Mounting plugin OculusVR
LogPluginManager: Mounting plugin PhysXVehicles
LogPluginManager: Mounting plugin ProceduralMeshComponent
LogPluginManager: Mounting plugin RuntimePhysXCooking
LogPluginManager: Mounting plugin SteamVR
LogPluginManager: Mounting plugin WindowsMoviePlayer
LogInit: Using libcurl 7.47.1
LogInit:  - built for x86_64-pc-win32
LogInit:  - supports SSL with OpenSSL/1.0.2g
LogInit:  - supports HTTP deflate (compression) using libz 1.2.8
LogInit:  - other features:
LogInit:      CURL_VERSION_SSL
LogInit:      CURL_VERSION_LIBZ
LogInit:      CURL_VERSION_IPV6
LogInit:      CURL_VERSION_ASYNCHDNS
LogInit:      CURL_VERSION_LARGEFILE
LogInit:      CURL_VERSION_IDN
LogInit:  CurlRequestOptions (configurable via config and command line):
LogInit:  - bVerifyPeer = false  - Libcurl will NOT verify peer certificate
LogInit:  - bUseHttpProxy = false  - Libcurl will NOT use HTTP proxy
LogInit:  - bDontReuseConnections = false  - Libcurl will reuse connections
LogInit:  - CertBundlePath = nullptr  - Libcurl will use whatever was configured at build time.
LogInit: Build: ++UE4+Release-4.17-CL-3658906
LogInit: Engine Version: 4.17.2-3658906+++UE4+Release-4.17
LogInit: Compatible Engine Version: 4.17.0-3573198+++UE4+Release-4.17
LogInit: Net CL: 3573198
LogDevObjectVersion: Number of dev versions registered: 16
LogDevObjectVersion:   Dev-Blueprints (B0D832E4-1F89-4F0D-ACCF-7EB736FD4AA2): 10
LogDevObjectVersion:   Dev-Build (E1C64328-A22C-4D53-A36C-8E866417BD8C): 0
LogDevObjectVersion:   Dev-Core (375EC13C-06E4-48FB-B500-84F0262A717E): 2
LogDevObjectVersion:   Dev-Editor (E4B068ED-F494-42E9-A231-DA0B2E46BB41): 20
LogDevObjectVersion:   Dev-Framework (CFFC743F-43B0-4480-9391-14DF171D2073): 28
LogDevObjectVersion:   Dev-Mobile (B02B49B5-BB20-44E9-A304-32B752E40360): 0
LogDevObjectVersion:   Dev-Networking (A4E4105C-59A1-49B5-A7C5-40C4547EDFEE): 0
LogDevObjectVersion:   Dev-Online (39C831C9-5AE6-47DC-9A44-9C173E1C8E7C): 0
LogDevObjectVersion:   Dev-Physics (78F01B33-EBEA-4F98-B9B4-84EACCB95AA2): 0
LogDevObjectVersion:   Dev-Platform (6631380F-2D4D-43E0-8009-CF276956A95A): 0
LogDevObjectVersion:   Dev-Rendering (12F88B9F-8875-4AFC-A67C-D90C383ABD29): 19
LogDevObjectVersion:   Dev-Sequencer (7B5AE74C-D270-4C10-A958-57980B212A5A): 4
LogDevObjectVersion:   Dev-VR (D7296918-1DD6-4BDD-9DE2-64A83CC13884): 0
LogDevObjectVersion:   Dev-LoadTimes (C2A15278-BFE7-4AFE-6C17-90FF531DF755): 1
LogDevObjectVersion:   Private-Geometry (6EACA3D4-40EC-4CC1-B786-8BED09428FC5): 1
LogDevObjectVersion:   Dev-AnimPhys (29E575DD-E0A3-4627-9D10-D276232CDCEA): 7
LogInit: Compiled (64-bit): Sep 22 2017 13:47:16
LogInit: Compiled with Visual C++: 19.00.24215.01
LogInit: Build Configuration: Development
LogInit: Branch Name: ++UE4+Release-4.17
LogInit: Command line:  
LogInit: Base directory: C:/Program Files/Epic Games/UE_4.17/Engine/Binaries/Win64/
LogInit: Installed Engine Build: 1
LogInit: Presizing for max 8388607 objects, including 0 objects not considered by GC, pre-allocating 0 bytes for permanent pool.
LogInit: Object subsystem initialized
[2018.04.27-19.38.16:632][  0]LogInit: Selected Device Profile: [Windows]
[2018.04.27-19.38.16:632][  0]LogInit: Applying CVar settings loaded from the selected device profile: [Windows]
[2018.04.27-19.38.16:646][  0]LogInit: Computer: DESKTOP-P1K0IFH
[2018.04.27-19.38.16:646][  0]LogInit: User: mesht
[2018.04.27-19.38.16:646][  0]LogInit: CPU Page size=4096, Cores=8
[2018.04.27-19.38.16:646][  0]LogInit: High frequency timer resolution =3.320307 MHz
[2018.04.27-19.38.16:646][  0]LogMemory: Memory total: Physical=16.0GB (16GB approx)
[2018.04.27-19.38.16:646][  0]LogMemory: Platform Memory Stats for Windows
[2018.04.27-19.38.16:646][  0]LogMemory: Process Physical Memory: 281.10 MB used, 281.10 MB peak
[2018.04.27-19.38.16:646][  0]LogMemory: Process Virtual Memory: 284.25 MB used, 284.25 MB peak
[2018.04.27-19.38.16:646][  0]LogMemory: Physical Memory: 7592.77 MB used,  8743.50 MB free, 16336.27 MB total
[2018.04.27-19.38.16:646][  0]LogMemory: Virtual Memory: 721.46 MB used,  8743.50 MB free, 134217728.00 MB total
[2018.04.27-19.38.16:877][  0]LogInit: Using OS detected language (en-US).
[2018.04.27-19.38.16:877][  0]LogInit: Using OS detected locale (en-US).
[2018.04.27-19.38.16:881][  0]LogTextLocalizationManager: No specific localization for 'en-US' exists, so the 'en' localization will be used.
[2018.04.27-19.38.17:706][  0]LogD3D11RHI: D3D11 adapters:
[2018.04.27-19.38.17:766][  0]LogD3D11RHI:    0. 'NVIDIA GeForce GTX 780 Ti' (Feature Level 11_0)
[2018.04.27-19.38.17:766][  0]LogD3D11RHI:       3029/0/8168 MB DedicatedVideo/DedicatedSystem/SharedSystem, Outputs:2, VendorId:0x10de
[2018.04.27-19.38.17:770][  0]LogD3D11RHI:    1. 'Microsoft Basic Render Driver' (Feature Level 11_0)
[2018.04.27-19.38.17:770][  0]LogD3D11RHI:       0/0/8168 MB DedicatedVideo/DedicatedSystem/SharedSystem, Outputs:0, VendorId:0x1414
[2018.04.27-19.38.17:770][  0]LogD3D11RHI: Chosen D3D11 Adapter: 0
[2018.04.27-19.38.17:791][  0]LogD3D11RHI: Creating new Direct3DDevice
[2018.04.27-19.38.17:791][  0]LogD3D11RHI:     GPU DeviceId: 0x100a (for the marketing name, search the web for "GPU Device Id")
[2018.04.27-19.38.17:791][  0]LogWindows: EnumDisplayDevices:
[2018.04.27-19.38.17:791][  0]LogWindows:    0. 'NVIDIA GeForce GTX 780 Ti' (P:1 D:1)
[2018.04.27-19.38.17:791][  0]LogWindows:    1. 'NVIDIA GeForce GTX 780 Ti' (P:0 D:1)
[2018.04.27-19.38.17:792][  0]LogWindows:    2. 'NVIDIA GeForce GTX 780 Ti' (P:0 D:0)
[2018.04.27-19.38.17:792][  0]LogWindows:    3. 'NVIDIA GeForce GTX 780 Ti' (P:0 D:0)
[2018.04.27-19.38.17:792][  0]LogWindows: DebugString: GetVideoDriverDetailsInvalid PrimaryIsNotTheChoosenAdapter GetVideoDriverDetailsInvalid PrimaryIsNotTheChoosenAdapter GetVideoDriverDetailsInvalid PrimaryIsNotTheChoosenAdapter GetVideoDriverDetailsInvalid PrimaryIsNotTheChoosenAdapter FoundDriverCount:0 
[2018.04.27-19.38.17:792][  0]LogD3D11RHI:     Adapter Name: NVIDIA GeForce GTX 780 Ti
[2018.04.27-19.38.17:792][  0]LogD3D11RHI:   Driver Version: Unknown (internal:Unknown, unified:Unknown)
[2018.04.27-19.38.17:792][  0]LogD3D11RHI:      Driver Date: Unknown
[2018.04.27-19.38.17:792][  0]LogRHI: Texture pool is 1361 MB (70% of 1945 MB)
[2018.04.27-19.38.17:834][  0]LogD3D11RHI: Async texture creation enabled
[2018.04.27-19.38.17:853][  0]LogD3D11RHI: GPU Timing Frequency: 1000.000000 (Debug: 2 2)
[2018.04.27-19.38.17:904][  0]LogShaderCompilers: Guid format shader working directory is -7 characters bigger than the processId version (E:/Game-Development/Project_Orca/GitRepo/projectorca/Intermediate/Shaders/WorkingDirectory/18252/).
[2018.04.27-19.38.17:904][  0]LogShaderCompilers: Cleaned the shader compiler working directory 'C:/Users/mesht/AppData/Local/Temp/UnrealShaderWorkingDir/C04F8B1448E4A963CAB99BAE45EBFA36/'.
[2018.04.27-19.38.17:904][  0]LogShaderCompilers: Display: Using Local Shader Compiler.
[2018.04.27-19.38.19:116][  0]LogTemp: Display: Loaded TP AllDesktopTargetPlatform
[2018.04.27-19.38.19:190][  0]LogTemp: Display: Loaded TP MacClientTargetPlatform
[2018.04.27-19.38.19:269][  0]LogTemp: Display: Loaded TP MacNoEditorTargetPlatform
[2018.04.27-19.38.19:354][  0]LogTemp: Display: Loaded TP MacServerTargetPlatform
[2018.04.27-19.38.19:430][  0]LogTemp: Display: Loaded TP MacTargetPlatform
[2018.04.27-19.38.19:507][  0]LogTemp: Display: Loaded TP WindowsClientTargetPlatform
[2018.04.27-19.38.19:582][  0]LogTemp: Display: Loaded TP WindowsNoEditorTargetPlatform
[2018.04.27-19.38.19:657][  0]LogTemp: Display: Loaded TP WindowsServerTargetPlatform
[2018.04.27-19.38.19:726][  0]LogTemp: Display: Loaded TP WindowsTargetPlatform
[2018.04.27-19.38.19:799][  0]LogTemp: Display: Loaded TP AndroidTargetPlatform
[2018.04.27-19.38.19:872][  0]LogTemp: Display: Loaded TP Android_ASTCTargetPlatform
[2018.04.27-19.38.19:943][  0]LogTemp: Display: Loaded TP Android_ATCTargetPlatform
[2018.04.27-19.38.20:017][  0]LogTemp: Display: Loaded TP Android_DXTTargetPlatform
[2018.04.27-19.38.20:092][  0]LogTemp: Display: Loaded TP Android_ETC1TargetPlatform
[2018.04.27-19.38.20:166][  0]LogTemp: Display: Loaded TP Android_ETC2TargetPlatform
[2018.04.27-19.38.20:313][  0]LogTemp: Display: Loaded TP Android_MultiTargetPlatform
[2018.04.27-19.38.20:313][  0]LogTemp: Display: Loaded TP Android_PVRTCTargetPlatform
[2018.04.27-19.38.20:371][  0]LogTemp: Display: Loaded TP HTML5TargetPlatform
[2018.04.27-19.38.20:509][  0]LogTemp: Display: Loaded TP IOSTargetPlatform
[2018.04.27-19.38.20:552][  0]LogTemp: Display: Loaded TP TVOSTargetPlatform
[2018.04.27-19.38.20:629][  0]LogTemp: Display: Loaded TP LinuxClientTargetPlatform
[2018.04.27-19.38.20:703][  0]LogTemp: Display: Loaded TP LinuxNoEditorTargetPlatform
[2018.04.27-19.38.20:778][  0]LogTemp: Display: Loaded TP LinuxServerTargetPlatform
[2018.04.27-19.38.20:851][  0]LogTemp: Display: Loaded TP LinuxTargetPlatform
[2018.04.27-19.38.20:851][  0]LogTargetPlatformManager: Display: Building Assets For Windows
[2018.04.27-19.38.21:564][  0]LogDerivedDataCache: Display: Max Cache Size: 512 MB
[2018.04.27-19.38.21:677][  0]LogDerivedDataCache: Loaded boot cache 0.11s 93MB C:/Users/mesht/AppData/Local/UnrealEngine/4.17/DerivedDataCache/Boot.ddc.
[2018.04.27-19.38.21:678][  0]LogDerivedDataCache: Display: Loaded Boot cache: C:/Users/mesht/AppData/Local/UnrealEngine/4.17/DerivedDataCache/Boot.ddc
[2018.04.27-19.38.21:678][  0]LogDerivedDataCache: FDerivedDataBackendGraph:  Pak pak cache file E:/Game-Development/Project_Orca/GitRepo/projectorca/DerivedDataCache/DDC.ddp not found, will not use a pak cache.
[2018.04.27-19.38.21:678][  0]LogDerivedDataCache: Unable to find inner node Pak for hierarchical cache Hierarchy.
[2018.04.27-19.38.21:678][  0]LogDerivedDataCache: FDerivedDataBackendGraph:  CompressedPak pak cache file E:/Game-Development/Project_Orca/GitRepo/projectorca/DerivedDataCache/Compressed.ddp not found, will not use a pak cache.
[2018.04.27-19.38.21:678][  0]LogDerivedDataCache: Unable to find inner node CompressedPak for hierarchical cache Hierarchy.
[2018.04.27-19.38.21:697][  0]LogDerivedDataCache: Display: Pak cache opened for reading ../../../Engine/DerivedDataCache/Compressed.ddp.
[2018.04.27-19.38.21:710][  0]LogDerivedDataCache: Using Local data cache path C:/Users/mesht/AppData/Local/UnrealEngine/Common/DerivedDataCache: Writable
[2018.04.27-19.38.21:722][  0]LogMaterial: Verifying Global Shaders for PCD3D_SM5
[2018.04.27-19.38.21:723][  0]LogSlate: Using Freetype 2.6.0
[2018.04.27-19.38.21:724][  0]LogSlate: SlateFontCache - WITH_FREETYPE: 1, WITH_HARFBUZZ: 1
[2018.04.27-19.38.21:724][  0]LogSlate: SlateFontCache - WITH_FREETYPE: 1, WITH_HARFBUZZ: 1
[2018.04.27-19.38.22:045][  0]LogAssetRegistry: FAssetRegistry took 0.0276 seconds to start up
[2018.04.27-19.38.22:203][  0]LogInit: Selected Device Profile: [Windows]
[2018.04.27-19.38.22:371][  0]LogContentStreaming: Texture pool size is 0.00 MB
[2018.04.27-19.38.22:773][  0]LogSimplygon: Simplygon DLL not present - disabling.
[2018.04.27-19.38.22:833][  0]LogMeshReduction: Using SimplygonSwarm for distributed automatic mesh merging
[2018.04.27-19.38.22:833][  0]LogMeshReduction: Using QuadricMeshReduction for automatic static mesh reduction
[2018.04.27-19.38.22:833][  0]LogMeshReduction: No automatic skeletal mesh reduction module available
[2018.04.27-19.38.22:833][  0]LogMeshReduction: No automatic mesh merging module available
[2018.04.27-19.38.22:833][  0]LogMeshMerging: No automatic mesh merging module available
[2018.04.27-19.38.23:237][  0]LogNetVersion: ProjectOrca , NetCL: 3573198, EngineNetVer: 2, GameNetVer: 0 (Checksum: 811679591)
[2018.04.27-19.38.23:512][  0]LogPackageLocalizationCache: Processed 5 localized package path(s) for 2 prioritized culture(s) in 0.056788 seconds
[2018.04.27-19.38.23:520][  0]LogUObjectArray: 35825 objects as part of root set at end of initial load.
[2018.04.27-19.38.23:520][  0]LogUObjectAllocator: 7529112 out of 0 bytes used by permanent object pool.
[2018.04.27-19.38.23:520][  0]LogUObjectArray: CloseDisregardForGC: 0/0 objects in disregard for GC pool
[2018.04.27-19.38.23:606][  0]LogInit: WinSock: version 1.1 (2.2), MaxSocks=32767, MaxUdp=65467
[2018.04.27-19.38.26:904][  0]LogTcpMessaging: Initializing TcpMessaging bridge
[2018.04.27-19.38.26:954][  0]LogUdpMessaging: Initializing bridge on interface 0.0.0.0:0 to multicast group 230.0.0.1:6666.
[2018.04.27-19.38.27:852][  0]LogMaterial: Uniform references updated for custom material expression Custom.
[2018.04.27-19.38.28:404][  0]SourceControl: Source control is disabled
[2018.04.27-19.38.28:405][  0]SourceControl: Source control is disabled
[2018.04.27-19.38.28:479][  0]SourceControl: Source control is disabled
[2018.04.27-19.38.28:549][  0]SourceControl: Source control is disabled
[2018.04.27-19.38.29:393][  0]LogAndroidPermission: UAndroidPermissionCallbackProxy::GetInstance
[2018.04.27-19.38.29:741][  0]LogOcInput: OculusInput pre-init called
[2018.04.27-19.38.30:093][  0]LogEngine: Initializing Engine...
[2018.04.27-19.38.30:095][  0]LogHMD: Failed to initialize OpenVR with code 110
[2018.04.27-19.38.30:323][  0]LogStats: UGameplayTagsManager::ConstructGameplayTagTree: Construct from data asset -  0.000 s
[2018.04.27-19.38.30:323][  0]LogStats: UGameplayTagsManager::ConstructGameplayTagTree: GameplayTagTreeChangedEvent.Broadcast -  0.000 s
[2018.04.27-19.38.30:506][  0]LogAIModule: Creating AISystem for world Untitled
[2018.04.27-19.38.30:544][  0]LogInit: XAudio2 using 'VoiceMeeter Input (VB-Audio VoiceMeeter VAIO)' : 2 channels at 48 kHz using 24 bits per sample (channel mask 0x3)
[2018.04.27-19.38.30:562][  0]LogInit: FAudioDevice initialized.
[2018.04.27-19.38.30:664][  0]LogDerivedDataCache: Saved boot cache 0.10s 93MB C:/Users/mesht/AppData/Local/UnrealEngine/4.17/DerivedDataCache/Boot.ddc.
[2018.04.27-19.38.30:682][  0]LogInit: Texture streaming: Enabled
[2018.04.27-19.38.30:848][  0]LogEngineSessionManager: EngineSessionManager initialized
[2018.04.27-19.38.31:181][  0]LogInit: Transaction tracking system initialized
[2018.04.27-19.38.31:640][  0]BlueprintLog: New page: Editor Load
[2018.04.27-19.38.32:962][  0]LocalizationService: Localization service is disabled
[2018.04.27-19.38.33:948][  0]LogConsoleResponse: Display: 
[2018.04.27-19.38.34:142][  0]LogCook: Display: Max memory allowance for cook 16384mb min free memory 0mb
[2018.04.27-19.38.34:142][  0]LogCook: Display: Mobile HDR setting 1
[2018.04.27-19.38.34:142][  0]LogGameplayTags: Display: UGameplayTagsManager::DoneAddingNativeTags. DelegateIsBound: 0
[2018.04.27-19.38.35:667][  0]SourceControl: Source control is disabled
[2018.04.27-19.38.35:667][  0]Cmd: MAP LOAD FILE="E:/Game-Development/Project_Orca/GitRepo/projectorca/Content/Maps/DevMap.umap" TEMPLATE=0 SHOWPROGRESS=1 FEATURELEVEL=3
[2018.04.27-19.38.35:668][  0]LightingResults: New page: Lighting Build
[2018.04.27-19.38.35:727][  0]MapCheck: New page: Map Check
[2018.04.27-19.38.35:727][  0]LightingResults: New page: Lighting Build
[2018.04.27-19.38.36:894][  0]LogAIModule: Creating AISystem for world DevMap
[2018.04.27-19.38.36:936][  0]LogEditorServer: Finished looking for orphan Actors (0.000 secs)
[2018.04.27-19.38.36:971][  0]Cmd: MAP CHECKDEP NOCLEARLOG
[2018.04.27-19.38.37:059][  0]MapCheck: Map check complete: 0 Error(s), 0 Warning(s), took 87.305ms to complete.
[2018.04.27-19.38.37:059][  0]LogFileHelpers: Loading map 'DevMap' took 1.392
[2018.04.27-19.38.37:129][  0]LogWindowsTextInputMethodSystem: Display: IME system now deactivated.
[2018.04.27-19.38.37:247][  0]LogCollectionManager: Loaded 0 collections in 0.002453 seconds
[2018.04.27-19.38.37:351][  0]LogFileCache: Scanning file cache for directory 'E:/Game-Development/Project_Orca/GitRepo/projectorca/Saved/Collections/' took 0.01s
[2018.04.27-19.38.37:351][  0]LogFileCache: Scanning file cache for directory 'E:/Game-Development/Project_Orca/GitRepo/projectorca/Content/Developers/mesht/Collections/' took 0.01s
[2018.04.27-19.38.37:351][  0]LogFileCache: Scanning file cache for directory 'E:/Game-Development/Project_Orca/GitRepo/projectorca/Content/Collections/' took 0.01s
[2018.04.27-19.38.37:351][  0]LogCollectionManager: Rebuilt the GUID cache for 0 collections in 0.000000 seconds
[2018.04.27-19.38.37:362][  0]LogContentBrowser: Native class hierarchy populated in 0.0112 seconds. Added 2386 classes and 500 folders.
[2018.04.27-19.38.37:454][  0]LogContentBrowser: Native class hierarchy updated for 'WidgetCarousel' in 0.0008 seconds. Added 0 classes and 0 folders.
[2018.04.27-19.38.37:512][  0]LogContentBrowser: Native class hierarchy updated for 'AddContentDialog' in 0.0008 seconds. Added 0 classes and 0 folders.
[2018.04.27-19.38.37:581][  0]LogContentBrowser: Native class hierarchy updated for 'SceneOutliner' in 0.0009 seconds. Added 1 classes and 2 folders.
[2018.04.27-19.38.37:661][  0]LogSlate: Took 0.000310 seconds to synchronously load lazily loaded font '../../../Engine/Content/Slate/Fonts/Roboto-Regular.ttf' (155K)
[2018.04.27-19.38.37:664][  0]LogSlate: Took 0.000263 seconds to synchronously load lazily loaded font '../../../Engine/Content/Slate/Fonts/Roboto-Bold.ttf' (160K)
[2018.04.27-19.38.37:670][  0]LogSlate: Took 0.000270 seconds to synchronously load lazily loaded font '../../../Engine/Content/Editor/Slate/Fonts/FontAwesome.ttf' (139K)
[2018.04.27-19.38.37:769][  0]LogRenderer: Reallocating scene render targets to support 604x292 Format 10 NumSamples 1 (Frame:1).
[2018.04.27-19.38.37:792][  0]LogRenderer: Reallocating scene render targets to support 1208x580 Format 10 NumSamples 1 (Frame:1).
[2018.04.27-19.38.37:972][  0]LogContentBrowser: Native class hierarchy updated for 'HierarchicalLODOutliner' in 0.0009 seconds. Added 1 classes and 2 folders.
[2018.04.27-19.38.37:972][  0]LogLoad: (Engine Initialization) Total time: 23.65 seconds
[2018.04.27-19.38.37:972][  0]LogLoad: (Engine Initialization) Total Blueprint compile time: 0.00 seconds
[2018.04.27-19.38.37:973][  0]LogExternalProfiler: No external profilers were discovered.  External profiling features will not be available.
[2018.04.27-19.38.38:003][  0]LogContentStreaming: Texture pool size now 1000 MB
[2018.04.27-19.38.38:161][  3]LogSlate: Took 0.000243 seconds to synchronously load lazily loaded font '../../../Engine/Content/Slate/Fonts/Roboto-Light.ttf' (159K)
[2018.04.27-19.38.38:226][  6]LogAssetRegistry: Asset discovery search completed in 16.2025 seconds
[2018.04.27-19.38.38:231][  6]LogCollectionManager: Rebuilt the object cache for 0 collections in 0.000000 seconds (found 0 objects)
[2018.04.27-19.38.38:231][  6]LogCollectionManager: Fixed up redirectors for 0 collections in 0.000114 seconds (updated 0 objects)
[2018.04.27-19.38.43:963][602]LogSlate: Took 0.000203 seconds to synchronously load lazily loaded font '../../../Engine/Content/Slate/Fonts/Roboto-Light.ttf' (159K)
[2018.04.27-19.38.44:285][602]LogClass: Warning: Enum '/Game/Chameleon/Enums/colorChannels.colorChannels' was upgraded to use FText to store its display name data. Please re-save this asset to avoid issues with localization and determinstic cooking.
[2018.04.27-19.38.44:291][602]LogClass: Warning: Enum '/Game/Chameleon/Enums/LOOKPresetsEnum.LOOKPresetsEnum' was upgraded to use FText to store its display name data. Please re-save this asset to avoid issues with localization and determinstic cooking.
[2018.04.27-19.38.44:293][602]LogClass: Warning: Enum '/Game/IndustrialCity/Blueprints/PP_Curbs.PP_Curbs' was upgraded to use FText to store its display name data. Please re-save this asset to avoid issues with localization and determinstic cooking.
[2018.04.27-19.38.44:296][602]LogClass: Warning: Enum '/Game/IndustrialCity/Blueprints/PP_Roads.PP_Roads' was upgraded to use FText to store its display name data. Please re-save this asset to avoid issues with localization and determinstic cooking.
[2018.04.27-19.38.44:299][602]LogClass: Warning: Enum '/Game/IndustrialCity/Blueprints/PP_Sidewalks.PP_Sidewalks' was upgraded to use FText to store its display name data. Please re-save this asset to avoid issues with localization and determinstic cooking.
[2018.04.27-19.38.44:301][602]LogClass: Warning: Enum '/Game/InventorySystem/Blueprints/Demo/Classes.Classes' was upgraded to use FText to store its display name data. Please re-save this asset to avoid issues with localization and determinstic cooking.
[2018.04.27-19.38.44:304][602]LogClass: Warning: Enum '/Game/InventorySystem/Blueprints/Inventory/EquipmentSlots.EquipmentSlots' was upgraded to use FText to store its display name data. Please re-save this asset to avoid issues with localization and determinstic cooking.
[2018.04.27-19.38.44:308][602]LogClass: Warning: Enum '/Game/InventorySystem/Blueprints/Inventory/EquipmentSlotType.EquipmentSlotType' was upgraded to use FText to store its display name data. Please re-save this asset to avoid issues with localization and determinstic cooking.
[2018.04.27-19.38.44:310][602]LogClass: Warning: Enum '/Game/InventorySystem/Blueprints/Inventory/EquipmentType.EquipmentType' was upgraded to use FText to store its display name data. Please re-save this asset to avoid issues with localization and determinstic cooking.
[2018.04.27-19.38.44:313][602]LogClass: Warning: Enum '/Game/InventorySystem/Blueprints/Inventory/ItemQuality.ItemQuality' was upgraded to use FText to store its display name data. Please re-save this asset to avoid issues with localization and determinstic cooking.
[2018.04.27-19.38.44:316][602]LogClass: Warning: Enum '/Game/InventorySystem/Blueprints/Inventory/ItemType.ItemType' was upgraded to use FText to store its display name data. Please re-save this asset to avoid issues with localization and determinstic cooking.
[2018.04.27-19.38.44:455][602]LogContentBrowser: Native class hierarchy updated for 'BlueprintGraph' in 0.0014 seconds. Added 113 classes and 0 folders.
[2018.04.27-19.38.45:228][602]LogSlate: Took 0.000220 seconds to synchronously load lazily loaded font '../../../Engine/Content/Slate/Fonts/Roboto-Regular.ttf' (155K)
[2018.04.27-19.38.45:330][602]LogSlate: Took 0.000293 seconds to synchronously load lazily loaded font '../../../Engine/Content/Editor/Slate/Fonts/Roboto-BoldCondensed.ttf' (158K)
[2018.04.27-19.38.45:794][603]LogSlate: Took 0.000338 seconds to synchronously load lazily loaded font '../../../Engine/Content/Editor/Slate/Fonts/Roboto-Italic.ttf' (157K)
[2018.04.27-19.38.52:789][ 32]BlueprintLog: New page: Compile ThirdPersonCharacter
[2018.04.27-19.38.53:969][ 54]LogSavePackage: Save=223.92ms
[2018.04.27-19.38.53:969][ 54]LogSavePackage: Moving 'E:/Game-Development/Project_Orca/GitRepo/projectorca/Saved/ThirdPersonCharacterB2261C9C4CA5BF2A1CBA208525488DC5.tmp' to 'E:/Game-Development/Project_Orca/GitRepo/projectorca/Content/Assets_Character/Protaganist/ThirdPersonCharacter.uasset'
[2018.04.27-19.38.53:973][ 54]LogSavePackage: Display: Finished SavePackage E:/Game-Development/Project_Orca/GitRepo/projectorca/Content/Assets_Character/Protaganist/ThirdPersonCharacter.uasset
[2018.04.27-19.39.14:058][892]BlueprintLog: New page: Compile ABP_UnderWaterAmbManager
[2018.04.27-19.39.14:846][924]LogSavePackage: Save=90.43ms
[2018.04.27-19.39.14:846][924]LogSavePackage: Moving 'E:/Game-Development/Project_Orca/GitRepo/projectorca/Saved/ABP_UnderWaterAmbManager39F98363405CE2C88B46CDA78540AF5D.tmp' to 'E:/Game-Development/Project_Orca/GitRepo/projectorca/Content/Audio/Blueprints/ABP_UnderWaterAmbManager.uasset'
[2018.04.27-19.39.14:850][924]LogSavePackage: Display: Finished SavePackage E:/Game-Development/Project_Orca/GitRepo/projectorca/Content/Audio/Blueprints/ABP_UnderWaterAmbManager.uasset
[2018.04.27-19.39.18:692][113]LogActorComponent: UnregisterComponent: (/Engine/Transient.EditorFloorComp) Not registered. Aborting.
[2018.04.27-19.39.21:192][167]Cmd: QUIT_EDITOR
[2018.04.27-19.39.21:214][167]LogWindowsTextInputMethodSystem: Display: IME system now deactivated.
[2018.04.27-19.39.21:225][167]LogExit: Preparing to exit.
[2018.04.27-19.39.22:250][167]LogExit: Editor shut down
[2018.04.27-19.39.22:256][167]LogExit: Transaction tracking system shut down
[2018.04.27-19.39.22:477][167]LogDirectoryWatcher: A directory notification for '../../../Engine/Content/' was aborted.
[2018.04.27-19.39.22:477][167]LogDirectoryWatcher: A directory notification for 'E:/Game-Development/Project_Orca/GitRepo/projectorca/Content/' was aborted.
[2018.04.27-19.39.22:477][167]LogDirectoryWatcher: A directory notification for '../../../Engine/Plugins/2D/Paper2D/Content/' was aborted.
[2018.04.27-19.39.22:477][167]LogDirectoryWatcher: A directory notification for '../../../Engine/Plugins/Runtime/Oculus/OculusVR/Content/' was aborted.
[2018.04.27-19.39.22:477][167]LogDirectoryWatcher: A directory notification for '../../../Engine/Plugins/Runtime/Steam/SteamVR/Content/' was aborted.
[2018.04.27-19.39.22:580][167]LogExit: Object subsystem successfully closed.
[2018.04.27-19.39.22:607][167]LogD3D11RHI: Shutdown
[2018.04.27-19.39.22:607][167]LogD3D11RHI: CleanupD3DDevice
[2018.04.27-19.39.22:731][167]LogD3D11RHI: ~FD3D11DynamicRHI
[2018.04.27-19.39.22:758][167]LogModuleManager: Shutting down and abandoning module BlueprintGraph (534)
[2018.04.27-19.39.22:758][167]LogModuleManager: Shutting down and abandoning module BlueprintProfiler (532)
[2018.04.27-19.39.22:758][167]LogModuleManager: Shutting down and abandoning module HierarchicalLODOutliner (530)
[2018.04.27-19.39.22:758][167]LogModuleManager: Shutting down and abandoning module SceneOutliner (528)
[2018.04.27-19.39.22:759][167]LogModuleManager: Shutting down and abandoning module AddContentDialog (526)
[2018.04.27-19.39.22:759][167]LogDirectoryWatcher: A directory notification for 'C:/Program Files/Epic Games/UE_4.17/FeaturePacks/' was aborted.
[2018.04.27-19.39.22:760][167]LogModuleManager: Shutting down and abandoning module WidgetCarousel (525)
[2018.04.27-19.39.22:760][167]LogModuleManager: Shutting down and abandoning module EditorWidgets (522)
[2018.04.27-19.39.22:760][167]LogModuleManager: Shutting down and abandoning module CollectionManager (520)
[2018.04.27-19.39.22:760][167]LogDirectoryWatcher: A directory notification for 'E:/Game-Development/Project_Orca/GitRepo/projectorca/Content/Collections/' was aborted.
[2018.04.27-19.39.22:760][167]LogDirectoryWatcher: A directory notification for 'E:/Game-Development/Project_Orca/GitRepo/projectorca/Content/Developers/mesht/Collections/' was aborted.
[2018.04.27-19.39.22:760][167]LogDirectoryWatcher: A directory notification for 'E:/Game-Development/Project_Orca/GitRepo/projectorca/Saved/Collections/' was aborted.
[2018.04.27-19.39.22:760][167]LogModuleManager: Shutting down and abandoning module StatsViewer (518)
[2018.04.27-19.39.22:760][167]LogModuleManager: Shutting down and abandoning module FoliageEdit (516)
[2018.04.27-19.39.22:760][167]LogModuleManager: Shutting down and abandoning module LandscapeEditor (514)
[2018.04.27-19.39.22:761][167]LogModuleManager: Shutting down and abandoning module MeshPaintMode (512)
[2018.04.27-19.39.22:761][167]LogModuleManager: Shutting down and abandoning module SceneDepthPickerMode (510)
[2018.04.27-19.39.22:761][167]LogModuleManager: Shutting down and abandoning module ActorPickerMode (508)
[2018.04.27-19.39.22:761][167]LogModuleManager: Shutting down and abandoning module GeometryMode (506)
[2018.04.27-19.39.22:761][167]LogModuleManager: Shutting down and abandoning module TextureAlignMode (504)
[2018.04.27-19.39.22:761][167]LogModuleManager: Shutting down and abandoning module BspMode (502)
[2018.04.27-19.39.22:761][167]LogModuleManager: Shutting down and abandoning module PIEPreviewDeviceProfileSelector (500)
[2018.04.27-19.39.22:761][167]LogModuleManager: Shutting down and abandoning module HardwareSurvey (498)
[2018.04.27-19.39.22:761][167]LogModuleManager: Shutting down and abandoning module SequenceRecorderSections (496)
[2018.04.27-19.39.22:761][167]LogModuleManager: Shutting down and abandoning module AutomationWorker (494)
[2018.04.27-19.39.22:761][167]LogModuleManager: Shutting down and abandoning module MatineeToLevelSequence (492)
[2018.04.27-19.39.22:761][167]LogModuleManager: Shutting down and abandoning module LevelSequenceEditor (490)
[2018.04.27-19.39.22:761][167]LogModuleManager: Shutting down and abandoning module PlacementMode (489)
[2018.04.27-19.39.22:761][167]LogModuleManager: Shutting down and abandoning module WmfMediaFactory (486)
[2018.04.27-19.39.22:761][167]LogModuleManager: Shutting down and abandoning module WmfMediaEditor (484)
[2018.04.27-19.39.22:761][167]LogModuleManager: Shutting down and abandoning module AvfMediaFactory (482)
[2018.04.27-19.39.22:761][167]LogModuleManager: Shutting down and abandoning module AvfMediaEditor (480)
[2018.04.27-19.39.22:761][167]LogModuleManager: Shutting down and abandoning module AndroidMediaFactory (478)
[2018.04.27-19.39.22:761][167]LogModuleManager: Shutting down and abandoning module Media (477)
[2018.04.27-19.39.22:761][167]LogModuleManager: Shutting down and abandoning module AndroidMediaEditor (474)
[2018.04.27-19.39.22:761][167]LogModuleManager: Shutting down and abandoning module CharacterAI (472)
[2018.04.27-19.39.22:761][167]LogModuleManager: Shutting down and abandoning module AudioCapture (470)
[2018.04.27-19.39.22:761][167]LogModuleManager: Shutting down and abandoning module SequenceRecorder (469)
[2018.04.27-19.39.22:761][167]LogModuleManager: Shutting down and abandoning module SmartSnapping (466)
[2018.04.27-19.39.22:761][167]LogModuleManager: Shutting down and abandoning module SessionServices (464)
[2018.04.27-19.39.22:761][167]LogModuleManager: Shutting down and abandoning module ViewportSnapping (462)
[2018.04.27-19.39.22:762][167]LogModuleManager: Shutting down and abandoning module ViewportInteraction (460)
[2018.04.27-19.39.22:762][167]LogModuleManager: Shutting down and abandoning module ClothPainter (458)
[2018.04.27-19.39.22:762][167]LogModuleManager: Shutting down and abandoning module LogVisualizer (456)
[2018.04.27-19.39.22:762][167]LogModuleManager: Shutting down and abandoning module IntroTutorials (454)
[2018.04.27-19.39.22:762][167]LogModuleManager: Shutting down and abandoning module GameProjectGeneration (453)
[2018.04.27-19.39.22:762][167]LogModuleManager: Shutting down and abandoning module IOSPlatformEditor (450)
[2018.04.27-19.39.22:762][167]LogModuleManager: Shutting down and abandoning module HTML5PlatformEditor (448)
[2018.04.27-19.39.22:762][167]LogModuleManager: Shutting down and abandoning module AndroidPlatformEditor (446)
[2018.04.27-19.39.22:762][167]LogModuleManager: Shutting down and abandoning module AndroidDeviceDetection (445)
[2018.04.27-19.39.23:515][167]LogModuleManager: Shutting down and abandoning module WindowsPlatformEditor (442)
[2018.04.27-19.39.23:515][167]LogModuleManager: Shutting down and abandoning module IOSRuntimeSettings (440)
[2018.04.27-19.39.23:515][167]LogModuleManager: Shutting down and abandoning module AndroidRuntimeSettings (438)
[2018.04.27-19.39.23:515][167]LogModuleManager: Shutting down and abandoning module InputBindingEditor (436)
[2018.04.27-19.39.23:515][167]LogModuleManager: Shutting down and abandoning module MergeActors (434)
[2018.04.27-19.39.23:515][167]LogModuleManager: Shutting down and abandoning module SizeMap (432)
[2018.04.27-19.39.23:515][167]LogModuleManager: Shutting down and abandoning module TreeMap (430)
[2018.04.27-19.39.23:515][167]LogModuleManager: Shutting down and abandoning module ReferenceViewer (428)
[2018.04.27-19.39.23:515][167]LogModuleManager: Shutting down and abandoning module LocalizationDashboard (426)
[2018.04.27-19.39.23:515][167]LogModuleManager: Shutting down and abandoning module LocalizationService (425)
[2018.04.27-19.39.23:515][167]LogModuleManager: Shutting down and abandoning module HardwareTargeting (422)
[2018.04.27-19.39.23:515][167]LogModuleManager: Shutting down and abandoning module DeviceProfileEditor (420)
[2018.04.27-19.39.23:515][167]LogModuleManager: Shutting down and abandoning module UndoHistory (418)
[2018.04.27-19.39.23:515][167]LogModuleManager: Shutting down and abandoning module XmlParser (416)
[2018.04.27-19.39.23:515][167]LogModuleManager: Shutting down and abandoning module Blutility (414)
[2018.04.27-19.39.23:515][167]LogModuleManager: Shutting down and abandoning module ProjectSettingsViewer (412)
[2018.04.27-19.39.23:515][167]LogModuleManager: Shutting down and abandoning module ProjectTargetPlatformEditor (411)
[2018.04.27-19.39.23:515][167]LogModuleManager: Shutting down and abandoning module EditorSettingsViewer (408)
[2018.04.27-19.39.23:515][167]LogModuleManager: Shutting down and abandoning module SettingsEditor (406)
[2018.04.27-19.39.23:515][167]LogModuleManager: Shutting down and abandoning module ProjectLauncher (404)
[2018.04.27-19.39.23:515][167]LogModuleManager: Shutting down and abandoning module SessionFrontend (402)
[2018.04.27-19.39.23:515][167]LogModuleManager: Shutting down and abandoning module ProfilerClient (400)
[2018.04.27-19.39.23:515][167]LogModuleManager: Shutting down and abandoning module DeviceManager (398)
[2018.04.27-19.39.23:515][167]LogModuleManager: Shutting down and abandoning module TargetDeviceServices (397)
[2018.04.27-19.39.23:568][167]LogModuleManager: Shutting down and abandoning module AutomationController (394)
[2018.04.27-19.39.23:568][167]LogModuleManager: Shutting down and abandoning module AutomationWindow (392)
[2018.04.27-19.39.23:568][167]LogModuleManager: Shutting down and abandoning module Layers (390)
[2018.04.27-19.39.23:568][167]LogModuleManager: Shutting down and abandoning module ComponentVisualizers (388)
[2018.04.27-19.39.23:568][167]LogModuleManager: Shutting down and abandoning module DetailCustomizations (386)
[2018.04.27-19.39.23:568][167]LogModuleManager: Shutting down and abandoning module PackagesDialog (384)
[2018.04.27-19.39.23:569][167]LogModuleManager: Shutting down and abandoning module Persona (382)
[2018.04.27-19.39.23:569][167]LogModuleManager: Shutting down and abandoning module AdvancedPreviewScene (381)
[2018.04.27-19.39.23:569][167]LogModuleManager: Shutting down and abandoning module AnimGraph (379)
[2018.04.27-19.39.23:569][167]LogModuleManager: Shutting down and abandoning module Kismet (376)
[2018.04.27-19.39.23:578][167]LogModuleManager: Shutting down and abandoning module ClassViewer (374)
[2018.04.27-19.39.23:579][167]LogModuleManager: Shutting down and abandoning module Toolbox (372)
[2018.04.27-19.39.23:579][167]LogModuleManager: Shutting down and abandoning module ModuleUI (370)
[2018.04.27-19.39.23:579][167]LogModuleManager: Shutting down and abandoning module MovieSceneTools (368)
[2018.04.27-19.39.23:579][167]LogModuleManager: Shutting down and abandoning module OutputLog (366)
[2018.04.27-19.39.23:579][167]LogModuleManager: Shutting down and abandoning module GammaUI (364)
[2018.04.27-19.39.23:579][167]LogModuleManager: Shutting down and abandoning module Documentation (362)
[2018.04.27-19.39.23:579][167]LogModuleManager: Shutting down and abandoning module MovieSceneTracks (360)
[2018.04.27-19.39.23:579][167]LogModuleManager: Shutting down and abandoning module MovieScene (358)
[2018.04.27-19.39.23:579][167]LogModuleManager: Shutting down and abandoning module Niagara (356)
[2018.04.27-19.39.23:579][167]LogModuleManager: Shutting down and abandoning module NiagaraEditor (355)
[2018.04.27-19.39.23:579][167]LogModuleManager: Shutting down and abandoning module StreamingPauseRendering (352)
[2018.04.27-19.39.23:579][167]LogModuleManager: Shutting down and abandoning module LauncherPlatform (350)
[2018.04.27-19.39.23:579][167]LogModuleManager: Shutting down and abandoning module AnalyticsET (348)
[2018.04.27-19.39.23:579][167]LogModuleManager: Shutting down and abandoning module PortalServices (346)
[2018.04.27-19.39.23:579][167]LogModuleManager: Shutting down and abandoning module PortalRpc (344)
[2018.04.27-19.39.23:579][167]LogModuleManager: Shutting down and abandoning module MessagingRpc (342)
[2018.04.27-19.39.23:579][167]LogModuleManager: Shutting down and abandoning module AIModule (340)
[2018.04.27-19.39.23:579][167]LogModuleManager: Shutting down and abandoning module GameplayDebugger (339)
[2018.04.27-19.39.23:579][167]LogModuleManager: Shutting down and abandoning module AITestSuite (337)
[2018.04.27-19.39.23:579][167]LogModuleManager: Shutting down and abandoning module ProfilerService (334)
[2018.04.27-19.39.23:620][167]LogModuleManager: Shutting down and abandoning module TaskGraph (332)
[2018.04.27-19.39.23:620][167]LogModuleManager: Shutting down and abandoning module SteamVRController (330)
[2018.04.27-19.39.23:620][167]LogModuleManager: Shutting down and abandoning module ProceduralMeshComponentEditor (328)
[2018.04.27-19.39.23:620][167]LogModuleManager: Shutting down and abandoning module ProceduralMeshComponent (326)
[2018.04.27-19.39.23:620][167]LogModuleManager: Shutting down and abandoning module OculusInput (324)
[2018.04.27-19.39.23:620][167]LogModuleManager: Shutting down and abandoning module MobilePatchingUtils (322)
[2018.04.27-19.39.23:620][167]LogModuleManager: Shutting down and abandoning module CustomMeshComponent (320)
[2018.04.27-19.39.23:621][167]LogModuleManager: Shutting down and abandoning module CableComponent (318)
[2018.04.27-19.39.23:621][167]LogModuleManager: Shutting down and abandoning module ArchVisCharacter (316)
[2018.04.27-19.39.23:621][167]LogModuleManager: Shutting down and abandoning module AndroidPermission (314)
[2018.04.27-19.39.23:621][167]LogModuleManager: Shutting down and abandoning module MediaPlayerEditor (310)
[2018.04.27-19.39.23:621][167]LogModuleManager: Shutting down and abandoning module HTML5Networking (308)
[2018.04.27-19.39.23:621][167]LogModuleManager: Shutting down and abandoning module AlembicImporter (306)
[2018.04.27-19.39.23:621][167]LogModuleManager: Shutting down and abandoning module AlembicLibrary (305)
[2018.04.27-19.39.23:621][167]LogModuleManager: Shutting down and abandoning module GeometryCache (304)
[2018.04.27-19.39.23:621][167]LogModuleManager: Shutting down and abandoning module GeometryCacheEd (303)
[2018.04.27-19.39.23:621][167]LogModuleManager: Shutting down and abandoning module SpeedTreeImporter (298)
[2018.04.27-19.39.23:621][167]LogModuleManager: Shutting down and abandoning module PluginBrowser (296)
[2018.04.27-19.39.23:621][167]LogModuleManager: Shutting down and abandoning module MobileLauncherProfileWizard (294)
[2018.04.27-19.39.23:621][167]LogModuleManager: Shutting down and abandoning module VisualStudioSourceCodeAccess (292)
[2018.04.27-19.39.23:621][167]LogModuleManager: Shutting down and abandoning module DesktopPlatform (291)
[2018.04.27-19.39.23:621][167]LogModuleManager: Shutting down and abandoning module UObjectPlugin (288)
[2018.04.27-19.39.23:621][167]LogModuleManager: Shutting down and abandoning module SubversionSourceControl (286)
[2018.04.27-19.39.23:621][167]LogModuleManager: Shutting down and abandoning module PerforceSourceControl (284)
[2018.04.27-19.39.23:621][167]LogModuleManager: Shutting down and abandoning module GitSourceControl (282)
[2018.04.27-19.39.23:621][167]LogModuleManager: Shutting down and abandoning module SourceControl (281)
[2018.04.27-19.39.23:622][167]LogModuleManager: Shutting down and abandoning module LightPropagationVolumeEditor (278)
[2018.04.27-19.39.23:622][167]LogModuleManager: Shutting down and abandoning module PaperTiledImporter (276)
[2018.04.27-19.39.23:622][167]LogModuleManager: Shutting down and abandoning module PaperSpriteSheetImporter (274)
[2018.04.27-19.39.23:622][167]LogModuleManager: Shutting down and abandoning module Paper2DEditor (272)
[2018.04.27-19.39.23:622][167]LogModuleManager: Shutting down and abandoning module MeshPaint (271)
[2018.04.27-19.39.23:622][167]LogModuleManager: Shutting down and abandoning module LevelEditor (269)
[2018.04.27-19.39.23:623][167]LogModuleManager: Shutting down and abandoning module PixelInspectorModule (268)
[2018.04.27-19.39.23:623][167]LogModuleManager: Shutting down and abandoning module MainFrame (266)
[2018.04.27-19.39.23:623][167]LogModuleManager: Shutting down and abandoning module HotReload (265)
[2018.04.27-19.39.23:624][167]LogModuleManager: Shutting down and abandoning module RuntimePhysXCooking (260)
[2018.04.27-19.39.23:624][167]LogModuleManager: Shutting down and abandoning module PhysXVehiclesEditor (258)
[2018.04.27-19.39.23:624][167]LogModuleManager: Shutting down and abandoning module PhysXVehicles (256)
[2018.04.27-19.39.23:624][167]LogModuleManager: Shutting down and abandoning module OculusEditor (254)
[2018.04.27-19.39.23:624][167]LogModuleManager: Shutting down and abandoning module LocationServicesBPLibrary (252)
[2018.04.27-19.39.23:624][167]LogModuleManager: Shutting down and abandoning module ImmediatePhysicsEditor (250)
[2018.04.27-19.39.23:624][167]LogModuleManager: Shutting down and abandoning module ImmediatePhysics (248)
[2018.04.27-19.39.23:624][167]LogModuleManager: Shutting down and abandoning module UdpMessaging (246)
[2018.04.27-19.39.23:725][167]LogModuleManager: Shutting down and abandoning module TcpMessaging (244)
[2018.04.27-19.39.23:825][167]LogModuleManager: Shutting down and abandoning module GameplayTagsEditor (242)
[2018.04.27-19.39.23:825][167]LogModuleManager: Shutting down and abandoning module FacialAnimationEditor (240)
[2018.04.27-19.39.23:825][167]LogModuleManager: Shutting down and abandoning module FacialAnimation (238)
[2018.04.27-19.39.23:825][167]LogModuleManager: Shutting down and abandoning module AssetManagerEditor (236)
[2018.04.27-19.39.23:825][167]LogModuleManager: Shutting down and abandoning module GraphEditor (235)
[2018.04.27-19.39.23:825][167]LogModuleManager: Shutting down and abandoning module ContentBrowser (233)
[2018.04.27-19.39.23:826][167]LogModuleManager: Shutting down and abandoning module LightPropagationVolumeRuntime (230)
[2018.04.27-19.39.23:826][167]LogModuleManager: Shutting down and abandoning module Paper2D (228)
[2018.04.27-19.39.23:826][167]LogModuleManager: Shutting down and abandoning module WindowsMoviePlayer (226)
[2018.04.27-19.39.23:826][167]LogModuleManager: Shutting down and abandoning module WmfMedia (224)
[2018.04.27-19.39.23:828][167]LogModuleManager: Shutting down and abandoning module PacketHandler (222)
[2018.04.27-19.39.23:828][167]LogModuleManager: Shutting down and abandoning module ClothingSystemEditor (220)
[2018.04.27-19.39.23:828][167]LogModuleManager: Shutting down and abandoning module ClothingSystemRuntime (218)
[2018.04.27-19.39.23:828][167]LogModuleManager: Shutting down and abandoning module Overlay (216)
[2018.04.27-19.39.23:828][167]LogModuleManager: Shutting down and abandoning module OverlayEditor (215)
[2018.04.27-19.39.23:828][167]LogModuleManager: Shutting down and abandoning module MediaAssets (212)
[2018.04.27-19.39.23:829][167]LogModuleManager: Shutting down and abandoning module VREditor (210)
[2018.04.27-19.39.23:829][167]LogModuleManager: Shutting down and abandoning module StringTableEditor (208)
[2018.04.27-19.39.23:829][167]LogModuleManager: Shutting down and abandoning module GameplayTasksEditor (206)
[2018.04.27-19.39.23:829][167]LogModuleManager: Shutting down and abandoning module BehaviorTreeEditor (204)
[2018.04.27-19.39.23:829][167]LogModuleManager: Shutting down and abandoning module FunctionalTesting (202)
[2018.04.27-19.39.23:829][167]LogModuleManager: Shutting down and abandoning module CollisionAnalyzer (200)
[2018.04.27-19.39.23:829][167]LogModuleManager: Shutting down and abandoning module WorkspaceMenuStructure (199)
[2018.04.27-19.39.23:829][167]LogModuleManager: Shutting down and abandoning module UMG (196)
[2018.04.27-19.39.23:829][167]LogModuleManager: Shutting down and abandoning module UMGEditor (195)
[2018.04.27-19.39.23:829][167]LogModuleManager: Shutting down and abandoning module Sequencer (194)
[2018.04.27-19.39.23:829][167]LogModuleManager: Shutting down and abandoning module MessageLog (191)
[2018.04.27-19.39.23:829][167]LogModuleManager: Shutting down and abandoning module SlateReflector (186)
[2018.04.27-19.39.23:829][167]LogModuleManager: Shutting down and abandoning module Slate (184)
[2018.04.27-19.39.23:829][167]LogModuleManager: Shutting down and abandoning module EditorStyle (182)
[2018.04.27-19.39.23:833][167]LogModuleManager: Shutting down and abandoning module MRMesh (180)
[2018.04.27-19.39.23:833][167]LogModuleManager: Shutting down and abandoning module SourceCodeAccess (178)
[2018.04.27-19.39.23:833][167]LogModuleManager: Shutting down and abandoning module HeadMountedDisplay (176)
[2018.04.27-19.39.23:834][167]LogModuleManager: Shutting down and abandoning module XAudio2 (174)
[2018.04.27-19.39.23:834][167]LogModuleManager: Shutting down and abandoning module Networking (172)
[2018.04.27-19.39.23:834][167]LogModuleManager: Shutting down and abandoning module Core (168)
[2018.04.27-19.39.23:834][167]LogModuleManager: Shutting down and abandoning module KismetCompiler (164)
[2018.04.27-19.39.23:834][167]LogModuleManager: Shutting down and abandoning module LevelSequence (162)
[2018.04.27-19.39.23:834][167]LogModuleManager: Shutting down and abandoning module MeshUtilities (160)
[2018.04.27-19.39.23:834][167]LogModuleManager: Shutting down and abandoning module MeshMergeUtilities (159)
[2018.04.27-19.39.23:834][167]LogModuleManager: Shutting down and abandoning module MeshReductionInterface (158)
[2018.04.27-19.39.23:834][167]LogModuleManager: Shutting down and abandoning module SimplygonSwarm (157)
[2018.04.27-19.39.23:834][167]LogModuleManager: Shutting down and abandoning module SimplygonMeshReduction (155)
[2018.04.27-19.39.23:834][167]LogModuleManager: Shutting down and abandoning module QuadricMeshReduction (153)
[2018.04.27-19.39.23:834][167]LogModuleManager: Shutting down and abandoning module MaterialBaking (149)
[2018.04.27-19.39.23:834][167]LogModuleManager: Shutting down and abandoning module DirectoryWatcher (146)
[2018.04.27-19.39.23:835][167]LogModuleManager: Shutting down and abandoning module DerivedDataCache (144)
[2018.04.27-19.39.24:227][167]LogDerivedDataCache: Shutdown
[2018.04.27-19.39.24:227][167]LogModuleManager: Shutting down and abandoning module TargetPlatform (142)
[2018.04.27-19.39.24:227][167]LogModuleManager: Shutting down and abandoning module VulkanShaderFormat (141)
[2018.04.27-19.39.24:227][167]LogModuleManager: Shutting down and abandoning module ShaderFormatVectorVM (139)
[2018.04.27-19.39.24:227][167]LogModuleManager: Shutting down and abandoning module ShaderFormatOpenGL (137)
[2018.04.27-19.39.24:227][167]LogModuleManager: Shutting down and abandoning module ShaderFormatD3D (135)
[2018.04.27-19.39.24:227][167]LogModuleManager: Shutting down and abandoning module MetalShaderFormat (133)
[2018.04.27-19.39.24:227][167]LogModuleManager: Shutting down and abandoning module TextureFormatUncompressed (131)
[2018.04.27-19.39.24:227][167]LogModuleManager: Shutting down and abandoning module TextureFormatPVR (129)
[2018.04.27-19.39.24:227][167]LogModuleManager: Shutting down and abandoning module TextureFormatDXT (127)
[2018.04.27-19.39.24:227][167]LogModuleManager: Shutting down and abandoning module TextureFormatIntelISPCTexComp (125)
[2018.04.27-19.39.24:227][167]LogModuleManager: Shutting down and abandoning module TextureFormatASTC (123)
[2018.04.27-19.39.24:228][167]LogModuleManager: Shutting down and abandoning module ImageWrapper (122)
[2018.04.27-19.39.24:228][167]LogModuleManager: Shutting down and abandoning module TextureFormatAndroid (119)
[2018.04.27-19.39.24:228][167]LogModuleManager: Shutting down and abandoning module AudioFormatOpus (117)
[2018.04.27-19.39.24:228][167]LogModuleManager: Shutting down and abandoning module AudioFormatOgg (115)
[2018.04.27-19.39.24:228][167]LogModuleManager: Shutting down and abandoning module AudioFormatADPCM (113)
[2018.04.27-19.39.24:228][167]LogModuleManager: Shutting down and abandoning module LinuxTargetPlatform (111)
[2018.04.27-19.39.24:228][167]LogModuleManager: Shutting down and abandoning module LinuxServerTargetPlatform (109)
[2018.04.27-19.39.24:228][167]LogModuleManager: Shutting down and abandoning module LinuxNoEditorTargetPlatform (107)
[2018.04.27-19.39.24:228][167]LogModuleManager: Shutting down and abandoning module LinuxClientTargetPlatform (105)
[2018.04.27-19.39.24:228][167]LogModuleManager: Shutting down and abandoning module TVOSTargetPlatform (103)
[2018.04.27-19.39.24:228][167]LogModuleManager: Shutting down and abandoning module Messaging (101)
[2018.04.27-19.39.24:228][167]LogModuleManager: Shutting down and abandoning module IOSTargetPlatform (99)
[2018.04.27-19.39.24:228][167]LogModuleManager: Shutting down and abandoning module HTML5TargetPlatform (97)
[2018.04.27-19.39.24:228][167]LogModuleManager: Shutting down and abandoning module Android_PVRTCTargetPlatform (95)
[2018.04.27-19.39.24:228][167]LogModuleManager: Shutting down and abandoning module Android_MultiTargetPlatform (93)
[2018.04.27-19.39.24:228][167]LogModuleManager: Shutting down and abandoning module Android_ETC2TargetPlatform (91)
[2018.04.27-19.39.24:228][167]LogModuleManager: Shutting down and abandoning module Android_ETC1TargetPlatform (89)
[2018.04.27-19.39.24:228][167]LogModuleManager: Shutting down and abandoning module Android_DXTTargetPlatform (87)
[2018.04.27-19.39.24:228][167]LogModuleManager: Shutting down and abandoning module Android_ATCTargetPlatform (85)
[2018.04.27-19.39.24:228][167]LogModuleManager: Shutting down and abandoning module Android_ASTCTargetPlatform (83)
[2018.04.27-19.39.24:228][167]LogModuleManager: Shutting down and abandoning module AndroidTargetPlatform (81)
[2018.04.27-19.39.24:228][167]LogModuleManager: Shutting down and abandoning module WindowsTargetPlatform (79)
[2018.04.27-19.39.24:228][167]LogModuleManager: Shutting down and abandoning module WindowsServerTargetPlatform (77)
[2018.04.27-19.39.24:228][167]LogModuleManager: Shutting down and abandoning module WindowsNoEditorTargetPlatform (75)
[2018.04.27-19.39.24:228][167]LogModuleManager: Shutting down and abandoning module WindowsClientTargetPlatform (73)
[2018.04.27-19.39.24:228][167]LogModuleManager: Shutting down and abandoning module MacTargetPlatform (71)
[2018.04.27-19.39.24:228][167]LogModuleManager: Shutting down and abandoning module MacServerTargetPlatform (69)
[2018.04.27-19.39.24:228][167]LogModuleManager: Shutting down and abandoning module MacNoEditorTargetPlatform (67)
[2018.04.27-19.39.24:228][167]LogModuleManager: Shutting down and abandoning module MacClientTargetPlatform (65)
[2018.04.27-19.39.24:228][167]LogModuleManager: Shutting down and abandoning module AllDesktopTargetPlatform (63)
[2018.04.27-19.39.24:228][167]LogModuleManager: Shutting down and abandoning module InputCore (60)
[2018.04.27-19.39.24:228][167]LogModuleManager: Shutting down and abandoning module Settings (58)
[2018.04.27-19.39.24:228][167]LogModuleManager: Shutting down and abandoning module PhysXCooking (56)
[2018.04.27-19.39.24:228][167]LogModuleManager: Shutting down and abandoning module SteamVR (54)
[2018.04.27-19.39.24:228][167]LogModuleManager: Shutting down and abandoning module OculusHMD (52)
[2018.04.27-19.39.24:228][167]LogModuleManager: Shutting down and abandoning module ExampleDeviceProfileSelector (50)
[2018.04.27-19.39.24:228][167]LogModuleManager: Shutting down and abandoning module OnlineBlueprintSupport (48)
[2018.04.27-19.39.24:228][167]LogModuleManager: Shutting down and abandoning module OnlineSubsystem (44)
[2018.04.27-19.39.24:228][167]LogOnline: Display: Unloading online subsystem: NULL
[2018.04.27-19.39.24:228][167]LogModuleManager: Shutting down and abandoning module XMPP (43)
[2018.04.27-19.39.24:228][167]LogModuleManager: Shutting down and abandoning module HTTP (41)
[2018.04.27-19.39.24:228][167]LogHttp: Display: Http module shutting down, but needs to wait on 2 outstanding Http requests:
[2018.04.27-19.39.24:228][167]LogHttp: Display: 	verb=[POST] url=[https://datarouter.ol.epicgames.com/datarouter/api/v1/public/data?SessionID=%7B62DD2B53-4B40-AD93-8A6F-34AAB94D61AA%7D&AppID=UEEditor.Rocket.Release&AppVersion=4.17.2-3658906%2B%2B%2BUE4%2BRelease-4.17&UserID=3ed4cd184c79817fa41750a5749f3d64%7C9a7113778c324a5ebfbe2ee726f02543%7C220484ee-82e4-4c5b-bfac-464309ddc758&AppEnvironment=datacollector-binary&UploadType=eteventstream] status=Processing
[2018.04.27-19.39.24:228][167]LogHttp: Display: 	verb=[POST] url=[https://datarouter.ol.epicgames.com/datarouter/api/v1/public/data?SessionID=%7B62DD2B53-4B40-AD93-8A6F-34AAB94D61AA%7D&AppID=UEEditor.Rocket.Release&AppVersion=4.17.2-3658906%2B%2B%2BUE4%2BRelease-4.17&UserID=3ed4cd184c79817fa41750a5749f3d64%7C9a7113778c324a5ebfbe2ee726f02543%7C220484ee-82e4-4c5b-bfac-464309ddc758&AppEnvironment=datacollector-binary&UploadType=eteventstream] status=Processing
[2018.04.27-19.39.24:232][167]LogModuleManager: Shutting down and abandoning module SSL (40)
[2018.04.27-19.39.24:234][167]LogModuleManager: Shutting down and abandoning module AnimationModifiers (36)
[2018.04.27-19.39.24:234][167]LogModuleManager: Shutting down and abandoning module PropertyEditor (35)
[2018.04.27-19.39.24:234][167]LogModuleManager: Shutting down and abandoning module AudioEditor (32)
[2018.04.27-19.39.24:234][167]LogModuleManager: Shutting down and abandoning module TextureCompressor (30)
[2018.04.27-19.39.24:234][167]LogModuleManager: Shutting down and abandoning module ShaderCore (28)
[2018.04.27-19.39.24:234][167]LogModuleManager: Shutting down and abandoning module Landscape (26)
[2018.04.27-19.39.24:234][167]LogModuleManager: Shutting down and abandoning module SlateRHIRenderer (24)
[2018.04.27-19.39.24:236][167]LogModuleManager: Shutting down and abandoning module OpenGLDrv (22)
[2018.04.27-19.39.24:236][167]LogModuleManager: Shutting down and abandoning module D3D11RHI (20)
[2018.04.27-19.39.24:236][167]LogModuleManager: Shutting down and abandoning module AnimGraphRuntime (18)
[2018.04.27-19.39.24:236][167]LogModuleManager: Shutting down and abandoning module Renderer (16)
[2018.04.27-19.39.24:236][167]LogModuleManager: Shutting down and abandoning module Engine (14)
[2018.04.27-19.39.24:236][167]LogModuleManager: Shutting down and abandoning module CoreUObject (12)
[2018.04.27-19.39.24:236][167]LogModuleManager: Shutting down and abandoning module NetworkFile (10)
[2018.04.27-19.39.24:236][167]LogModuleManager: Shutting down and abandoning module CookedIterativeFile (8)
[2018.04.27-19.39.24:236][167]LogModuleManager: Shutting down and abandoning module StreamingFile (6)
[2018.04.27-19.39.24:236][167]LogModuleManager: Shutting down and abandoning module SandboxFile (4)
[2018.04.27-19.39.24:236][167]LogModuleManager: Shutting down and abandoning module PakFile (2)
[2018.04.27-19.39.24:243][167]LogExit: Exiting.
[2018.04.27-19.39.24:261][167]Log file closed, 04/27/18 14:39:24
